TN:
SF:/Users/aaronsmith/Development/Aaron/libgwrl/src/gwrl/event.c
FN:14,gwrl_create
FN:60,gwrl_evt_create
FN:86,gwrl_src_time_create
FN:115,gwrl_src_file_create
FN:135,gwrl_set_fd
FN:144,gwrl_set_timeout
FN:153,gwrl_set_interval
FN:162,gwrl_set_date_timeout
FN:171,gwrl_post_function
FN:178,gwrl_post_function_safely
FN:185,gwrl_set_options
FN:209,gwrl_add_gather_fnc
FN:228,gwrl_reset_gather_fncs
FN:235,gwrl_free
FN:360,gwrl_evt_free
FN:376,gwrl_evt_free_list
FN:386,gwrl_allow_poll_sleep
FN:396,gwrl_src_add
FN:405,gwrl_src_add_safely
FN:419,gwrl_post_evt_safely
FN:433,gwrl_src_del
FN:465,gwrl_src_remove
FN:470,gwrl_del_persistent_timeouts
FN:505,gwrl_post_evt
FN:513,gwrl_src_enable
FN:528,gwrl_src_disable
FN:535,gwrl_stop
FN:540,gwrl_time_gather
FN:617,gwrl_install_queued_sources
FN:631,gwrl_install_queued_events
FN:645,gwrl_dispatch
FN:665,gwrl_run_once
FN:689,gwrl_run
FNDA:1,gwrl_post_function_safely
FNDA:3,gwrl_set_interval
FNDA:56,gwrl_src_file_create
FNDA:20,gwrl_stop
FNDA:9,gwrl_src_enable
FNDA:7,gwrl_src_add_safely
FNDA:2,gwrl_install_queued_events
FNDA:1,gwrl_reset_gather_fncs
FNDA:2,gwrl_run_once
FNDA:30,gwrl_create
FNDA:17,gwrl_src_disable
FNDA:463,gwrl_post_evt
FNDA:2,gwrl_install_queued_sources
FNDA:3,gwrl_allow_poll_sleep
FNDA:690,gwrl_evt_free
FNDA:6,gwrl_src_remove
FNDA:285,gwrl_dispatch
FNDA:6,gwrl_post_function
FNDA:82,gwrl_src_add
FNDA:1,gwrl_set_date_timeout
FNDA:3,gwrl_add_gather_fnc
FNDA:691,gwrl_evt_create
FNDA:3,gwrl_post_evt_safely
FNDA:19,gwrl_run
FNDA:3,gwrl_del_persistent_timeouts
FNDA:12,gwrl_free
FNDA:242,gwrl_time_gather
FNDA:256,gwrl_evt_free_list
FNDA:3,gwrl_set_options
FNDA:25,gwrl_src_time_create
FNDA:21,gwrl_set_timeout
FNDA:2,gwrl_set_fd
FNDA:24,gwrl_src_del
FNF:33
FNH:33
BRDA:100,0,0,3
BRDA:100,0,1,0
BRDA:101,0,0,24
BRDA:101,0,1,1
BRDA:105,0,0,1
BRDA:105,0,1,0
BRDA:110,0,0,7
BRDA:110,0,1,18
BRDA:138,0,0,0
BRDA:138,0,1,2
BRDA:147,0,0,0
BRDA:147,0,1,21
BRDA:156,0,0,0
BRDA:156,0,1,3
BRDA:165,0,0,0
BRDA:165,0,1,1
BRDA:173,0,0,0
BRDA:173,0,1,6
BRDA:180,0,0,0
BRDA:180,0,1,1
BRDA:190,0,0,1
BRDA:190,0,1,2
BRDA:192,1,0,0
BRDA:192,1,1,1
BRDA:195,1,0,0
BRDA:195,1,1,2
BRDA:197,0,0,3
BRDA:197,0,1,0
BRDA:197,1,2,2
BRDA:197,1,3,1
BRDA:204,0,0,0
BRDA:204,0,1,3
BRDA:212,0,0,4
BRDA:212,0,1,0
BRDA:213,0,0,3
BRDA:213,0,1,1
BRDA:253,0,0,4
BRDA:253,0,1,0
BRDA:255,1,0,5
BRDA:255,1,1,4
BRDA:269,0,0,8
BRDA:269,0,1,0
BRDA:275,1,0,5
BRDA:275,1,1,8
BRDA:279,0,0,5
BRDA:279,0,1,0
BRDA:287,1,0,24
BRDA:287,1,1,8
BRDA:290,1,0,9
BRDA:290,1,1,24
BRDA:293,0,0,4
BRDA:293,0,1,5
BRDA:297,0,0,3
BRDA:297,0,1,2
BRDA:300,0,0,3
BRDA:300,0,1,2
BRDA:311,0,0,3
BRDA:311,0,1,5
BRDA:316,1,0,3
BRDA:316,1,1,3
BRDA:319,0,0,1
BRDA:319,0,1,2
BRDA:323,0,0,1
BRDA:323,0,1,1
BRDA:326,0,0,1
BRDA:326,0,1,1
BRDA:337,0,0,1
BRDA:337,0,1,7
BRDA:342,1,0,1
BRDA:342,1,1,1
BRDA:349,0,0,4
BRDA:349,0,1,4
BRDA:367,0,0,442
BRDA:367,0,1,148
BRDA:378,0,0,688
BRDA:378,0,1,256
BRDA:400,0,0,56
BRDA:400,0,1,26
BRDA:439,0,0,18
BRDA:439,0,1,3
BRDA:439,1,2,4
BRDA:439,1,3,14
BRDA:442,1,0,14
BRDA:442,1,1,3
BRDA:446,1,0,6
BRDA:446,1,1,0
BRDA:447,0,0,3
BRDA:447,0,1,3
BRDA:454,0,0,6
BRDA:454,0,1,18
BRDA:459,0,0,10
BRDA:459,0,1,14
BRDA:460,0,0,18
BRDA:460,0,1,6
BRDA:481,0,0,5
BRDA:481,0,1,3
BRDA:482,0,0,5
BRDA:482,0,1,0
BRDA:484,0,0,5
BRDA:484,0,1,0
BRDA:485,0,0,2
BRDA:485,0,1,3
BRDA:486,0,0,3
BRDA:486,0,1,2
BRDA:494,1,0,3
BRDA:494,1,1,3
BRDA:517,0,0,9
BRDA:517,0,1,0
BRDA:521,1,0,-
BRDA:521,1,1,-
BRDA:549,0,0,302
BRDA:549,0,1,242
BRDA:552,0,0,20
BRDA:552,0,1,282
BRDA:556,0,0,266
BRDA:556,0,1,16
BRDA:556,1,2,24
BRDA:556,1,3,242
BRDA:556,2,4,24
BRDA:556,2,5,0
BRDA:564,0,0,196
BRDA:564,0,1,86
BRDA:566,1,0,0
BRDA:566,1,1,196
BRDA:570,0,0,166
BRDA:570,0,1,30
BRDA:575,0,0,162
BRDA:575,0,1,4
BRDA:575,1,2,162
BRDA:575,1,3,0
BRDA:576,0,0,0
BRDA:576,0,1,162
BRDA:583,0,0,16
BRDA:583,0,1,14
BRDA:596,0,0,54
BRDA:596,0,1,32
BRDA:596,1,2,54
BRDA:596,1,3,0
BRDA:597,0,0,0
BRDA:597,0,1,54
BRDA:604,0,0,288
BRDA:604,0,1,14
BRDA:610,0,0,196
BRDA:610,0,1,46
BRDA:623,0,0,3
BRDA:623,0,1,2
BRDA:637,0,0,2
BRDA:637,0,1,2
BRDA:650,0,0,460
BRDA:650,0,1,285
BRDA:651,0,0,460
BRDA:651,0,1,0
BRDA:653,0,0,255
BRDA:653,0,1,205
BRDA:653,1,2,51
BRDA:653,1,3,204
BRDA:653,2,4,51
BRDA:653,2,5,0
BRDA:661,0,0,204
BRDA:661,0,1,81
BRDA:670,0,0,0
BRDA:670,0,1,2
BRDA:674,0,0,0
BRDA:674,0,1,2
BRDA:680,0,0,0
BRDA:680,0,1,2
BRDA:682,1,0,4
BRDA:682,1,1,0
BRDA:683,0,0,2
BRDA:683,0,1,2
BRDA:693,0,0,2
BRDA:693,0,1,270
BRDA:694,0,0,2
BRDA:694,0,1,270
BRDA:696,0,0,19
BRDA:696,0,1,253
BRDA:702,0,0,242
BRDA:702,0,1,11
BRDA:704,1,0,263
BRDA:704,1,1,0
BRDA:705,0,0,253
BRDA:705,0,1,10
BRF:182
BRH:147
DA:15,30
DA:16,30
DA:26,30
DA:29,30
DA:38,30
DA:40,30
DA:51,30
DA:52,30
DA:55,30
DA:56,30
DA:60,691
DA:61,691
DA:62,691
DA:63,691
DA:64,439
DA:65,439
DA:66,439
DA:67,439
DA:68,439
DA:69,252
DA:77,691
DA:78,691
DA:79,691
DA:80,691
DA:81,691
DA:82,691
DA:86,25
DA:87,25
DA:88,25
DA:89,25
DA:96,25
DA:97,25
DA:98,25
DA:99,25
DA:100,3
DA:101,25
DA:102,24
DA:103,24
DA:104,24
DA:105,1
DA:106,1
DA:107,1
DA:108,1
DA:109,25
DA:110,25
DA:111,25
DA:115,56
DA:116,56
DA:117,56
DA:118,56
DA:125,56
DA:126,56
DA:127,56
DA:128,56
DA:129,56
DA:130,56
DA:131,56
DA:135,2
DA:136,2
DA:137,2
DA:138,2
DA:139,2
DA:140,2
DA:144,21
DA:145,21
DA:146,21
DA:147,21
DA:148,21
DA:149,21
DA:153,3
DA:154,3
DA:155,3
DA:156,3
DA:157,3
DA:158,3
DA:162,1
DA:163,1
DA:164,1
DA:165,1
DA:166,1
DA:167,1
DA:171,6
DA:172,6
DA:173,6
DA:174,6
DA:175,6
DA:178,1
DA:179,1
DA:180,1
DA:181,1
DA:182,1
DA:185,3
DA:186,3
DA:187,3
DA:188,3
DA:189,3
DA:190,3
DA:191,1
DA:192,1
DA:193,1
DA:194,2
DA:195,2
DA:197,3
DA:198,2
DA:199,2
DA:200,2
DA:201,2
DA:202,3
DA:203,3
DA:204,3
DA:205,3
DA:206,3
DA:209,3
DA:210,3
DA:211,3
DA:212,4
DA:213,4
DA:214,3
DA:215,3
DA:216,3
DA:218,1
DA:225,3
DA:228,1
DA:229,1
DA:230,1
DA:231,1
DA:232,1
DA:235,12
DA:236,12
DA:237,12
DA:238,12
DA:239,12
DA:240,12
DA:241,12
DA:242,12
DA:253,4
DA:254,4
DA:255,9
DA:256,5
DA:257,5
DA:258,5
DA:259,5
DA:260,4
DA:265,8
DA:266,8
DA:269,8
DA:270,8
DA:271,8
DA:272,8
DA:275,13
DA:276,5
DA:277,5
DA:278,5
DA:279,5
DA:280,5
DA:281,5
DA:282,5
DA:283,5
DA:287,32
DA:288,24
DA:289,24
DA:290,33
DA:291,9
DA:292,9
DA:293,9
DA:294,4
DA:295,4
DA:296,5
DA:297,5
DA:298,3
DA:299,3
DA:300,5
DA:301,3
DA:302,3
DA:303,2
DA:304,5
DA:307,9
DA:308,24
DA:311,8
DA:312,3
DA:313,3
DA:314,3
DA:315,3
DA:316,6
DA:317,3
DA:318,3
DA:319,3
DA:320,1
DA:321,1
DA:322,2
DA:323,2
DA:324,1
DA:325,1
DA:326,2
DA:327,1
DA:328,1
DA:329,1
DA:330,2
DA:333,3
DA:334,3
DA:337,8
DA:338,1
DA:339,1
DA:340,1
DA:341,1
DA:342,2
DA:343,1
DA:344,1
DA:345,1
DA:346,1
DA:347,1
DA:349,8
DA:350,4
DA:351,4
DA:352,8
DA:353,8
DA:354,8
DA:355,8
DA:356,8
DA:357,12
DA:360,690
DA:361,690
DA:362,100
DA:363,100
DA:364,590
DA:365,590
DA:366,590
DA:367,590
DA:368,442
DA:369,442
DA:370,590
DA:371,590
DA:373,690
DA:376,256
DA:377,256
DA:378,944
DA:379,688
DA:380,688
DA:381,688
DA:382,688
DA:383,256
DA:386,3
DA:391,3
DA:393,3
DA:396,82
DA:397,82
DA:398,27
DA:399,82
DA:400,82
DA:401,82
DA:402,82
DA:405,7
DA:406,7
DA:407,7
DA:408,7
DA:413,7
DA:414,7
DA:415,0
DA:416,7
DA:419,3
DA:420,3
DA:421,3
DA:422,3
DA:427,3
DA:428,3
DA:429,1
DA:430,3
DA:433,24
DA:434,24
DA:435,24
DA:436,24
DA:438,24
DA:439,21
DA:440,4
DA:441,4
DA:442,21
DA:443,14
DA:444,14
DA:445,14
DA:446,6
DA:447,6
DA:448,3
DA:449,3
DA:450,20
DA:452,21
DA:454,24
DA:455,6
DA:456,6
DA:457,6
DA:459,24
DA:460,24
DA:461,24
DA:462,24
DA:465,6
DA:466,6
DA:467,6
DA:470,3
DA:471,3
DA:472,3
DA:473,3
DA:474,3
DA:475,3
DA:476,3
DA:477,3
DA:481,8
DA:482,5
DA:483,5
DA:484,5
DA:485,5
DA:486,5
DA:487,2
DA:488,5
DA:489,5
DA:490,5
DA:491,5
DA:494,6
DA:495,3
DA:496,3
DA:497,3
DA:498,3
DA:501,3
DA:502,3
DA:505,463
DA:506,463
DA:507,206
DA:508,463
DA:509,463
DA:510,463
DA:513,9
DA:514,9
DA:515,9
DA:516,9
DA:517,9
DA:518,9
DA:519,9
DA:520,9
DA:521,9
DA:522,0
DA:523,0
DA:524,9
DA:525,9
DA:528,17
DA:529,17
DA:530,1
DA:531,17
DA:532,17
DA:535,20
DA:536,20
DA:537,20
DA:540,242
DA:541,242
DA:542,242
DA:543,242
DA:544,242
DA:545,242
DA:546,242
DA:547,242
DA:548,242
DA:549,544
DA:550,302
DA:551,302
DA:552,302
DA:554,282
DA:556,282
DA:558,24
DA:559,24
DA:560,24
DA:562,282
DA:564,282
DA:565,196
DA:566,196
DA:567,196
DA:568,196
DA:570,196
DA:572,166
DA:573,166
DA:575,166
DA:576,162
DA:577,162
DA:578,4
DA:581,166
DA:583,30
DA:584,16
DA:585,16
DA:586,16
DA:587,16
DA:588,14
DA:589,14
DA:590,14
DA:591,14
DA:592,30
DA:595,196
DA:596,86
DA:597,54
DA:598,54
DA:599,282
DA:604,302
DA:605,288
DA:606,288
DA:607,288
DA:608,302
DA:610,242
DA:611,196
DA:612,196
DA:613,196
DA:614,242
DA:617,2
DA:618,2
DA:619,2
DA:620,2
DA:621,2
DA:622,2
DA:623,5
DA:624,3
DA:625,3
DA:626,3
DA:627,3
DA:628,2
DA:631,2
DA:632,2
DA:633,2
DA:634,2
DA:635,2
DA:636,2
DA:637,4
DA:638,2
DA:639,2
DA:640,2
DA:641,2
DA:642,2
DA:645,285
DA:646,285
DA:647,285
DA:648,285
DA:649,285
DA:650,745
DA:651,460
DA:652,460
DA:653,460
DA:654,51
DA:655,51
DA:656,51
DA:657,51
DA:658,51
DA:659,51
DA:660,460
DA:661,285
DA:662,285
DA:665,2
DA:666,2
DA:667,2
DA:668,0
DA:669,0
DA:670,2
DA:671,0
DA:672,0
DA:673,2
DA:674,2
DA:675,0
DA:676,0
DA:678,2
DA:679,2
DA:680,2
DA:681,2
DA:682,4
DA:683,4
DA:684,2
DA:685,2
DA:686,2
DA:689,19
DA:690,19
DA:691,19
DA:692,19
DA:693,272
DA:694,272
DA:695,272
DA:696,272
DA:697,19
DA:698,19
DA:700,253
DA:701,253
DA:702,253
DA:703,253
DA:704,263
DA:705,263
DA:706,10
DA:707,10
DA:708,253
DA:709,19
LF:489
LH:480
end_of_record
TN:
SF:/Users/aaronsmith/Development/Aaron/libgwrl/src/gwrl/event_kqueue.c
FN:21,gwrl_bkd_init
FN:47,gwrl_bkd_set_options
FN:64,gwrl_bkd_free
FN:72,gwrl_bkd_kevent
FN:90,gwrl_src_file_update_flags
FN:114,gwrl_bkd_src_add
FN:130,gwrl_bkd_del_src
FN:142,gwrl_bkd_enable_src
FN:154,gwrl_bkd_disable_src
FN:166,gwrl_bkd_gather
FNDA:304,gwrl_src_file_update_flags
FNDA:255,gwrl_bkd_gather
FNDA:3,gwrl_bkd_set_options
FNDA:30,gwrl_bkd_init
FNDA:559,gwrl_bkd_kevent
FNDA:56,gwrl_bkd_src_add
FNDA:0,gwrl_bkd_enable_src
FNDA:10,gwrl_bkd_del_src
FNDA:1,gwrl_bkd_disable_src
FNDA:8,gwrl_bkd_free
FNF:10
FNH:9
BRDA:95,1,0,-
BRDA:95,1,1,-
BRDA:95,2,2,-
BRDA:95,2,3,-
BRDA:100,0,0,101
BRDA:100,0,1,203
BRDA:106,0,0,100
BRDA:106,0,1,103
BRDA:106,1,2,100
BRDA:106,1,3,0
BRDA:119,0,0,12
BRDA:119,0,1,36
BRDA:123,0,0,0
BRDA:123,0,1,56
BRDA:125,0,0,-
BRDA:125,0,1,-
BRDA:135,0,0,0
BRDA:135,0,1,10
BRDA:147,0,0,-
BRDA:147,0,1,-
BRDA:159,0,0,0
BRDA:159,0,1,1
BRDA:178,0,0,13
BRDA:178,0,1,0
BRDA:182,0,0,13
BRDA:182,0,1,242
BRDA:182,1,2,12
BRDA:182,1,3,1
BRDA:186,0,0,1
BRDA:186,0,1,11
BRDA:196,0,0,101
BRDA:196,0,1,154
BRDA:197,0,0,0
BRDA:197,0,1,154
BRDA:197,1,2,-
BRDA:197,1,3,-
BRDA:197,2,4,-
BRDA:197,2,5,-
BRDA:199,0,0,154
BRDA:199,0,1,0
BRDA:200,1,0,204
BRDA:200,1,1,154
BRDA:205,0,0,0
BRDA:205,0,1,204
BRDA:207,0,0,204
BRDA:207,0,1,0
BRDA:210,0,0,0
BRDA:210,0,1,204
BRDA:215,0,0,204
BRDA:215,0,1,0
BRDA:215,1,2,2
BRDA:215,1,3,202
BRDA:217,1,0,202
BRDA:217,1,1,0
BRDA:217,2,2,102
BRDA:217,2,3,100
BRDA:221,0,0,100
BRDA:221,0,1,104
BRDA:221,1,2,100
BRDA:221,1,3,0
BRDA:225,0,0,104
BRDA:225,0,1,100
BRDA:227,1,0,0
BRDA:227,1,1,104
BRDA:231,0,0,100
BRDA:231,0,1,0
BRDA:233,1,0,0
BRDA:233,1,1,100
BRF:68
BRH:40
DA:21,30
DA:22,30
DA:31,30
DA:41,30
DA:42,30
DA:43,30
DA:44,30
DA:47,3
DA:48,3
DA:49,3
DA:50,0
DA:51,0
DA:52,3
DA:61,3
DA:62,3
DA:64,8
DA:65,8
DA:66,8
DA:67,8
DA:68,8
DA:69,8
DA:70,8
DA:72,559
DA:73,559
DA:74,559
DA:75,559
DA:76,559
DA:77,559
DA:78,559
DA:79,559
DA:80,559
DA:81,559
DA:82,559
DA:88,559
DA:90,304
DA:91,304
DA:93,304
DA:94,304
DA:95,304
DA:97,0
DA:98,0
DA:100,304
DA:102,101
DA:103,101
DA:104,101
DA:106,203
DA:108,100
DA:109,203
DA:111,304
DA:112,304
DA:114,56
DA:115,56
DA:117,56
DA:118,48
DA:119,48
DA:120,48
DA:121,48
DA:123,56
DA:124,0
DA:125,0
DA:126,0
DA:127,0
DA:128,56
DA:130,10
DA:131,10
DA:132,5
DA:133,5
DA:135,10
DA:136,0
DA:137,0
DA:139,10
DA:140,10
DA:142,0
DA:143,0
DA:144,0
DA:145,0
DA:147,0
DA:148,0
DA:149,0
DA:151,0
DA:152,0
DA:154,1
DA:155,1
DA:156,1
DA:157,1
DA:159,1
DA:160,0
DA:161,0
DA:163,1
DA:164,1
DA:166,255
DA:167,255
DA:168,255
DA:169,255
DA:170,255
DA:171,255
DA:172,255
DA:173,255
DA:174,255
DA:175,255
DA:176,255
DA:178,13
DA:179,13
DA:180,13
DA:182,255
DA:183,12
DA:184,12
DA:186,12
DA:187,1
DA:188,1
DA:190,12
DA:192,255
DA:193,255
DA:194,255
DA:196,255
DA:197,154
DA:199,154
DA:200,358
DA:201,204
DA:202,204
DA:203,204
DA:204,204
DA:205,204
DA:207,204
DA:208,204
DA:210,204
DA:211,0
DA:212,0
DA:213,0
DA:215,204
DA:216,2
DA:217,204
DA:218,102
DA:219,202
DA:221,204
DA:222,100
DA:223,100
DA:225,204
DA:226,104
DA:227,104
DA:228,104
DA:229,104
DA:231,100
DA:232,100
DA:233,100
DA:234,100
DA:235,100
DA:236,204
DA:238,204
DA:239,204
DA:240,154
DA:241,255
LF:152
LH:128
end_of_record
TN:
SF:/Users/aaronsmith/Development/Aaron/libgwrl/src/gwrl/event_wake_pipe.c
FN:4,gwrl_wake
FN:19,gwrl_wake_init
FN:48,gwrl_wake_free
FN:53,gwrl_wake_activity
FNDA:8,gwrl_wake_free
FNDA:596,gwrl_wake
FNDA:32,gwrl_wake_init
FNDA:3,gwrl_wake_activity
FNF:4
FNH:4
BRDA:9,0,0,0
BRDA:9,0,1,1
BRDA:9,1,2,-
BRDA:9,1,3,-
BRDA:61,0,0,1
BRDA:61,0,1,3
BRDA:65,0,0,3
BRDA:65,0,1,0
BRDA:65,1,2,2
BRDA:65,1,3,1
BRDA:65,2,4,2
BRDA:65,2,5,0
BRDA:71,0,0,2
BRDA:71,0,1,1
BRDA:73,0,0,2
BRDA:73,0,1,0
BRF:16
BRH:10
DA:4,596
DA:5,596
DA:6,1
DA:7,1
DA:8,1
DA:9,1
DA:13,0
DA:14,1
DA:16,1
DA:17,596
DA:19,32
DA:20,32
DA:23,32
DA:34,32
DA:35,32
DA:36,32
DA:45,32
DA:46,32
DA:48,8
DA:49,8
DA:50,8
DA:51,8
DA:53,3
DA:54,3
DA:55,3
DA:56,3
DA:57,3
DA:58,3
DA:59,4
DA:61,4
DA:62,1
DA:65,3
DA:66,2
DA:67,2
DA:69,3
DA:71,3
DA:73,2
DA:74,2
DA:75,2
DA:78,2
DA:79,2
DA:80,2
DA:81,2
DA:82,2
DA:83,3
DA:84,3
LF:46
LH:45
end_of_record
TN:
SF:/Users/aaronsmith/Development/Aaron/libgwrl/src/gwrl/lock.c
FN:9,lockid_init
FN:18,lockid_lock
FN:29,lockid_unlock
FN:40,lockid_free
FNDA:18,lockid_unlock
FNDA:18,lockid_lock
FNDA:60,lockid_init
FNDA:16,lockid_free
FNF:4
FNH:4
DA:9,60
DA:15,60
DA:18,18
DA:20,18
DA:26,18
DA:29,18
DA:31,18
DA:37,18
DA:40,16
DA:46,16
LF:10
LH:10
end_of_record
TN:
SF:/Users/aaronsmith/Development/Aaron/libgwrl/src/gwrl/proactor.c
FN:11,gwpr_create
FN:43,gwprdata_create
FN:78,gwpr_set_fd
FN:91,gwprbufctl_create
FN:103,gwprbuf_free
FN:109,gwpr_set_options
FN:114,gwpr_src_add
FN:127,gwpr_src_add_safely
FN:140,gwpr_src_remove
FN:149,gwpr_src_del
FN:158,gwpr_filter_add
FN:191,gwpr_filter_reset
FN:205,gwpr_filter_call
FN:226,gwpr_set_cb
FN:251,gwpr_buf_get
FN:276,gwpr_buf_getp
FN:301,gwpr_buf_get_tagged
FN:308,gwpr_buf_get_with_data
FN:317,gwpr_buf_free
FNDA:208,gwpr_buf_get
FNDA:1,gwpr_buf_get_tagged
FNDA:36,gwprdata_create
FNDA:253,gwpr_buf_free
FNDA:2,gwpr_filter_reset
FNDA:31,gwpr_src_add
FNDA:29,gwpr_set_fd
FNDA:253,gwprbuf_free
FNDA:30,gwpr_create
FNDA:2,gwpr_src_remove
FNDA:201,gwpr_filter_call
FNDA:152,gwpr_buf_getp
FNDA:30,gwprbufctl_create
FNDA:9,gwpr_set_cb
FNDA:30,gwpr_set_options
FNDA:5,gwpr_src_add_safely
FNDA:6,gwpr_filter_add
FNDA:1,gwpr_src_del
FNDA:153,gwpr_buf_get_with_data
FNF:19
FNH:19
BRDA:170,1,0,6
BRDA:170,1,1,0
BRDA:171,0,0,4
BRDA:171,0,1,2
BRDA:177,1,0,2
BRDA:177,1,1,0
BRDA:178,1,0,3
BRDA:178,1,1,0
BRDA:179,0,0,2
BRDA:179,0,1,1
BRDA:186,0,0,0
BRDA:186,0,1,6
BRDA:195,0,0,1
BRDA:195,0,1,0
BRDA:197,1,0,1
BRDA:197,1,1,0
BRDA:197,2,2,1
BRDA:197,2,3,0
BRDA:210,0,0,101
BRDA:210,0,1,0
BRDA:210,1,2,101
BRDA:210,1,3,0
BRDA:211,1,0,303
BRDA:211,1,1,0
BRDA:212,0,0,101
BRDA:212,0,1,202
BRDA:216,1,0,100
BRDA:216,1,1,0
BRDA:218,1,0,300
BRDA:218,1,1,0
BRDA:219,0,0,100
BRDA:219,0,1,200
BRDA:311,0,0,0
BRDA:311,0,1,152
BRF:34
BRH:21
DA:11,30
DA:12,30
DA:13,30
DA:18,30
DA:27,30
DA:36,30
DA:37,30
DA:38,30
DA:39,30
DA:44,36
DA:52,36
DA:53,36
DA:54,36
DA:57,36
DA:65,36
DA:74,36
DA:78,29
DA:79,29
DA:80,29
DA:84,29
DA:85,29
DA:86,29
DA:87,29
DA:92,30
DA:99,30
DA:103,253
DA:104,253
DA:105,253
DA:106,253
DA:109,30
DA:110,30
DA:111,30
DA:114,31
DA:115,31
DA:116,31
DA:120,31
DA:121,31
DA:122,31
DA:123,31
DA:124,31
DA:127,5
DA:128,5
DA:129,5
DA:133,5
DA:134,5
DA:135,5
DA:136,5
DA:137,5
DA:140,2
DA:141,2
DA:142,2
DA:143,2
DA:144,2
DA:145,2
DA:146,2
DA:149,1
DA:150,1
DA:151,1
DA:152,1
DA:153,1
DA:154,1
DA:155,1
DA:158,6
DA:160,6
DA:161,6
DA:162,6
DA:169,6
DA:170,6
DA:171,6
DA:172,4
DA:173,4
DA:174,4
DA:176,2
DA:177,6
DA:178,3
DA:179,3
DA:180,2
DA:181,2
DA:182,2
DA:184,1
DA:185,2
DA:186,6
DA:188,6
DA:191,2
DA:193,2
DA:195,1
DA:196,1
DA:197,2
DA:198,1
DA:199,1
DA:202,2
DA:205,201
DA:206,201
DA:207,201
DA:208,201
DA:209,101
DA:210,101
DA:211,303
DA:212,303
DA:213,202
DA:214,202
DA:215,101
DA:216,201
DA:217,100
DA:218,300
DA:219,300
DA:220,200
DA:221,200
DA:222,100
DA:223,201
DA:226,9
DA:227,9
DA:228,9
DA:230,1
DA:231,1
DA:233,1
DA:234,1
DA:236,1
DA:237,1
DA:239,1
DA:240,1
DA:242,3
DA:243,3
DA:245,2
DA:246,2
DA:248,9
DA:251,208
DA:252,208
DA:260,208
DA:269,208
DA:270,208
DA:272,208
DA:276,152
DA:277,152
DA:286,152
DA:294,152
DA:295,152
DA:297,152
DA:301,1
DA:302,1
DA:303,1
DA:304,1
DA:308,153
DA:309,1
DA:310,152
DA:311,152
DA:312,152
DA:313,152
DA:314,153
DA:317,253
DA:323,253
DA:324,253
LF:152
LH:152
end_of_record
TN:
SF:/Users/aaronsmith/Development/Aaron/libgwrl/src/gwrl/proactor_imp.c
FN:9,io_activity
FN:16,gwpr_src_activity_read_accept
FN:63,gwpr_src_activity_read
FN:114,gwpr_src_activity_read_result
FN:158,gwpr_src_activity_write_qitem
FN:200,gwpr_src_activity_write_qitem_result
FN:271,gwpr_src_activity
FN:420,gwpr_free
FN:480,gwpr_write_buffer
FN:513,gwpr_synchronous_write
FN:689,gwpr_asynchronous_write
FN:712,gwpr_accept
FN:726,gwpr_connect
FN:744,gwpr_asynchronous_read
FN:762,gwpr_stop_read
FN:770,gwpr_read
FN:775,gwpr_recv
FN:780,gwpr_recvfrom
FN:786,gwpr_write
FN:804,gwpr_send
FN:822,gwpr_sendto
FN:841,gwprwrq_get
FN:863,gwprwrq_free
FN:876,gwprwrq_free_list_no_cache
FN:888,gwprwrq_putback
FN:914,gwprwrq_add
FNDA:0,gwpr_stop_read
FNDA:0,gwpr_connect
FNDA:0,gwpr_sendto
FNDA:151,gwpr_write_buffer
FNDA:0,gwpr_accept
FNDA:252,gwpr_src_activity
FNDA:21,gwprwrq_free_list_no_cache
FNDA:103,gwpr_asynchronous_read
FNDA:42,gwprwrq_putback
FNDA:101,gwpr_recv
FNDA:240,gwprwrq_get
FNDA:3,gwpr_free
FNDA:101,gwpr_src_activity_read
FNDA:0,gwpr_src_activity_read_accept
FNDA:100,gwpr_src_activity_write_qitem
FNDA:101,gwpr_asynchronous_write
FNDA:101,gwpr_send
FNDA:0,gwpr_recvfrom
FNDA:100,gwpr_src_activity_write_qitem_result
FNDA:152,gwpr_synchronous_write
FNDA:2,gwpr_read
FNDA:216,gwprwrq_free
FNDA:0,io_activity
FNDA:164,gwprwrq_add
FNDA:101,gwpr_src_activity_read_result
FNDA:51,gwpr_write
FNF:26
FNH:19
BRDA:31,0,0,-
BRDA:31,0,1,-
BRDA:37,0,0,-
BRDA:37,0,1,-
BRDA:42,1,0,-
BRDA:42,1,1,-
BRDA:47,0,0,-
BRDA:47,0,1,-
BRDA:49,0,0,-
BRDA:49,0,1,-
BRDA:74,0,0,50
BRDA:74,0,1,101
BRDA:80,0,0,51
BRDA:80,0,1,50
BRDA:84,1,0,0
BRDA:84,1,1,51
BRDA:84,3,2,0
BRDA:84,3,3,51
BRDA:87,0,0,0
BRDA:87,0,1,50
BRDA:92,1,0,-
BRDA:92,1,1,-
BRDA:93,1,0,-
BRDA:93,1,1,-
BRDA:96,0,0,50
BRDA:96,0,1,0
BRDA:99,1,0,0
BRDA:99,1,1,50
BRDA:99,3,2,0
BRDA:99,3,3,50
BRDA:102,0,0,0
BRDA:102,0,1,101
BRDA:105,0,0,-
BRDA:105,0,1,-
BRDA:128,0,0,-
BRDA:128,0,1,-
BRDA:128,1,2,-
BRDA:128,1,3,-
BRDA:133,0,0,-
BRDA:133,0,1,-
BRDA:133,1,2,-
BRDA:133,1,3,-
BRDA:133,2,4,-
BRDA:133,2,5,-
BRDA:133,3,6,-
BRDA:133,3,7,-
BRDA:138,0,0,-
BRDA:138,0,1,-
BRDA:138,1,2,-
BRDA:138,1,3,-
BRDA:138,2,4,-
BRDA:138,2,5,-
BRDA:143,0,0,-
BRDA:143,0,1,-
BRDA:143,1,2,-
BRDA:143,1,3,-
BRDA:174,0,0,-
BRDA:174,0,1,-
BRDA:180,0,0,100
BRDA:180,0,1,0
BRDA:180,1,2,100
BRDA:180,1,3,0
BRDA:188,0,0,0
BRDA:188,0,1,100
BRDA:188,1,2,-
BRDA:188,1,3,-
BRDA:189,0,0,-
BRDA:189,0,1,-
BRDA:189,1,2,-
BRDA:189,1,3,-
BRDA:190,0,0,-
BRDA:190,0,1,-
BRDA:190,1,2,-
BRDA:190,1,3,-
BRDA:191,0,0,-
BRDA:191,0,1,-
BRDA:191,1,2,-
BRDA:191,1,3,-
BRDA:212,0,0,-
BRDA:212,0,1,-
BRDA:212,1,2,-
BRDA:212,1,3,-
BRDA:218,1,0,-
BRDA:218,1,1,-
BRDA:219,0,0,-
BRDA:219,0,1,-
BRDA:223,0,0,-
BRDA:223,0,1,-
BRDA:223,1,2,-
BRDA:223,1,3,-
BRDA:223,2,4,-
BRDA:223,2,5,-
BRDA:227,0,0,-
BRDA:227,0,1,-
BRDA:237,0,0,100
BRDA:237,0,1,0
BRDA:237,1,2,0
BRDA:237,1,3,100
BRDA:241,0,0,-
BRDA:241,0,1,-
BRDA:243,0,0,-
BRDA:243,0,1,-
BRDA:246,0,0,0
BRDA:246,0,1,100
BRDA:246,1,2,-
BRDA:246,1,3,-
BRDA:246,2,4,-
BRDA:246,2,5,-
BRDA:254,0,0,0
BRDA:254,0,1,100
BRDA:254,1,2,-
BRDA:254,1,3,-
BRDA:260,0,0,-
BRDA:260,0,1,-
BRDA:289,0,0,0
BRDA:289,0,1,252
BRDA:291,0,0,101
BRDA:291,0,1,151
BRDA:295,0,0,101
BRDA:295,0,1,0
BRDA:299,1,0,-
BRDA:299,1,1,-
BRDA:307,0,0,100
BRDA:307,0,1,152
BRDA:310,0,0,0
BRDA:310,0,1,100
BRDA:320,0,0,100
BRDA:320,0,1,0
BRDA:335,0,0,0
BRDA:335,0,1,100
BRDA:341,1,0,100
BRDA:341,1,1,100
BRDA:347,0,0,100
BRDA:347,0,1,0
BRDA:347,1,2,0
BRDA:347,1,3,100
BRDA:353,0,0,0
BRDA:353,0,1,100
BRDA:364,0,0,0
BRDA:364,0,1,100
BRDA:364,1,2,-
BRDA:364,1,3,-
BRDA:373,0,0,51
BRDA:373,0,1,101
BRDA:374,0,0,51
BRDA:374,0,1,0
BRDA:380,0,0,51
BRDA:380,0,1,0
BRDA:388,0,0,0
BRDA:388,0,1,51
BRDA:395,0,0,0
BRDA:395,0,1,252
BRDA:396,0,0,-
BRDA:396,0,1,-
BRDA:406,0,0,0
BRDA:406,0,1,252
BRDA:407,0,0,-
BRDA:407,0,1,-
BRDA:430,0,0,9
BRDA:430,0,1,3
BRDA:432,1,0,2
BRDA:432,1,1,9
BRDA:433,0,0,2
BRDA:433,0,1,0
BRDA:435,0,0,1
BRDA:435,0,1,1
BRDA:440,0,0,1
BRDA:440,0,1,0
BRDA:444,0,0,1
BRDA:444,0,1,0
BRDA:448,0,0,1
BRDA:448,0,1,0
BRDA:452,0,0,0
BRDA:452,0,1,1
BRDA:466,0,0,0
BRDA:466,0,1,3
BRDA:470,0,0,3
BRDA:470,0,1,0
BRDA:487,0,0,151
BRDA:487,0,1,151
BRDA:490,0,0,51
BRDA:490,0,1,100
BRDA:491,1,0,51
BRDA:491,1,1,0
BRDA:491,2,2,0
BRDA:491,2,3,51
BRDA:492,1,0,0
BRDA:492,1,1,51
BRDA:493,1,0,100
BRDA:493,1,1,0
BRDA:494,1,0,100
BRDA:494,1,1,0
BRDA:494,2,2,0
BRDA:494,2,3,100
BRDA:495,1,0,0
BRDA:495,1,1,100
BRDA:496,1,0,-
BRDA:496,1,1,-
BRDA:497,1,0,-
BRDA:497,1,1,-
BRDA:497,2,2,-
BRDA:497,2,3,-
BRDA:498,1,0,-
BRDA:498,1,1,-
BRDA:501,0,0,151
BRDA:501,0,1,0
BRDA:505,1,0,-
BRDA:505,1,1,-
BRDA:519,0,0,51
BRDA:519,0,1,0
BRDA:532,0,0,51
BRDA:532,0,1,0
BRDA:532,1,2,51
BRDA:532,1,3,0
BRDA:538,1,0,0
BRDA:538,1,1,51
BRDA:540,0,0,0
BRDA:540,0,1,51
BRDA:548,0,0,0
BRDA:548,0,1,51
BRDA:555,1,0,153
BRDA:555,1,1,0
BRDA:556,0,0,51
BRDA:556,0,1,102
BRDA:566,0,0,51
BRDA:566,0,1,0
BRDA:574,1,0,0
BRDA:574,1,1,51
BRDA:579,0,0,0
BRDA:579,0,1,51
BRDA:581,0,0,-
BRDA:581,0,1,-
BRDA:587,1,0,-
BRDA:587,1,1,-
BRDA:596,1,0,-
BRDA:596,1,1,-
BRDA:597,0,0,-
BRDA:597,0,1,-
BRDA:611,0,0,-
BRDA:611,0,1,-
BRDA:613,0,0,-
BRDA:613,0,1,-
BRDA:618,1,0,-
BRDA:618,1,1,-
BRDA:621,0,0,-
BRDA:621,0,1,-
BRDA:621,1,2,-
BRDA:621,1,3,-
BRDA:621,2,4,-
BRDA:621,2,5,-
BRDA:635,0,0,51
BRDA:635,0,1,0
BRDA:635,1,2,0
BRDA:635,1,3,51
BRDA:643,0,0,-
BRDA:643,0,1,-
BRDA:648,1,0,-
BRDA:648,1,1,-
BRDA:655,0,0,0
BRDA:655,0,1,51
BRDA:655,1,2,-
BRDA:655,1,3,-
BRDA:655,2,4,-
BRDA:655,2,5,-
BRDA:662,0,0,0
BRDA:662,0,1,51
BRDA:672,0,0,-
BRDA:672,0,1,-
BRDA:673,0,0,-
BRDA:673,0,1,-
BRDA:673,1,2,-
BRDA:673,1,3,-
BRDA:674,0,0,-
BRDA:674,0,1,-
BRDA:674,1,2,-
BRDA:674,1,3,-
BRDA:675,0,0,-
BRDA:675,0,1,-
BRDA:675,1,2,-
BRDA:675,1,3,-
BRDA:679,1,0,-
BRDA:679,1,1,-
BRDA:704,0,0,-
BRDA:704,0,1,-
BRDA:797,0,0,0
BRDA:797,0,1,51
BRDA:815,0,0,101
BRDA:815,0,1,0
BRDA:834,0,0,-
BRDA:834,0,1,-
BRDA:846,0,0,1
BRDA:846,0,1,152
BRDA:853,1,0,0
BRDA:853,1,1,87
BRDA:869,0,0,43
BRDA:869,0,1,173
BRDA:879,0,0,63
BRDA:879,0,1,21
BRDA:882,0,0,0
BRDA:882,0,1,63
BRDA:896,1,0,63
BRDA:896,1,1,21
BRDA:900,0,0,21
BRDA:900,0,1,0
BRDA:902,1,0,21
BRDA:902,1,1,21
BRDA:906,0,0,21
BRDA:906,0,1,0
BRDA:920,0,0,21
BRDA:920,0,1,21
BRF:310
BRH:99
DA:9,0
DA:13,0
DA:16,0
DA:22,0
DA:23,0
DA:24,0
DA:25,0
DA:26,0
DA:27,0
DA:31,0
DA:34,0
DA:35,0
DA:37,0
DA:39,0
DA:40,0
DA:42,0
DA:47,0
DA:49,0
DA:50,0
DA:51,0
DA:52,0
DA:53,0
DA:54,0
DA:55,0
DA:57,0
DA:58,0
DA:59,0
DA:60,0
DA:63,101
DA:64,101
DA:69,101
DA:70,101
DA:71,101
DA:72,101
DA:73,101
DA:74,151
DA:75,101
DA:76,101
DA:77,101
DA:78,101
DA:80,101
DA:82,51
DA:83,51
DA:84,51
DA:85,51
DA:87,50
DA:89,0
DA:90,0
DA:91,0
DA:92,0
DA:93,0
DA:94,0
DA:96,50
DA:97,50
DA:98,50
DA:99,50
DA:100,50
DA:102,101
DA:105,0
DA:106,0
DA:109,101
DA:110,101
DA:111,101
DA:114,101
DA:115,101
DA:120,101
DA:122,101
DA:124,101
DA:125,101
DA:126,101
DA:128,0
DA:130,0
DA:131,0
DA:133,0
DA:135,0
DA:136,0
DA:138,0
DA:141,0
DA:143,0
DA:146,0
DA:147,0
DA:148,0
DA:149,0
DA:150,0
DA:153,0
DA:155,101
DA:158,100
DA:159,100
DA:160,100
DA:164,100
DA:165,100
DA:166,100
DA:167,100
DA:168,100
DA:169,100
DA:170,100
DA:173,100
DA:174,0
DA:175,0
DA:176,100
DA:180,100
DA:181,100
DA:182,100
DA:185,100
DA:188,100
DA:189,0
DA:190,0
DA:191,0
DA:192,0
DA:195,100
DA:196,100
DA:197,100
DA:200,100
DA:201,100
DA:202,100
DA:203,100
DA:204,100
DA:205,100
DA:207,100
DA:209,100
DA:210,100
DA:212,0
DA:216,0
DA:217,0
DA:218,0
DA:219,0
DA:220,0
DA:221,0
DA:223,0
DA:226,0
DA:227,0
DA:228,0
DA:229,0
DA:230,0
DA:231,0
DA:232,0
DA:233,0
DA:234,0
DA:235,0
DA:237,100
DA:241,0
DA:242,0
DA:243,0
DA:244,0
DA:246,100
DA:250,0
DA:251,0
DA:252,0
DA:254,100
DA:256,0
DA:257,0
DA:258,0
DA:259,0
DA:260,0
DA:261,0
DA:262,0
DA:263,0
DA:264,0
DA:265,100
DA:267,100
DA:271,252
DA:278,252
DA:281,252
DA:282,252
DA:283,252
DA:284,252
DA:285,252
DA:286,252
DA:287,252
DA:288,252
DA:289,252
DA:291,252
DA:293,101
DA:295,101
DA:297,101
DA:298,101
DA:299,101
DA:301,0
DA:302,0
DA:303,0
DA:305,101
DA:307,252
DA:310,100
DA:313,0
DA:314,0
DA:315,0
DA:316,0
DA:317,0
DA:318,0
DA:320,100
DA:324,100
DA:325,100
DA:326,100
DA:327,100
DA:328,100
DA:331,100
DA:332,100
DA:333,100
DA:335,100
DA:338,0
DA:339,0
DA:341,200
DA:343,100
DA:344,100
DA:345,100
DA:347,100
DA:350,0
DA:353,100
DA:356,0
DA:357,0
DA:360,100
DA:361,100
DA:362,100
DA:364,100
DA:366,100
DA:367,100
DA:368,100
DA:369,100
DA:370,100
DA:371,100
DA:373,152
DA:374,51
DA:376,51
DA:377,51
DA:378,51
DA:379,51
DA:380,51
DA:381,51
DA:382,51
DA:383,51
DA:384,0
DA:385,0
DA:387,51
DA:388,51
DA:389,51
DA:390,51
DA:391,0
DA:393,152
DA:395,252
DA:396,0
DA:398,0
DA:399,0
DA:400,0
DA:401,0
DA:402,0
DA:404,0
DA:406,252
DA:407,0
DA:409,0
DA:410,0
DA:411,0
DA:412,0
DA:413,0
DA:415,252
DA:416,252
DA:417,252
DA:420,3
DA:425,3
DA:426,3
DA:427,3
DA:428,3
DA:430,12
DA:431,9
DA:432,11
DA:433,2
DA:434,2
DA:435,2
DA:436,1
DA:437,1
DA:438,1
DA:440,1
DA:441,1
DA:442,1
DA:444,1
DA:445,1
DA:446,1
DA:448,1
DA:449,1
DA:450,1
DA:452,1
DA:453,0
DA:454,0
DA:455,0
DA:456,0
DA:458,1
DA:459,1
DA:460,1
DA:461,2
DA:462,2
DA:463,2
DA:464,9
DA:466,3
DA:467,0
DA:468,0
DA:470,3
DA:471,3
DA:472,3
DA:474,3
DA:475,3
DA:476,3
DA:477,3
DA:480,151
DA:481,151
DA:482,151
DA:483,151
DA:484,151
DA:485,151
DA:487,302
DA:488,151
DA:490,151
DA:491,51
DA:492,51
DA:493,151
DA:494,100
DA:495,100
DA:496,100
DA:497,0
DA:498,0
DA:499,100
DA:501,151
DA:502,151
DA:503,151
DA:504,151
DA:505,151
DA:506,0
DA:507,0
DA:509,151
DA:510,151
DA:513,152
DA:514,152
DA:515,152
DA:519,51
DA:525,51
DA:526,51
DA:527,51
DA:528,51
DA:529,51
DA:530,51
DA:532,51
DA:537,51
DA:538,51
DA:539,51
DA:540,51
DA:541,51
DA:544,51
DA:545,51
DA:546,51
DA:547,51
DA:548,51
DA:549,0
DA:550,0
DA:551,0
DA:554,51
DA:555,153
DA:556,153
DA:557,102
DA:558,102
DA:559,51
DA:562,51
DA:563,51
DA:564,51
DA:566,51
DA:570,51
DA:573,51
DA:574,51
DA:577,51
DA:578,51
DA:579,51
DA:580,0
DA:581,0
DA:582,0
DA:583,51
DA:586,51
DA:587,51
DA:594,0
DA:595,0
DA:596,0
DA:597,0
DA:600,0
DA:601,0
DA:602,0
DA:608,0
DA:611,0
DA:612,0
DA:613,0
DA:614,0
DA:617,0
DA:618,0
DA:619,0
DA:621,0
DA:626,0
DA:627,0
DA:630,0
DA:631,0
DA:632,0
DA:635,51
DA:642,0
DA:643,0
DA:644,0
DA:647,0
DA:648,0
DA:649,0
DA:652,0
DA:653,0
DA:655,51
DA:659,0
DA:660,0
DA:662,51
DA:667,0
DA:668,0
DA:669,0
DA:670,0
DA:671,0
DA:672,0
DA:673,0
DA:674,0
DA:675,0
DA:678,0
DA:679,0
DA:680,0
DA:681,51
DA:682,51
DA:685,152
DA:689,101
DA:690,101
DA:691,101
DA:692,101
DA:693,101
DA:700,101
DA:701,101
DA:702,101
DA:703,0
DA:704,0
DA:705,0
DA:706,101
DA:707,101
DA:708,101
DA:709,101
DA:712,0
DA:713,0
DA:714,0
DA:715,0
DA:716,0
DA:717,0
DA:718,0
DA:720,0
DA:721,0
DA:722,0
DA:723,0
DA:726,0
DA:727,0
DA:728,0
DA:729,0
DA:730,0
DA:731,0
DA:732,0
DA:733,0
DA:734,0
DA:736,0
DA:737,0
DA:738,0
DA:739,0
DA:740,0
DA:741,0
DA:744,103
DA:745,103
DA:746,103
DA:747,103
DA:748,103
DA:749,103
DA:750,0
DA:751,0
DA:753,103
DA:754,103
DA:755,103
DA:756,103
DA:757,103
DA:758,103
DA:759,103
DA:762,0
DA:763,0
DA:764,0
DA:765,0
DA:766,0
DA:767,0
DA:770,2
DA:771,2
DA:775,101
DA:776,101
DA:780,0
DA:781,0
DA:786,51
DA:787,51
DA:793,51
DA:794,0
DA:795,0
DA:797,51
DA:798,0
DA:799,0
DA:800,51
DA:801,51
DA:804,101
DA:805,101
DA:811,101
DA:812,0
DA:813,0
DA:815,101
DA:816,101
DA:817,101
DA:818,101
DA:819,101
DA:822,0
DA:823,0
DA:824,0
DA:830,0
DA:831,0
DA:832,0
DA:834,0
DA:835,0
DA:836,0
DA:837,0
DA:838,0
DA:841,240
DA:842,240
DA:843,240
DA:844,153
DA:845,153
DA:846,153
DA:847,1
DA:848,1
DA:849,152
DA:851,153
DA:852,87
DA:853,87
DA:854,0
DA:855,0
DA:856,87
DA:858,240
DA:859,240
DA:863,216
DA:864,216
DA:865,0
DA:866,0
DA:867,216
DA:868,216
DA:869,216
DA:870,216
DA:871,216
DA:873,216
DA:876,21
DA:877,21
DA:878,21
DA:879,84
DA:880,63
DA:881,63
DA:882,63
DA:883,63
DA:884,63
DA:885,21
DA:888,42
DA:889,42
DA:890,42
DA:891,21
DA:892,21
DA:893,21
DA:894,21
DA:895,21
DA:896,84
DA:897,63
DA:898,63
DA:899,63
DA:900,21
DA:901,21
DA:902,42
DA:903,21
DA:904,21
DA:905,21
DA:906,21
DA:907,21
DA:908,21
DA:909,21
DA:911,42
DA:914,164
DA:915,164
DA:916,164
DA:917,122
DA:918,122
DA:919,122
DA:920,42
DA:921,21
DA:922,21
DA:923,21
DA:924,21
DA:925,42
DA:928,164
LF:595
LH:355
end_of_record
TN:
SF:/Users/aaronsmith/Development/Aaron/libgwrl/src/gwrl/socket.c
FN:8,gwsk_sockaddr_size
FN:15,gwsk_sockaddr_port
FN:22,gwsk_sockaddr_print
FN:32,gwsk_addrinfo_print
FN:36,gwsk_startup
FN:44,gwsk_cleanup
FN:51,gwsk_connect
FN:78,gwsk_accept
FN:104,gwsk_close
FN:112,gwsk_nonblock
FN:121,gwsk_reuseaddr
FN:129,skctlinfo_free
FN:135,skctl_str_for_flag
FN:156,skctl
FN:345,skctl_tcp_server
FN:357,skctl_udp_server
FN:369,skctl_tcp_client
FN:380,skctl_udp_client
FN:391,skctl_udp_connected_client
FNDA:0,gwsk_sockaddr_port
FNDA:0,gwsk_sockaddr_size
FNDA:0,skctl_str_for_flag
FNDA:0,skctl_tcp_client
FNDA:0,gwsk_connect
FNDA:0,gwsk_reuseaddr
FNDA:0,skctlinfo_free
FNDA:0,gwsk_addrinfo_print
FNDA:0,skctl_udp_connected_client
FNDA:0,gwsk_accept
FNDA:0,gwsk_nonblock
FNDA:0,skctl_udp_client
FNDA:0,skctl_tcp_server
FNDA:0,skctl
FNDA:0,skctl_udp_server
FNDA:0,gwsk_cleanup
FNDA:0,gwsk_sockaddr_print
FNDA:0,gwsk_startup
FNDA:0,gwsk_close
FNF:19
FNH:0
BRDA:11,0,0,-
BRDA:11,0,1,-
BRDA:18,0,0,-
BRDA:18,0,1,-
BRDA:27,0,0,-
BRDA:27,0,1,-
BRDA:61,0,0,-
BRDA:61,0,1,-
BRDA:70,0,0,-
BRDA:70,0,1,-
BRDA:71,0,0,-
BRDA:71,0,1,-
BRDA:88,0,0,-
BRDA:88,0,1,-
BRDA:97,0,0,-
BRDA:97,0,1,-
BRDA:132,0,0,-
BRDA:132,0,1,-
BRDA:138,0,0,-
BRDA:138,0,1,-
BRDA:140,0,0,-
BRDA:140,0,1,-
BRDA:142,0,0,-
BRDA:142,0,1,-
BRDA:144,0,0,-
BRDA:144,0,1,-
BRDA:146,0,0,-
BRDA:146,0,1,-
BRDA:148,0,0,-
BRDA:148,0,1,-
BRDA:150,0,0,-
BRDA:150,0,1,-
BRDA:168,0,0,-
BRDA:168,0,1,-
BRDA:170,0,0,-
BRDA:170,0,1,-
BRDA:175,0,0,-
BRDA:175,0,1,-
BRDA:175,1,2,-
BRDA:175,1,3,-
BRDA:180,0,0,-
BRDA:180,0,1,-
BRDA:185,0,0,-
BRDA:185,0,1,-
BRDA:186,0,0,-
BRDA:186,0,1,-
BRDA:186,1,2,-
BRDA:186,1,3,-
BRDA:197,0,0,-
BRDA:197,0,1,-
BRDA:202,0,0,-
BRDA:202,0,1,-
BRDA:229,1,0,-
BRDA:229,1,1,-
BRDA:235,0,0,-
BRDA:235,0,1,-
BRDA:239,0,0,-
BRDA:239,0,1,-
BRDA:260,0,0,-
BRDA:260,0,1,-
BRDA:269,0,0,-
BRDA:269,0,1,-
BRDA:273,0,0,-
BRDA:273,0,1,-
BRDA:278,0,0,-
BRDA:278,0,1,-
BRDA:283,0,0,-
BRDA:283,0,1,-
BRDA:287,0,0,-
BRDA:287,0,1,-
BRDA:292,0,0,-
BRDA:292,0,1,-
BRDA:296,0,0,-
BRDA:296,0,1,-
BRDA:301,0,0,-
BRDA:301,0,1,-
BRDA:305,0,0,-
BRDA:305,0,1,-
BRDA:315,0,0,-
BRDA:315,0,1,-
BRDA:315,1,2,-
BRDA:315,1,3,-
BRDA:316,0,0,-
BRDA:316,0,1,-
BRDA:326,0,0,-
BRDA:326,0,1,-
BRDA:333,0,0,-
BRDA:333,0,1,-
BRF:88
BRH:0
DA:8,0
DA:9,0
DA:10,0
DA:11,0
DA:12,0
DA:13,0
DA:15,0
DA:16,0
DA:17,0
DA:18,0
DA:19,0
DA:20,0
DA:22,0
DA:23,0
DA:24,0
DA:25,0
DA:26,0
DA:27,0
DA:28,0
DA:29,0
DA:30,0
DA:32,0
DA:33,0
DA:34,0
DA:41,0
DA:48,0
DA:51,0
DA:52,0
DA:58,0
DA:59,0
DA:60,0
DA:61,0
DA:70,0
DA:71,0
DA:73,0
DA:75,0
DA:78,0
DA:79,0
DA:85,0
DA:86,0
DA:87,0
DA:88,0
DA:97,0
DA:99,0
DA:101,0
DA:104,0
DA:108,0
DA:110,0
DA:112,0
DA:117,0
DA:121,0
DA:125,0
DA:129,0
DA:130,0
DA:131,0
DA:132,0
DA:133,0
DA:135,0
DA:136,0
DA:137,0
DA:138,0
DA:139,0
DA:140,0
DA:141,0
DA:142,0
DA:143,0
DA:144,0
DA:145,0
DA:146,0
DA:147,0
DA:148,0
DA:149,0
DA:150,0
DA:151,0
DA:153,0
DA:154,0
DA:156,0
DA:157,0
DA:158,0
DA:159,0
DA:160,0
DA:162,0
DA:163,0
DA:164,0
DA:165,0
DA:168,0
DA:170,0
DA:171,0
DA:172,0
DA:173,0
DA:175,0
DA:176,0
DA:177,0
DA:178,0
DA:179,0
DA:180,0
DA:185,0
DA:186,0
DA:189,0
DA:190,0
DA:191,0
DA:192,0
DA:194,0
DA:195,0
DA:197,0
DA:198,0
DA:199,0
DA:202,0
DA:229,0
DA:231,0
DA:232,0
DA:233,0
DA:235,0
DA:236,0
DA:237,0
DA:239,0
DA:249,0
DA:260,0
DA:261,0
DA:262,0
DA:263,0
DA:264,0
DA:267,0
DA:269,0
DA:271,0
DA:273,0
DA:276,0
DA:278,0
DA:279,0
DA:283,0
DA:285,0
DA:287,0
DA:288,0
DA:292,0
DA:294,0
DA:296,0
DA:297,0
DA:301,0
DA:303,0
DA:305,0
DA:306,0
DA:315,0
DA:316,0
DA:317,0
DA:319,0
DA:321,0
DA:322,0
DA:323,0
DA:326,0
DA:327,0
DA:328,0
DA:330,0
DA:331,0
DA:333,0
DA:337,0
DA:339,0
DA:340,0
DA:342,0
DA:343,0
DA:345,0
DA:346,0
DA:347,0
DA:348,0
DA:349,0
DA:350,0
DA:351,0
DA:352,0
DA:353,0
DA:354,0
DA:357,0
DA:358,0
DA:359,0
DA:360,0
DA:361,0
DA:362,0
DA:363,0
DA:364,0
DA:365,0
DA:366,0
DA:369,0
DA:370,0
DA:371,0
DA:372,0
DA:373,0
DA:374,0
DA:375,0
DA:376,0
DA:377,0
DA:380,0
DA:381,0
DA:382,0
DA:383,0
DA:384,0
DA:385,0
DA:386,0
DA:387,0
DA:388,0
DA:391,0
DA:392,0
DA:393,0
DA:394,0
DA:395,0
DA:396,0
DA:397,0
DA:398,0
DA:399,0
LF:206
LH:0
end_of_record
TN:
SF:/Users/aaronsmith/Development/Aaron/libgwrl/src/gwrl/time.c
FN:8,gwtm_gettimeofday_timespec
FN:14,gwtm_ms_to_timeval
FN:23,gwtm_ms_to_timespec
FN:32,gwtm_timeval_to_ms
FN:41,gwtm_timespec_to_ms
FN:50,gwtm_add_ms_to_timeval
FN:60,gwtm_add_ms_to_timespec
FN:70,gwtm_timespec_cmp
FN:79,gwtm_timespec_copy_if_smaller
FN:88,gwtm_timespec_sub_into
FN:97,gwtm_timespec_is_expired
FN:103,gwtm_timeval_to_timespec
FN:108,gwtm_timespec_to_timeval
FNDA:198,gwtm_add_ms_to_timespec
FNDA:1,gwtm_timespec_to_timeval
FNDA:318,gwtm_timeval_to_timespec
FNDA:317,gwtm_gettimeofday_timespec
FNDA:1,gwtm_ms_to_timeval
FNDA:3,gwtm_timeval_to_ms
FNDA:278,gwtm_timespec_is_expired
FNDA:39,gwtm_timespec_cmp
FNDA:2,gwtm_timespec_to_ms
FNDA:444,gwtm_timespec_sub_into
FNDA:3,gwtm_add_ms_to_timeval
FNDA:38,gwtm_timespec_copy_if_smaller
FNDA:2,gwtm_ms_to_timespec
FNF:13
FNH:13
BRDA:33,0,0,1
BRDA:33,0,1,0
BRDA:42,0,0,1
BRDA:42,0,1,0
BRDA:54,1,0,0
BRDA:54,1,1,2
BRDA:64,1,0,1
BRDA:64,1,1,45
BRDA:72,0,0,33
BRDA:72,0,1,0
BRDA:73,0,0,23
BRDA:73,0,1,10
BRDA:74,0,0,0
BRDA:74,0,1,10
BRDA:82,0,0,0
BRDA:82,0,1,28
BRDA:91,0,0,352
BRDA:91,0,1,444
BRDA:99,0,0,78
BRDA:99,0,1,6
BRDA:99,1,2,1
BRDA:99,1,3,77
BRF:22
BRH:16
DA:8,317
DA:9,317
DA:10,317
DA:11,317
DA:12,317
DA:14,1
DA:15,1
DA:16,1
DA:17,1
DA:18,0
DA:19,0
DA:20,0
DA:21,1
DA:23,2
DA:24,2
DA:25,2
DA:26,2
DA:27,0
DA:28,0
DA:29,0
DA:30,2
DA:32,3
DA:33,1
DA:34,1
DA:35,1
DA:37,2
DA:38,2
DA:39,3
DA:41,2
DA:42,1
DA:43,1
DA:44,1
DA:46,1
DA:47,1
DA:48,2
DA:50,3
DA:51,1
DA:52,2
DA:53,2
DA:54,2
DA:55,0
DA:56,0
DA:57,0
DA:58,3
DA:60,198
DA:61,153
DA:62,45
DA:63,45
DA:64,46
DA:65,1
DA:66,1
DA:67,1
DA:68,198
DA:70,39
DA:71,6
DA:72,33
DA:73,33
DA:74,10
DA:75,10
DA:76,10
DA:77,39
DA:79,38
DA:80,38
DA:81,38
DA:82,28
DA:83,28
DA:85,10
DA:86,38
DA:88,444
DA:89,444
DA:90,444
DA:91,796
DA:92,352
DA:93,352
DA:94,352
DA:95,444
DA:97,278
DA:98,194
DA:99,84
DA:100,83
DA:101,278
DA:103,318
DA:104,318
DA:105,318
DA:106,318
DA:108,1
DA:109,1
DA:110,1
DA:111,1
LF:89
LH:80
end_of_record
TN:
SF:/Users/aaronsmith/Development/Aaron/libgwrl/test/proactor_buf.c
FN:4,main
FNDA:28,main
FNF:1
FNH:1
BRDA:11,0,0,28
BRDA:11,0,1,0
BRDA:11,2,2,0
BRDA:11,2,3,28
BRDA:12,0,0,0
BRDA:12,0,1,28
BRDA:13,0,0,0
BRDA:13,0,1,28
BRDA:14,0,0,0
BRDA:14,0,1,28
BRDA:17,0,0,0
BRDA:17,0,1,28
BRDA:20,0,0,0
BRDA:20,0,1,28
BRF:14
BRH:7
DA:4,28
DA:5,28
DA:6,28
DA:7,28
DA:8,28
DA:9,28
DA:11,28
DA:12,28
DA:13,28
DA:14,28
DA:16,28
DA:17,28
DA:19,28
DA:20,28
DA:22,28
LF:15
LH:15
end_of_record
TN:
SF:/Users/aaronsmith/Development/Aaron/libgwrl/test/proactor_cb.c
FN:4,cb1
FN:5,cb2
FN:6,cb3
FN:7,cb4
FN:8,cb5
FN:9,cb6
FN:11,main
FNDA:28,cb3
FNDA:28,cb5
FNDA:28,cb6
FNDA:28,cb1
FNDA:28,cb4
FNDA:28,main
FNDA:28,cb2
FNF:7
FNH:7
DA:4,28
DA:5,28
DA:6,28
DA:7,28
DA:8,28
DA:9,28
DA:11,28
DA:12,28
DA:13,28
DA:14,28
DA:15,28
DA:16,28
DA:17,28
DA:18,28
DA:19,28
DA:20,28
DA:21,28
DA:22,28
DA:23,28
DA:24,28
DA:25,28
DA:26,28
DA:27,28
LF:23
LH:23
end_of_record
TN:
SF:/Users/aaronsmith/Development/Aaron/libgwrl/test/proactor_filters.c
FN:4,filter
FN:5,filter2
FN:6,filter3
FN:8,main
FNDA:28,filter
FNDA:28,filter3
FNDA:28,filter2
FNDA:28,main
FNF:4
FNH:4
BRDA:21,0,0,0
BRDA:21,0,1,28
BRDA:24,0,0,0
BRDA:24,0,1,28
BRDA:25,0,0,0
BRDA:25,0,1,28
BRDA:29,0,0,0
BRDA:29,0,1,28
BRDA:30,0,0,0
BRDA:30,0,1,28
BRF:10
BRH:5
DA:4,28
DA:5,28
DA:6,28
DA:8,28
DA:9,28
DA:10,28
DA:11,28
DA:18,28
DA:19,28
DA:20,28
DA:21,28
DA:23,28
DA:24,28
DA:25,28
DA:27,28
DA:28,28
DA:29,28
DA:30,28
DA:32,28
DA:33,28
DA:34,28
DA:36,28
LF:22
LH:22
end_of_record
TN:
SF:/Users/aaronsmith/Development/Aaron/libgwrl/test/proactor_free1.c
FN:4,didrd
FN:7,stop
FN:11,main
FNDA:28,stop
FNDA:28,didrd
FNDA:28,main
FNF:3
FNH:3
BRDA:28,0,0,56
BRDA:28,0,1,28
BRDA:29,0,0,56
BRDA:29,0,1,0
BRF:4
BRH:3
DA:4,28
DA:5,28
DA:7,28
DA:8,28
DA:9,28
DA:11,28
DA:12,28
DA:13,28
DA:14,28
DA:15,28
DA:16,28
DA:19,28
DA:20,28
DA:21,28
DA:22,28
DA:25,28
DA:26,28
DA:27,28
DA:28,84
DA:29,56
DA:30,56
DA:31,56
DA:32,56
DA:33,56
DA:34,28
DA:35,28
DA:37,28
DA:38,28
DA:39,28
DA:40,28
DA:41,28
DA:42,28
DA:43,28
DA:44,28
DA:45,28
DA:47,28
DA:48,28
DA:49,28
DA:50,28
DA:51,28
DA:52,28
DA:53,28
DA:54,28
DA:55,28
DA:56,28
DA:58,28
LF:46
LH:46
end_of_record
TN:
SF:/Users/aaronsmith/Development/Aaron/libgwrl/test/proactor_gwprwrq_get.c
FN:4,main
FNDA:28,main
FNF:1
FNH:1
BRDA:15,0,0,0
BRDA:15,0,1,28
BRF:2
BRH:1
DA:4,28
DA:5,28
DA:6,28
DA:7,28
DA:8,28
DA:9,28
DA:10,28
DA:11,28
DA:12,28
DA:13,28
DA:14,28
DA:15,28
DA:16,28
LF:13
LH:13
end_of_record
TN:
SF:/Users/aaronsmith/Development/Aaron/libgwrl/test/proactor_src.c
FN:8,timeout
FN:13,timeout2
FN:17,main
FNDA:28,timeout
FNDA:28,timeout2
FNDA:28,main
FNF:3
FNH:3
BRDA:27,0,0,0
BRDA:27,0,1,28
BRDA:32,0,0,0
BRDA:32,0,1,28
BRDA:38,0,0,0
BRDA:38,0,1,28
BRF:6
BRH:3
DA:8,28
DA:9,28
DA:10,28
DA:11,28
DA:13,28
DA:14,28
DA:15,28
DA:17,28
DA:18,28
DA:19,28
DA:21,28
DA:22,28
DA:23,28
DA:24,28
DA:25,28
DA:26,28
DA:27,28
DA:29,28
DA:30,28
DA:31,28
DA:32,28
DA:34,28
DA:35,28
DA:36,28
DA:37,28
DA:38,28
DA:40,28
LF:27
LH:27
end_of_record
TN:
SF:/Users/aaronsmith/Development/Aaron/libgwrl/test/proactor_tcp.c
FN:15,didrd
FN:24,didwr
FN:28,rdfilter1
FN:34,rdfilter2
FN:41,write_data
FN:53,wrfilter1
FN:59,wrfilter2
FN:66,timeout
FN:71,main
FNDA:4256,write_data
FNDA:4228,didwr
FNDA:2828,rdfilter2
FNDA:28,main
FNDA:4228,wrfilter2
FNDA:28,timeout
FNDA:2828,didrd
FNDA:4228,wrfilter1
FNDA:2828,rdfilter1
FNF:9
FNH:9
BRDA:18,0,0,28
BRDA:18,0,1,2800
BRDA:96,0,0,0
BRDA:96,0,1,28
BRDA:97,0,0,0
BRDA:97,0,1,28
BRDA:98,0,0,0
BRDA:98,0,1,28
BRF:8
BRH:5
DA:15,2828
DA:16,2828
DA:17,2828
DA:18,2828
DA:19,28
DA:20,28
DA:21,2828
DA:22,2828
DA:24,4228
DA:25,4228
DA:26,4228
DA:28,2828
DA:29,2828
DA:30,2828
DA:31,2828
DA:32,2828
DA:34,2828
DA:35,2828
DA:36,2828
DA:37,2828
DA:38,2828
DA:39,2828
DA:41,4256
DA:42,4256
DA:43,4256
DA:44,4256
DA:45,2828
DA:46,2828
DA:47,2828
DA:48,2828
DA:49,1428
DA:51,4256
DA:53,4228
DA:54,4228
DA:55,4228
DA:56,4228
DA:57,4228
DA:59,4228
DA:60,4228
DA:61,4228
DA:62,4228
DA:63,4228
DA:64,4228
DA:66,28
DA:67,28
DA:68,28
DA:69,28
DA:71,28
DA:72,28
DA:74,28
DA:75,28
DA:77,28
DA:78,28
DA:80,28
DA:81,28
DA:82,28
DA:83,28
DA:85,28
DA:86,28
DA:87,28
DA:89,28
DA:91,28
DA:93,28
DA:95,28
DA:96,28
DA:97,28
DA:98,28
DA:100,28
LF:68
LH:68
end_of_record
TN:
SF:/Users/aaronsmith/Development/Aaron/libgwrl/test/proactor_wrq.c
FN:4,main
FNDA:28,main
FNF:1
FNH:1
BRDA:17,0,0,28
BRDA:17,0,1,0
BRDA:17,1,2,28
BRDA:17,1,3,0
BRDA:17,3,4,0
BRDA:17,3,5,28
BRDA:22,0,0,0
BRDA:22,0,1,28
BRDA:23,0,0,0
BRDA:23,0,1,28
BRDA:24,0,0,0
BRDA:24,0,1,28
BRDA:28,0,0,0
BRDA:28,0,1,28
BRDA:29,0,0,0
BRDA:29,0,1,28
BRDA:34,0,0,0
BRDA:34,0,1,28
BRDA:35,0,0,0
BRDA:35,0,1,28
BRDA:36,0,0,0
BRDA:36,0,1,28
BRDA:37,0,0,0
BRDA:37,0,1,28
BRDA:42,0,0,0
BRDA:42,0,1,28
BRDA:43,0,0,0
BRDA:43,0,1,28
BRDA:44,0,0,0
BRDA:44,0,1,28
BRDA:45,0,0,0
BRDA:45,0,1,28
BRDA:46,0,0,0
BRDA:46,0,1,28
BRDA:51,0,0,0
BRDA:51,0,1,28
BRDA:52,0,0,0
BRDA:52,0,1,28
BRDA:53,0,0,0
BRDA:53,0,1,28
BRDA:54,0,0,0
BRDA:54,0,1,28
BRDA:57,0,0,0
BRDA:57,0,1,28
BRDA:58,0,0,0
BRDA:58,0,1,28
BRDA:59,0,0,0
BRDA:59,0,1,28
BRDA:60,0,0,0
BRDA:60,0,1,28
BRDA:63,0,0,0
BRDA:63,0,1,28
BRDA:64,0,0,0
BRDA:64,0,1,28
BRDA:65,0,0,0
BRDA:65,0,1,28
BRDA:66,0,0,0
BRDA:66,0,1,28
BRDA:67,0,0,0
BRDA:67,0,1,28
BRDA:73,0,0,0
BRDA:73,0,1,28
BRF:62
BRH:31
DA:4,28
DA:6,28
DA:7,28
DA:8,28
DA:10,28
DA:11,28
DA:12,28
DA:13,28
DA:14,28
DA:16,28
DA:17,28
DA:20,28
DA:21,28
DA:22,28
DA:23,28
DA:24,28
DA:27,28
DA:28,28
DA:29,28
DA:32,28
DA:33,28
DA:34,28
DA:35,28
DA:36,28
DA:37,28
DA:40,28
DA:41,28
DA:42,28
DA:43,28
DA:44,28
DA:45,28
DA:46,28
DA:49,28
DA:50,28
DA:51,28
DA:52,28
DA:53,28
DA:54,28
DA:56,28
DA:57,28
DA:58,28
DA:59,28
DA:60,28
DA:62,28
DA:63,28
DA:64,28
DA:65,28
DA:66,28
DA:67,28
DA:69,28
DA:70,28
DA:71,28
DA:72,28
DA:73,28
DA:75,28
LF:55
LH:55
end_of_record
TN:
SF:/Users/aaronsmith/Development/Aaron/libgwrl/test/reactor_custom_gathering.c
FN:11,my_gather
FN:26,my_callback
FN:31,main
FNDA:28,my_callback
FNDA:280,my_gather
FNDA:28,main
FNF:3
FNH:3
BRDA:14,0,0,280
BRDA:14,0,1,280
BRDA:17,0,0,28
BRDA:17,0,1,252
BRF:4
BRH:4
DA:11,280
DA:12,280
DA:13,280
DA:14,560
DA:15,280
DA:16,280
DA:17,280
DA:18,28
DA:19,28
DA:20,28
DA:21,28
DA:22,280
DA:23,280
DA:24,280
DA:26,28
DA:28,28
DA:29,28
DA:31,28
DA:32,28
DA:33,28
DA:34,28
DA:46,28
DA:47,28
DA:48,28
DA:49,28
DA:50,28
DA:51,28
DA:52,28
DA:53,28
LF:29
LH:29
end_of_record
TN:
SF:/Users/aaronsmith/Development/Aaron/libgwrl/test/reactor_del_pers_timeouts.c
FN:4,timeout1
FN:9,main
FNDA:28,timeout1
FNDA:28,main
FNF:2
FNH:2
DA:4,28
DA:5,28
DA:6,28
DA:7,28
DA:9,28
DA:10,28
DA:11,28
DA:12,28
DA:13,28
DA:14,28
LF:10
LH:10
end_of_record
TN:
SF:/Users/aaronsmith/Development/Aaron/libgwrl/test/reactor_del_pers_timeouts2.c
FN:4,timeout2
FN:9,timeout1
FN:13,main
FNDA:28,timeout1
FNDA:28,timeout2
FNDA:28,main
FNF:3
FNH:3
DA:4,28
DA:5,28
DA:6,28
DA:7,28
DA:9,28
DA:10,28
DA:11,28
DA:13,28
DA:14,28
DA:15,28
DA:16,28
DA:17,28
DA:18,28
LF:13
LH:13
end_of_record
TN:
SF:/Users/aaronsmith/Development/Aaron/libgwrl/test/reactor_del_pers_timeouts3.c
FN:4,timeout3
FN:9,timeout2
FN:13,timeout1
FN:17,main
FNDA:28,timeout1
FNDA:28,timeout3
FNDA:28,timeout2
FNDA:28,main
FNF:4
FNH:4
DA:4,28
DA:5,28
DA:6,28
DA:7,28
DA:9,28
DA:10,28
DA:11,28
DA:13,28
DA:14,28
DA:15,28
DA:17,28
DA:18,28
DA:19,28
DA:20,28
DA:21,28
DA:22,28
LF:16
LH:16
end_of_record
TN:
SF:/Users/aaronsmith/Development/Aaron/libgwrl/test/reactor_events.c
FN:4,main
FNDA:28,main
FNF:1
FNH:1
BRDA:14,0,0,0
BRDA:14,0,1,28
BRDA:18,0,0,0
BRDA:18,0,1,28
BRDA:19,0,0,0
BRDA:19,0,1,28
BRDA:23,0,0,0
BRDA:23,0,1,28
BRDA:24,0,0,0
BRDA:24,0,1,28
BRDA:25,0,0,0
BRDA:25,0,1,28
BRDA:28,1,0,6384
BRDA:28,1,1,28
BRDA:31,0,0,6356
BRDA:31,0,1,28
BRDA:36,0,0,0
BRDA:36,0,1,28
BRF:18
BRH:11
DA:4,28
DA:5,28
DA:6,28
DA:7,28
DA:8,28
DA:10,28
DA:11,28
DA:12,28
DA:13,28
DA:14,28
DA:16,28
DA:17,28
DA:18,28
DA:19,28
DA:21,28
DA:22,28
DA:23,28
DA:24,28
DA:25,28
DA:26,28
DA:28,6412
DA:29,6384
DA:30,6384
DA:31,6384
DA:32,6384
DA:33,6384
DA:35,28
DA:36,28
DA:38,28
LF:29
LH:29
end_of_record
TN:
SF:/Users/aaronsmith/Development/Aaron/libgwrl/test/reactor_free1.c
FN:4,timeout
FN:8,main
FNDA:28,timeout
FNDA:28,main
FNF:2
FNH:2
DA:4,28
DA:5,28
DA:6,28
DA:8,28
DA:9,28
DA:10,28
DA:11,28
DA:12,28
DA:13,28
LF:9
LH:9
end_of_record
TN:
SF:/Users/aaronsmith/Development/Aaron/libgwrl/test/reactor_free2.c
FN:4,stdin_activity
FN:7,timeout
FN:11,main
FNDA:28,timeout
FNDA:28,stdin_activity
FNDA:28,main
FNF:3
FNH:3
DA:4,28
DA:5,28
DA:7,28
DA:8,28
DA:9,28
DA:11,28
DA:12,28
DA:13,28
DA:14,28
DA:15,28
DA:16,28
DA:17,28
DA:18,28
LF:13
LH:13
end_of_record
TN:
SF:/Users/aaronsmith/Development/Aaron/libgwrl/test/reactor_free3.c
FN:4,stdin_activity
FN:7,timeout
FN:11,main
FNDA:28,timeout
FNDA:28,stdin_activity
FNDA:28,main
FNF:3
FNH:3
BRDA:18,0,0,56
BRDA:18,0,1,28
BRDA:19,0,0,56
BRDA:19,0,1,0
BRF:4
BRH:3
DA:4,28
DA:5,28
DA:7,28
DA:8,28
DA:9,28
DA:11,28
DA:12,28
DA:13,28
DA:14,28
DA:15,28
DA:16,28
DA:17,28
DA:18,84
DA:19,56
DA:20,56
DA:21,56
DA:22,56
DA:23,56
DA:24,28
DA:25,28
DA:26,28
LF:21
LH:21
end_of_record
TN:
SF:/Users/aaronsmith/Development/Aaron/libgwrl/test/reactor_free4.c
FN:4,timeout
FN:8,main
FNDA:28,timeout
FNDA:28,main
FNF:2
FNH:2
DA:4,28
DA:5,28
DA:6,28
DA:8,28
DA:9,28
DA:10,28
DA:11,28
DA:12,28
DA:13,28
LF:9
LH:9
end_of_record
TN:
SF:/Users/aaronsmith/Development/Aaron/libgwrl/test/reactor_gatherfunc.c
FN:7,custom_gather
FN:12,main
FNDA:56,custom_gather
FNDA:28,main
FNF:2
FNH:2
BRDA:23,0,0,0
BRDA:23,0,1,28
BRDA:26,0,0,0
BRDA:26,0,1,28
BRDA:27,0,0,0
BRDA:27,0,1,28
BRDA:29,0,0,0
BRDA:29,0,1,28
BRF:8
BRH:4
DA:7,56
DA:8,56
DA:9,56
DA:10,56
DA:12,28
DA:13,28
DA:20,28
DA:21,28
DA:22,28
DA:23,28
DA:24,28
DA:25,28
DA:26,28
DA:27,28
DA:28,28
DA:29,28
DA:30,28
LF:17
LH:17
end_of_record
TN:
SF:/Users/aaronsmith/Development/Aaron/libgwrl/test/reactor_no_sleep.c
FN:4,main
FNDA:28,main
FNF:1
FNH:1
DA:4,28
DA:7,28
DA:8,28
DA:9,28
DA:10,28
DA:11,28
DA:12,28
DA:17,28
LF:8
LH:8
end_of_record
TN:
SF:/Users/aaronsmith/Development/Aaron/libgwrl/test/reactor_options.c
FN:4,main
FNDA:28,main
FNF:1
FNH:1
BRDA:14,0,0,0
BRDA:14,0,1,28
BRDA:22,0,0,0
BRDA:22,0,1,28
BRF:4
BRH:2
DA:4,28
DA:5,28
DA:7,28
DA:8,28
DA:9,28
DA:10,28
DA:12,28
DA:13,28
DA:14,28
DA:16,28
DA:17,28
DA:18,28
DA:19,28
DA:20,28
DA:21,28
DA:22,28
DA:24,28
LF:17
LH:17
end_of_record
TN:
SF:/Users/aaronsmith/Development/Aaron/libgwrl/test/reactor_safely.c
FN:6,event
FN:11,main
FNDA:28,event
FNDA:28,main
FNF:2
FNH:2
BRDA:26,0,0,0
BRDA:26,0,1,28
BRDA:37,1,0,56
BRDA:37,1,1,28
BRDA:39,0,0,56
BRDA:39,0,1,0
BRDA:44,0,0,0
BRDA:44,0,1,28
BRF:8
BRH:5
DA:6,28
DA:7,28
DA:8,28
DA:9,28
DA:11,28
DA:12,28
DA:13,28
DA:14,28
DA:15,28
DA:16,28
DA:17,28
DA:18,28
DA:21,28
DA:24,28
DA:25,28
DA:26,28
DA:29,28
DA:30,28
DA:31,28
DA:32,28
DA:35,28
DA:36,28
DA:37,84
DA:38,56
DA:39,56
DA:40,56
DA:41,56
DA:42,56
DA:43,56
DA:44,28
DA:45,28
DA:47,28
LF:32
LH:32
end_of_record
TN:
SF:/Users/aaronsmith/Development/Aaron/libgwrl/test/reactor_src.c
FN:4,main
FNDA:28,main
FNF:1
FNH:1
BRDA:18,0,0,0
BRDA:18,0,1,28
BRDA:20,0,0,0
BRDA:20,0,1,28
BRDA:22,0,0,0
BRDA:22,0,1,28
BRDA:31,0,0,0
BRDA:31,0,1,28
BRDA:32,0,0,0
BRDA:32,0,1,28
BRDA:33,0,0,0
BRDA:33,0,1,28
BRDA:35,0,0,0
BRDA:35,0,1,28
BRDA:37,0,0,0
BRDA:37,0,1,28
BRDA:39,0,0,0
BRDA:39,0,1,28
BRDA:49,0,0,0
BRDA:49,0,1,28
BRDA:50,0,0,0
BRDA:50,0,1,28
BRDA:51,0,0,0
BRDA:51,0,1,28
BRF:24
BRH:12
DA:4,28
DA:5,28
DA:6,28
DA:7,28
DA:8,28
DA:10,28
DA:13,28
DA:14,28
DA:15,28
DA:16,28
DA:17,28
DA:18,28
DA:19,28
DA:20,28
DA:21,28
DA:22,28
DA:23,28
DA:26,28
DA:27,28
DA:28,28
DA:29,28
DA:30,28
DA:31,28
DA:32,28
DA:33,28
DA:34,28
DA:35,28
DA:36,28
DA:37,28
DA:38,28
DA:39,28
DA:41,28
DA:42,28
DA:43,28
DA:44,28
DA:45,28
DA:46,28
DA:47,28
DA:48,28
DA:49,28
DA:50,28
DA:51,28
DA:53,28
LF:43
LH:43
end_of_record
TN:
SF:/Users/aaronsmith/Development/Aaron/libgwrl/test/reactor_timeout_rearm.c
FN:6,timeout1
FN:15,main
FNDA:280,timeout1
FNDA:28,main
FNF:2
FNH:2
DA:6,280
DA:7,280
DA:8,280
DA:9,28
DA:10,28
DA:11,252
DA:13,280
DA:15,28
DA:16,28
DA:17,28
DA:18,28
DA:19,28
DA:20,28
LF:13
LH:13
end_of_record
TN:
SF:/Users/aaronsmith/Development/Aaron/libgwrl/test/reactor_timer_interval.c
FN:6,interval
FN:13,main
FNDA:280,interval
FNDA:28,main
FNF:2
FNH:2
DA:6,280
DA:7,280
DA:8,280
DA:9,28
DA:10,28
DA:11,280
DA:13,28
DA:14,28
DA:15,28
DA:16,28
DA:17,28
LF:11
LH:11
end_of_record
TN:
SF:/Users/aaronsmith/Development/Aaron/libgwrl/test/reactor_timers.c
FN:12,functionCall
FN:17,delayedFunctionCall
FN:22,futureTimeout
FN:28,timeout1
FN:33,timeout2
FN:39,timeout3
FN:44,main
FNDA:112,timeout1
FNDA:28,timeout3
FNDA:112,functionCall
FNDA:28,timeout2
FNDA:28,delayedFunctionCall
FNDA:28,futureTimeout
FNDA:28,main
FNF:7
FNH:7
BRDA:71,0,0,0
BRDA:71,0,1,28
BRDA:72,0,0,0
BRDA:72,0,1,28
BRDA:73,0,0,0
BRDA:73,0,1,28
BRDA:74,0,0,0
BRDA:74,0,1,28
BRF:8
BRH:4
DA:12,112
DA:14,112
DA:15,112
DA:17,28
DA:19,28
DA:20,28
DA:22,28
DA:24,28
DA:25,28
DA:26,28
DA:28,112
DA:29,112
DA:31,112
DA:33,28
DA:35,28
DA:36,28
DA:37,28
DA:39,28
DA:41,28
DA:42,28
DA:44,28
DA:45,28
DA:46,28
DA:48,28
DA:49,28
DA:50,28
DA:51,28
DA:52,28
DA:53,28
DA:54,28
DA:55,28
DA:56,28
DA:58,28
DA:61,28
DA:64,28
DA:67,28
DA:68,28
DA:70,28
DA:71,28
DA:72,28
DA:73,28
DA:74,28
DA:76,28
LF:43
LH:43
end_of_record
TN:
SF:/Users/aaronsmith/Development/Aaron/libgwrl/test/reactor_wake_pipe.c
FN:9,timeout
FN:14,threadMain
FN:20,start_thread
FN:24,main
FNDA:28,start_thread
FNDA:28,timeout
FNDA:28,main
FNDA:28,threadMain
FNF:4
FNH:4
DA:9,28
DA:10,28
DA:11,28
DA:12,28
DA:14,28
DA:15,28
DA:16,28
DA:17,28
DA:20,28
DA:21,28
DA:22,28
DA:24,28
DA:25,28
DA:26,28
DA:27,28
DA:28,28
DA:29,28
DA:30,28
LF:18
LH:18
end_of_record
TN:
SF:/Users/aaronsmith/Development/Aaron/libgwrl/test/reactor_wake_reinit.c
FN:4,timeout2
FN:8,timeout
FN:14,main
FNDA:28,timeout
FNDA:28,timeout2
FNDA:28,main
FNF:3
FNH:3
DA:4,28
DA:5,28
DA:6,28
DA:8,28
DA:9,28
DA:10,28
DA:11,28
DA:12,28
DA:14,28
DA:16,28
DA:17,28
DA:18,28
DA:19,28
DA:23,28
LF:14
LH:14
end_of_record
TN:
SF:/Users/aaronsmith/Development/Aaron/libgwrl/test/time_fncs.c
FN:4,main
FNDA:28,main
FNF:1
FNH:1
BRDA:14,0,0,0
BRDA:14,0,1,28
BRDA:17,0,0,0
BRDA:17,0,1,28
BRDA:23,0,0,0
BRDA:23,0,1,28
BRDA:29,0,0,0
BRDA:29,0,1,28
BRDA:35,0,0,0
BRDA:35,0,1,28
BRDA:36,0,0,0
BRDA:36,0,1,28
BRDA:39,0,0,0
BRDA:39,0,1,28
BRDA:40,0,0,0
BRDA:40,0,1,28
BRDA:41,0,0,0
BRDA:41,0,1,28
BRDA:47,0,0,0
BRDA:47,0,1,28
BRDA:52,0,0,0
BRDA:52,0,1,28
BRDA:57,0,0,0
BRDA:57,0,1,28
BRDA:61,0,0,0
BRDA:61,0,1,28
BRDA:62,0,0,0
BRDA:62,0,1,28
BRDA:66,0,0,0
BRDA:66,0,1,28
BRDA:72,0,0,0
BRDA:72,0,1,28
BRDA:75,0,0,0
BRDA:75,0,1,28
BRDA:76,0,0,0
BRDA:76,0,1,28
BRDA:82,0,0,0
BRDA:82,0,1,28
BRF:38
BRH:19
DA:4,28
DA:5,28
DA:6,28
DA:7,28
DA:8,28
DA:9,28
DA:10,28
DA:12,28
DA:13,28
DA:14,28
DA:16,28
DA:17,28
DA:19,28
DA:20,28
DA:21,28
DA:22,28
DA:23,28
DA:25,28
DA:26,28
DA:27,28
DA:28,28
DA:29,28
DA:31,28
DA:32,28
DA:34,28
DA:35,28
DA:36,28
DA:38,28
DA:39,28
DA:40,28
DA:41,28
DA:43,28
DA:44,28
DA:45,28
DA:46,28
DA:47,28
DA:49,28
DA:50,28
DA:51,28
DA:52,28
DA:54,28
DA:55,28
DA:56,28
DA:57,28
DA:59,28
DA:60,28
DA:61,28
DA:62,28
DA:64,28
DA:65,28
DA:66,28
DA:69,28
DA:70,28
DA:71,28
DA:72,28
DA:73,28
DA:75,28
DA:76,28
DA:78,28
DA:79,28
DA:80,28
DA:81,28
DA:82,28
DA:84,28
LF:64
LH:64
end_of_record
