TN:
SF:/Users/aaronsmith/Development/Aaron/libgwrl/src/gwrl/event.c
FN:14,gwrl_create
FN:62,gwrl_evt_create
FN:95,gwrl_evt_createp
FN:107,gwrl_src_time_create
FN:144,gwrl_src_file_create
FN:171,gwrl_set_fd
FN:181,gwrl_set_timeout
FN:191,gwrl_set_interval
FN:201,gwrl_set_date_timeout
FN:211,gwrl_post_function
FN:219,gwrl_post_function_safely
FN:227,gwrl_set_options
FN:272,gwrl_add_gather_fnc
FN:297,gwrl_reset_gather_fncs
FN:305,gwrl_free
FN:440,gwrl_evt_free
FN:455,gwrl_evt_free_list
FN:466,gwrl_allow_poll_sleep
FN:477,gwrl_src_add
FN:487,gwrl_src_add_safely
FN:502,gwrl_post_evt_safely
FN:517,gwrl_src_del
FN:544,gwrl_src_remove
FN:550,gwrl_del_persistent_timeouts
FN:587,gwrl_post_evt
FN:594,gwrl_src_enable
FN:608,gwrl_src_disable
FN:614,gwrl_stop
FN:619,gwrl_time_gather
FN:696,gwrl_install_queued_sources
FN:710,gwrl_install_queued_events
FN:724,gwrl_dispatch
FN:744,gwrl_run_once
FN:768,gwrl_run
FNDA:1,gwrl_post_function_safely
FNDA:3,gwrl_set_interval
FNDA:68,gwrl_src_file_create
FNDA:20,gwrl_stop
FNDA:9,gwrl_src_enable
FNDA:7,gwrl_src_add_safely
FNDA:2,gwrl_install_queued_events
FNDA:1,gwrl_reset_gather_fncs
FNDA:2,gwrl_run_once
FNDA:36,gwrl_create
FNDA:17,gwrl_src_disable
FNDA:565,gwrl_post_evt
FNDA:2,gwrl_install_queued_sources
FNDA:3,gwrl_allow_poll_sleep
FNDA:792,gwrl_evt_free
FNDA:6,gwrl_src_remove
FNDA:337,gwrl_dispatch
FNDA:6,gwrl_post_function
FNDA:94,gwrl_src_add
FNDA:1,gwrl_set_date_timeout
FNDA:3,gwrl_add_gather_fnc
FNDA:793,gwrl_evt_create
FNDA:3,gwrl_post_evt_safely
FNDA:19,gwrl_run
FNDA:3,gwrl_del_persistent_timeouts
FNDA:12,gwrl_free
FNDA:294,gwrl_time_gather
FNDA:256,gwrl_evt_free_list
FNDA:3,gwrl_set_options
FNDA:25,gwrl_src_time_create
FNDA:21,gwrl_set_timeout
FNDA:306,gwrl_evt_createp
FNDA:2,gwrl_set_fd
FNDA:24,gwrl_src_del
FNF:34
FNH:34
BRDA:99,0,0,0
BRDA:99,0,1,306
BRDA:128,0,0,3
BRDA:128,0,1,22
BRDA:128,1,2,3
BRDA:128,1,3,0
BRDA:132,0,0,24
BRDA:132,0,1,1
BRDA:135,1,0,1
BRDA:135,1,1,0
BRDA:175,0,0,0
BRDA:175,0,1,2
BRDA:185,0,0,0
BRDA:185,0,1,21
BRDA:195,0,0,0
BRDA:195,0,1,3
BRDA:205,0,0,0
BRDA:205,0,1,1
BRDA:214,0,0,0
BRDA:214,0,1,6
BRDA:222,0,0,0
BRDA:222,0,1,1
BRDA:238,1,0,0
BRDA:238,1,1,3
BRDA:240,0,0,0
BRDA:240,0,1,3
BRDA:243,0,0,-
BRDA:243,0,1,-
BRDA:246,0,0,0
BRDA:246,0,1,3
BRDA:250,0,0,2
BRDA:250,0,1,1
BRDA:257,0,0,-
BRDA:257,0,1,-
BRDA:265,0,0,0
BRDA:265,0,1,3
BRDA:280,0,0,4
BRDA:280,0,1,0
BRDA:281,0,0,3
BRDA:281,0,1,1
BRDA:330,0,0,4
BRDA:330,0,1,0
BRDA:332,1,0,5
BRDA:332,1,1,4
BRDA:346,0,0,8
BRDA:346,0,1,0
BRDA:352,1,0,5
BRDA:352,1,1,8
BRDA:356,0,0,5
BRDA:356,0,1,0
BRDA:364,1,0,24
BRDA:364,1,1,8
BRDA:367,1,0,9
BRDA:367,1,1,24
BRDA:370,0,0,4
BRDA:370,0,1,5
BRDA:374,0,0,3
BRDA:374,0,1,2
BRDA:377,0,0,3
BRDA:377,0,1,2
BRDA:388,0,0,3
BRDA:388,0,1,5
BRDA:393,1,0,3
BRDA:393,1,1,3
BRDA:396,0,0,1
BRDA:396,0,1,2
BRDA:400,0,0,1
BRDA:400,0,1,1
BRDA:403,0,0,1
BRDA:403,0,1,1
BRDA:414,0,0,1
BRDA:414,0,1,7
BRDA:419,1,0,1
BRDA:419,1,1,1
BRDA:427,0,0,4
BRDA:427,0,1,4
BRDA:446,0,0,542
BRDA:446,0,1,150
BRDA:458,0,0,790
BRDA:458,0,1,256
BRDA:482,0,0,68
BRDA:482,0,1,26
BRDA:524,1,0,18
BRDA:524,1,1,3
BRDA:528,1,0,6
BRDA:528,1,1,0
BRDA:529,0,0,3
BRDA:529,0,1,3
BRDA:539,0,0,10
BRDA:539,0,1,14
BRDA:540,0,0,18
BRDA:540,0,1,6
BRDA:563,0,0,5
BRDA:563,0,1,3
BRDA:564,0,0,5
BRDA:564,0,1,0
BRDA:566,0,0,5
BRDA:566,0,1,0
BRDA:567,0,0,2
BRDA:567,0,1,3
BRDA:568,0,0,3
BRDA:568,0,1,2
BRDA:576,1,0,3
BRDA:576,1,1,3
BRDA:598,0,0,9
BRDA:598,0,1,0
BRDA:602,1,0,-
BRDA:602,1,1,-
BRDA:628,0,0,354
BRDA:628,0,1,294
BRDA:631,0,0,20
BRDA:631,0,1,334
BRDA:635,0,0,318
BRDA:635,0,1,16
BRDA:635,1,2,24
BRDA:635,1,3,294
BRDA:635,2,4,24
BRDA:635,2,5,0
BRDA:643,0,0,247
BRDA:643,0,1,87
BRDA:645,1,0,0
BRDA:645,1,1,247
BRDA:649,0,0,217
BRDA:649,0,1,30
BRDA:654,0,0,213
BRDA:654,0,1,4
BRDA:654,1,2,213
BRDA:654,1,3,0
BRDA:655,0,0,0
BRDA:655,0,1,213
BRDA:662,0,0,16
BRDA:662,0,1,14
BRDA:675,0,0,55
BRDA:675,0,1,32
BRDA:675,1,2,55
BRDA:675,1,3,0
BRDA:676,0,0,0
BRDA:676,0,1,55
BRDA:683,0,0,340
BRDA:683,0,1,14
BRDA:689,0,0,247
BRDA:689,0,1,47
BRDA:702,0,0,3
BRDA:702,0,1,2
BRDA:716,0,0,2
BRDA:716,0,1,2
BRDA:729,0,0,562
BRDA:729,0,1,337
BRDA:730,0,0,562
BRDA:730,0,1,0
BRDA:732,0,0,255
BRDA:732,0,1,307
BRDA:732,1,2,0
BRDA:732,1,3,255
BRDA:732,2,4,-
BRDA:732,2,5,-
BRDA:740,0,0,255
BRDA:740,0,1,82
BRDA:749,0,0,0
BRDA:749,0,1,2
BRDA:753,0,0,0
BRDA:753,0,1,2
BRDA:759,0,0,0
BRDA:759,0,1,2
BRDA:761,1,0,4
BRDA:761,1,1,0
BRDA:762,0,0,2
BRDA:762,0,1,2
BRDA:772,0,0,2
BRDA:772,0,1,322
BRDA:773,0,0,2
BRDA:773,0,1,322
BRDA:775,0,0,19
BRDA:775,0,1,305
BRDA:781,0,0,294
BRDA:781,0,1,11
BRDA:783,1,0,315
BRDA:783,1,1,0
BRDA:784,0,0,305
BRDA:784,0,1,10
BRF:180
BRH:138
DA:17,36
DA:18,36
DA:28,36
DA:31,36
DA:40,36
DA:42,36
DA:53,36
DA:54,36
DA:57,36
DA:58,36
DA:62,793
DA:63,793
DA:66,793
DA:68,793
DA:70,541
DA:71,541
DA:72,541
DA:73,541
DA:74,541
DA:76,252
DA:86,793
DA:87,793
DA:88,793
DA:89,793
DA:90,793
DA:91,793
DA:95,306
DA:96,306
DA:98,306
DA:99,306
DA:100,0
DA:101,0
DA:102,0
DA:103,306
DA:107,25
DA:108,25
DA:112,25
DA:113,25
DA:123,25
DA:124,25
DA:125,25
DA:126,25
DA:127,7
DA:128,25
DA:129,25
DA:132,25
DA:133,24
DA:134,24
DA:135,25
DA:136,1
DA:137,1
DA:138,1
DA:140,25
DA:144,68
DA:145,68
DA:149,68
DA:150,68
DA:160,68
DA:161,68
DA:162,68
DA:163,68
DA:164,68
DA:165,68
DA:167,68
DA:171,2
DA:172,2
DA:174,2
DA:175,2
DA:176,2
DA:177,2
DA:181,21
DA:182,21
DA:184,21
DA:185,21
DA:186,21
DA:187,21
DA:191,3
DA:192,3
DA:194,3
DA:195,3
DA:196,3
DA:197,3
DA:201,1
DA:202,1
DA:204,1
DA:205,1
DA:206,1
DA:207,1
DA:211,6
DA:213,6
DA:214,6
DA:215,6
DA:216,6
DA:219,1
DA:221,1
DA:222,1
DA:223,1
DA:224,1
DA:227,3
DA:229,3
DA:235,3
DA:236,3
DA:237,3
DA:238,3
DA:240,3
DA:242,0
DA:243,0
DA:244,0
DA:246,3
DA:250,3
DA:251,2
DA:252,2
DA:254,3
DA:255,3
DA:257,0
DA:258,0
DA:259,0
DA:260,0
DA:261,0
DA:265,3
DA:268,3
DA:269,3
DA:272,3
DA:274,3
DA:275,3
DA:280,4
DA:281,4
DA:282,3
DA:283,3
DA:284,3
DA:286,1
DA:294,3
DA:297,1
DA:299,1
DA:300,1
DA:301,1
DA:302,1
DA:305,12
DA:313,12
DA:314,12
DA:315,12
DA:316,12
DA:317,12
DA:318,12
DA:319,12
DA:330,4
DA:331,4
DA:332,9
DA:333,5
DA:334,5
DA:335,5
DA:336,5
DA:337,4
DA:342,8
DA:343,8
DA:346,8
DA:347,8
DA:348,8
DA:349,8
DA:352,13
DA:353,5
DA:354,5
DA:355,5
DA:356,5
DA:357,5
DA:358,5
DA:359,5
DA:360,5
DA:364,32
DA:365,24
DA:366,24
DA:367,33
DA:368,9
DA:369,9
DA:370,9
DA:371,4
DA:372,4
DA:373,5
DA:374,5
DA:375,3
DA:376,3
DA:377,5
DA:378,3
DA:379,3
DA:380,2
DA:381,5
DA:384,9
DA:385,24
DA:388,8
DA:389,3
DA:390,3
DA:391,3
DA:392,3
DA:393,6
DA:394,3
DA:395,3
DA:396,3
DA:397,1
DA:398,1
DA:399,2
DA:400,2
DA:401,1
DA:402,1
DA:403,2
DA:404,1
DA:405,1
DA:406,1
DA:407,2
DA:410,3
DA:411,3
DA:414,8
DA:415,1
DA:416,1
DA:417,1
DA:418,1
DA:419,2
DA:420,1
DA:421,1
DA:422,1
DA:423,1
DA:424,1
DA:427,8
DA:428,4
DA:429,4
DA:432,8
DA:433,8
DA:434,8
DA:435,8
DA:436,8
DA:437,12
DA:440,792
DA:442,792
DA:443,100
DA:444,100
DA:445,692
DA:446,692
DA:447,542
DA:448,542
DA:449,692
DA:450,692
DA:452,792
DA:455,256
DA:457,256
DA:458,1046
DA:459,790
DA:460,790
DA:461,790
DA:462,790
DA:463,256
DA:466,3
DA:472,3
DA:474,3
DA:477,94
DA:479,94
DA:480,33
DA:481,94
DA:482,94
DA:484,94
DA:487,7
DA:489,7
DA:490,7
DA:491,7
DA:496,7
DA:497,7
DA:498,7
DA:499,7
DA:502,3
DA:504,3
DA:505,3
DA:506,3
DA:511,3
DA:512,3
DA:513,3
DA:514,3
DA:517,24
DA:518,24
DA:519,24
DA:521,24
DA:522,3
DA:523,3
DA:524,24
DA:525,18
DA:526,18
DA:527,18
DA:528,6
DA:529,6
DA:530,3
DA:531,3
DA:532,3
DA:534,3
DA:536,24
DA:539,24
DA:540,24
DA:541,24
DA:544,6
DA:546,6
DA:547,6
DA:550,3
DA:553,3
DA:554,3
DA:555,3
DA:556,3
DA:557,3
DA:558,3
DA:559,3
DA:563,8
DA:564,5
DA:565,5
DA:566,5
DA:567,5
DA:568,5
DA:569,2
DA:570,5
DA:571,5
DA:572,5
DA:573,5
DA:576,6
DA:577,3
DA:578,3
DA:579,3
DA:580,3
DA:583,3
DA:584,3
DA:587,565
DA:588,565
DA:589,308
DA:590,565
DA:591,565
DA:594,9
DA:595,9
DA:596,9
DA:597,9
DA:598,9
DA:599,9
DA:600,9
DA:601,9
DA:602,9
DA:603,0
DA:604,0
DA:605,9
DA:608,17
DA:609,17
DA:610,1
DA:611,17
DA:614,20
DA:615,20
DA:616,20
DA:619,294
DA:620,294
DA:621,294
DA:622,294
DA:623,294
DA:624,294
DA:625,294
DA:626,294
DA:627,294
DA:628,648
DA:629,354
DA:630,354
DA:631,354
DA:633,334
DA:635,334
DA:637,24
DA:638,24
DA:639,24
DA:641,334
DA:643,334
DA:644,247
DA:645,247
DA:646,247
DA:647,247
DA:649,247
DA:651,217
DA:652,217
DA:654,217
DA:655,213
DA:656,213
DA:657,4
DA:660,217
DA:662,30
DA:663,16
DA:664,16
DA:665,16
DA:666,16
DA:667,14
DA:668,14
DA:669,14
DA:670,14
DA:671,30
DA:674,247
DA:675,87
DA:676,55
DA:677,55
DA:678,334
DA:683,354
DA:684,340
DA:685,340
DA:686,340
DA:687,354
DA:689,294
DA:690,247
DA:691,247
DA:692,247
DA:693,294
DA:696,2
DA:697,2
DA:698,2
DA:699,2
DA:700,2
DA:701,2
DA:702,5
DA:703,3
DA:704,3
DA:705,3
DA:706,3
DA:707,2
DA:710,2
DA:711,2
DA:712,2
DA:713,2
DA:714,2
DA:715,2
DA:716,4
DA:717,2
DA:718,2
DA:719,2
DA:720,2
DA:721,2
DA:724,337
DA:725,337
DA:726,337
DA:727,337
DA:728,337
DA:729,899
DA:730,562
DA:731,562
DA:732,562
DA:733,0
DA:734,0
DA:735,0
DA:736,0
DA:737,0
DA:738,0
DA:739,562
DA:740,337
DA:741,337
DA:744,2
DA:745,2
DA:746,2
DA:747,0
DA:748,0
DA:749,2
DA:750,0
DA:751,0
DA:752,2
DA:753,2
DA:754,0
DA:755,0
DA:757,2
DA:758,2
DA:759,2
DA:760,2
DA:761,4
DA:762,4
DA:763,2
DA:764,2
DA:765,2
DA:768,19
DA:769,19
DA:770,19
DA:771,19
DA:772,324
DA:773,324
DA:774,324
DA:775,324
DA:776,19
DA:777,19
DA:779,305
DA:780,305
DA:781,305
DA:782,305
DA:783,315
DA:784,315
DA:785,10
DA:786,10
DA:787,305
DA:788,19
LF:487
LH:462
end_of_record
TN:
SF:/Users/aaronsmith/Development/Aaron/libgwrl/src/gwrl/event_kqueue.c
FN:21,gwrl_bkd_init
FN:47,gwrl_bkd_set_options
FN:70,gwrl_bkd_free
FN:78,gwrl_bkd_kevent
FN:96,gwrl_src_file_update_flags
FN:120,gwrl_bkd_src_add
FN:136,gwrl_bkd_del_src
FN:148,gwrl_bkd_enable_src
FN:160,gwrl_bkd_disable_src
FN:172,gwrl_bkd_gather
FNDA:407,gwrl_src_file_update_flags
FNDA:307,gwrl_bkd_gather
FNDA:3,gwrl_bkd_set_options
FNDA:36,gwrl_bkd_init
FNDA:878,gwrl_bkd_kevent
FNDA:68,gwrl_bkd_src_add
FNDA:0,gwrl_bkd_enable_src
FNDA:10,gwrl_bkd_del_src
FNDA:1,gwrl_bkd_disable_src
FNDA:8,gwrl_bkd_free
FNF:10
FNH:9
BRDA:54,0,0,0
BRDA:54,0,1,3
BRDA:101,1,0,-
BRDA:101,1,1,-
BRDA:101,2,2,-
BRDA:101,2,3,-
BRDA:106,0,0,203
BRDA:106,0,1,204
BRDA:112,0,0,202
BRDA:112,0,1,2
BRDA:112,1,2,202
BRDA:112,1,3,0
BRDA:125,0,0,18
BRDA:125,0,1,42
BRDA:129,0,0,0
BRDA:129,0,1,68
BRDA:131,0,0,-
BRDA:131,0,1,-
BRDA:141,0,0,0
BRDA:141,0,1,10
BRDA:153,0,0,-
BRDA:153,0,1,-
BRDA:165,0,0,0
BRDA:165,0,1,1
BRDA:184,0,0,13
BRDA:184,0,1,0
BRDA:188,0,0,13
BRDA:188,0,1,294
BRDA:188,1,2,12
BRDA:188,1,3,1
BRDA:192,0,0,1
BRDA:192,0,1,11
BRDA:202,0,0,102
BRDA:202,0,1,205
BRDA:203,0,0,0
BRDA:203,0,1,205
BRDA:203,1,2,-
BRDA:203,1,3,-
BRDA:203,2,4,-
BRDA:203,2,5,-
BRDA:205,0,0,205
BRDA:205,0,1,0
BRDA:206,1,0,306
BRDA:206,1,1,205
BRDA:211,0,0,0
BRDA:211,0,1,306
BRDA:213,0,0,306
BRDA:213,0,1,0
BRDA:216,0,0,0
BRDA:216,0,1,306
BRDA:221,0,0,306
BRDA:221,0,1,0
BRDA:221,1,2,2
BRDA:221,1,3,304
BRDA:223,1,0,304
BRDA:223,1,1,0
BRDA:223,2,2,102
BRDA:223,2,3,202
BRDA:227,0,0,202
BRDA:227,0,1,104
BRDA:227,1,2,202
BRDA:227,1,3,0
BRDA:231,0,0,104
BRDA:231,0,1,202
BRDA:236,0,0,202
BRDA:236,0,1,0
BRF:66
BRH:39
DA:21,36
DA:22,36
DA:31,36
DA:41,36
DA:42,36
DA:43,36
DA:44,36
DA:47,3
DA:48,3
DA:50,3
DA:51,0
DA:52,0
DA:54,3
DA:55,0
DA:56,0
DA:58,3
DA:67,3
DA:68,3
DA:70,8
DA:71,8
DA:72,8
DA:73,8
DA:74,8
DA:75,8
DA:76,8
DA:78,878
DA:79,878
DA:80,878
DA:81,878
DA:82,878
DA:83,878
DA:84,878
DA:85,878
DA:86,878
DA:87,878
DA:88,878
DA:94,878
DA:96,407
DA:97,407
DA:99,407
DA:100,407
DA:101,407
DA:103,0
DA:104,0
DA:106,407
DA:108,203
DA:109,203
DA:110,203
DA:112,204
DA:114,202
DA:115,204
DA:117,407
DA:118,407
DA:120,68
DA:121,68
DA:123,68
DA:124,60
DA:125,60
DA:126,60
DA:127,60
DA:129,68
DA:130,0
DA:131,0
DA:132,0
DA:133,0
DA:134,68
DA:136,10
DA:137,10
DA:138,5
DA:139,5
DA:141,10
DA:142,0
DA:143,0
DA:145,10
DA:146,10
DA:148,0
DA:149,0
DA:150,0
DA:151,0
DA:153,0
DA:154,0
DA:155,0
DA:157,0
DA:158,0
DA:160,1
DA:161,1
DA:162,1
DA:163,1
DA:165,1
DA:166,0
DA:167,0
DA:169,1
DA:170,1
DA:172,307
DA:173,307
DA:174,307
DA:175,307
DA:176,307
DA:177,307
DA:178,307
DA:179,307
DA:180,307
DA:181,307
DA:182,307
DA:184,13
DA:185,13
DA:186,13
DA:188,307
DA:189,12
DA:190,12
DA:192,12
DA:193,1
DA:194,1
DA:196,12
DA:198,307
DA:199,307
DA:200,307
DA:202,307
DA:203,205
DA:205,205
DA:206,511
DA:207,306
DA:208,306
DA:209,306
DA:210,306
DA:211,306
DA:213,306
DA:214,306
DA:216,306
DA:217,0
DA:218,0
DA:219,0
DA:221,306
DA:222,2
DA:223,306
DA:224,102
DA:225,304
DA:227,306
DA:228,202
DA:229,202
DA:231,306
DA:232,104
DA:233,104
DA:234,104
DA:236,202
DA:237,202
DA:238,202
DA:239,202
DA:240,306
DA:242,306
DA:243,306
DA:244,205
DA:245,307
LF:153
LH:127
end_of_record
TN:
SF:/Users/aaronsmith/Development/Aaron/libgwrl/src/gwrl/event_wake_pipe.c
FN:4,gwrl_wake
FN:19,gwrl_wake_init
FN:48,gwrl_wake_free
FN:53,gwrl_wake_activity
FNDA:8,gwrl_wake_free
FNDA:10,gwrl_wake
FNDA:38,gwrl_wake_init
FNDA:3,gwrl_wake_activity
FNF:4
FNH:4
BRDA:61,0,0,1
BRDA:61,0,1,3
BRDA:65,0,0,3
BRDA:65,0,1,0
BRDA:65,1,2,2
BRDA:65,1,3,1
BRDA:65,2,4,2
BRDA:65,2,5,0
BRDA:71,0,0,2
BRDA:71,0,1,1
BRDA:73,0,0,2
BRDA:73,0,1,0
BRF:12
BRH:9
DA:4,10
DA:5,10
DA:6,1
DA:7,1
DA:8,1
DA:14,1
DA:16,1
DA:17,10
DA:19,38
DA:20,38
DA:23,38
DA:34,38
DA:35,38
DA:36,38
DA:45,38
DA:46,38
DA:48,8
DA:49,8
DA:50,8
DA:51,8
DA:53,3
DA:54,3
DA:55,3
DA:56,3
DA:57,3
DA:58,3
DA:59,4
DA:61,4
DA:62,1
DA:65,3
DA:66,2
DA:67,2
DA:69,3
DA:71,3
DA:73,2
DA:74,2
DA:75,2
DA:78,2
DA:79,2
DA:80,2
DA:81,2
DA:82,2
DA:83,3
DA:84,3
LF:44
LH:44
end_of_record
TN:
SF:/Users/aaronsmith/Development/Aaron/libgwrl/src/gwrl/lock.c
FN:9,lockid_init
FN:18,lockid_lock
FN:29,lockid_unlock
FN:40,lockid_free
FNDA:18,lockid_unlock
FNDA:18,lockid_lock
FNDA:72,lockid_init
FNDA:16,lockid_free
FNF:4
FNH:4
DA:9,72
DA:15,72
DA:18,18
DA:20,18
DA:26,18
DA:29,18
DA:31,18
DA:37,18
DA:40,16
DA:46,16
LF:10
LH:10
end_of_record
TN:
SF:/Users/aaronsmith/Development/Aaron/libgwrl/src/gwrl/proactor.c
FN:11,gwpr_create
FN:43,gwprdata_create
FN:78,gwpr_set_fd
FN:91,gwprbufctl_create
FN:103,gwprbuf_free
FN:109,gwpr_set_options
FN:114,gwpr_src_add
FN:127,gwpr_src_add_safely
FN:140,gwpr_src_remove
FN:149,gwpr_src_del
FN:158,gwpr_filter_add
FN:191,gwpr_filter_reset
FN:205,gwpr_filter_call
FN:226,gwpr_set_cb
FN:251,gwpr_buf_get
FN:276,gwpr_buf_getp
FN:301,gwpr_buf_get_tagged
FN:308,gwpr_buf_get_with_data
FN:317,gwpr_buf_free
FNDA:109,gwpr_buf_get
FNDA:1,gwpr_buf_get_tagged
FNDA:42,gwprdata_create
FNDA:304,gwpr_buf_free
FNDA:2,gwpr_filter_reset
FNDA:37,gwpr_src_add
FNDA:35,gwpr_set_fd
FNDA:304,gwprbuf_free
FNDA:36,gwpr_create
FNDA:2,gwpr_src_remove
FNDA:303,gwpr_filter_call
FNDA:209,gwpr_buf_getp
FNDA:36,gwprbufctl_create
FNDA:21,gwpr_set_cb
FNDA:36,gwpr_set_options
FNDA:5,gwpr_src_add_safely
FNDA:6,gwpr_filter_add
FNDA:1,gwpr_src_del
FNDA:210,gwpr_buf_get_with_data
FNF:19
FNH:19
BRDA:170,1,0,6
BRDA:170,1,1,0
BRDA:171,0,0,4
BRDA:171,0,1,2
BRDA:177,1,0,2
BRDA:177,1,1,0
BRDA:178,1,0,3
BRDA:178,1,1,0
BRDA:179,0,0,2
BRDA:179,0,1,1
BRDA:186,0,0,0
BRDA:186,0,1,6
BRDA:195,0,0,1
BRDA:195,0,1,0
BRDA:197,1,0,1
BRDA:197,1,1,0
BRDA:197,2,2,1
BRDA:197,2,3,0
BRDA:210,0,0,101
BRDA:210,0,1,0
BRDA:210,1,2,101
BRDA:210,1,3,0
BRDA:211,1,0,303
BRDA:211,1,1,0
BRDA:212,0,0,101
BRDA:212,0,1,202
BRDA:216,1,0,202
BRDA:216,1,1,0
BRDA:218,1,0,606
BRDA:218,1,1,0
BRDA:219,0,0,202
BRDA:219,0,1,404
BRDA:311,0,0,0
BRDA:311,0,1,209
BRF:34
BRH:21
DA:11,36
DA:12,36
DA:13,36
DA:18,36
DA:27,36
DA:36,36
DA:37,36
DA:38,36
DA:39,36
DA:44,42
DA:52,42
DA:53,42
DA:54,42
DA:57,42
DA:65,42
DA:74,42
DA:78,35
DA:79,35
DA:80,35
DA:84,35
DA:85,35
DA:86,35
DA:87,35
DA:92,36
DA:99,36
DA:103,304
DA:104,304
DA:105,304
DA:106,304
DA:109,36
DA:110,36
DA:111,36
DA:114,37
DA:115,37
DA:116,37
DA:120,37
DA:121,37
DA:122,37
DA:123,37
DA:124,37
DA:127,5
DA:128,5
DA:129,5
DA:133,5
DA:134,5
DA:135,5
DA:136,5
DA:137,5
DA:140,2
DA:141,2
DA:142,2
DA:143,2
DA:144,2
DA:145,2
DA:146,2
DA:149,1
DA:150,1
DA:151,1
DA:152,1
DA:153,1
DA:154,1
DA:155,1
DA:158,6
DA:160,6
DA:161,6
DA:162,6
DA:169,6
DA:170,6
DA:171,6
DA:172,4
DA:173,4
DA:174,4
DA:176,2
DA:177,6
DA:178,3
DA:179,3
DA:180,2
DA:181,2
DA:182,2
DA:184,1
DA:185,2
DA:186,6
DA:188,6
DA:191,2
DA:193,2
DA:195,1
DA:196,1
DA:197,2
DA:198,1
DA:199,1
DA:202,2
DA:205,303
DA:206,303
DA:207,303
DA:208,303
DA:209,101
DA:210,101
DA:211,303
DA:212,303
DA:213,202
DA:214,202
DA:215,101
DA:216,303
DA:217,202
DA:218,606
DA:219,606
DA:220,404
DA:221,404
DA:222,202
DA:223,303
DA:226,21
DA:227,21
DA:228,21
DA:230,4
DA:231,4
DA:233,1
DA:234,1
DA:236,1
DA:237,1
DA:239,5
DA:240,5
DA:242,3
DA:243,3
DA:245,7
DA:246,7
DA:248,21
DA:251,109
DA:252,109
DA:260,109
DA:269,109
DA:270,109
DA:272,109
DA:276,209
DA:277,209
DA:286,209
DA:294,209
DA:295,209
DA:297,209
DA:301,1
DA:302,1
DA:303,1
DA:304,1
DA:308,210
DA:309,1
DA:310,209
DA:311,209
DA:312,209
DA:313,209
DA:314,210
DA:317,304
DA:323,304
DA:324,304
LF:152
LH:152
end_of_record
TN:
SF:/Users/aaronsmith/Development/Aaron/libgwrl/src/gwrl/proactor_imp.c
FN:9,io_activity
FN:16,gwpr_src_activity_read_accept
FN:63,gwpr_src_activity_read
FN:116,gwpr_src_activity_read_result
FN:160,gwpr_src_activity_write_qitem
FN:202,gwpr_src_activity_write_qitem_result
FN:288,gwpr_src_activity
FN:437,gwpr_free
FN:499,gwpr_write_buffer
FN:543,gwpr_synchronous_write_result
FN:674,gwpr_synchronous_write
FN:738,gwpr_asynchronous_write
FN:775,gwpr_accept
FN:789,gwpr_connect
FN:807,gwpr_asynchronous_read
FN:825,gwpr_stop_read
FN:833,gwpr_read
FN:838,gwpr_recv
FN:843,gwpr_recvfrom
FN:849,gwpr_write
FN:867,gwpr_send
FN:885,gwpr_sendto
FN:904,gwprwrq_get
FN:926,gwprwrq_free
FN:939,gwprwrq_free_list_no_cache
FN:951,gwprwrq_putback
FN:977,gwprwrq_add
FNDA:0,gwpr_synchronous_write_result
FNDA:0,gwpr_stop_read
FNDA:0,gwpr_connect
FNDA:0,gwpr_sendto
FNDA:202,gwpr_write_buffer
FNDA:0,gwpr_accept
FNDA:303,gwpr_src_activity
FNDA:21,gwprwrq_free_list_no_cache
FNDA:2,gwpr_asynchronous_read
FNDA:46,gwprwrq_putback
FNDA:0,gwpr_recv
FNDA:298,gwprwrq_get
FNDA:3,gwpr_free
FNDA:101,gwpr_src_activity_read
FNDA:0,gwpr_src_activity_read_accept
FNDA:202,gwpr_src_activity_write_qitem
FNDA:203,gwpr_asynchronous_write
FNDA:0,gwpr_send
FNDA:0,gwpr_recvfrom
FNDA:208,gwpr_src_activity_write_qitem_result
FNDA:2,gwpr_read
FNDA:203,gwpr_synchronous_write
FNDA:267,gwprwrq_free
FNDA:0,io_activity
FNDA:266,gwprwrq_add
FNDA:101,gwpr_src_activity_read_result
FNDA:203,gwpr_write
FNF:27
FNH:17
BRDA:31,0,0,-
BRDA:31,0,1,-
BRDA:37,0,0,-
BRDA:37,0,1,-
BRDA:42,1,0,-
BRDA:42,1,1,-
BRDA:47,0,0,-
BRDA:47,0,1,-
BRDA:49,0,0,-
BRDA:49,0,1,-
BRDA:72,0,0,100
BRDA:72,0,1,101
BRDA:78,0,0,101
BRDA:78,0,1,0
BRDA:82,1,0,0
BRDA:82,1,1,101
BRDA:82,3,2,0
BRDA:82,3,3,101
BRDA:85,0,0,-
BRDA:85,0,1,-
BRDA:90,1,0,-
BRDA:90,1,1,-
BRDA:90,3,2,-
BRDA:90,3,3,-
BRDA:93,0,0,-
BRDA:93,0,1,-
BRDA:96,1,0,-
BRDA:96,1,1,-
BRDA:96,3,2,-
BRDA:96,3,3,-
BRDA:99,0,0,0
BRDA:99,0,1,101
BRDA:101,0,0,-
BRDA:101,0,1,-
BRDA:102,0,0,-
BRDA:102,0,1,-
BRDA:103,1,0,-
BRDA:103,1,1,-
BRDA:104,0,0,-
BRDA:104,0,1,-
BRDA:105,1,0,-
BRDA:105,1,1,-
BRDA:106,0,0,-
BRDA:106,0,1,-
BRDA:130,0,0,-
BRDA:130,0,1,-
BRDA:130,1,2,-
BRDA:130,1,3,-
BRDA:135,0,0,-
BRDA:135,0,1,-
BRDA:135,1,2,-
BRDA:135,1,3,-
BRDA:135,2,4,-
BRDA:135,2,5,-
BRDA:135,3,6,-
BRDA:135,3,7,-
BRDA:140,0,0,-
BRDA:140,0,1,-
BRDA:140,1,2,-
BRDA:140,1,3,-
BRDA:140,2,4,-
BRDA:140,2,5,-
BRDA:145,0,0,-
BRDA:145,0,1,-
BRDA:145,1,2,-
BRDA:145,1,3,-
BRDA:176,0,0,-
BRDA:176,0,1,-
BRDA:182,0,0,202
BRDA:182,0,1,0
BRDA:182,1,2,202
BRDA:182,1,3,0
BRDA:190,0,0,0
BRDA:190,0,1,202
BRDA:190,1,2,-
BRDA:190,1,3,-
BRDA:191,0,0,-
BRDA:191,0,1,-
BRDA:191,1,2,-
BRDA:191,1,3,-
BRDA:192,0,0,-
BRDA:192,0,1,-
BRDA:192,1,2,-
BRDA:192,1,3,-
BRDA:193,0,0,-
BRDA:193,0,1,-
BRDA:193,1,2,-
BRDA:193,1,3,-
BRDA:217,0,0,205
BRDA:217,0,1,3
BRDA:217,1,2,3
BRDA:217,1,3,202
BRDA:223,1,0,0
BRDA:223,1,1,3
BRDA:224,0,0,0
BRDA:224,0,1,3
BRDA:229,0,0,3
BRDA:229,0,1,205
BRDA:229,1,2,2
BRDA:229,1,3,1
BRDA:229,2,4,2
BRDA:229,2,5,0
BRDA:229,3,6,0
BRDA:229,3,7,2
BRDA:234,0,0,0
BRDA:234,0,1,1
BRDA:244,0,0,3
BRDA:244,0,1,205
BRDA:244,1,2,2
BRDA:244,1,3,1
BRDA:244,2,4,0
BRDA:244,2,5,2
BRDA:253,0,0,206
BRDA:253,0,1,2
BRDA:253,1,2,0
BRDA:253,1,3,206
BRDA:260,0,0,1
BRDA:260,0,1,1
BRDA:266,0,0,2
BRDA:266,0,1,0
BRDA:271,0,0,204
BRDA:271,0,1,4
BRDA:271,1,2,2
BRDA:271,1,3,202
BRDA:271,2,4,2
BRDA:271,2,5,0
BRDA:277,0,0,1
BRDA:277,0,1,1
BRDA:306,0,0,0
BRDA:306,0,1,303
BRDA:308,0,0,101
BRDA:308,0,1,202
BRDA:312,0,0,101
BRDA:312,0,1,0
BRDA:316,1,0,-
BRDA:316,1,1,-
BRDA:324,0,0,202
BRDA:324,0,1,101
BRDA:327,0,0,0
BRDA:327,0,1,202
BRDA:337,0,0,202
BRDA:337,0,1,0
BRDA:352,0,0,0
BRDA:352,0,1,202
BRDA:358,1,0,202
BRDA:358,1,1,202
BRDA:364,0,0,202
BRDA:364,0,1,0
BRDA:364,1,2,0
BRDA:364,1,3,202
BRDA:370,0,0,0
BRDA:370,0,1,202
BRDA:381,0,0,0
BRDA:381,0,1,202
BRDA:381,1,2,-
BRDA:381,1,3,-
BRDA:390,0,0,0
BRDA:390,0,1,101
BRDA:391,0,0,-
BRDA:391,0,1,-
BRDA:397,0,0,-
BRDA:397,0,1,-
BRDA:405,0,0,-
BRDA:405,0,1,-
BRDA:412,0,0,0
BRDA:412,0,1,303
BRDA:413,0,0,-
BRDA:413,0,1,-
BRDA:423,0,0,0
BRDA:423,0,1,303
BRDA:424,0,0,-
BRDA:424,0,1,-
BRDA:448,0,0,9
BRDA:448,0,1,3
BRDA:451,1,0,2
BRDA:451,1,1,9
BRDA:452,0,0,2
BRDA:452,0,1,0
BRDA:454,0,0,1
BRDA:454,0,1,1
BRDA:459,0,0,1
BRDA:459,0,1,0
BRDA:463,0,0,1
BRDA:463,0,1,0
BRDA:467,0,0,1
BRDA:467,0,1,0
BRDA:471,0,0,0
BRDA:471,0,1,1
BRDA:485,0,0,0
BRDA:485,0,1,3
BRDA:489,0,0,3
BRDA:489,0,1,0
BRDA:508,0,0,202
BRDA:508,0,1,202
BRDA:511,0,0,202
BRDA:511,0,1,0
BRDA:515,1,0,0
BRDA:515,1,1,202
BRDA:515,3,2,0
BRDA:515,3,3,202
BRDA:517,1,0,-
BRDA:517,1,1,-
BRDA:521,1,0,-
BRDA:521,1,1,-
BRDA:521,3,2,-
BRDA:521,3,3,-
BRDA:523,1,0,-
BRDA:523,1,1,-
BRDA:527,1,0,-
BRDA:527,1,1,-
BRDA:527,3,2,-
BRDA:527,3,3,-
BRDA:531,0,0,202
BRDA:531,0,1,0
BRDA:568,0,0,-
BRDA:568,0,1,-
BRDA:570,0,0,-
BRDA:570,0,1,-
BRDA:577,1,0,-
BRDA:577,1,1,-
BRDA:585,0,0,-
BRDA:585,0,1,-
BRDA:599,0,0,-
BRDA:599,0,1,-
BRDA:601,0,0,-
BRDA:601,0,1,-
BRDA:608,0,0,-
BRDA:608,0,1,-
BRDA:608,1,2,-
BRDA:608,1,3,-
BRDA:608,2,4,-
BRDA:608,2,5,-
BRDA:622,0,0,-
BRDA:622,0,1,-
BRDA:622,1,2,-
BRDA:622,1,3,-
BRDA:630,0,0,-
BRDA:630,0,1,-
BRDA:641,0,0,-
BRDA:641,0,1,-
BRDA:641,1,2,-
BRDA:641,1,3,-
BRDA:641,2,4,-
BRDA:641,2,5,-
BRDA:648,0,0,-
BRDA:648,0,1,-
BRDA:658,0,0,-
BRDA:658,0,1,-
BRDA:661,0,0,-
BRDA:661,0,1,-
BRDA:661,1,2,-
BRDA:661,1,3,-
BRDA:662,0,0,-
BRDA:662,0,1,-
BRDA:662,1,2,-
BRDA:662,1,3,-
BRDA:663,0,0,-
BRDA:663,0,1,-
BRDA:663,1,2,-
BRDA:663,1,3,-
BRDA:761,0,0,-
BRDA:761,0,1,-
BRDA:860,0,0,203
BRDA:860,0,1,0
BRDA:878,0,0,-
BRDA:878,0,1,-
BRDA:897,0,0,-
BRDA:897,0,1,-
BRDA:909,0,0,1
BRDA:909,0,1,203
BRDA:916,1,0,0
BRDA:916,1,1,94
BRDA:932,0,0,43
BRDA:932,0,1,224
BRDA:942,0,0,63
BRDA:942,0,1,21
BRDA:945,0,0,0
BRDA:945,0,1,63
BRDA:959,1,0,63
BRDA:959,1,1,21
BRDA:963,0,0,21
BRDA:963,0,1,0
BRDA:965,1,0,21
BRDA:965,1,1,21
BRDA:969,0,0,21
BRDA:969,0,1,0
BRDA:983,0,0,21
BRDA:983,0,1,21
BRF:288
BRH:94
DA:9,0
DA:13,0
DA:16,0
DA:22,0
DA:23,0
DA:24,0
DA:25,0
DA:26,0
DA:27,0
DA:31,0
DA:34,0
DA:35,0
DA:37,0
DA:39,0
DA:40,0
DA:42,0
DA:47,0
DA:49,0
DA:50,0
DA:51,0
DA:52,0
DA:53,0
DA:54,0
DA:55,0
DA:57,0
DA:58,0
DA:59,0
DA:60,0
DA:63,101
DA:64,101
DA:69,101
DA:70,101
DA:71,101
DA:72,201
DA:73,101
DA:74,101
DA:75,101
DA:76,101
DA:78,101
DA:80,101
DA:81,101
DA:82,101
DA:83,101
DA:85,0
DA:87,0
DA:88,0
DA:89,0
DA:90,0
DA:91,0
DA:93,0
DA:94,0
DA:95,0
DA:96,0
DA:97,0
DA:99,101
DA:101,0
DA:102,0
DA:103,0
DA:104,0
DA:105,0
DA:106,0
DA:107,0
DA:108,0
DA:111,101
DA:112,101
DA:113,101
DA:116,101
DA:117,101
DA:122,101
DA:124,101
DA:126,101
DA:127,101
DA:128,101
DA:130,0
DA:132,0
DA:133,0
DA:135,0
DA:137,0
DA:138,0
DA:140,0
DA:143,0
DA:145,0
DA:148,0
DA:149,0
DA:150,0
DA:151,0
DA:152,0
DA:155,0
DA:157,101
DA:160,202
DA:161,202
DA:162,202
DA:166,202
DA:167,202
DA:168,202
DA:169,202
DA:170,202
DA:171,202
DA:172,202
DA:175,202
DA:176,0
DA:177,0
DA:178,202
DA:182,202
DA:183,202
DA:184,202
DA:187,202
DA:190,202
DA:191,0
DA:192,0
DA:193,0
DA:194,0
DA:197,202
DA:198,202
DA:199,202
DA:202,208
DA:203,208
DA:204,208
DA:205,208
DA:206,208
DA:207,208
DA:208,208
DA:209,208
DA:210,208
DA:212,208
DA:214,202
DA:215,202
DA:217,208
DA:221,3
DA:222,3
DA:223,3
DA:224,3
DA:225,3
DA:226,3
DA:227,3
DA:229,208
DA:232,1
DA:233,1
DA:234,1
DA:235,1
DA:236,1
DA:237,1
DA:238,1
DA:239,1
DA:240,1
DA:241,1
DA:242,1
DA:244,208
DA:248,1
DA:249,1
DA:250,1
DA:251,1
DA:253,208
DA:258,2
DA:260,2
DA:261,1
DA:262,1
DA:263,1
DA:266,2
DA:267,2
DA:268,2
DA:269,2
DA:271,208
DA:273,2
DA:274,2
DA:275,2
DA:276,2
DA:277,2
DA:278,2
DA:279,2
DA:280,2
DA:281,2
DA:282,2
DA:284,208
DA:288,303
DA:295,303
DA:298,303
DA:299,303
DA:300,303
DA:301,303
DA:302,303
DA:303,303
DA:304,303
DA:305,303
DA:306,303
DA:308,303
DA:310,101
DA:312,101
DA:314,101
DA:315,101
DA:316,101
DA:318,0
DA:319,0
DA:320,0
DA:322,101
DA:324,303
DA:327,202
DA:330,0
DA:331,0
DA:332,0
DA:333,0
DA:334,0
DA:335,0
DA:337,202
DA:341,202
DA:342,202
DA:343,202
DA:344,202
DA:345,202
DA:348,202
DA:349,202
DA:350,202
DA:352,202
DA:355,0
DA:356,0
DA:358,404
DA:360,202
DA:361,202
DA:362,202
DA:364,202
DA:367,0
DA:370,202
DA:373,0
DA:374,0
DA:377,202
DA:378,202
DA:379,202
DA:381,202
DA:383,202
DA:384,202
DA:385,202
DA:386,202
DA:387,202
DA:388,202
DA:390,101
DA:391,0
DA:393,0
DA:394,0
DA:395,0
DA:396,0
DA:397,0
DA:398,0
DA:399,0
DA:400,0
DA:401,0
DA:402,0
DA:404,0
DA:405,0
DA:406,0
DA:407,0
DA:408,0
DA:410,101
DA:412,303
DA:413,0
DA:415,0
DA:416,0
DA:417,0
DA:418,0
DA:419,0
DA:421,0
DA:423,303
DA:424,0
DA:426,0
DA:427,0
DA:428,0
DA:429,0
DA:430,0
DA:432,303
DA:433,303
DA:434,303
DA:437,3
DA:442,3
DA:443,3
DA:444,3
DA:445,3
DA:446,3
DA:448,12
DA:449,9
DA:451,11
DA:452,2
DA:453,2
DA:454,2
DA:455,1
DA:456,1
DA:457,1
DA:459,1
DA:460,1
DA:461,1
DA:463,1
DA:464,1
DA:465,1
DA:467,1
DA:468,1
DA:469,1
DA:471,1
DA:472,0
DA:473,0
DA:474,0
DA:475,0
DA:477,1
DA:478,1
DA:479,1
DA:480,2
DA:481,2
DA:482,2
DA:483,9
DA:485,3
DA:486,0
DA:487,0
DA:489,3
DA:490,3
DA:491,3
DA:493,3
DA:494,3
DA:495,3
DA:496,3
DA:499,202
DA:500,202
DA:501,202
DA:504,202
DA:505,202
DA:506,202
DA:508,404
DA:509,202
DA:511,202
DA:513,202
DA:514,202
DA:515,202
DA:517,202
DA:519,0
DA:520,0
DA:521,0
DA:523,0
DA:525,0
DA:526,0
DA:527,0
DA:529,0
DA:531,202
DA:532,202
DA:533,202
DA:534,202
DA:535,202
DA:536,0
DA:537,0
DA:539,202
DA:540,202
DA:543,0
DA:544,0
DA:545,0
DA:549,0
DA:550,0
DA:551,0
DA:552,0
DA:553,0
DA:554,0
DA:556,0
DA:560,0
DA:563,0
DA:566,0
DA:567,0
DA:568,0
DA:569,0
DA:570,0
DA:571,0
DA:572,0
DA:575,0
DA:577,0
DA:583,0
DA:584,0
DA:585,0
DA:588,0
DA:589,0
DA:590,0
DA:596,0
DA:599,0
DA:600,0
DA:601,0
DA:602,0
DA:605,0
DA:606,0
DA:608,0
DA:613,0
DA:614,0
DA:617,0
DA:618,0
DA:619,0
DA:622,0
DA:629,0
DA:630,0
DA:631,0
DA:634,0
DA:635,0
DA:638,0
DA:639,0
DA:641,0
DA:645,0
DA:646,0
DA:648,0
DA:653,0
DA:654,0
DA:655,0
DA:656,0
DA:657,0
DA:658,0
DA:661,0
DA:662,0
DA:663,0
DA:666,0
DA:667,0
DA:668,0
DA:670,0
DA:674,203
DA:675,203
DA:676,203
DA:734,203
DA:738,203
DA:739,203
DA:743,203
DA:744,203
DA:745,203
DA:757,203
DA:758,203
DA:759,203
DA:760,0
DA:761,0
DA:762,0
DA:765,203
DA:770,203
DA:771,203
DA:772,203
DA:775,0
DA:776,0
DA:777,0
DA:778,0
DA:779,0
DA:780,0
DA:781,0
DA:783,0
DA:784,0
DA:785,0
DA:786,0
DA:789,0
DA:790,0
DA:791,0
DA:792,0
DA:793,0
DA:794,0
DA:795,0
DA:796,0
DA:797,0
DA:799,0
DA:800,0
DA:801,0
DA:802,0
DA:803,0
DA:804,0
DA:807,2
DA:808,2
DA:809,2
DA:810,2
DA:811,2
DA:812,2
DA:813,0
DA:814,0
DA:816,2
DA:817,2
DA:818,2
DA:819,2
DA:820,2
DA:821,2
DA:822,2
DA:825,0
DA:826,0
DA:827,0
DA:828,0
DA:829,0
DA:830,0
DA:833,2
DA:834,2
DA:838,0
DA:839,0
DA:843,0
DA:844,0
DA:849,203
DA:850,203
DA:856,203
DA:857,0
DA:858,0
DA:860,203
DA:861,203
DA:862,203
DA:863,203
DA:864,203
DA:867,0
DA:868,0
DA:874,0
DA:875,0
DA:876,0
DA:878,0
DA:879,0
DA:880,0
DA:881,0
DA:882,0
DA:885,0
DA:886,0
DA:887,0
DA:893,0
DA:894,0
DA:895,0
DA:897,0
DA:898,0
DA:899,0
DA:900,0
DA:901,0
DA:904,298
DA:905,298
DA:906,298
DA:907,204
DA:908,204
DA:909,204
DA:910,1
DA:911,1
DA:912,203
DA:914,204
DA:915,94
DA:916,94
DA:917,0
DA:918,0
DA:919,94
DA:921,298
DA:922,298
DA:926,267
DA:927,267
DA:928,0
DA:929,0
DA:930,267
DA:931,267
DA:932,267
DA:933,267
DA:934,267
DA:936,267
DA:939,21
DA:940,21
DA:941,21
DA:942,84
DA:943,63
DA:944,63
DA:945,63
DA:946,63
DA:947,63
DA:948,21
DA:951,46
DA:952,46
DA:953,46
DA:954,25
DA:955,25
DA:956,21
DA:957,21
DA:958,21
DA:959,84
DA:960,63
DA:961,63
DA:962,63
DA:963,21
DA:964,21
DA:965,42
DA:966,21
DA:967,21
DA:968,21
DA:969,21
DA:970,21
DA:971,21
DA:972,21
DA:974,46
DA:977,266
DA:978,266
DA:979,266
DA:980,224
DA:981,224
DA:982,224
DA:983,42
DA:984,21
DA:985,21
DA:986,21
DA:987,21
DA:988,42
DA:991,266
LF:587
LH:327
end_of_record
TN:
SF:/Users/aaronsmith/Development/Aaron/libgwrl/src/gwrl/socket.c
FN:8,gwsk_sockaddr_size
FN:15,gwsk_sockaddr_port
FN:22,gwsk_sockaddr_print
FN:32,gwsk_addrinfo_print
FN:36,gwsk_startup
FN:44,gwsk_cleanup
FN:51,gwsk_connect
FN:78,gwsk_accept
FN:104,gwsk_close
FN:112,gwsk_nonblock
FN:121,gwsk_reuseaddr
FN:129,skctlinfo_free
FN:135,skctl_str_for_flag
FN:156,skctl
FN:345,skctl_tcp_server
FN:357,skctl_udp_server
FN:369,skctl_tcp_client
FN:380,skctl_udp_client
FN:391,skctl_udp_connected_client
FNDA:0,gwsk_sockaddr_port
FNDA:0,gwsk_sockaddr_size
FNDA:0,skctl_str_for_flag
FNDA:0,skctl_tcp_client
FNDA:0,gwsk_connect
FNDA:0,gwsk_reuseaddr
FNDA:0,skctlinfo_free
FNDA:0,gwsk_addrinfo_print
FNDA:0,skctl_udp_connected_client
FNDA:0,gwsk_accept
FNDA:0,gwsk_nonblock
FNDA:0,skctl_udp_client
FNDA:0,skctl_tcp_server
FNDA:0,skctl
FNDA:0,skctl_udp_server
FNDA:0,gwsk_cleanup
FNDA:0,gwsk_sockaddr_print
FNDA:0,gwsk_startup
FNDA:0,gwsk_close
FNF:19
FNH:0
BRDA:11,0,0,-
BRDA:11,0,1,-
BRDA:18,0,0,-
BRDA:18,0,1,-
BRDA:27,0,0,-
BRDA:27,0,1,-
BRDA:61,0,0,-
BRDA:61,0,1,-
BRDA:70,0,0,-
BRDA:70,0,1,-
BRDA:71,0,0,-
BRDA:71,0,1,-
BRDA:88,0,0,-
BRDA:88,0,1,-
BRDA:97,0,0,-
BRDA:97,0,1,-
BRDA:132,0,0,-
BRDA:132,0,1,-
BRDA:138,0,0,-
BRDA:138,0,1,-
BRDA:140,0,0,-
BRDA:140,0,1,-
BRDA:142,0,0,-
BRDA:142,0,1,-
BRDA:144,0,0,-
BRDA:144,0,1,-
BRDA:146,0,0,-
BRDA:146,0,1,-
BRDA:148,0,0,-
BRDA:148,0,1,-
BRDA:150,0,0,-
BRDA:150,0,1,-
BRDA:168,0,0,-
BRDA:168,0,1,-
BRDA:170,0,0,-
BRDA:170,0,1,-
BRDA:175,0,0,-
BRDA:175,0,1,-
BRDA:175,1,2,-
BRDA:175,1,3,-
BRDA:180,0,0,-
BRDA:180,0,1,-
BRDA:185,0,0,-
BRDA:185,0,1,-
BRDA:186,0,0,-
BRDA:186,0,1,-
BRDA:186,1,2,-
BRDA:186,1,3,-
BRDA:197,0,0,-
BRDA:197,0,1,-
BRDA:202,0,0,-
BRDA:202,0,1,-
BRDA:229,1,0,-
BRDA:229,1,1,-
BRDA:235,0,0,-
BRDA:235,0,1,-
BRDA:239,0,0,-
BRDA:239,0,1,-
BRDA:260,0,0,-
BRDA:260,0,1,-
BRDA:269,0,0,-
BRDA:269,0,1,-
BRDA:273,0,0,-
BRDA:273,0,1,-
BRDA:278,0,0,-
BRDA:278,0,1,-
BRDA:283,0,0,-
BRDA:283,0,1,-
BRDA:287,0,0,-
BRDA:287,0,1,-
BRDA:292,0,0,-
BRDA:292,0,1,-
BRDA:296,0,0,-
BRDA:296,0,1,-
BRDA:301,0,0,-
BRDA:301,0,1,-
BRDA:305,0,0,-
BRDA:305,0,1,-
BRDA:315,0,0,-
BRDA:315,0,1,-
BRDA:315,1,2,-
BRDA:315,1,3,-
BRDA:316,0,0,-
BRDA:316,0,1,-
BRDA:326,0,0,-
BRDA:326,0,1,-
BRDA:333,0,0,-
BRDA:333,0,1,-
BRF:88
BRH:0
DA:8,0
DA:9,0
DA:10,0
DA:11,0
DA:12,0
DA:13,0
DA:15,0
DA:16,0
DA:17,0
DA:18,0
DA:19,0
DA:20,0
DA:22,0
DA:23,0
DA:24,0
DA:25,0
DA:26,0
DA:27,0
DA:28,0
DA:29,0
DA:30,0
DA:32,0
DA:33,0
DA:34,0
DA:41,0
DA:48,0
DA:51,0
DA:52,0
DA:58,0
DA:59,0
DA:60,0
DA:61,0
DA:70,0
DA:71,0
DA:73,0
DA:75,0
DA:78,0
DA:79,0
DA:85,0
DA:86,0
DA:87,0
DA:88,0
DA:97,0
DA:99,0
DA:101,0
DA:104,0
DA:108,0
DA:110,0
DA:112,0
DA:117,0
DA:121,0
DA:125,0
DA:129,0
DA:130,0
DA:131,0
DA:132,0
DA:133,0
DA:135,0
DA:136,0
DA:137,0
DA:138,0
DA:139,0
DA:140,0
DA:141,0
DA:142,0
DA:143,0
DA:144,0
DA:145,0
DA:146,0
DA:147,0
DA:148,0
DA:149,0
DA:150,0
DA:151,0
DA:153,0
DA:154,0
DA:156,0
DA:157,0
DA:158,0
DA:159,0
DA:160,0
DA:162,0
DA:163,0
DA:164,0
DA:165,0
DA:168,0
DA:170,0
DA:171,0
DA:172,0
DA:173,0
DA:175,0
DA:176,0
DA:177,0
DA:178,0
DA:179,0
DA:180,0
DA:185,0
DA:186,0
DA:189,0
DA:190,0
DA:191,0
DA:192,0
DA:194,0
DA:195,0
DA:197,0
DA:198,0
DA:199,0
DA:202,0
DA:229,0
DA:231,0
DA:232,0
DA:233,0
DA:235,0
DA:236,0
DA:237,0
DA:239,0
DA:249,0
DA:260,0
DA:261,0
DA:262,0
DA:263,0
DA:264,0
DA:267,0
DA:269,0
DA:271,0
DA:273,0
DA:276,0
DA:278,0
DA:279,0
DA:283,0
DA:285,0
DA:287,0
DA:288,0
DA:292,0
DA:294,0
DA:296,0
DA:297,0
DA:301,0
DA:303,0
DA:305,0
DA:306,0
DA:315,0
DA:316,0
DA:317,0
DA:319,0
DA:321,0
DA:322,0
DA:323,0
DA:326,0
DA:327,0
DA:328,0
DA:330,0
DA:331,0
DA:333,0
DA:337,0
DA:339,0
DA:340,0
DA:342,0
DA:343,0
DA:345,0
DA:346,0
DA:347,0
DA:348,0
DA:349,0
DA:350,0
DA:351,0
DA:352,0
DA:353,0
DA:354,0
DA:357,0
DA:358,0
DA:359,0
DA:360,0
DA:361,0
DA:362,0
DA:363,0
DA:364,0
DA:365,0
DA:366,0
DA:369,0
DA:370,0
DA:371,0
DA:372,0
DA:373,0
DA:374,0
DA:375,0
DA:376,0
DA:377,0
DA:380,0
DA:381,0
DA:382,0
DA:383,0
DA:384,0
DA:385,0
DA:386,0
DA:387,0
DA:388,0
DA:391,0
DA:392,0
DA:393,0
DA:394,0
DA:395,0
DA:396,0
DA:397,0
DA:398,0
DA:399,0
LF:206
LH:0
end_of_record
TN:
SF:/Users/aaronsmith/Development/Aaron/libgwrl/src/gwrl/time.c
FN:8,gwtm_gettimeofday_timespec
FN:14,gwtm_ms_to_timeval
FN:23,gwtm_ms_to_timespec
FN:32,gwtm_timeval_to_ms
FN:41,gwtm_timespec_to_ms
FN:50,gwtm_add_ms_to_timeval
FN:60,gwtm_add_ms_to_timespec
FN:70,gwtm_timespec_cmp
FN:79,gwtm_timespec_copy_if_smaller
FN:88,gwtm_timespec_sub_into
FN:97,gwtm_timespec_is_expired
FN:103,gwtm_timeval_to_timespec
FN:108,gwtm_timespec_to_timeval
FNDA:249,gwtm_add_ms_to_timespec
FNDA:1,gwtm_timespec_to_timeval
FNDA:370,gwtm_timeval_to_timespec
FNDA:369,gwtm_gettimeofday_timespec
FNDA:1,gwtm_ms_to_timeval
FNDA:3,gwtm_timeval_to_ms
FNDA:330,gwtm_timespec_is_expired
FNDA:39,gwtm_timespec_cmp
FNDA:2,gwtm_timespec_to_ms
FNDA:547,gwtm_timespec_sub_into
FNDA:3,gwtm_add_ms_to_timeval
FNDA:38,gwtm_timespec_copy_if_smaller
FNDA:2,gwtm_ms_to_timespec
FNF:13
FNH:13
BRDA:33,0,0,1
BRDA:33,0,1,0
BRDA:42,0,0,1
BRDA:42,0,1,0
BRDA:54,1,0,1
BRDA:54,1,1,2
BRDA:64,1,0,3
BRDA:64,1,1,45
BRDA:72,0,0,33
BRDA:72,0,1,0
BRDA:73,0,0,23
BRDA:73,0,1,10
BRDA:74,0,0,0
BRDA:74,0,1,10
BRDA:82,0,0,0
BRDA:82,0,1,28
BRDA:91,0,0,471
BRDA:91,0,1,547
BRDA:99,0,0,78
BRDA:99,0,1,6
BRDA:99,1,2,0
BRDA:99,1,3,78
BRF:22
BRH:16
DA:8,369
DA:9,369
DA:10,369
DA:11,369
DA:12,369
DA:14,1
DA:15,1
DA:16,1
DA:17,1
DA:18,0
DA:19,0
DA:20,0
DA:21,1
DA:23,2
DA:24,2
DA:25,2
DA:26,2
DA:27,0
DA:28,0
DA:29,0
DA:30,2
DA:32,3
DA:33,1
DA:34,1
DA:35,1
DA:37,2
DA:38,2
DA:39,3
DA:41,2
DA:42,1
DA:43,1
DA:44,1
DA:46,1
DA:47,1
DA:48,2
DA:50,3
DA:51,1
DA:52,2
DA:53,2
DA:54,3
DA:55,1
DA:56,1
DA:57,1
DA:58,3
DA:60,249
DA:61,204
DA:62,45
DA:63,45
DA:64,48
DA:65,3
DA:66,3
DA:67,3
DA:68,249
DA:70,39
DA:71,6
DA:72,33
DA:73,33
DA:74,10
DA:75,10
DA:76,10
DA:77,39
DA:79,38
DA:80,38
DA:81,38
DA:82,28
DA:83,28
DA:85,10
DA:86,38
DA:88,547
DA:89,547
DA:90,547
DA:91,1018
DA:92,471
DA:93,471
DA:94,471
DA:95,547
DA:97,330
DA:98,246
DA:99,84
DA:100,84
DA:101,330
DA:103,370
DA:104,370
DA:105,370
DA:106,370
DA:108,1
DA:109,1
DA:110,1
DA:111,1
LF:89
LH:83
end_of_record
TN:
SF:/Users/aaronsmith/Development/Aaron/libgwrl/test/proactor_buf.c
FN:4,main
FNDA:29,main
FNF:1
FNH:1
BRDA:11,0,0,29
BRDA:11,0,1,0
BRDA:11,2,2,0
BRDA:11,2,3,29
BRDA:12,0,0,0
BRDA:12,0,1,29
BRDA:13,0,0,0
BRDA:13,0,1,29
BRDA:14,0,0,0
BRDA:14,0,1,29
BRDA:17,0,0,0
BRDA:17,0,1,29
BRDA:20,0,0,0
BRDA:20,0,1,29
BRF:14
BRH:7
DA:4,29
DA:5,29
DA:6,29
DA:7,29
DA:8,29
DA:9,29
DA:11,29
DA:12,29
DA:13,29
DA:14,29
DA:16,29
DA:17,29
DA:19,29
DA:20,29
DA:22,29
LF:15
LH:15
end_of_record
TN:
SF:/Users/aaronsmith/Development/Aaron/libgwrl/test/proactor_cb.c
FN:4,cb1
FN:5,cb2
FN:6,cb3
FN:7,cb4
FN:8,cb5
FN:9,cb6
FN:11,main
FNDA:28,cb3
FNDA:28,cb5
FNDA:28,cb6
FNDA:28,cb1
FNDA:28,cb4
FNDA:28,main
FNDA:28,cb2
FNF:7
FNH:7
DA:4,28
DA:5,28
DA:6,28
DA:7,28
DA:8,28
DA:9,28
DA:11,28
DA:12,28
DA:13,28
DA:14,28
DA:15,28
DA:16,28
DA:17,28
DA:18,28
DA:19,28
DA:20,28
DA:21,28
DA:22,28
DA:23,28
DA:24,28
DA:25,28
DA:26,28
DA:27,28
LF:23
LH:23
end_of_record
TN:
SF:/Users/aaronsmith/Development/Aaron/libgwrl/test/proactor_filters.c
FN:4,filter
FN:5,filter2
FN:6,filter3
FN:8,main
FNDA:27,filter
FNDA:27,filter3
FNDA:27,filter2
FNDA:27,main
FNF:4
FNH:4
BRDA:21,0,0,0
BRDA:21,0,1,27
BRDA:24,0,0,0
BRDA:24,0,1,27
BRDA:25,0,0,0
BRDA:25,0,1,27
BRDA:29,0,0,0
BRDA:29,0,1,27
BRDA:30,0,0,0
BRDA:30,0,1,27
BRF:10
BRH:5
DA:4,27
DA:5,27
DA:6,27
DA:8,27
DA:9,27
DA:10,27
DA:11,27
DA:18,27
DA:19,27
DA:20,27
DA:21,27
DA:23,27
DA:24,27
DA:25,27
DA:27,27
DA:28,27
DA:29,27
DA:30,27
DA:32,27
DA:33,27
DA:34,27
DA:36,27
LF:22
LH:22
end_of_record
TN:
SF:/Users/aaronsmith/Development/Aaron/libgwrl/test/proactor_free1.c
FN:4,didrd
FN:7,stop
FN:11,main
FNDA:26,stop
FNDA:26,didrd
FNDA:26,main
FNF:3
FNH:3
BRDA:28,0,0,52
BRDA:28,0,1,26
BRDA:29,0,0,52
BRDA:29,0,1,0
BRF:4
BRH:3
DA:4,26
DA:5,26
DA:7,26
DA:8,26
DA:9,26
DA:11,26
DA:12,26
DA:13,26
DA:14,26
DA:15,26
DA:16,26
DA:19,26
DA:20,26
DA:21,26
DA:22,26
DA:25,26
DA:26,26
DA:27,26
DA:28,78
DA:29,52
DA:30,52
DA:31,52
DA:32,52
DA:33,52
DA:34,26
DA:35,26
DA:37,26
DA:38,26
DA:39,26
DA:40,26
DA:41,26
DA:42,26
DA:43,26
DA:44,26
DA:45,26
DA:47,26
DA:48,26
DA:49,26
DA:50,26
DA:51,26
DA:52,26
DA:53,26
DA:54,26
DA:55,26
DA:56,26
DA:58,26
LF:46
LH:46
end_of_record
TN:
SF:/Users/aaronsmith/Development/Aaron/libgwrl/test/proactor_gwpr_src_activity_write_qitem_result.c
FN:37,reset
FN:49,didwr1
FN:54,close1
FN:58,error1
FN:61,didwr2
FN:66,close2
FN:71,didwr3
FN:76,close3
FN:81,didwr4
FN:86,close4
FN:91,error4
FN:95,didwr5
FN:100,close5
FN:105,error5
FN:110,main
FNDA:0,didwr3
FNDA:25,close3
FNDA:25,close2
FNDA:0,close5
FNDA:25,error5
FNDA:25,main
FNDA:25,didwr4
FNDA:25,didwr1
FNDA:0,error1
FNDA:25,error4
FNDA:150,reset
FNDA:0,didwr5
FNDA:0,close4
FNDA:25,didwr2
FNDA:0,close1
FNF:15
FNH:9
BRDA:116,0,0,0
BRDA:116,0,1,25
BRDA:117,0,0,0
BRDA:117,0,1,25
BRDA:118,0,0,0
BRDA:118,0,1,25
BRDA:124,0,0,0
BRDA:124,0,1,25
BRDA:125,0,0,0
BRDA:125,0,1,25
BRDA:126,0,0,0
BRDA:126,0,1,25
BRDA:132,0,0,0
BRDA:132,0,1,25
BRDA:133,0,0,0
BRDA:133,0,1,25
BRDA:137,0,0,0
BRDA:137,0,1,25
BRDA:138,0,0,0
BRDA:138,0,1,25
BRDA:145,0,0,0
BRDA:145,0,1,25
BRDA:146,0,0,0
BRDA:146,0,1,25
BRDA:147,0,0,0
BRDA:147,0,1,25
BRDA:154,0,0,0
BRDA:154,0,1,25
BRDA:155,0,0,0
BRDA:155,0,1,25
BRF:30
BRH:15
DA:38,150
DA:39,150
DA:40,150
DA:41,150
DA:42,150
DA:43,150
DA:44,150
DA:45,150
DA:46,150
DA:47,150
DA:49,25
DA:50,25
DA:51,25
DA:52,25
DA:54,0
DA:55,0
DA:56,0
DA:58,0
DA:59,0
DA:61,25
DA:62,25
DA:63,25
DA:64,25
DA:66,25
DA:67,25
DA:68,25
DA:69,25
DA:71,0
DA:72,0
DA:73,0
DA:74,0
DA:76,25
DA:77,25
DA:78,25
DA:79,25
DA:81,25
DA:82,25
DA:83,25
DA:84,25
DA:86,0
DA:87,0
DA:88,0
DA:89,0
DA:91,25
DA:92,25
DA:93,25
DA:95,0
DA:96,0
DA:97,0
DA:98,0
DA:100,0
DA:101,0
DA:102,0
DA:103,0
DA:105,25
DA:106,25
DA:107,25
DA:108,25
DA:110,25
DA:111,25
DA:112,25
DA:113,25
DA:114,25
DA:115,25
DA:116,25
DA:117,25
DA:118,25
DA:120,25
DA:121,25
DA:122,25
DA:123,25
DA:124,25
DA:125,25
DA:126,25
DA:128,25
DA:129,25
DA:130,25
DA:131,25
DA:132,25
DA:133,25
DA:135,25
DA:136,25
DA:137,25
DA:138,25
DA:140,25
DA:141,25
DA:142,25
DA:143,25
DA:144,25
DA:145,25
DA:146,25
DA:147,25
DA:149,25
DA:150,25
DA:151,25
DA:152,25
DA:153,25
DA:154,25
DA:155,25
DA:157,25
LF:100
LH:79
end_of_record
TN:
SF:/Users/aaronsmith/Development/Aaron/libgwrl/test/proactor_gwprwrq_get.c
FN:4,main
FNDA:24,main
FNF:1
FNH:1
BRDA:15,0,0,0
BRDA:15,0,1,24
BRDA:16,0,0,0
BRDA:16,0,1,24
BRF:4
BRH:2
DA:4,24
DA:5,24
DA:6,24
DA:7,24
DA:8,24
DA:9,24
DA:10,24
DA:11,24
DA:12,24
DA:13,24
DA:14,24
DA:15,24
DA:16,24
DA:17,24
LF:14
LH:14
end_of_record
TN:
SF:/Users/aaronsmith/Development/Aaron/libgwrl/test/proactor_src.c
FN:8,timeout
FN:13,timeout2
FN:17,main
FNDA:23,timeout
FNDA:23,timeout2
FNDA:23,main
FNF:3
FNH:3
BRDA:27,0,0,0
BRDA:27,0,1,23
BRDA:32,0,0,0
BRDA:32,0,1,23
BRDA:38,0,0,0
BRDA:38,0,1,23
BRF:6
BRH:3
DA:8,23
DA:9,23
DA:10,23
DA:11,23
DA:13,23
DA:14,23
DA:15,23
DA:17,23
DA:18,23
DA:19,23
DA:21,23
DA:22,23
DA:23,23
DA:24,23
DA:25,23
DA:26,23
DA:27,23
DA:29,23
DA:30,23
DA:31,23
DA:32,23
DA:34,23
DA:35,23
DA:36,23
DA:37,23
DA:38,23
DA:40,23
LF:27
LH:27
end_of_record
TN:
SF:/Users/aaronsmith/Development/Aaron/libgwrl/test/proactor_tcp.c
FN:15,didrd
FN:24,didwr
FN:28,rdfilter1
FN:34,rdfilter2
FN:41,write_data
FN:58,wrfilter1
FN:64,wrfilter2
FN:71,timeout
FN:76,main
FNDA:4466,write_data
FNDA:4444,didwr
FNDA:2222,rdfilter2
FNDA:22,main
FNDA:4444,wrfilter2
FNDA:22,timeout
FNDA:2222,didrd
FNDA:4444,wrfilter1
FNDA:2222,rdfilter1
FNF:9
FNH:9
BRDA:18,0,0,22
BRDA:18,0,1,2200
BRDA:47,1,0,0
BRDA:47,1,1,484
BRDA:51,1,0,0
BRDA:51,1,1,484
BRDA:101,0,0,0
BRDA:101,0,1,22
BRDA:102,0,0,0
BRDA:102,0,1,22
BRDA:103,0,0,0
BRDA:103,0,1,22
BRF:12
BRH:7
DA:15,2222
DA:16,2222
DA:17,2222
DA:18,2222
DA:19,22
DA:20,22
DA:21,2222
DA:22,2222
DA:24,4444
DA:25,4444
DA:26,4444
DA:28,2222
DA:29,2222
DA:30,2222
DA:31,2222
DA:32,2222
DA:34,2222
DA:35,2222
DA:36,2222
DA:37,2222
DA:38,2222
DA:39,2222
DA:41,4466
DA:42,4466
DA:43,4466
DA:44,4466
DA:45,3982
DA:46,3982
DA:47,4466
DA:48,0
DA:49,0
DA:50,0
DA:51,484
DA:52,0
DA:53,0
DA:54,484
DA:56,4466
DA:58,4444
DA:59,4444
DA:60,4444
DA:61,4444
DA:62,4444
DA:64,4444
DA:65,4444
DA:66,4444
DA:67,4444
DA:68,4444
DA:69,4444
DA:71,22
DA:72,22
DA:73,22
DA:74,22
DA:76,22
DA:77,22
DA:79,22
DA:80,22
DA:82,22
DA:83,22
DA:85,22
DA:86,22
DA:87,22
DA:88,22
DA:90,22
DA:91,22
DA:92,22
DA:94,22
DA:96,22
DA:98,22
DA:100,22
DA:101,22
DA:102,22
DA:103,22
DA:105,22
LF:73
LH:68
end_of_record
TN:
SF:/Users/aaronsmith/Development/Aaron/libgwrl/test/proactor_wrq.c
FN:4,main
FNDA:21,main
FNF:1
FNH:1
BRDA:17,0,0,21
BRDA:17,0,1,0
BRDA:17,1,2,21
BRDA:17,1,3,0
BRDA:17,3,4,0
BRDA:17,3,5,21
BRDA:22,0,0,0
BRDA:22,0,1,21
BRDA:23,0,0,0
BRDA:23,0,1,21
BRDA:24,0,0,0
BRDA:24,0,1,21
BRDA:28,0,0,0
BRDA:28,0,1,21
BRDA:29,0,0,0
BRDA:29,0,1,21
BRDA:34,0,0,0
BRDA:34,0,1,21
BRDA:35,0,0,0
BRDA:35,0,1,21
BRDA:36,0,0,0
BRDA:36,0,1,21
BRDA:37,0,0,0
BRDA:37,0,1,21
BRDA:42,0,0,0
BRDA:42,0,1,21
BRDA:43,0,0,0
BRDA:43,0,1,21
BRDA:44,0,0,0
BRDA:44,0,1,21
BRDA:45,0,0,0
BRDA:45,0,1,21
BRDA:46,0,0,0
BRDA:46,0,1,21
BRDA:51,0,0,0
BRDA:51,0,1,21
BRDA:52,0,0,0
BRDA:52,0,1,21
BRDA:53,0,0,0
BRDA:53,0,1,21
BRDA:54,0,0,0
BRDA:54,0,1,21
BRDA:57,0,0,0
BRDA:57,0,1,21
BRDA:58,0,0,0
BRDA:58,0,1,21
BRDA:59,0,0,0
BRDA:59,0,1,21
BRDA:60,0,0,0
BRDA:60,0,1,21
BRDA:63,0,0,0
BRDA:63,0,1,21
BRDA:64,0,0,0
BRDA:64,0,1,21
BRDA:65,0,0,0
BRDA:65,0,1,21
BRDA:66,0,0,0
BRDA:66,0,1,21
BRDA:67,0,0,0
BRDA:67,0,1,21
BRDA:73,0,0,0
BRDA:73,0,1,21
BRF:62
BRH:31
DA:4,21
DA:6,21
DA:7,21
DA:8,21
DA:10,21
DA:11,21
DA:12,21
DA:13,21
DA:14,21
DA:16,21
DA:17,21
DA:20,21
DA:21,21
DA:22,21
DA:23,21
DA:24,21
DA:27,21
DA:28,21
DA:29,21
DA:32,21
DA:33,21
DA:34,21
DA:35,21
DA:36,21
DA:37,21
DA:40,21
DA:41,21
DA:42,21
DA:43,21
DA:44,21
DA:45,21
DA:46,21
DA:49,21
DA:50,21
DA:51,21
DA:52,21
DA:53,21
DA:54,21
DA:56,21
DA:57,21
DA:58,21
DA:59,21
DA:60,21
DA:62,21
DA:63,21
DA:64,21
DA:65,21
DA:66,21
DA:67,21
DA:69,21
DA:70,21
DA:71,21
DA:72,21
DA:73,21
DA:75,21
LF:55
LH:55
end_of_record
TN:
SF:/Users/aaronsmith/Development/Aaron/libgwrl/test/reactor_custom_gathering.c
FN:11,my_gather
FN:26,my_callback
FN:31,main
FNDA:20,my_callback
FNDA:200,my_gather
FNDA:20,main
FNF:3
FNH:3
BRDA:14,0,0,200
BRDA:14,0,1,200
BRDA:17,0,0,20
BRDA:17,0,1,180
BRF:4
BRH:4
DA:11,200
DA:12,200
DA:13,200
DA:14,400
DA:15,200
DA:16,200
DA:17,200
DA:18,20
DA:19,20
DA:20,20
DA:21,20
DA:22,200
DA:23,200
DA:24,200
DA:26,20
DA:28,20
DA:29,20
DA:31,20
DA:32,20
DA:33,20
DA:34,20
DA:46,20
DA:47,20
DA:48,20
DA:49,20
DA:50,20
DA:51,20
DA:52,20
DA:53,20
LF:29
LH:29
end_of_record
TN:
SF:/Users/aaronsmith/Development/Aaron/libgwrl/test/reactor_del_pers_timeouts.c
FN:4,timeout1
FN:9,main
FNDA:19,timeout1
FNDA:19,main
FNF:2
FNH:2
DA:4,19
DA:5,19
DA:6,19
DA:7,19
DA:9,19
DA:10,19
DA:11,19
DA:12,19
DA:13,19
DA:14,19
LF:10
LH:10
end_of_record
TN:
SF:/Users/aaronsmith/Development/Aaron/libgwrl/test/reactor_del_pers_timeouts2.c
FN:4,timeout2
FN:9,timeout1
FN:13,main
FNDA:18,timeout1
FNDA:18,timeout2
FNDA:18,main
FNF:3
FNH:3
DA:4,18
DA:5,18
DA:6,18
DA:7,18
DA:9,18
DA:10,18
DA:11,18
DA:13,18
DA:14,18
DA:15,18
DA:16,18
DA:17,18
DA:18,18
LF:13
LH:13
end_of_record
TN:
SF:/Users/aaronsmith/Development/Aaron/libgwrl/test/reactor_del_pers_timeouts3.c
FN:4,timeout3
FN:9,timeout2
FN:13,timeout1
FN:17,main
FNDA:17,timeout1
FNDA:17,timeout3
FNDA:17,timeout2
FNDA:17,main
FNF:4
FNH:4
DA:4,17
DA:5,17
DA:6,17
DA:7,17
DA:9,17
DA:10,17
DA:11,17
DA:13,17
DA:14,17
DA:15,17
DA:17,17
DA:18,17
DA:19,17
DA:20,17
DA:21,17
DA:22,17
LF:16
LH:16
end_of_record
TN:
SF:/Users/aaronsmith/Development/Aaron/libgwrl/test/reactor_events.c
FN:4,main
FNDA:16,main
FNF:1
FNH:1
BRDA:14,0,0,0
BRDA:14,0,1,16
BRDA:18,0,0,0
BRDA:18,0,1,16
BRDA:19,0,0,0
BRDA:19,0,1,16
BRDA:23,0,0,0
BRDA:23,0,1,16
BRDA:24,0,0,0
BRDA:24,0,1,16
BRDA:25,0,0,0
BRDA:25,0,1,16
BRDA:28,1,0,3648
BRDA:28,1,1,16
BRDA:31,0,0,3632
BRDA:31,0,1,16
BRDA:36,0,0,0
BRDA:36,0,1,16
BRF:18
BRH:11
DA:4,16
DA:5,16
DA:6,16
DA:7,16
DA:8,16
DA:10,16
DA:11,16
DA:12,16
DA:13,16
DA:14,16
DA:16,16
DA:17,16
DA:18,16
DA:19,16
DA:21,16
DA:22,16
DA:23,16
DA:24,16
DA:25,16
DA:26,16
DA:28,3664
DA:29,3648
DA:30,3648
DA:31,3648
DA:32,3648
DA:33,3648
DA:35,16
DA:36,16
DA:38,16
LF:29
LH:29
end_of_record
TN:
SF:/Users/aaronsmith/Development/Aaron/libgwrl/test/reactor_free1.c
FN:4,timeout
FN:8,main
FNDA:15,timeout
FNDA:15,main
FNF:2
FNH:2
DA:4,15
DA:5,15
DA:6,15
DA:8,15
DA:9,15
DA:10,15
DA:11,15
DA:12,15
DA:13,15
LF:9
LH:9
end_of_record
TN:
SF:/Users/aaronsmith/Development/Aaron/libgwrl/test/reactor_free2.c
FN:4,stdin_activity
FN:7,timeout
FN:11,main
FNDA:14,timeout
FNDA:14,stdin_activity
FNDA:14,main
FNF:3
FNH:3
DA:4,14
DA:5,14
DA:7,14
DA:8,14
DA:9,14
DA:11,14
DA:12,14
DA:13,14
DA:14,14
DA:15,14
DA:16,14
DA:17,14
DA:18,14
LF:13
LH:13
end_of_record
TN:
SF:/Users/aaronsmith/Development/Aaron/libgwrl/test/reactor_free3.c
FN:4,stdin_activity
FN:7,timeout
FN:11,main
FNDA:13,timeout
FNDA:13,stdin_activity
FNDA:13,main
FNF:3
FNH:3
BRDA:18,0,0,26
BRDA:18,0,1,13
BRDA:19,0,0,26
BRDA:19,0,1,0
BRF:4
BRH:3
DA:4,13
DA:5,13
DA:7,13
DA:8,13
DA:9,13
DA:11,13
DA:12,13
DA:13,13
DA:14,13
DA:15,13
DA:16,13
DA:17,13
DA:18,39
DA:19,26
DA:20,26
DA:21,26
DA:22,26
DA:23,26
DA:24,13
DA:25,13
DA:26,13
LF:21
LH:21
end_of_record
TN:
SF:/Users/aaronsmith/Development/Aaron/libgwrl/test/reactor_free4.c
FN:4,timeout
FN:8,main
FNDA:12,timeout
FNDA:12,main
FNF:2
FNH:2
DA:4,12
DA:5,12
DA:6,12
DA:8,12
DA:9,12
DA:10,12
DA:11,12
DA:12,12
DA:13,12
LF:9
LH:9
end_of_record
TN:
SF:/Users/aaronsmith/Development/Aaron/libgwrl/test/reactor_gatherfunc.c
FN:7,custom_gather
FN:12,main
FNDA:22,custom_gather
FNDA:11,main
FNF:2
FNH:2
BRDA:23,0,0,0
BRDA:23,0,1,11
BRDA:26,0,0,0
BRDA:26,0,1,11
BRDA:27,0,0,0
BRDA:27,0,1,11
BRDA:29,0,0,0
BRDA:29,0,1,11
BRF:8
BRH:4
DA:7,22
DA:8,22
DA:9,22
DA:10,22
DA:12,11
DA:13,11
DA:20,11
DA:21,11
DA:22,11
DA:23,11
DA:24,11
DA:25,11
DA:26,11
DA:27,11
DA:28,11
DA:29,11
DA:30,11
LF:17
LH:17
end_of_record
TN:
SF:/Users/aaronsmith/Development/Aaron/libgwrl/test/reactor_no_sleep.c
FN:4,main
FNDA:10,main
FNF:1
FNH:1
DA:4,10
DA:7,10
DA:8,10
DA:9,10
DA:10,10
DA:11,10
DA:12,10
DA:17,10
LF:8
LH:8
end_of_record
TN:
SF:/Users/aaronsmith/Development/Aaron/libgwrl/test/reactor_options.c
FN:4,main
FNDA:9,main
FNF:1
FNH:1
BRDA:14,0,0,0
BRDA:14,0,1,9
BRDA:22,0,0,0
BRDA:22,0,1,9
BRF:4
BRH:2
DA:4,9
DA:5,9
DA:7,9
DA:8,9
DA:9,9
DA:10,9
DA:12,9
DA:13,9
DA:14,9
DA:16,9
DA:17,9
DA:18,9
DA:19,9
DA:20,9
DA:21,9
DA:22,9
DA:24,9
LF:17
LH:17
end_of_record
TN:
SF:/Users/aaronsmith/Development/Aaron/libgwrl/test/reactor_safely.c
FN:6,event
FN:11,main
FNDA:8,event
FNDA:8,main
FNF:2
FNH:2
BRDA:26,0,0,0
BRDA:26,0,1,8
BRDA:37,1,0,16
BRDA:37,1,1,8
BRDA:39,0,0,16
BRDA:39,0,1,0
BRDA:44,0,0,0
BRDA:44,0,1,8
BRF:8
BRH:5
DA:6,8
DA:7,8
DA:8,8
DA:9,8
DA:11,8
DA:12,8
DA:13,8
DA:14,8
DA:15,8
DA:16,8
DA:17,8
DA:18,8
DA:21,8
DA:24,8
DA:25,8
DA:26,8
DA:29,8
DA:30,8
DA:31,8
DA:32,8
DA:35,8
DA:36,8
DA:37,24
DA:38,16
DA:39,16
DA:40,16
DA:41,16
DA:42,16
DA:43,16
DA:44,8
DA:45,8
DA:47,8
LF:32
LH:32
end_of_record
TN:
SF:/Users/aaronsmith/Development/Aaron/libgwrl/test/reactor_src.c
FN:4,main
FNDA:7,main
FNF:1
FNH:1
BRDA:18,0,0,0
BRDA:18,0,1,7
BRDA:20,0,0,0
BRDA:20,0,1,7
BRDA:22,0,0,0
BRDA:22,0,1,7
BRDA:31,0,0,0
BRDA:31,0,1,7
BRDA:32,0,0,0
BRDA:32,0,1,7
BRDA:33,0,0,0
BRDA:33,0,1,7
BRDA:35,0,0,0
BRDA:35,0,1,7
BRDA:37,0,0,0
BRDA:37,0,1,7
BRDA:39,0,0,0
BRDA:39,0,1,7
BRDA:49,0,0,0
BRDA:49,0,1,7
BRDA:50,0,0,0
BRDA:50,0,1,7
BRDA:51,0,0,0
BRDA:51,0,1,7
BRF:24
BRH:12
DA:4,7
DA:5,7
DA:6,7
DA:7,7
DA:8,7
DA:10,7
DA:13,7
DA:14,7
DA:15,7
DA:16,7
DA:17,7
DA:18,7
DA:19,7
DA:20,7
DA:21,7
DA:22,7
DA:23,7
DA:26,7
DA:27,7
DA:28,7
DA:29,7
DA:30,7
DA:31,7
DA:32,7
DA:33,7
DA:34,7
DA:35,7
DA:36,7
DA:37,7
DA:38,7
DA:39,7
DA:41,7
DA:42,7
DA:43,7
DA:44,7
DA:45,7
DA:46,7
DA:47,7
DA:48,7
DA:49,7
DA:50,7
DA:51,7
DA:53,7
LF:43
LH:43
end_of_record
TN:
SF:/Users/aaronsmith/Development/Aaron/libgwrl/test/reactor_timeout_rearm.c
FN:6,timeout1
FN:15,main
FNDA:60,timeout1
FNDA:6,main
FNF:2
FNH:2
DA:6,60
DA:7,60
DA:8,60
DA:9,6
DA:10,6
DA:11,54
DA:13,60
DA:15,6
DA:16,6
DA:17,6
DA:18,6
DA:19,6
DA:20,6
LF:13
LH:13
end_of_record
TN:
SF:/Users/aaronsmith/Development/Aaron/libgwrl/test/reactor_timer_interval.c
FN:6,interval
FN:13,main
FNDA:50,interval
FNDA:5,main
FNF:2
FNH:2
DA:6,50
DA:7,50
DA:8,50
DA:9,5
DA:10,5
DA:11,50
DA:13,5
DA:14,5
DA:15,5
DA:16,5
DA:17,5
LF:11
LH:11
end_of_record
TN:
SF:/Users/aaronsmith/Development/Aaron/libgwrl/test/reactor_timers.c
FN:12,functionCall
FN:17,delayedFunctionCall
FN:22,futureTimeout
FN:28,timeout1
FN:33,timeout2
FN:39,timeout3
FN:44,main
FNDA:16,timeout1
FNDA:4,timeout3
FNDA:16,functionCall
FNDA:4,timeout2
FNDA:4,delayedFunctionCall
FNDA:4,futureTimeout
FNDA:4,main
FNF:7
FNH:7
BRDA:71,0,0,0
BRDA:71,0,1,4
BRDA:72,0,0,0
BRDA:72,0,1,4
BRDA:73,0,0,0
BRDA:73,0,1,4
BRDA:74,0,0,0
BRDA:74,0,1,4
BRF:8
BRH:4
DA:12,16
DA:14,16
DA:15,16
DA:17,4
DA:19,4
DA:20,4
DA:22,4
DA:24,4
DA:25,4
DA:26,4
DA:28,16
DA:29,16
DA:31,16
DA:33,4
DA:35,4
DA:36,4
DA:37,4
DA:39,4
DA:41,4
DA:42,4
DA:44,4
DA:45,4
DA:46,4
DA:48,4
DA:49,4
DA:50,4
DA:51,4
DA:52,4
DA:53,4
DA:54,4
DA:55,4
DA:56,4
DA:58,4
DA:61,4
DA:64,4
DA:67,4
DA:68,4
DA:70,4
DA:71,4
DA:72,4
DA:73,4
DA:74,4
DA:76,4
LF:43
LH:43
end_of_record
TN:
SF:/Users/aaronsmith/Development/Aaron/libgwrl/test/reactor_wake_pipe.c
FN:9,timeout
FN:14,threadMain
FN:20,start_thread
FN:24,main
FNDA:3,start_thread
FNDA:3,timeout
FNDA:3,main
FNDA:3,threadMain
FNF:4
FNH:4
DA:9,3
DA:10,3
DA:11,3
DA:12,3
DA:14,3
DA:15,3
DA:16,3
DA:17,3
DA:20,3
DA:21,3
DA:22,3
DA:24,3
DA:25,3
DA:26,3
DA:27,3
DA:28,3
DA:29,3
DA:30,3
LF:18
LH:18
end_of_record
TN:
SF:/Users/aaronsmith/Development/Aaron/libgwrl/test/reactor_wake_reinit.c
FN:4,timeout2
FN:8,timeout
FN:14,main
FNDA:2,timeout
FNDA:2,timeout2
FNDA:2,main
FNF:3
FNH:3
DA:4,2
DA:5,2
DA:6,2
DA:8,2
DA:9,2
DA:10,2
DA:11,2
DA:12,2
DA:14,2
DA:16,2
DA:17,2
DA:18,2
DA:19,2
DA:23,2
LF:14
LH:14
end_of_record
TN:
SF:/Users/aaronsmith/Development/Aaron/libgwrl/test/time_fncs.c
FN:4,main
FNDA:1,main
FNF:1
FNH:1
BRDA:14,0,0,0
BRDA:14,0,1,1
BRDA:17,0,0,0
BRDA:17,0,1,1
BRDA:23,0,0,0
BRDA:23,0,1,1
BRDA:29,0,0,0
BRDA:29,0,1,1
BRDA:35,0,0,0
BRDA:35,0,1,1
BRDA:36,0,0,0
BRDA:36,0,1,1
BRDA:39,0,0,0
BRDA:39,0,1,1
BRDA:40,0,0,0
BRDA:40,0,1,1
BRDA:41,0,0,0
BRDA:41,0,1,1
BRDA:47,0,0,0
BRDA:47,0,1,1
BRDA:52,0,0,0
BRDA:52,0,1,1
BRDA:57,0,0,0
BRDA:57,0,1,1
BRDA:61,0,0,0
BRDA:61,0,1,1
BRDA:62,0,0,0
BRDA:62,0,1,1
BRDA:66,0,0,0
BRDA:66,0,1,1
BRDA:72,0,0,0
BRDA:72,0,1,1
BRDA:75,0,0,0
BRDA:75,0,1,1
BRDA:76,0,0,0
BRDA:76,0,1,1
BRDA:82,0,0,0
BRDA:82,0,1,1
BRF:38
BRH:19
DA:4,1
DA:5,1
DA:6,1
DA:7,1
DA:8,1
DA:9,1
DA:10,1
DA:12,1
DA:13,1
DA:14,1
DA:16,1
DA:17,1
DA:19,1
DA:20,1
DA:21,1
DA:22,1
DA:23,1
DA:25,1
DA:26,1
DA:27,1
DA:28,1
DA:29,1
DA:31,1
DA:32,1
DA:34,1
DA:35,1
DA:36,1
DA:38,1
DA:39,1
DA:40,1
DA:41,1
DA:43,1
DA:44,1
DA:45,1
DA:46,1
DA:47,1
DA:49,1
DA:50,1
DA:51,1
DA:52,1
DA:54,1
DA:55,1
DA:56,1
DA:57,1
DA:59,1
DA:60,1
DA:61,1
DA:62,1
DA:64,1
DA:65,1
DA:66,1
DA:69,1
DA:70,1
DA:71,1
DA:72,1
DA:73,1
DA:75,1
DA:76,1
DA:78,1
DA:79,1
DA:80,1
DA:81,1
DA:82,1
DA:84,1
LF:64
LH:64
end_of_record
