TN:
SF:/Users/aaronsmith/Development/Aaron/libgwrl/src/gwrl/event.c
FN:14,gwrl_create
FN:60,gwrl_evt_create
FN:86,gwrl_src_time_create
FN:115,gwrl_src_file_create
FN:135,gwrl_set_fd
FN:144,gwrl_set_timeout
FN:153,gwrl_set_interval
FN:162,gwrl_set_date_timeout
FN:171,gwrl_post_function
FN:178,gwrl_post_function_safely
FN:185,gwrl_set_options
FN:209,gwrl_add_gather_fnc
FN:228,gwrl_reset_gather_fncs
FN:235,gwrl_free
FN:360,gwrl_evt_free
FN:376,gwrl_evt_free_list
FN:386,gwrl_allow_poll_sleep
FN:392,gwrl_src_add
FN:401,gwrl_src_add_safely
FN:413,gwrl_post_evt_safely
FN:425,gwrl_src_del
FN:457,gwrl_src_remove
FN:462,gwrl_del_persistent_timeouts
FN:497,gwrl_post_evt
FN:505,gwrl_src_enable
FN:520,gwrl_src_disable
FN:527,gwrl_stop
FN:532,gwrl_time_gather
FN:609,gwrl_install_queued_sources
FN:623,gwrl_install_queued_events
FN:637,gwrl_dispatch
FN:657,gwrl_run_once
FN:673,gwrl_run
FNDA:1,gwrl_create
FNDA:0,gwrl_evt_create
FNDA:0,gwrl_src_time_create
FNDA:1,gwrl_src_file_create
FNDA:0,gwrl_set_fd
FNDA:0,gwrl_set_timeout
FNDA:0,gwrl_set_interval
FNDA:0,gwrl_set_date_timeout
FNDA:0,gwrl_post_function
FNDA:0,gwrl_post_function_safely
FNDA:0,gwrl_set_options
FNDA:0,gwrl_add_gather_fnc
FNDA:0,gwrl_reset_gather_fncs
FNDA:0,gwrl_free
FNDA:0,gwrl_evt_free
FNDA:0,gwrl_evt_free_list
FNDA:0,gwrl_allow_poll_sleep
FNDA:1,gwrl_src_add
FNDA:0,gwrl_src_add_safely
FNDA:0,gwrl_post_evt_safely
FNDA:0,gwrl_src_del
FNDA:0,gwrl_src_remove
FNDA:0,gwrl_del_persistent_timeouts
FNDA:0,gwrl_post_evt
FNDA:0,gwrl_src_enable
FNDA:0,gwrl_src_disable
FNDA:0,gwrl_stop
FNDA:0,gwrl_time_gather
FNDA:0,gwrl_install_queued_sources
FNDA:0,gwrl_install_queued_events
FNDA:0,gwrl_dispatch
FNDA:0,gwrl_run_once
FNDA:0,gwrl_run
FNF:33
FNH:3
BRDA:100,0,0,-
BRDA:100,0,1,-
BRDA:101,0,0,-
BRDA:101,0,1,-
BRDA:105,0,0,-
BRDA:105,0,1,-
BRDA:110,0,0,-
BRDA:110,0,1,-
BRDA:138,0,0,-
BRDA:138,0,1,-
BRDA:147,0,0,-
BRDA:147,0,1,-
BRDA:156,0,0,-
BRDA:156,0,1,-
BRDA:165,0,0,-
BRDA:165,0,1,-
BRDA:173,0,0,-
BRDA:173,0,1,-
BRDA:180,0,0,-
BRDA:180,0,1,-
BRDA:190,0,0,-
BRDA:190,0,1,-
BRDA:192,1,0,-
BRDA:192,1,1,-
BRDA:195,1,0,-
BRDA:195,1,1,-
BRDA:197,0,0,-
BRDA:197,0,1,-
BRDA:197,1,2,-
BRDA:197,1,3,-
BRDA:204,0,0,-
BRDA:204,0,1,-
BRDA:212,0,0,-
BRDA:212,0,1,-
BRDA:213,0,0,-
BRDA:213,0,1,-
BRDA:253,0,0,-
BRDA:253,0,1,-
BRDA:255,1,0,-
BRDA:255,1,1,-
BRDA:269,0,0,-
BRDA:269,0,1,-
BRDA:275,1,0,-
BRDA:275,1,1,-
BRDA:279,0,0,-
BRDA:279,0,1,-
BRDA:287,1,0,-
BRDA:287,1,1,-
BRDA:290,1,0,-
BRDA:290,1,1,-
BRDA:293,0,0,-
BRDA:293,0,1,-
BRDA:297,0,0,-
BRDA:297,0,1,-
BRDA:300,0,0,-
BRDA:300,0,1,-
BRDA:311,0,0,-
BRDA:311,0,1,-
BRDA:316,1,0,-
BRDA:316,1,1,-
BRDA:319,0,0,-
BRDA:319,0,1,-
BRDA:323,0,0,-
BRDA:323,0,1,-
BRDA:326,0,0,-
BRDA:326,0,1,-
BRDA:337,0,0,-
BRDA:337,0,1,-
BRDA:342,1,0,-
BRDA:342,1,1,-
BRDA:349,0,0,-
BRDA:349,0,1,-
BRDA:367,0,0,-
BRDA:367,0,1,-
BRDA:378,0,0,-
BRDA:378,0,1,-
BRDA:396,0,0,1
BRDA:396,0,1,0
BRDA:409,0,0,-
BRDA:409,0,1,-
BRDA:421,0,0,-
BRDA:421,0,1,-
BRDA:431,0,0,-
BRDA:431,0,1,-
BRDA:431,1,2,-
BRDA:431,1,3,-
BRDA:434,1,0,-
BRDA:434,1,1,-
BRDA:438,1,0,-
BRDA:438,1,1,-
BRDA:439,0,0,-
BRDA:439,0,1,-
BRDA:446,0,0,-
BRDA:446,0,1,-
BRDA:451,0,0,-
BRDA:451,0,1,-
BRDA:452,0,0,-
BRDA:452,0,1,-
BRDA:473,0,0,-
BRDA:473,0,1,-
BRDA:474,0,0,-
BRDA:474,0,1,-
BRDA:476,0,0,-
BRDA:476,0,1,-
BRDA:477,0,0,-
BRDA:477,0,1,-
BRDA:478,0,0,-
BRDA:478,0,1,-
BRDA:486,1,0,-
BRDA:486,1,1,-
BRDA:509,0,0,-
BRDA:509,0,1,-
BRDA:513,1,0,-
BRDA:513,1,1,-
BRDA:541,0,0,-
BRDA:541,0,1,-
BRDA:544,0,0,-
BRDA:544,0,1,-
BRDA:548,0,0,-
BRDA:548,0,1,-
BRDA:548,1,2,-
BRDA:548,1,3,-
BRDA:548,2,4,-
BRDA:548,2,5,-
BRDA:556,0,0,-
BRDA:556,0,1,-
BRDA:558,1,0,-
BRDA:558,1,1,-
BRDA:562,0,0,-
BRDA:562,0,1,-
BRDA:567,0,0,-
BRDA:567,0,1,-
BRDA:567,1,2,-
BRDA:567,1,3,-
BRDA:568,0,0,-
BRDA:568,0,1,-
BRDA:575,0,0,-
BRDA:575,0,1,-
BRDA:588,0,0,-
BRDA:588,0,1,-
BRDA:588,1,2,-
BRDA:588,1,3,-
BRDA:589,0,0,-
BRDA:589,0,1,-
BRDA:596,0,0,-
BRDA:596,0,1,-
BRDA:602,0,0,-
BRDA:602,0,1,-
BRDA:615,0,0,-
BRDA:615,0,1,-
BRDA:629,0,0,-
BRDA:629,0,1,-
BRDA:642,0,0,-
BRDA:642,0,1,-
BRDA:643,0,0,-
BRDA:643,0,1,-
BRDA:645,0,0,-
BRDA:645,0,1,-
BRDA:645,1,2,-
BRDA:645,1,3,-
BRDA:645,2,4,-
BRDA:645,2,5,-
BRDA:653,0,0,-
BRDA:653,0,1,-
BRDA:660,0,0,-
BRDA:660,0,1,-
BRDA:664,0,0,-
BRDA:664,0,1,-
BRDA:666,1,0,-
BRDA:666,1,1,-
BRDA:667,0,0,-
BRDA:667,0,1,-
BRDA:677,0,0,-
BRDA:677,0,1,-
BRDA:678,0,0,-
BRDA:678,0,1,-
BRDA:680,0,0,-
BRDA:680,0,1,-
BRDA:686,0,0,-
BRDA:686,0,1,-
BRDA:688,1,0,-
BRDA:688,1,1,-
BRDA:689,0,0,-
BRDA:689,0,1,-
BRF:184
BRH:1
DA:15,1
DA:16,1
DA:26,1
DA:29,1
DA:38,1
DA:40,1
DA:51,1
DA:52,1
DA:55,1
DA:56,1
DA:60,0
DA:61,0
DA:62,0
DA:63,0
DA:64,0
DA:65,0
DA:66,0
DA:67,0
DA:68,0
DA:69,0
DA:77,0
DA:78,0
DA:79,0
DA:80,0
DA:81,0
DA:82,0
DA:86,0
DA:87,0
DA:88,0
DA:89,0
DA:96,0
DA:97,0
DA:98,0
DA:99,0
DA:100,0
DA:101,0
DA:102,0
DA:103,0
DA:104,0
DA:105,0
DA:106,0
DA:107,0
DA:108,0
DA:109,0
DA:110,0
DA:111,0
DA:115,1
DA:116,1
DA:117,1
DA:118,1
DA:125,1
DA:126,1
DA:127,1
DA:128,1
DA:129,1
DA:130,1
DA:131,1
DA:135,0
DA:136,0
DA:137,0
DA:138,0
DA:139,0
DA:140,0
DA:144,0
DA:145,0
DA:146,0
DA:147,0
DA:148,0
DA:149,0
DA:153,0
DA:154,0
DA:155,0
DA:156,0
DA:157,0
DA:158,0
DA:162,0
DA:163,0
DA:164,0
DA:165,0
DA:166,0
DA:167,0
DA:171,0
DA:172,0
DA:173,0
DA:174,0
DA:175,0
DA:178,0
DA:179,0
DA:180,0
DA:181,0
DA:182,0
DA:185,0
DA:186,0
DA:187,0
DA:188,0
DA:189,0
DA:190,0
DA:191,0
DA:192,0
DA:193,0
DA:194,0
DA:195,0
DA:197,0
DA:198,0
DA:199,0
DA:200,0
DA:201,0
DA:202,0
DA:203,0
DA:204,0
DA:205,0
DA:206,0
DA:209,0
DA:210,0
DA:211,0
DA:212,0
DA:213,0
DA:214,0
DA:215,0
DA:216,0
DA:218,0
DA:225,0
DA:228,0
DA:229,0
DA:230,0
DA:231,0
DA:232,0
DA:235,0
DA:236,0
DA:237,0
DA:238,0
DA:239,0
DA:240,0
DA:241,0
DA:242,0
DA:253,0
DA:254,0
DA:255,0
DA:256,0
DA:257,0
DA:258,0
DA:259,0
DA:260,0
DA:265,0
DA:266,0
DA:269,0
DA:270,0
DA:271,0
DA:272,0
DA:275,0
DA:276,0
DA:277,0
DA:278,0
DA:279,0
DA:280,0
DA:281,0
DA:282,0
DA:283,0
DA:287,0
DA:288,0
DA:289,0
DA:290,0
DA:291,0
DA:292,0
DA:293,0
DA:294,0
DA:295,0
DA:296,0
DA:297,0
DA:298,0
DA:299,0
DA:300,0
DA:301,0
DA:302,0
DA:303,0
DA:304,0
DA:307,0
DA:308,0
DA:311,0
DA:312,0
DA:313,0
DA:314,0
DA:315,0
DA:316,0
DA:317,0
DA:318,0
DA:319,0
DA:320,0
DA:321,0
DA:322,0
DA:323,0
DA:324,0
DA:325,0
DA:326,0
DA:327,0
DA:328,0
DA:329,0
DA:330,0
DA:333,0
DA:334,0
DA:337,0
DA:338,0
DA:339,0
DA:340,0
DA:341,0
DA:342,0
DA:343,0
DA:344,0
DA:345,0
DA:346,0
DA:347,0
DA:349,0
DA:350,0
DA:351,0
DA:352,0
DA:353,0
DA:354,0
DA:355,0
DA:356,0
DA:357,0
DA:360,0
DA:361,0
DA:362,0
DA:363,0
DA:364,0
DA:365,0
DA:366,0
DA:367,0
DA:368,0
DA:369,0
DA:370,0
DA:371,0
DA:373,0
DA:376,0
DA:377,0
DA:378,0
DA:379,0
DA:380,0
DA:381,0
DA:382,0
DA:383,0
DA:386,0
DA:387,0
DA:388,0
DA:389,0
DA:392,1
DA:393,1
DA:394,0
DA:395,1
DA:396,1
DA:397,1
DA:398,1
DA:401,0
DA:402,0
DA:403,0
DA:404,0
DA:405,0
DA:406,0
DA:407,0
DA:408,0
DA:409,0
DA:410,0
DA:413,0
DA:414,0
DA:415,0
DA:416,0
DA:417,0
DA:418,0
DA:419,0
DA:420,0
DA:421,0
DA:422,0
DA:425,0
DA:426,0
DA:427,0
DA:428,0
DA:430,0
DA:431,0
DA:432,0
DA:433,0
DA:434,0
DA:435,0
DA:436,0
DA:437,0
DA:438,0
DA:439,0
DA:440,0
DA:441,0
DA:442,0
DA:444,0
DA:446,0
DA:447,0
DA:448,0
DA:449,0
DA:451,0
DA:452,0
DA:453,0
DA:454,0
DA:457,0
DA:458,0
DA:459,0
DA:462,0
DA:463,0
DA:464,0
DA:465,0
DA:466,0
DA:467,0
DA:468,0
DA:469,0
DA:473,0
DA:474,0
DA:475,0
DA:476,0
DA:477,0
DA:478,0
DA:479,0
DA:480,0
DA:481,0
DA:482,0
DA:483,0
DA:486,0
DA:487,0
DA:488,0
DA:489,0
DA:490,0
DA:493,0
DA:494,0
DA:497,0
DA:498,0
DA:499,0
DA:500,0
DA:501,0
DA:502,0
DA:505,0
DA:506,0
DA:507,0
DA:508,0
DA:509,0
DA:510,0
DA:511,0
DA:512,0
DA:513,0
DA:514,0
DA:515,0
DA:516,0
DA:517,0
DA:520,0
DA:521,0
DA:522,0
DA:523,0
DA:524,0
DA:527,0
DA:528,0
DA:529,0
DA:532,0
DA:533,0
DA:534,0
DA:535,0
DA:536,0
DA:537,0
DA:538,0
DA:539,0
DA:540,0
DA:541,0
DA:542,0
DA:543,0
DA:544,0
DA:546,0
DA:548,0
DA:550,0
DA:551,0
DA:552,0
DA:554,0
DA:556,0
DA:557,0
DA:558,0
DA:559,0
DA:560,0
DA:562,0
DA:564,0
DA:565,0
DA:567,0
DA:568,0
DA:569,0
DA:570,0
DA:573,0
DA:575,0
DA:576,0
DA:577,0
DA:578,0
DA:579,0
DA:580,0
DA:581,0
DA:582,0
DA:583,0
DA:584,0
DA:587,0
DA:588,0
DA:589,0
DA:590,0
DA:591,0
DA:596,0
DA:597,0
DA:598,0
DA:599,0
DA:600,0
DA:602,0
DA:603,0
DA:604,0
DA:605,0
DA:606,0
DA:609,0
DA:610,0
DA:611,0
DA:612,0
DA:613,0
DA:614,0
DA:615,0
DA:616,0
DA:617,0
DA:618,0
DA:619,0
DA:620,0
DA:623,0
DA:624,0
DA:625,0
DA:626,0
DA:627,0
DA:628,0
DA:629,0
DA:630,0
DA:631,0
DA:632,0
DA:633,0
DA:634,0
DA:637,0
DA:638,0
DA:639,0
DA:640,0
DA:641,0
DA:642,0
DA:643,0
DA:644,0
DA:645,0
DA:646,0
DA:647,0
DA:648,0
DA:649,0
DA:650,0
DA:651,0
DA:652,0
DA:653,0
DA:654,0
DA:657,0
DA:658,0
DA:659,0
DA:660,0
DA:661,0
DA:662,0
DA:663,0
DA:664,0
DA:665,0
DA:666,0
DA:667,0
DA:668,0
DA:669,0
DA:670,0
DA:673,0
DA:674,0
DA:675,0
DA:676,0
DA:677,0
DA:678,0
DA:679,0
DA:680,0
DA:681,0
DA:682,0
DA:684,0
DA:685,0
DA:686,0
DA:687,0
DA:688,0
DA:689,0
DA:690,0
DA:691,0
DA:692,0
DA:693,0
LF:487
LH:27
end_of_record
SF:/usr/include/secure/_string.h
FN:59,__inline_memcpy_chk
FNDA:1,__inline_memcpy_chk
FNF:1
FNH:1
DA:59,1
DA:61,1
LF:2
LH:2
end_of_record
TN:
SF:/Users/aaronsmith/Development/Aaron/libgwrl/src/gwrl/event_kqueue.c
FN:21,gwrl_bkd_init
FN:47,gwrl_bkd_set_options
FN:64,gwrl_bkd_free
FN:72,gwrl_bkd_kevent
FN:90,gwrl_src_file_update_flags
FN:114,gwrl_bkd_src_add
FN:130,gwrl_bkd_del_src
FN:142,gwrl_bkd_enable_src
FN:154,gwrl_bkd_disable_src
FN:166,gwrl_bkd_gather
FNDA:1,gwrl_bkd_init
FNDA:0,gwrl_bkd_set_options
FNDA:0,gwrl_bkd_free
FNDA:1,gwrl_bkd_kevent
FNDA:0,gwrl_src_file_update_flags
FNDA:1,gwrl_bkd_src_add
FNDA:0,gwrl_bkd_del_src
FNDA:0,gwrl_bkd_enable_src
FNDA:0,gwrl_bkd_disable_src
FNDA:0,gwrl_bkd_gather
FNF:10
FNH:3
BRDA:95,1,0,-
BRDA:95,1,1,-
BRDA:95,2,2,-
BRDA:95,2,3,-
BRDA:100,0,0,-
BRDA:100,0,1,-
BRDA:106,0,0,-
BRDA:106,0,1,-
BRDA:106,1,2,-
BRDA:106,1,3,-
BRDA:119,0,0,0
BRDA:119,0,1,1
BRDA:123,0,0,0
BRDA:123,0,1,1
BRDA:125,0,0,-
BRDA:125,0,1,-
BRDA:135,0,0,-
BRDA:135,0,1,-
BRDA:147,0,0,-
BRDA:147,0,1,-
BRDA:159,0,0,-
BRDA:159,0,1,-
BRDA:178,0,0,-
BRDA:178,0,1,-
BRDA:182,0,0,-
BRDA:182,0,1,-
BRDA:182,1,2,-
BRDA:182,1,3,-
BRDA:186,0,0,-
BRDA:186,0,1,-
BRDA:196,0,0,-
BRDA:196,0,1,-
BRDA:197,0,0,-
BRDA:197,0,1,-
BRDA:197,1,2,-
BRDA:197,1,3,-
BRDA:197,2,4,-
BRDA:197,2,5,-
BRDA:199,0,0,-
BRDA:199,0,1,-
BRDA:200,1,0,-
BRDA:200,1,1,-
BRDA:205,0,0,-
BRDA:205,0,1,-
BRDA:207,0,0,-
BRDA:207,0,1,-
BRDA:210,0,0,-
BRDA:210,0,1,-
BRDA:215,0,0,-
BRDA:215,0,1,-
BRDA:215,1,2,-
BRDA:215,1,3,-
BRDA:217,1,0,-
BRDA:217,1,1,-
BRDA:217,2,2,-
BRDA:217,2,3,-
BRDA:221,0,0,-
BRDA:221,0,1,-
BRDA:221,1,2,-
BRDA:221,1,3,-
BRDA:225,0,0,-
BRDA:225,0,1,-
BRDA:227,1,0,-
BRDA:227,1,1,-
BRDA:231,0,0,-
BRDA:231,0,1,-
BRDA:233,1,0,-
BRDA:233,1,1,-
BRF:68
BRH:2
DA:21,1
DA:22,1
DA:31,1
DA:41,1
DA:42,1
DA:43,1
DA:44,1
DA:47,0
DA:48,0
DA:49,0
DA:50,0
DA:51,0
DA:52,0
DA:61,0
DA:62,0
DA:64,0
DA:65,0
DA:66,0
DA:67,0
DA:68,0
DA:69,0
DA:70,0
DA:72,1
DA:73,1
DA:74,1
DA:75,1
DA:76,1
DA:77,1
DA:78,1
DA:79,1
DA:80,1
DA:81,1
DA:82,1
DA:88,1
DA:90,0
DA:91,0
DA:93,0
DA:94,0
DA:95,0
DA:97,0
DA:98,0
DA:100,0
DA:102,0
DA:103,0
DA:104,0
DA:106,0
DA:108,0
DA:109,0
DA:111,0
DA:112,0
DA:114,1
DA:115,1
DA:117,1
DA:118,1
DA:119,1
DA:120,1
DA:121,1
DA:123,1
DA:124,0
DA:125,0
DA:126,0
DA:127,0
DA:128,1
DA:130,0
DA:131,0
DA:132,0
DA:133,0
DA:135,0
DA:136,0
DA:137,0
DA:139,0
DA:140,0
DA:142,0
DA:143,0
DA:144,0
DA:145,0
DA:147,0
DA:148,0
DA:149,0
DA:151,0
DA:152,0
DA:154,0
DA:155,0
DA:156,0
DA:157,0
DA:159,0
DA:160,0
DA:161,0
DA:163,0
DA:164,0
DA:166,0
DA:167,0
DA:168,0
DA:169,0
DA:170,0
DA:171,0
DA:172,0
DA:173,0
DA:174,0
DA:175,0
DA:176,0
DA:178,0
DA:179,0
DA:180,0
DA:182,0
DA:183,0
DA:184,0
DA:186,0
DA:187,0
DA:188,0
DA:190,0
DA:192,0
DA:193,0
DA:194,0
DA:196,0
DA:197,0
DA:199,0
DA:200,0
DA:201,0
DA:202,0
DA:203,0
DA:204,0
DA:205,0
DA:207,0
DA:208,0
DA:210,0
DA:211,0
DA:212,0
DA:213,0
DA:215,0
DA:216,0
DA:217,0
DA:218,0
DA:219,0
DA:221,0
DA:222,0
DA:223,0
DA:225,0
DA:226,0
DA:227,0
DA:228,0
DA:229,0
DA:231,0
DA:232,0
DA:233,0
DA:234,0
DA:235,0
DA:236,0
DA:238,0
DA:239,0
DA:240,0
DA:241,0
LF:152
LH:28
end_of_record
TN:
SF:/Users/aaronsmith/Development/Aaron/libgwrl/src/gwrl/event_wake_pipe.c
FN:4,gwrl_wake
FN:15,gwrl_wake_init
FN:34,gwrl_wake_free
FN:39,gwrl_wake_activity
FNDA:1,gwrl_wake
FNDA:1,gwrl_wake_init
FNDA:0,gwrl_wake_free
FNDA:0,gwrl_wake_activity
FNF:4
FNH:2
BRDA:9,0,0,-
BRDA:9,0,1,-
BRDA:9,1,2,-
BRDA:9,1,3,-
BRDA:17,0,0,0
BRDA:17,0,1,1
BRDA:47,0,0,-
BRDA:47,0,1,-
BRDA:48,0,0,-
BRDA:48,0,1,-
BRDA:48,1,2,-
BRDA:48,1,3,-
BRDA:48,2,4,-
BRDA:48,2,5,-
BRDA:51,0,0,-
BRDA:51,0,1,-
BRDA:53,0,0,-
BRDA:53,0,1,-
BRF:18
BRH:1
DA:4,1
DA:5,1
DA:6,0
DA:7,0
DA:8,0
DA:9,0
DA:10,0
DA:12,0
DA:13,1
DA:15,1
DA:16,1
DA:17,1
DA:21,0
DA:22,1
DA:23,1
DA:24,1
DA:31,1
DA:32,1
DA:34,0
DA:35,0
DA:36,0
DA:37,0
DA:39,0
DA:40,0
DA:41,0
DA:42,0
DA:43,0
DA:44,0
DA:45,0
DA:46,0
DA:47,0
DA:48,0
DA:49,0
DA:51,0
DA:53,0
DA:54,0
DA:55,0
DA:58,0
DA:59,0
DA:60,0
DA:61,0
DA:62,0
DA:63,0
DA:64,0
LF:44
LH:11
end_of_record
TN:
SF:/Users/aaronsmith/Development/Aaron/libgwrl/src/gwrl/lock.c
FN:9,lockid_init
FN:18,lockid_lock
FN:29,lockid_unlock
FN:40,lockid_free
FNDA:2,lockid_init
FNDA:0,lockid_lock
FNDA:0,lockid_unlock
FNDA:0,lockid_free
FNF:4
FNH:1
DA:9,2
DA:15,2
DA:18,0
DA:20,0
DA:26,0
DA:29,0
DA:31,0
DA:37,0
DA:40,0
DA:46,0
LF:10
LH:2
end_of_record
TN:
SF:/Users/aaronsmith/Development/Aaron/libgwrl/src/gwrl/proactor.c
FN:11,gwpr_create
FN:43,gwprdata_create
FN:78,gwpr_set_fd
FN:91,gwprbufctl_create
FN:103,gwprbuf_free
FN:109,gwpr_set_options
FN:114,gwpr_src_add
FN:127,gwpr_src_add_safely
FN:140,gwpr_src_remove
FN:146,gwpr_src_del
FN:152,gwpr_filter_add
FN:185,gwpr_filter_reset
FN:199,gwpr_set_cb
FN:224,gwpr_buf_get
FN:249,gwpr_buf_getp
FN:274,gwpr_buf_get_tagged
FN:281,gwpr_buf_get_with_data
FN:290,gwpr_buf_free
FNDA:1,gwpr_create
FNDA:0,gwprdata_create
FNDA:0,gwpr_set_fd
FNDA:1,gwprbufctl_create
FNDA:0,gwprbuf_free
FNDA:1,gwpr_set_options
FNDA:0,gwpr_src_add
FNDA:0,gwpr_src_add_safely
FNDA:0,gwpr_src_remove
FNDA:0,gwpr_src_del
FNDA:0,gwpr_filter_add
FNDA:0,gwpr_filter_reset
FNDA:0,gwpr_set_cb
FNDA:4,gwpr_buf_get
FNDA:0,gwpr_buf_getp
FNDA:1,gwpr_buf_get_tagged
FNDA:1,gwpr_buf_get_with_data
FNDA:0,gwpr_buf_free
FNF:18
FNH:6
BRDA:164,1,0,-
BRDA:164,1,1,-
BRDA:165,0,0,-
BRDA:165,0,1,-
BRDA:171,1,0,-
BRDA:171,1,1,-
BRDA:172,1,0,-
BRDA:172,1,1,-
BRDA:173,0,0,-
BRDA:173,0,1,-
BRDA:180,0,0,-
BRDA:180,0,1,-
BRDA:189,0,0,-
BRDA:189,0,1,-
BRDA:191,1,0,-
BRDA:191,1,1,-
BRDA:191,2,2,-
BRDA:191,2,3,-
BRDA:284,0,0,-
BRDA:284,0,1,-
BRF:20
BRH:0
DA:11,1
DA:12,1
DA:13,1
DA:18,1
DA:27,1
DA:36,1
DA:37,1
DA:38,1
DA:39,1
DA:44,0
DA:52,0
DA:53,0
DA:54,0
DA:57,0
DA:65,0
DA:74,0
DA:78,0
DA:79,0
DA:80,0
DA:84,0
DA:85,0
DA:86,0
DA:87,0
DA:92,1
DA:99,1
DA:103,0
DA:104,0
DA:105,0
DA:106,0
DA:109,1
DA:110,1
DA:111,1
DA:114,0
DA:115,0
DA:116,0
DA:120,0
DA:121,0
DA:122,0
DA:123,0
DA:124,0
DA:127,0
DA:128,0
DA:129,0
DA:133,0
DA:134,0
DA:135,0
DA:136,0
DA:137,0
DA:140,0
DA:141,0
DA:142,0
DA:143,0
DA:146,0
DA:147,0
DA:148,0
DA:149,0
DA:152,0
DA:154,0
DA:155,0
DA:156,0
DA:163,0
DA:164,0
DA:165,0
DA:166,0
DA:167,0
DA:168,0
DA:170,0
DA:171,0
DA:172,0
DA:173,0
DA:174,0
DA:175,0
DA:176,0
DA:178,0
DA:179,0
DA:180,0
DA:182,0
DA:185,0
DA:187,0
DA:189,0
DA:190,0
DA:191,0
DA:192,0
DA:193,0
DA:196,0
DA:199,0
DA:200,0
DA:201,0
DA:203,0
DA:204,0
DA:206,0
DA:207,0
DA:209,0
DA:210,0
DA:212,0
DA:213,0
DA:215,0
DA:216,0
DA:218,0
DA:219,0
DA:221,0
DA:224,4
DA:225,4
DA:233,4
DA:242,4
DA:243,4
DA:245,4
DA:249,0
DA:250,0
DA:259,0
DA:267,0
DA:268,0
DA:270,0
DA:274,1
DA:275,1
DA:276,1
DA:277,1
DA:281,1
DA:282,1
DA:283,0
DA:284,0
DA:285,0
DA:286,0
DA:287,1
DA:290,0
DA:291,0
DA:292,0
LF:127
LH:27
end_of_record
SF:/usr/include/secure/_string.h
FN:59,__inline_memcpy_chk
FNDA:1,__inline_memcpy_chk
FNF:1
FNH:1
DA:59,1
DA:61,1
LF:2
LH:2
end_of_record
TN:
SF:/Users/aaronsmith/Development/Aaron/libgwrl/test/proactor_buf.c
FN:4,main
FNDA:1,main
FNF:1
FNH:1
BRDA:11,0,0,1
BRDA:11,0,1,0
BRDA:11,2,2,0
BRDA:11,2,3,1
BRDA:12,0,0,0
BRDA:12,0,1,1
BRDA:13,0,0,0
BRDA:13,0,1,1
BRDA:14,0,0,0
BRDA:14,0,1,1
BRDA:17,0,0,0
BRDA:17,0,1,1
BRDA:20,0,0,0
BRDA:20,0,1,1
BRF:14
BRH:7
DA:4,1
DA:5,1
DA:6,1
DA:7,1
DA:8,1
DA:9,1
DA:11,1
DA:12,1
DA:13,1
DA:14,1
DA:16,1
DA:17,1
DA:19,1
DA:20,1
DA:22,1
LF:15
LH:15
end_of_record
TN:
SF:/Users/aaronsmith/Development/Aaron/libgwrl/src/gwrl/proactor_imp.c
FN:9,io_activity
FN:13,gwpr_src_activity
FN:324,gwpr_free
FN:373,gwpr_write_buffer
FN:403,gwpr_synchronous_write
FN:579,gwpr_asynchronous_write
FN:598,gwpr_accept
FN:612,gwpr_connect
FN:630,gwpr_asynchronous_read
FN:648,gwpr_stop_read
FN:656,gwpr_read
FN:661,gwpr_recv
FN:666,gwpr_recvfrom
FN:672,gwpr_write
FN:688,gwpr_send
FN:702,gwpr_sendto
FN:717,gwprwrq_get
FN:739,gwprwrq_free
FN:752,gwprwrq_free_list_no_cache
FN:764,gwprwrq_putback
FN:790,gwprwrq_add
FNDA:0,io_activity
FNDA:0,gwpr_src_activity
FNDA:0,gwpr_free
FNDA:0,gwpr_write_buffer
FNDA:0,gwpr_synchronous_write
FNDA:0,gwpr_asynchronous_write
FNDA:0,gwpr_accept
FNDA:0,gwpr_connect
FNDA:0,gwpr_asynchronous_read
FNDA:0,gwpr_stop_read
FNDA:0,gwpr_read
FNDA:0,gwpr_recv
FNDA:0,gwpr_recvfrom
FNDA:0,gwpr_write
FNDA:0,gwpr_send
FNDA:0,gwpr_sendto
FNDA:0,gwprwrq_get
FNDA:0,gwprwrq_free
FNDA:0,gwprwrq_free_list_no_cache
FNDA:0,gwprwrq_putback
FNDA:0,gwprwrq_add
FNF:21
FNH:0
BRDA:24,0,0,-
BRDA:24,0,1,-
BRDA:29,0,0,-
BRDA:29,0,1,-
BRDA:33,1,0,-
BRDA:33,1,1,-
BRDA:35,0,0,-
BRDA:35,0,1,-
BRDA:38,1,0,-
BRDA:38,1,1,-
BRDA:39,0,0,-
BRDA:39,0,1,-
BRDA:40,0,0,-
BRDA:40,0,1,-
BRDA:57,0,0,-
BRDA:57,0,1,-
BRDA:62,1,0,-
BRDA:62,1,1,-
BRDA:67,0,0,-
BRDA:67,0,1,-
BRDA:70,1,0,-
BRDA:70,1,1,-
BRDA:70,3,2,-
BRDA:70,3,3,-
BRDA:73,0,0,-
BRDA:73,0,1,-
BRDA:77,1,0,-
BRDA:77,1,1,-
BRDA:78,1,0,-
BRDA:78,1,1,-
BRDA:81,0,0,-
BRDA:81,0,1,-
BRDA:84,1,0,-
BRDA:84,1,1,-
BRDA:84,3,2,-
BRDA:84,3,3,-
BRDA:87,0,0,-
BRDA:87,0,1,-
BRDA:90,0,0,-
BRDA:90,0,1,-
BRDA:90,1,2,-
BRDA:90,1,3,-
BRDA:91,1,0,-
BRDA:91,1,1,-
BRDA:92,0,0,-
BRDA:92,0,1,-
BRDA:99,0,0,-
BRDA:99,0,1,-
BRDA:99,1,2,-
BRDA:99,1,3,-
BRDA:104,0,0,-
BRDA:104,0,1,-
BRDA:104,1,2,-
BRDA:104,1,3,-
BRDA:104,2,4,-
BRDA:104,2,5,-
BRDA:104,3,6,-
BRDA:104,3,7,-
BRDA:110,0,0,-
BRDA:110,0,1,-
BRDA:110,1,2,-
BRDA:110,1,3,-
BRDA:110,2,4,-
BRDA:110,2,5,-
BRDA:115,0,0,-
BRDA:115,0,1,-
BRDA:115,1,2,-
BRDA:115,1,3,-
BRDA:127,1,0,-
BRDA:127,1,1,-
BRDA:127,2,2,-
BRDA:127,2,3,-
BRDA:132,0,0,-
BRDA:132,0,1,-
BRDA:135,0,0,-
BRDA:135,0,1,-
BRDA:147,0,0,-
BRDA:147,0,1,-
BRDA:157,0,0,-
BRDA:157,0,1,-
BRDA:162,1,0,-
BRDA:162,1,1,-
BRDA:169,0,0,-
BRDA:169,0,1,-
BRDA:177,0,0,-
BRDA:177,0,1,-
BRDA:177,1,2,-
BRDA:177,1,3,-
BRDA:180,1,0,-
BRDA:180,1,1,-
BRDA:181,0,0,-
BRDA:181,0,1,-
BRDA:187,0,0,-
BRDA:187,0,1,-
BRDA:188,0,0,-
BRDA:188,0,1,-
BRDA:189,0,0,-
BRDA:189,0,1,-
BRDA:194,0,0,-
BRDA:194,0,1,-
BRDA:199,0,0,-
BRDA:199,0,1,-
BRDA:205,1,0,-
BRDA:205,1,1,-
BRDA:206,0,0,-
BRDA:206,0,1,-
BRDA:210,0,0,-
BRDA:210,0,1,-
BRDA:210,1,2,-
BRDA:210,1,3,-
BRDA:210,2,4,-
BRDA:210,2,5,-
BRDA:214,0,0,-
BRDA:214,0,1,-
BRDA:224,0,0,-
BRDA:224,0,1,-
BRDA:224,1,2,-
BRDA:224,1,3,-
BRDA:228,0,0,-
BRDA:228,0,1,-
BRDA:230,0,0,-
BRDA:230,0,1,-
BRDA:234,0,0,-
BRDA:234,0,1,-
BRDA:234,1,2,-
BRDA:234,1,3,-
BRDA:234,2,4,-
BRDA:234,2,5,-
BRDA:242,0,0,-
BRDA:242,0,1,-
BRDA:242,1,2,-
BRDA:242,1,3,-
BRDA:248,0,0,-
BRDA:248,0,1,-
BRDA:256,0,0,-
BRDA:256,0,1,-
BRDA:268,0,0,-
BRDA:268,0,1,-
BRDA:268,1,2,-
BRDA:268,1,3,-
BRDA:277,0,0,-
BRDA:277,0,1,-
BRDA:278,0,0,-
BRDA:278,0,1,-
BRDA:284,0,0,-
BRDA:284,0,1,-
BRDA:292,0,0,-
BRDA:292,0,1,-
BRDA:299,0,0,-
BRDA:299,0,1,-
BRDA:300,0,0,-
BRDA:300,0,1,-
BRDA:310,0,0,-
BRDA:310,0,1,-
BRDA:311,0,0,-
BRDA:311,0,1,-
BRDA:328,0,0,-
BRDA:328,0,1,-
BRDA:330,1,0,-
BRDA:330,1,1,-
BRDA:331,0,0,-
BRDA:331,0,1,-
BRDA:335,0,0,-
BRDA:335,0,1,-
BRDA:337,0,0,-
BRDA:337,0,1,-
BRDA:341,0,0,-
BRDA:341,0,1,-
BRDA:345,0,0,-
BRDA:345,0,1,-
BRDA:349,0,0,-
BRDA:349,0,1,-
BRDA:361,0,0,-
BRDA:361,0,1,-
BRDA:364,0,0,-
BRDA:364,0,1,-
BRDA:380,0,0,-
BRDA:380,0,1,-
BRDA:383,0,0,-
BRDA:383,0,1,-
BRDA:384,1,0,-
BRDA:384,1,1,-
BRDA:384,2,2,-
BRDA:384,2,3,-
BRDA:384,4,4,-
BRDA:384,4,5,-
BRDA:385,1,0,-
BRDA:385,1,1,-
BRDA:386,1,0,-
BRDA:386,1,1,-
BRDA:386,2,2,-
BRDA:386,2,3,-
BRDA:386,4,4,-
BRDA:386,4,5,-
BRDA:387,1,0,-
BRDA:387,1,1,-
BRDA:388,1,0,-
BRDA:388,1,1,-
BRDA:388,2,2,-
BRDA:388,2,3,-
BRDA:388,4,4,-
BRDA:388,4,5,-
BRDA:391,0,0,-
BRDA:391,0,1,-
BRDA:395,1,0,-
BRDA:395,1,1,-
BRDA:409,0,0,-
BRDA:409,0,1,-
BRDA:422,0,0,-
BRDA:422,0,1,-
BRDA:422,1,2,-
BRDA:422,1,3,-
BRDA:428,1,0,-
BRDA:428,1,1,-
BRDA:430,0,0,-
BRDA:430,0,1,-
BRDA:438,0,0,-
BRDA:438,0,1,-
BRDA:445,1,0,-
BRDA:445,1,1,-
BRDA:446,0,0,-
BRDA:446,0,1,-
BRDA:456,0,0,-
BRDA:456,0,1,-
BRDA:464,1,0,-
BRDA:464,1,1,-
BRDA:469,0,0,-
BRDA:469,0,1,-
BRDA:471,0,0,-
BRDA:471,0,1,-
BRDA:477,1,0,-
BRDA:477,1,1,-
BRDA:486,1,0,-
BRDA:486,1,1,-
BRDA:487,0,0,-
BRDA:487,0,1,-
BRDA:501,0,0,-
BRDA:501,0,1,-
BRDA:503,0,0,-
BRDA:503,0,1,-
BRDA:508,1,0,-
BRDA:508,1,1,-
BRDA:511,0,0,-
BRDA:511,0,1,-
BRDA:511,1,2,-
BRDA:511,1,3,-
BRDA:511,2,4,-
BRDA:511,2,5,-
BRDA:525,0,0,-
BRDA:525,0,1,-
BRDA:525,1,2,-
BRDA:525,1,3,-
BRDA:533,0,0,-
BRDA:533,0,1,-
BRDA:538,1,0,-
BRDA:538,1,1,-
BRDA:545,0,0,-
BRDA:545,0,1,-
BRDA:545,1,2,-
BRDA:545,1,3,-
BRDA:545,2,4,-
BRDA:545,2,5,-
BRDA:552,0,0,-
BRDA:552,0,1,-
BRDA:562,0,0,-
BRDA:562,0,1,-
BRDA:563,0,0,-
BRDA:563,0,1,-
BRDA:563,1,2,-
BRDA:563,1,3,-
BRDA:564,0,0,-
BRDA:564,0,1,-
BRDA:564,1,2,-
BRDA:564,1,3,-
BRDA:565,0,0,-
BRDA:565,0,1,-
BRDA:565,1,2,-
BRDA:565,1,3,-
BRDA:569,1,0,-
BRDA:569,1,1,-
BRDA:588,0,0,-
BRDA:588,0,1,-
BRDA:590,0,0,-
BRDA:590,0,1,-
BRDA:677,0,0,-
BRDA:677,0,1,-
BRDA:681,0,0,-
BRDA:681,0,1,-
BRDA:691,0,0,-
BRDA:691,0,1,-
BRDA:695,0,0,-
BRDA:695,0,1,-
BRDA:706,0,0,-
BRDA:706,0,1,-
BRDA:710,0,0,-
BRDA:710,0,1,-
BRDA:722,0,0,-
BRDA:722,0,1,-
BRDA:729,1,0,-
BRDA:729,1,1,-
BRDA:745,0,0,-
BRDA:745,0,1,-
BRDA:755,0,0,-
BRDA:755,0,1,-
BRDA:772,1,0,-
BRDA:772,1,1,-
BRDA:776,0,0,-
BRDA:776,0,1,-
BRDA:778,1,0,-
BRDA:778,1,1,-
BRDA:782,0,0,-
BRDA:782,0,1,-
BRDA:796,0,0,-
BRDA:796,0,1,-
BRF:314
BRH:0
DA:9,0
DA:10,0
DA:13,0
DA:14,0
DA:15,0
DA:16,0
DA:17,0
DA:18,0
DA:19,0
DA:20,0
DA:21,0
DA:22,0
DA:24,0
DA:25,0
DA:26,0
DA:27,0
DA:29,0
DA:32,0
DA:33,0
DA:34,0
DA:35,0
DA:36,0
DA:37,0
DA:38,0
DA:39,0
DA:40,0
DA:41,0
DA:42,0
DA:43,0
DA:44,0
DA:45,0
DA:46,0
DA:48,0
DA:49,0
DA:50,0
DA:51,0
DA:54,0
DA:55,0
DA:57,0
DA:61,0
DA:62,0
DA:63,0
DA:64,0
DA:65,0
DA:67,0
DA:68,0
DA:69,0
DA:70,0
DA:71,0
DA:73,0
DA:74,0
DA:75,0
DA:76,0
DA:77,0
DA:78,0
DA:79,0
DA:81,0
DA:82,0
DA:83,0
DA:84,0
DA:85,0
DA:87,0
DA:89,0
DA:90,0
DA:91,0
DA:92,0
DA:93,0
DA:94,0
DA:95,0
DA:96,0
DA:97,0
DA:99,0
DA:101,0
DA:102,0
DA:104,0
DA:107,0
DA:108,0
DA:110,0
DA:113,0
DA:115,0
DA:117,0
DA:118,0
DA:119,0
DA:120,0
DA:121,0
DA:122,0
DA:125,0
DA:127,0
DA:128,0
DA:129,0
DA:130,0
DA:132,0
DA:135,0
DA:138,0
DA:139,0
DA:140,0
DA:141,0
DA:142,0
DA:143,0
DA:144,0
DA:145,0
DA:147,0
DA:149,0
DA:150,0
DA:151,0
DA:152,0
DA:153,0
DA:154,0
DA:155,0
DA:156,0
DA:157,0
DA:158,0
DA:159,0
DA:160,0
DA:162,0
DA:166,0
DA:167,0
DA:168,0
DA:169,0
DA:170,0
DA:171,0
DA:172,0
DA:173,0
DA:174,0
DA:177,0
DA:179,0
DA:180,0
DA:181,0
DA:182,0
DA:183,0
DA:184,0
DA:187,0
DA:188,0
DA:189,0
DA:192,0
DA:194,0
DA:196,0
DA:197,0
DA:199,0
DA:203,0
DA:204,0
DA:205,0
DA:206,0
DA:207,0
DA:208,0
DA:210,0
DA:213,0
DA:214,0
DA:215,0
DA:216,0
DA:217,0
DA:218,0
DA:219,0
DA:220,0
DA:222,0
DA:224,0
DA:228,0
DA:229,0
DA:230,0
DA:231,0
DA:234,0
DA:238,0
DA:239,0
DA:242,0
DA:244,0
DA:245,0
DA:246,0
DA:247,0
DA:248,0
DA:249,0
DA:250,0
DA:251,0
DA:252,0
DA:253,0
DA:256,0
DA:260,0
DA:261,0
DA:264,0
DA:265,0
DA:266,0
DA:268,0
DA:270,0
DA:271,0
DA:272,0
DA:273,0
DA:274,0
DA:275,0
DA:277,0
DA:278,0
DA:280,0
DA:281,0
DA:282,0
DA:283,0
DA:284,0
DA:285,0
DA:286,0
DA:287,0
DA:288,0
DA:289,0
DA:291,0
DA:292,0
DA:293,0
DA:294,0
DA:295,0
DA:297,0
DA:299,0
DA:300,0
DA:302,0
DA:303,0
DA:304,0
DA:305,0
DA:306,0
DA:308,0
DA:310,0
DA:311,0
DA:313,0
DA:314,0
DA:315,0
DA:316,0
DA:317,0
DA:319,0
DA:320,0
DA:321,0
DA:324,0
DA:325,0
DA:326,0
DA:327,0
DA:328,0
DA:329,0
DA:330,0
DA:331,0
DA:332,0
DA:333,0
DA:334,0
DA:335,0
DA:336,0
DA:337,0
DA:338,0
DA:339,0
DA:340,0
DA:341,0
DA:342,0
DA:343,0
DA:344,0
DA:345,0
DA:346,0
DA:347,0
DA:348,0
DA:349,0
DA:350,0
DA:351,0
DA:352,0
DA:353,0
DA:354,0
DA:355,0
DA:356,0
DA:357,0
DA:358,0
DA:359,0
DA:360,0
DA:361,0
DA:362,0
DA:363,0
DA:364,0
DA:365,0
DA:366,0
DA:367,0
DA:368,0
DA:369,0
DA:370,0
DA:373,0
DA:374,0
DA:375,0
DA:376,0
DA:377,0
DA:378,0
DA:380,0
DA:381,0
DA:383,0
DA:384,0
DA:385,0
DA:386,0
DA:387,0
DA:388,0
DA:389,0
DA:391,0
DA:392,0
DA:393,0
DA:394,0
DA:395,0
DA:396,0
DA:397,0
DA:399,0
DA:400,0
DA:403,0
DA:404,0
DA:405,0
DA:409,0
DA:415,0
DA:416,0
DA:417,0
DA:418,0
DA:419,0
DA:420,0
DA:422,0
DA:427,0
DA:428,0
DA:429,0
DA:430,0
DA:431,0
DA:434,0
DA:435,0
DA:436,0
DA:437,0
DA:438,0
DA:439,0
DA:440,0
DA:441,0
DA:444,0
DA:445,0
DA:446,0
DA:447,0
DA:448,0
DA:449,0
DA:452,0
DA:453,0
DA:454,0
DA:456,0
DA:460,0
DA:463,0
DA:464,0
DA:467,0
DA:468,0
DA:469,0
DA:470,0
DA:471,0
DA:472,0
DA:473,0
DA:476,0
DA:477,0
DA:484,0
DA:485,0
DA:486,0
DA:487,0
DA:490,0
DA:491,0
DA:492,0
DA:498,0
DA:501,0
DA:502,0
DA:503,0
DA:504,0
DA:507,0
DA:508,0
DA:509,0
DA:511,0
DA:516,0
DA:517,0
DA:520,0
DA:521,0
DA:522,0
DA:525,0
DA:532,0
DA:533,0
DA:534,0
DA:537,0
DA:538,0
DA:539,0
DA:542,0
DA:543,0
DA:545,0
DA:549,0
DA:550,0
DA:552,0
DA:557,0
DA:558,0
DA:559,0
DA:560,0
DA:561,0
DA:562,0
DA:563,0
DA:564,0
DA:565,0
DA:568,0
DA:569,0
DA:570,0
DA:571,0
DA:572,0
DA:575,0
DA:579,0
DA:580,0
DA:581,0
DA:582,0
DA:583,0
DA:584,0
DA:585,0
DA:586,0
DA:587,0
DA:588,0
DA:589,0
DA:590,0
DA:591,0
DA:592,0
DA:593,0
DA:594,0
DA:595,0
DA:598,0
DA:599,0
DA:600,0
DA:601,0
DA:602,0
DA:603,0
DA:604,0
DA:606,0
DA:607,0
DA:608,0
DA:609,0
DA:612,0
DA:613,0
DA:614,0
DA:615,0
DA:616,0
DA:617,0
DA:618,0
DA:619,0
DA:620,0
DA:622,0
DA:623,0
DA:624,0
DA:625,0
DA:626,0
DA:627,0
DA:630,0
DA:631,0
DA:632,0
DA:633,0
DA:634,0
DA:635,0
DA:636,0
DA:637,0
DA:639,0
DA:640,0
DA:641,0
DA:642,0
DA:643,0
DA:644,0
DA:645,0
DA:648,0
DA:649,0
DA:650,0
DA:651,0
DA:652,0
DA:653,0
DA:656,0
DA:657,0
DA:661,0
DA:662,0
DA:666,0
DA:667,0
DA:672,0
DA:673,0
DA:674,0
DA:675,0
DA:676,0
DA:677,0
DA:678,0
DA:679,0
DA:681,0
DA:682,0
DA:683,0
DA:684,0
DA:685,0
DA:688,0
DA:689,0
DA:690,0
DA:691,0
DA:692,0
DA:693,0
DA:695,0
DA:696,0
DA:697,0
DA:698,0
DA:699,0
DA:702,0
DA:703,0
DA:704,0
DA:705,0
DA:706,0
DA:707,0
DA:708,0
DA:710,0
DA:711,0
DA:712,0
DA:713,0
DA:714,0
DA:717,0
DA:718,0
DA:719,0
DA:720,0
DA:721,0
DA:722,0
DA:723,0
DA:724,0
DA:725,0
DA:727,0
DA:728,0
DA:729,0
DA:730,0
DA:731,0
DA:732,0
DA:734,0
DA:735,0
DA:739,0
DA:740,0
DA:741,0
DA:742,0
DA:743,0
DA:744,0
DA:745,0
DA:746,0
DA:747,0
DA:749,0
DA:752,0
DA:753,0
DA:754,0
DA:755,0
DA:756,0
DA:757,0
DA:758,0
DA:759,0
DA:760,0
DA:761,0
DA:764,0
DA:765,0
DA:766,0
DA:767,0
DA:768,0
DA:769,0
DA:770,0
DA:771,0
DA:772,0
DA:773,0
DA:774,0
DA:775,0
DA:776,0
DA:777,0
DA:778,0
DA:779,0
DA:780,0
DA:781,0
DA:782,0
DA:783,0
DA:784,0
DA:785,0
DA:787,0
DA:790,0
DA:791,0
DA:792,0
DA:793,0
DA:794,0
DA:795,0
DA:796,0
DA:797,0
DA:798,0
DA:799,0
DA:800,0
DA:801,0
DA:804,0
LF:568
LH:0
end_of_record
SF:/usr/include/secure/_string.h
FN:59,__inline_memcpy_chk
FNDA:0,__inline_memcpy_chk
FNF:1
FNH:0
DA:59,0
DA:61,0
LF:2
LH:0
end_of_record
TN:
SF:/Users/aaronsmith/Development/Aaron/libgwrl/src/gwrl/socket.c
FN:8,gwsk_sockaddr_size
FN:15,gwsk_sockaddr_port
FN:22,gwsk_sockaddr_print
FN:32,gwsk_addrinfo_print
FN:36,gwsk_startup
FN:44,gwsk_cleanup
FN:51,gwsk_connect
FN:78,gwsk_accept
FN:104,gwsk_close
FN:112,gwsk_nonblock
FN:121,gwsk_reuseaddr
FN:129,skctlinfo_free
FN:135,skctl_str_for_flag
FN:156,skctl
FN:345,skctl_tcp_server
FN:357,skctl_udp_server
FN:369,skctl_tcp_client
FN:380,skctl_udp_client
FN:391,skctl_udp_connected_client
FNDA:0,gwsk_sockaddr_size
FNDA:0,gwsk_sockaddr_port
FNDA:0,gwsk_sockaddr_print
FNDA:0,gwsk_addrinfo_print
FNDA:0,gwsk_startup
FNDA:0,gwsk_cleanup
FNDA:0,gwsk_connect
FNDA:0,gwsk_accept
FNDA:0,gwsk_close
FNDA:0,gwsk_nonblock
FNDA:0,gwsk_reuseaddr
FNDA:0,skctlinfo_free
FNDA:0,skctl_str_for_flag
FNDA:0,skctl
FNDA:0,skctl_tcp_server
FNDA:0,skctl_udp_server
FNDA:0,skctl_tcp_client
FNDA:0,skctl_udp_client
FNDA:0,skctl_udp_connected_client
FNF:19
FNH:0
BRDA:11,0,0,-
BRDA:11,0,1,-
BRDA:18,0,0,-
BRDA:18,0,1,-
BRDA:27,0,0,-
BRDA:27,0,1,-
BRDA:61,0,0,-
BRDA:61,0,1,-
BRDA:70,0,0,-
BRDA:70,0,1,-
BRDA:71,0,0,-
BRDA:71,0,1,-
BRDA:88,0,0,-
BRDA:88,0,1,-
BRDA:97,0,0,-
BRDA:97,0,1,-
BRDA:132,0,0,-
BRDA:132,0,1,-
BRDA:138,0,0,-
BRDA:138,0,1,-
BRDA:140,0,0,-
BRDA:140,0,1,-
BRDA:142,0,0,-
BRDA:142,0,1,-
BRDA:144,0,0,-
BRDA:144,0,1,-
BRDA:146,0,0,-
BRDA:146,0,1,-
BRDA:148,0,0,-
BRDA:148,0,1,-
BRDA:150,0,0,-
BRDA:150,0,1,-
BRDA:168,0,0,-
BRDA:168,0,1,-
BRDA:170,0,0,-
BRDA:170,0,1,-
BRDA:175,0,0,-
BRDA:175,0,1,-
BRDA:175,1,2,-
BRDA:175,1,3,-
BRDA:180,0,0,-
BRDA:180,0,1,-
BRDA:185,0,0,-
BRDA:185,0,1,-
BRDA:186,0,0,-
BRDA:186,0,1,-
BRDA:186,1,2,-
BRDA:186,1,3,-
BRDA:197,0,0,-
BRDA:197,0,1,-
BRDA:202,0,0,-
BRDA:202,0,1,-
BRDA:229,1,0,-
BRDA:229,1,1,-
BRDA:235,0,0,-
BRDA:235,0,1,-
BRDA:239,0,0,-
BRDA:239,0,1,-
BRDA:260,0,0,-
BRDA:260,0,1,-
BRDA:269,0,0,-
BRDA:269,0,1,-
BRDA:273,0,0,-
BRDA:273,0,1,-
BRDA:278,0,0,-
BRDA:278,0,1,-
BRDA:283,0,0,-
BRDA:283,0,1,-
BRDA:287,0,0,-
BRDA:287,0,1,-
BRDA:292,0,0,-
BRDA:292,0,1,-
BRDA:296,0,0,-
BRDA:296,0,1,-
BRDA:301,0,0,-
BRDA:301,0,1,-
BRDA:305,0,0,-
BRDA:305,0,1,-
BRDA:315,0,0,-
BRDA:315,0,1,-
BRDA:315,1,2,-
BRDA:315,1,3,-
BRDA:316,0,0,-
BRDA:316,0,1,-
BRDA:326,0,0,-
BRDA:326,0,1,-
BRDA:333,0,0,-
BRDA:333,0,1,-
BRF:88
BRH:0
DA:8,0
DA:9,0
DA:10,0
DA:11,0
DA:12,0
DA:13,0
DA:15,0
DA:16,0
DA:17,0
DA:18,0
DA:19,0
DA:20,0
DA:22,0
DA:23,0
DA:24,0
DA:25,0
DA:26,0
DA:27,0
DA:28,0
DA:29,0
DA:30,0
DA:32,0
DA:33,0
DA:34,0
DA:41,0
DA:48,0
DA:51,0
DA:52,0
DA:58,0
DA:59,0
DA:60,0
DA:61,0
DA:70,0
DA:71,0
DA:73,0
DA:75,0
DA:78,0
DA:79,0
DA:85,0
DA:86,0
DA:87,0
DA:88,0
DA:97,0
DA:99,0
DA:101,0
DA:104,0
DA:108,0
DA:110,0
DA:112,0
DA:117,0
DA:121,0
DA:125,0
DA:129,0
DA:130,0
DA:131,0
DA:132,0
DA:133,0
DA:135,0
DA:136,0
DA:137,0
DA:138,0
DA:139,0
DA:140,0
DA:141,0
DA:142,0
DA:143,0
DA:144,0
DA:145,0
DA:146,0
DA:147,0
DA:148,0
DA:149,0
DA:150,0
DA:151,0
DA:153,0
DA:154,0
DA:156,0
DA:157,0
DA:158,0
DA:159,0
DA:160,0
DA:162,0
DA:163,0
DA:164,0
DA:165,0
DA:168,0
DA:170,0
DA:171,0
DA:172,0
DA:173,0
DA:175,0
DA:176,0
DA:177,0
DA:178,0
DA:179,0
DA:180,0
DA:185,0
DA:186,0
DA:189,0
DA:190,0
DA:191,0
DA:192,0
DA:194,0
DA:195,0
DA:197,0
DA:198,0
DA:199,0
DA:202,0
DA:229,0
DA:231,0
DA:232,0
DA:233,0
DA:235,0
DA:236,0
DA:237,0
DA:239,0
DA:249,0
DA:260,0
DA:261,0
DA:262,0
DA:263,0
DA:264,0
DA:267,0
DA:269,0
DA:271,0
DA:273,0
DA:276,0
DA:278,0
DA:279,0
DA:283,0
DA:285,0
DA:287,0
DA:288,0
DA:292,0
DA:294,0
DA:296,0
DA:297,0
DA:301,0
DA:303,0
DA:305,0
DA:306,0
DA:315,0
DA:316,0
DA:317,0
DA:319,0
DA:321,0
DA:322,0
DA:323,0
DA:326,0
DA:327,0
DA:328,0
DA:330,0
DA:331,0
DA:333,0
DA:337,0
DA:339,0
DA:340,0
DA:342,0
DA:343,0
DA:345,0
DA:346,0
DA:347,0
DA:348,0
DA:349,0
DA:350,0
DA:351,0
DA:352,0
DA:353,0
DA:354,0
DA:357,0
DA:358,0
DA:359,0
DA:360,0
DA:361,0
DA:362,0
DA:363,0
DA:364,0
DA:365,0
DA:366,0
DA:369,0
DA:370,0
DA:371,0
DA:372,0
DA:373,0
DA:374,0
DA:375,0
DA:376,0
DA:377,0
DA:380,0
DA:381,0
DA:382,0
DA:383,0
DA:384,0
DA:385,0
DA:386,0
DA:387,0
DA:388,0
DA:391,0
DA:392,0
DA:393,0
DA:394,0
DA:395,0
DA:396,0
DA:397,0
DA:398,0
DA:399,0
LF:206
LH:0
end_of_record
SF:/usr/include/libkern/i386/_OSByteOrder.h
FN:46,_OSSwapInt16
FNDA:0,_OSSwapInt16
FNF:1
FNH:0
DA:47,0
DA:50,0
LF:2
LH:0
end_of_record
TN:
SF:/Users/aaronsmith/Development/Aaron/libgwrl/src/gwrl/time.c
FN:8,gwtm_gettimeofday_timespec
FN:14,gwtm_ms_to_timeval
FN:23,gwtm_ms_to_timespec
FN:32,gwtm_timeval_to_ms
FN:41,gwtm_timespec_to_ms
FN:50,gwtm_add_ms_to_timeval
FN:60,gwtm_add_ms_to_timespec
FN:70,gwtm_timespec_cmp
FN:79,gwtm_timespec_copy_if_smaller
FN:88,gwtm_timespec_sub_into
FN:97,gwtm_timespec_is_expired
FN:103,gwtm_timeval_to_timespec
FN:108,gwtm_timespec_to_timeval
FNDA:0,gwtm_gettimeofday_timespec
FNDA:0,gwtm_ms_to_timeval
FNDA:0,gwtm_ms_to_timespec
FNDA:0,gwtm_timeval_to_ms
FNDA:0,gwtm_timespec_to_ms
FNDA:0,gwtm_add_ms_to_timeval
FNDA:0,gwtm_add_ms_to_timespec
FNDA:0,gwtm_timespec_cmp
FNDA:0,gwtm_timespec_copy_if_smaller
FNDA:0,gwtm_timespec_sub_into
FNDA:0,gwtm_timespec_is_expired
FNDA:0,gwtm_timeval_to_timespec
FNDA:0,gwtm_timespec_to_timeval
FNF:13
FNH:0
BRDA:33,0,0,-
BRDA:33,0,1,-
BRDA:42,0,0,-
BRDA:42,0,1,-
BRDA:54,1,0,-
BRDA:54,1,1,-
BRDA:64,1,0,-
BRDA:64,1,1,-
BRDA:72,0,0,-
BRDA:72,0,1,-
BRDA:73,0,0,-
BRDA:73,0,1,-
BRDA:74,0,0,-
BRDA:74,0,1,-
BRDA:82,0,0,-
BRDA:82,0,1,-
BRDA:91,0,0,-
BRDA:91,0,1,-
BRDA:99,0,0,-
BRDA:99,0,1,-
BRDA:99,1,2,-
BRDA:99,1,3,-
BRF:22
BRH:0
DA:8,0
DA:9,0
DA:10,0
DA:11,0
DA:12,0
DA:14,0
DA:15,0
DA:16,0
DA:17,0
DA:18,0
DA:19,0
DA:20,0
DA:21,0
DA:23,0
DA:24,0
DA:25,0
DA:26,0
DA:27,0
DA:28,0
DA:29,0
DA:30,0
DA:32,0
DA:33,0
DA:34,0
DA:35,0
DA:37,0
DA:38,0
DA:39,0
DA:41,0
DA:42,0
DA:43,0
DA:44,0
DA:46,0
DA:47,0
DA:48,0
DA:50,0
DA:51,0
DA:52,0
DA:53,0
DA:54,0
DA:55,0
DA:56,0
DA:57,0
DA:58,0
DA:60,0
DA:61,0
DA:62,0
DA:63,0
DA:64,0
DA:65,0
DA:66,0
DA:67,0
DA:68,0
DA:70,0
DA:71,0
DA:72,0
DA:73,0
DA:74,0
DA:75,0
DA:76,0
DA:77,0
DA:79,0
DA:80,0
DA:81,0
DA:82,0
DA:83,0
DA:85,0
DA:86,0
DA:88,0
DA:89,0
DA:90,0
DA:91,0
DA:92,0
DA:93,0
DA:94,0
DA:95,0
DA:97,0
DA:98,0
DA:99,0
DA:100,0
DA:101,0
DA:103,0
DA:104,0
DA:105,0
DA:106,0
DA:108,0
DA:109,0
DA:110,0
DA:111,0
LF:89
LH:0
end_of_record
SF:/usr/include/secure/_string.h
FN:59,__inline_memcpy_chk
FNDA:0,__inline_memcpy_chk
FNF:1
FNH:0
DA:59,0
DA:61,0
LF:2
LH:0
end_of_record
TN:
SF:/Users/aaronsmith/Development/Aaron/libgwrl/src/gwrl/event.c
FN:14,gwrl_create
FN:60,gwrl_evt_create
FN:86,gwrl_src_time_create
FN:115,gwrl_src_file_create
FN:135,gwrl_set_fd
FN:144,gwrl_set_timeout
FN:153,gwrl_set_interval
FN:162,gwrl_set_date_timeout
FN:171,gwrl_post_function
FN:178,gwrl_post_function_safely
FN:185,gwrl_set_options
FN:209,gwrl_add_gather_fnc
FN:228,gwrl_reset_gather_fncs
FN:235,gwrl_free
FN:360,gwrl_evt_free
FN:376,gwrl_evt_free_list
FN:386,gwrl_allow_poll_sleep
FN:392,gwrl_src_add
FN:401,gwrl_src_add_safely
FN:413,gwrl_post_evt_safely
FN:425,gwrl_src_del
FN:457,gwrl_src_remove
FN:462,gwrl_del_persistent_timeouts
FN:497,gwrl_post_evt
FN:505,gwrl_src_enable
FN:520,gwrl_src_disable
FN:527,gwrl_stop
FN:532,gwrl_time_gather
FN:609,gwrl_install_queued_sources
FN:623,gwrl_install_queued_events
FN:637,gwrl_dispatch
FN:657,gwrl_run_once
FN:673,gwrl_run
FNDA:1,gwrl_create
FNDA:0,gwrl_evt_create
FNDA:0,gwrl_src_time_create
FNDA:2,gwrl_src_file_create
FNDA:0,gwrl_set_fd
FNDA:0,gwrl_set_timeout
FNDA:0,gwrl_set_interval
FNDA:0,gwrl_set_date_timeout
FNDA:0,gwrl_post_function
FNDA:0,gwrl_post_function_safely
FNDA:0,gwrl_set_options
FNDA:0,gwrl_add_gather_fnc
FNDA:0,gwrl_reset_gather_fncs
FNDA:0,gwrl_free
FNDA:0,gwrl_evt_free
FNDA:0,gwrl_evt_free_list
FNDA:0,gwrl_allow_poll_sleep
FNDA:2,gwrl_src_add
FNDA:0,gwrl_src_add_safely
FNDA:0,gwrl_post_evt_safely
FNDA:0,gwrl_src_del
FNDA:0,gwrl_src_remove
FNDA:0,gwrl_del_persistent_timeouts
FNDA:0,gwrl_post_evt
FNDA:0,gwrl_src_enable
FNDA:0,gwrl_src_disable
FNDA:0,gwrl_stop
FNDA:0,gwrl_time_gather
FNDA:0,gwrl_install_queued_sources
FNDA:0,gwrl_install_queued_events
FNDA:0,gwrl_dispatch
FNDA:0,gwrl_run_once
FNDA:0,gwrl_run
FNF:33
FNH:3
BRDA:100,0,0,-
BRDA:100,0,1,-
BRDA:101,0,0,-
BRDA:101,0,1,-
BRDA:105,0,0,-
BRDA:105,0,1,-
BRDA:110,0,0,-
BRDA:110,0,1,-
BRDA:138,0,0,-
BRDA:138,0,1,-
BRDA:147,0,0,-
BRDA:147,0,1,-
BRDA:156,0,0,-
BRDA:156,0,1,-
BRDA:165,0,0,-
BRDA:165,0,1,-
BRDA:173,0,0,-
BRDA:173,0,1,-
BRDA:180,0,0,-
BRDA:180,0,1,-
BRDA:190,0,0,-
BRDA:190,0,1,-
BRDA:192,1,0,-
BRDA:192,1,1,-
BRDA:195,1,0,-
BRDA:195,1,1,-
BRDA:197,0,0,-
BRDA:197,0,1,-
BRDA:197,1,2,-
BRDA:197,1,3,-
BRDA:204,0,0,-
BRDA:204,0,1,-
BRDA:212,0,0,-
BRDA:212,0,1,-
BRDA:213,0,0,-
BRDA:213,0,1,-
BRDA:253,0,0,-
BRDA:253,0,1,-
BRDA:255,1,0,-
BRDA:255,1,1,-
BRDA:269,0,0,-
BRDA:269,0,1,-
BRDA:275,1,0,-
BRDA:275,1,1,-
BRDA:279,0,0,-
BRDA:279,0,1,-
BRDA:287,1,0,-
BRDA:287,1,1,-
BRDA:290,1,0,-
BRDA:290,1,1,-
BRDA:293,0,0,-
BRDA:293,0,1,-
BRDA:297,0,0,-
BRDA:297,0,1,-
BRDA:300,0,0,-
BRDA:300,0,1,-
BRDA:311,0,0,-
BRDA:311,0,1,-
BRDA:316,1,0,-
BRDA:316,1,1,-
BRDA:319,0,0,-
BRDA:319,0,1,-
BRDA:323,0,0,-
BRDA:323,0,1,-
BRDA:326,0,0,-
BRDA:326,0,1,-
BRDA:337,0,0,-
BRDA:337,0,1,-
BRDA:342,1,0,-
BRDA:342,1,1,-
BRDA:349,0,0,-
BRDA:349,0,1,-
BRDA:367,0,0,-
BRDA:367,0,1,-
BRDA:378,0,0,-
BRDA:378,0,1,-
BRDA:396,0,0,2
BRDA:396,0,1,0
BRDA:409,0,0,-
BRDA:409,0,1,-
BRDA:421,0,0,-
BRDA:421,0,1,-
BRDA:431,0,0,-
BRDA:431,0,1,-
BRDA:431,1,2,-
BRDA:431,1,3,-
BRDA:434,1,0,-
BRDA:434,1,1,-
BRDA:438,1,0,-
BRDA:438,1,1,-
BRDA:439,0,0,-
BRDA:439,0,1,-
BRDA:446,0,0,-
BRDA:446,0,1,-
BRDA:451,0,0,-
BRDA:451,0,1,-
BRDA:452,0,0,-
BRDA:452,0,1,-
BRDA:473,0,0,-
BRDA:473,0,1,-
BRDA:474,0,0,-
BRDA:474,0,1,-
BRDA:476,0,0,-
BRDA:476,0,1,-
BRDA:477,0,0,-
BRDA:477,0,1,-
BRDA:478,0,0,-
BRDA:478,0,1,-
BRDA:486,1,0,-
BRDA:486,1,1,-
BRDA:509,0,0,-
BRDA:509,0,1,-
BRDA:513,1,0,-
BRDA:513,1,1,-
BRDA:541,0,0,-
BRDA:541,0,1,-
BRDA:544,0,0,-
BRDA:544,0,1,-
BRDA:548,0,0,-
BRDA:548,0,1,-
BRDA:548,1,2,-
BRDA:548,1,3,-
BRDA:548,2,4,-
BRDA:548,2,5,-
BRDA:556,0,0,-
BRDA:556,0,1,-
BRDA:558,1,0,-
BRDA:558,1,1,-
BRDA:562,0,0,-
BRDA:562,0,1,-
BRDA:567,0,0,-
BRDA:567,0,1,-
BRDA:567,1,2,-
BRDA:567,1,3,-
BRDA:568,0,0,-
BRDA:568,0,1,-
BRDA:575,0,0,-
BRDA:575,0,1,-
BRDA:588,0,0,-
BRDA:588,0,1,-
BRDA:588,1,2,-
BRDA:588,1,3,-
BRDA:589,0,0,-
BRDA:589,0,1,-
BRDA:596,0,0,-
BRDA:596,0,1,-
BRDA:602,0,0,-
BRDA:602,0,1,-
BRDA:615,0,0,-
BRDA:615,0,1,-
BRDA:629,0,0,-
BRDA:629,0,1,-
BRDA:642,0,0,-
BRDA:642,0,1,-
BRDA:643,0,0,-
BRDA:643,0,1,-
BRDA:645,0,0,-
BRDA:645,0,1,-
BRDA:645,1,2,-
BRDA:645,1,3,-
BRDA:645,2,4,-
BRDA:645,2,5,-
BRDA:653,0,0,-
BRDA:653,0,1,-
BRDA:660,0,0,-
BRDA:660,0,1,-
BRDA:664,0,0,-
BRDA:664,0,1,-
BRDA:666,1,0,-
BRDA:666,1,1,-
BRDA:667,0,0,-
BRDA:667,0,1,-
BRDA:677,0,0,-
BRDA:677,0,1,-
BRDA:678,0,0,-
BRDA:678,0,1,-
BRDA:680,0,0,-
BRDA:680,0,1,-
BRDA:686,0,0,-
BRDA:686,0,1,-
BRDA:688,1,0,-
BRDA:688,1,1,-
BRDA:689,0,0,-
BRDA:689,0,1,-
BRF:184
BRH:1
DA:15,1
DA:16,1
DA:26,1
DA:29,1
DA:38,1
DA:40,1
DA:51,1
DA:52,1
DA:55,1
DA:56,1
DA:60,0
DA:61,0
DA:62,0
DA:63,0
DA:64,0
DA:65,0
DA:66,0
DA:67,0
DA:68,0
DA:69,0
DA:77,0
DA:78,0
DA:79,0
DA:80,0
DA:81,0
DA:82,0
DA:86,0
DA:87,0
DA:88,0
DA:89,0
DA:96,0
DA:97,0
DA:98,0
DA:99,0
DA:100,0
DA:101,0
DA:102,0
DA:103,0
DA:104,0
DA:105,0
DA:106,0
DA:107,0
DA:108,0
DA:109,0
DA:110,0
DA:111,0
DA:115,2
DA:116,2
DA:117,2
DA:118,2
DA:125,2
DA:126,2
DA:127,2
DA:128,2
DA:129,2
DA:130,2
DA:131,2
DA:135,0
DA:136,0
DA:137,0
DA:138,0
DA:139,0
DA:140,0
DA:144,0
DA:145,0
DA:146,0
DA:147,0
DA:148,0
DA:149,0
DA:153,0
DA:154,0
DA:155,0
DA:156,0
DA:157,0
DA:158,0
DA:162,0
DA:163,0
DA:164,0
DA:165,0
DA:166,0
DA:167,0
DA:171,0
DA:172,0
DA:173,0
DA:174,0
DA:175,0
DA:178,0
DA:179,0
DA:180,0
DA:181,0
DA:182,0
DA:185,0
DA:186,0
DA:187,0
DA:188,0
DA:189,0
DA:190,0
DA:191,0
DA:192,0
DA:193,0
DA:194,0
DA:195,0
DA:197,0
DA:198,0
DA:199,0
DA:200,0
DA:201,0
DA:202,0
DA:203,0
DA:204,0
DA:205,0
DA:206,0
DA:209,0
DA:210,0
DA:211,0
DA:212,0
DA:213,0
DA:214,0
DA:215,0
DA:216,0
DA:218,0
DA:225,0
DA:228,0
DA:229,0
DA:230,0
DA:231,0
DA:232,0
DA:235,0
DA:236,0
DA:237,0
DA:238,0
DA:239,0
DA:240,0
DA:241,0
DA:242,0
DA:253,0
DA:254,0
DA:255,0
DA:256,0
DA:257,0
DA:258,0
DA:259,0
DA:260,0
DA:265,0
DA:266,0
DA:269,0
DA:270,0
DA:271,0
DA:272,0
DA:275,0
DA:276,0
DA:277,0
DA:278,0
DA:279,0
DA:280,0
DA:281,0
DA:282,0
DA:283,0
DA:287,0
DA:288,0
DA:289,0
DA:290,0
DA:291,0
DA:292,0
DA:293,0
DA:294,0
DA:295,0
DA:296,0
DA:297,0
DA:298,0
DA:299,0
DA:300,0
DA:301,0
DA:302,0
DA:303,0
DA:304,0
DA:307,0
DA:308,0
DA:311,0
DA:312,0
DA:313,0
DA:314,0
DA:315,0
DA:316,0
DA:317,0
DA:318,0
DA:319,0
DA:320,0
DA:321,0
DA:322,0
DA:323,0
DA:324,0
DA:325,0
DA:326,0
DA:327,0
DA:328,0
DA:329,0
DA:330,0
DA:333,0
DA:334,0
DA:337,0
DA:338,0
DA:339,0
DA:340,0
DA:341,0
DA:342,0
DA:343,0
DA:344,0
DA:345,0
DA:346,0
DA:347,0
DA:349,0
DA:350,0
DA:351,0
DA:352,0
DA:353,0
DA:354,0
DA:355,0
DA:356,0
DA:357,0
DA:360,0
DA:361,0
DA:362,0
DA:363,0
DA:364,0
DA:365,0
DA:366,0
DA:367,0
DA:368,0
DA:369,0
DA:370,0
DA:371,0
DA:373,0
DA:376,0
DA:377,0
DA:378,0
DA:379,0
DA:380,0
DA:381,0
DA:382,0
DA:383,0
DA:386,0
DA:387,0
DA:388,0
DA:389,0
DA:392,2
DA:393,2
DA:394,1
DA:395,2
DA:396,2
DA:397,2
DA:398,2
DA:401,0
DA:402,0
DA:403,0
DA:404,0
DA:405,0
DA:406,0
DA:407,0
DA:408,0
DA:409,0
DA:410,0
DA:413,0
DA:414,0
DA:415,0
DA:416,0
DA:417,0
DA:418,0
DA:419,0
DA:420,0
DA:421,0
DA:422,0
DA:425,0
DA:426,0
DA:427,0
DA:428,0
DA:430,0
DA:431,0
DA:432,0
DA:433,0
DA:434,0
DA:435,0
DA:436,0
DA:437,0
DA:438,0
DA:439,0
DA:440,0
DA:441,0
DA:442,0
DA:444,0
DA:446,0
DA:447,0
DA:448,0
DA:449,0
DA:451,0
DA:452,0
DA:453,0
DA:454,0
DA:457,0
DA:458,0
DA:459,0
DA:462,0
DA:463,0
DA:464,0
DA:465,0
DA:466,0
DA:467,0
DA:468,0
DA:469,0
DA:473,0
DA:474,0
DA:475,0
DA:476,0
DA:477,0
DA:478,0
DA:479,0
DA:480,0
DA:481,0
DA:482,0
DA:483,0
DA:486,0
DA:487,0
DA:488,0
DA:489,0
DA:490,0
DA:493,0
DA:494,0
DA:497,0
DA:498,0
DA:499,0
DA:500,0
DA:501,0
DA:502,0
DA:505,0
DA:506,0
DA:507,0
DA:508,0
DA:509,0
DA:510,0
DA:511,0
DA:512,0
DA:513,0
DA:514,0
DA:515,0
DA:516,0
DA:517,0
DA:520,0
DA:521,0
DA:522,0
DA:523,0
DA:524,0
DA:527,0
DA:528,0
DA:529,0
DA:532,0
DA:533,0
DA:534,0
DA:535,0
DA:536,0
DA:537,0
DA:538,0
DA:539,0
DA:540,0
DA:541,0
DA:542,0
DA:543,0
DA:544,0
DA:546,0
DA:548,0
DA:550,0
DA:551,0
DA:552,0
DA:554,0
DA:556,0
DA:557,0
DA:558,0
DA:559,0
DA:560,0
DA:562,0
DA:564,0
DA:565,0
DA:567,0
DA:568,0
DA:569,0
DA:570,0
DA:573,0
DA:575,0
DA:576,0
DA:577,0
DA:578,0
DA:579,0
DA:580,0
DA:581,0
DA:582,0
DA:583,0
DA:584,0
DA:587,0
DA:588,0
DA:589,0
DA:590,0
DA:591,0
DA:596,0
DA:597,0
DA:598,0
DA:599,0
DA:600,0
DA:602,0
DA:603,0
DA:604,0
DA:605,0
DA:606,0
DA:609,0
DA:610,0
DA:611,0
DA:612,0
DA:613,0
DA:614,0
DA:615,0
DA:616,0
DA:617,0
DA:618,0
DA:619,0
DA:620,0
DA:623,0
DA:624,0
DA:625,0
DA:626,0
DA:627,0
DA:628,0
DA:629,0
DA:630,0
DA:631,0
DA:632,0
DA:633,0
DA:634,0
DA:637,0
DA:638,0
DA:639,0
DA:640,0
DA:641,0
DA:642,0
DA:643,0
DA:644,0
DA:645,0
DA:646,0
DA:647,0
DA:648,0
DA:649,0
DA:650,0
DA:651,0
DA:652,0
DA:653,0
DA:654,0
DA:657,0
DA:658,0
DA:659,0
DA:660,0
DA:661,0
DA:662,0
DA:663,0
DA:664,0
DA:665,0
DA:666,0
DA:667,0
DA:668,0
DA:669,0
DA:670,0
DA:673,0
DA:674,0
DA:675,0
DA:676,0
DA:677,0
DA:678,0
DA:679,0
DA:680,0
DA:681,0
DA:682,0
DA:684,0
DA:685,0
DA:686,0
DA:687,0
DA:688,0
DA:689,0
DA:690,0
DA:691,0
DA:692,0
DA:693,0
LF:487
LH:28
end_of_record
SF:/usr/include/secure/_string.h
FN:59,__inline_memcpy_chk
FNDA:1,__inline_memcpy_chk
FNF:1
FNH:1
DA:59,1
DA:61,1
LF:2
LH:2
end_of_record
TN:
SF:/Users/aaronsmith/Development/Aaron/libgwrl/src/gwrl/event_kqueue.c
FN:21,gwrl_bkd_init
FN:47,gwrl_bkd_set_options
FN:64,gwrl_bkd_free
FN:72,gwrl_bkd_kevent
FN:90,gwrl_src_file_update_flags
FN:114,gwrl_bkd_src_add
FN:130,gwrl_bkd_del_src
FN:142,gwrl_bkd_enable_src
FN:154,gwrl_bkd_disable_src
FN:166,gwrl_bkd_gather
FNDA:1,gwrl_bkd_init
FNDA:0,gwrl_bkd_set_options
FNDA:0,gwrl_bkd_free
FNDA:2,gwrl_bkd_kevent
FNDA:0,gwrl_src_file_update_flags
FNDA:2,gwrl_bkd_src_add
FNDA:0,gwrl_bkd_del_src
FNDA:0,gwrl_bkd_enable_src
FNDA:0,gwrl_bkd_disable_src
FNDA:0,gwrl_bkd_gather
FNF:10
FNH:3
BRDA:95,1,0,-
BRDA:95,1,1,-
BRDA:95,2,2,-
BRDA:95,2,3,-
BRDA:100,0,0,-
BRDA:100,0,1,-
BRDA:106,0,0,-
BRDA:106,0,1,-
BRDA:106,1,2,-
BRDA:106,1,3,-
BRDA:119,0,0,1
BRDA:119,0,1,1
BRDA:123,0,0,0
BRDA:123,0,1,2
BRDA:125,0,0,-
BRDA:125,0,1,-
BRDA:135,0,0,-
BRDA:135,0,1,-
BRDA:147,0,0,-
BRDA:147,0,1,-
BRDA:159,0,0,-
BRDA:159,0,1,-
BRDA:178,0,0,-
BRDA:178,0,1,-
BRDA:182,0,0,-
BRDA:182,0,1,-
BRDA:182,1,2,-
BRDA:182,1,3,-
BRDA:186,0,0,-
BRDA:186,0,1,-
BRDA:196,0,0,-
BRDA:196,0,1,-
BRDA:197,0,0,-
BRDA:197,0,1,-
BRDA:197,1,2,-
BRDA:197,1,3,-
BRDA:197,2,4,-
BRDA:197,2,5,-
BRDA:199,0,0,-
BRDA:199,0,1,-
BRDA:200,1,0,-
BRDA:200,1,1,-
BRDA:205,0,0,-
BRDA:205,0,1,-
BRDA:207,0,0,-
BRDA:207,0,1,-
BRDA:210,0,0,-
BRDA:210,0,1,-
BRDA:215,0,0,-
BRDA:215,0,1,-
BRDA:215,1,2,-
BRDA:215,1,3,-
BRDA:217,1,0,-
BRDA:217,1,1,-
BRDA:217,2,2,-
BRDA:217,2,3,-
BRDA:221,0,0,-
BRDA:221,0,1,-
BRDA:221,1,2,-
BRDA:221,1,3,-
BRDA:225,0,0,-
BRDA:225,0,1,-
BRDA:227,1,0,-
BRDA:227,1,1,-
BRDA:231,0,0,-
BRDA:231,0,1,-
BRDA:233,1,0,-
BRDA:233,1,1,-
BRF:68
BRH:3
DA:21,1
DA:22,1
DA:31,1
DA:41,1
DA:42,1
DA:43,1
DA:44,1
DA:47,0
DA:48,0
DA:49,0
DA:50,0
DA:51,0
DA:52,0
DA:61,0
DA:62,0
DA:64,0
DA:65,0
DA:66,0
DA:67,0
DA:68,0
DA:69,0
DA:70,0
DA:72,2
DA:73,2
DA:74,2
DA:75,2
DA:76,2
DA:77,2
DA:78,2
DA:79,2
DA:80,2
DA:81,2
DA:82,2
DA:88,2
DA:90,0
DA:91,0
DA:93,0
DA:94,0
DA:95,0
DA:97,0
DA:98,0
DA:100,0
DA:102,0
DA:103,0
DA:104,0
DA:106,0
DA:108,0
DA:109,0
DA:111,0
DA:112,0
DA:114,2
DA:115,2
DA:117,2
DA:118,2
DA:119,2
DA:120,2
DA:121,2
DA:123,2
DA:124,0
DA:125,0
DA:126,0
DA:127,0
DA:128,2
DA:130,0
DA:131,0
DA:132,0
DA:133,0
DA:135,0
DA:136,0
DA:137,0
DA:139,0
DA:140,0
DA:142,0
DA:143,0
DA:144,0
DA:145,0
DA:147,0
DA:148,0
DA:149,0
DA:151,0
DA:152,0
DA:154,0
DA:155,0
DA:156,0
DA:157,0
DA:159,0
DA:160,0
DA:161,0
DA:163,0
DA:164,0
DA:166,0
DA:167,0
DA:168,0
DA:169,0
DA:170,0
DA:171,0
DA:172,0
DA:173,0
DA:174,0
DA:175,0
DA:176,0
DA:178,0
DA:179,0
DA:180,0
DA:182,0
DA:183,0
DA:184,0
DA:186,0
DA:187,0
DA:188,0
DA:190,0
DA:192,0
DA:193,0
DA:194,0
DA:196,0
DA:197,0
DA:199,0
DA:200,0
DA:201,0
DA:202,0
DA:203,0
DA:204,0
DA:205,0
DA:207,0
DA:208,0
DA:210,0
DA:211,0
DA:212,0
DA:213,0
DA:215,0
DA:216,0
DA:217,0
DA:218,0
DA:219,0
DA:221,0
DA:222,0
DA:223,0
DA:225,0
DA:226,0
DA:227,0
DA:228,0
DA:229,0
DA:231,0
DA:232,0
DA:233,0
DA:234,0
DA:235,0
DA:236,0
DA:238,0
DA:239,0
DA:240,0
DA:241,0
LF:152
LH:28
end_of_record
TN:
SF:/Users/aaronsmith/Development/Aaron/libgwrl/src/gwrl/event_wake_pipe.c
FN:4,gwrl_wake
FN:15,gwrl_wake_init
FN:34,gwrl_wake_free
FN:39,gwrl_wake_activity
FNDA:2,gwrl_wake
FNDA:1,gwrl_wake_init
FNDA:0,gwrl_wake_free
FNDA:0,gwrl_wake_activity
FNF:4
FNH:2
BRDA:9,0,0,-
BRDA:9,0,1,-
BRDA:9,1,2,-
BRDA:9,1,3,-
BRDA:17,0,0,0
BRDA:17,0,1,1
BRDA:47,0,0,-
BRDA:47,0,1,-
BRDA:48,0,0,-
BRDA:48,0,1,-
BRDA:48,1,2,-
BRDA:48,1,3,-
BRDA:48,2,4,-
BRDA:48,2,5,-
BRDA:51,0,0,-
BRDA:51,0,1,-
BRDA:53,0,0,-
BRDA:53,0,1,-
BRF:18
BRH:1
DA:4,2
DA:5,2
DA:6,0
DA:7,0
DA:8,0
DA:9,0
DA:10,0
DA:12,0
DA:13,2
DA:15,1
DA:16,1
DA:17,1
DA:21,0
DA:22,1
DA:23,1
DA:24,1
DA:31,1
DA:32,1
DA:34,0
DA:35,0
DA:36,0
DA:37,0
DA:39,0
DA:40,0
DA:41,0
DA:42,0
DA:43,0
DA:44,0
DA:45,0
DA:46,0
DA:47,0
DA:48,0
DA:49,0
DA:51,0
DA:53,0
DA:54,0
DA:55,0
DA:58,0
DA:59,0
DA:60,0
DA:61,0
DA:62,0
DA:63,0
DA:64,0
LF:44
LH:11
end_of_record
TN:
SF:/Users/aaronsmith/Development/Aaron/libgwrl/src/gwrl/lock.c
FN:9,lockid_init
FN:18,lockid_lock
FN:29,lockid_unlock
FN:40,lockid_free
FNDA:2,lockid_init
FNDA:0,lockid_lock
FNDA:0,lockid_unlock
FNDA:0,lockid_free
FNF:4
FNH:1
DA:9,2
DA:15,2
DA:18,0
DA:20,0
DA:26,0
DA:29,0
DA:31,0
DA:37,0
DA:40,0
DA:46,0
LF:10
LH:2
end_of_record
TN:
SF:/Users/aaronsmith/Development/Aaron/libgwrl/src/gwrl/proactor.c
FN:11,gwpr_create
FN:43,gwprdata_create
FN:78,gwpr_set_fd
FN:91,gwprbufctl_create
FN:103,gwprbuf_free
FN:109,gwpr_set_options
FN:114,gwpr_src_add
FN:127,gwpr_src_add_safely
FN:140,gwpr_src_remove
FN:146,gwpr_src_del
FN:152,gwpr_filter_add
FN:185,gwpr_filter_reset
FN:199,gwpr_set_cb
FN:224,gwpr_buf_get
FN:249,gwpr_buf_getp
FN:274,gwpr_buf_get_tagged
FN:281,gwpr_buf_get_with_data
FN:290,gwpr_buf_free
FNDA:1,gwpr_create
FNDA:1,gwprdata_create
FNDA:0,gwpr_set_fd
FNDA:1,gwprbufctl_create
FNDA:0,gwprbuf_free
FNDA:1,gwpr_set_options
FNDA:1,gwpr_src_add
FNDA:0,gwpr_src_add_safely
FNDA:0,gwpr_src_remove
FNDA:0,gwpr_src_del
FNDA:2,gwpr_filter_add
FNDA:2,gwpr_filter_reset
FNDA:0,gwpr_set_cb
FNDA:0,gwpr_buf_get
FNDA:0,gwpr_buf_getp
FNDA:0,gwpr_buf_get_tagged
FNDA:0,gwpr_buf_get_with_data
FNDA:0,gwpr_buf_free
FNF:18
FNH:7
BRDA:164,1,0,3
BRDA:164,1,1,0
BRDA:165,0,0,2
BRDA:165,0,1,1
BRDA:171,1,0,-
BRDA:171,1,1,-
BRDA:172,1,0,-
BRDA:172,1,1,-
BRDA:173,0,0,-
BRDA:173,0,1,-
BRDA:180,0,0,0
BRDA:180,0,1,2
BRDA:189,0,0,1
BRDA:189,0,1,0
BRDA:191,1,0,1
BRDA:191,1,1,0
BRDA:191,2,2,1
BRDA:191,2,3,0
BRDA:284,0,0,-
BRDA:284,0,1,-
BRF:20
BRH:7
DA:11,1
DA:12,1
DA:13,1
DA:18,1
DA:27,1
DA:36,1
DA:37,1
DA:38,1
DA:39,1
DA:44,1
DA:52,1
DA:53,1
DA:54,1
DA:57,1
DA:65,1
DA:74,1
DA:78,0
DA:79,0
DA:80,0
DA:84,0
DA:85,0
DA:86,0
DA:87,0
DA:92,1
DA:99,1
DA:103,0
DA:104,0
DA:105,0
DA:106,0
DA:109,1
DA:110,1
DA:111,1
DA:114,1
DA:115,1
DA:116,1
DA:120,1
DA:121,1
DA:122,1
DA:123,1
DA:124,1
DA:127,0
DA:128,0
DA:129,0
DA:133,0
DA:134,0
DA:135,0
DA:136,0
DA:137,0
DA:140,0
DA:141,0
DA:142,0
DA:143,0
DA:146,0
DA:147,0
DA:148,0
DA:149,0
DA:152,2
DA:154,2
DA:155,2
DA:156,2
DA:163,2
DA:164,3
DA:165,3
DA:166,2
DA:167,2
DA:168,2
DA:170,1
DA:171,2
DA:172,0
DA:173,0
DA:174,0
DA:175,0
DA:176,0
DA:178,0
DA:179,0
DA:180,2
DA:182,2
DA:185,2
DA:187,2
DA:189,1
DA:190,1
DA:191,2
DA:192,1
DA:193,1
DA:196,2
DA:199,0
DA:200,0
DA:201,0
DA:203,0
DA:204,0
DA:206,0
DA:207,0
DA:209,0
DA:210,0
DA:212,0
DA:213,0
DA:215,0
DA:216,0
DA:218,0
DA:219,0
DA:221,0
DA:224,0
DA:225,0
DA:233,0
DA:242,0
DA:243,0
DA:245,0
DA:249,0
DA:250,0
DA:259,0
DA:267,0
DA:268,0
DA:270,0
DA:274,0
DA:275,0
DA:276,0
DA:277,0
DA:281,0
DA:282,0
DA:283,0
DA:284,0
DA:285,0
DA:286,0
DA:287,0
DA:290,0
DA:291,0
DA:292,0
LF:127
LH:51
end_of_record
SF:/usr/include/secure/_string.h
FN:59,__inline_memcpy_chk
FNDA:1,__inline_memcpy_chk
FNF:1
FNH:1
DA:59,1
DA:61,1
LF:2
LH:2
end_of_record
TN:
SF:/Users/aaronsmith/Development/Aaron/libgwrl/test/proactor_buf.c
FN:4,main
FNDA:1,main
FNF:1
FNH:1
BRDA:11,0,0,1
BRDA:11,0,1,0
BRDA:11,2,2,0
BRDA:11,2,3,1
BRDA:12,0,0,0
BRDA:12,0,1,1
BRDA:13,0,0,0
BRDA:13,0,1,1
BRDA:14,0,0,0
BRDA:14,0,1,1
BRDA:17,0,0,0
BRDA:17,0,1,1
BRDA:20,0,0,0
BRDA:20,0,1,1
BRF:14
BRH:7
DA:4,1
DA:5,1
DA:6,1
DA:7,1
DA:8,1
DA:9,1
DA:11,1
DA:12,1
DA:13,1
DA:14,1
DA:16,1
DA:17,1
DA:19,1
DA:20,1
DA:22,1
LF:15
LH:15
end_of_record
TN:
SF:/Users/aaronsmith/Development/Aaron/libgwrl/test/proactor_filters.c
FN:4,filter
FN:5,filter2
FN:6,filter3
FN:8,main
FNDA:1,filter
FNDA:1,filter2
FNDA:1,filter3
FNDA:1,main
FNF:4
FNH:4
BRDA:21,0,0,0
BRDA:21,0,1,1
BRDA:24,0,0,0
BRDA:24,0,1,1
BRDA:25,0,0,0
BRDA:25,0,1,1
BRDA:29,0,0,0
BRDA:29,0,1,1
BRDA:30,0,0,0
BRDA:30,0,1,1
BRF:10
BRH:5
DA:4,1
DA:5,1
DA:6,1
DA:8,1
DA:9,1
DA:10,1
DA:11,1
DA:18,1
DA:19,1
DA:20,1
DA:21,1
DA:23,1
DA:24,1
DA:25,1
DA:27,1
DA:28,1
DA:29,1
DA:30,1
DA:32,1
DA:33,1
DA:34,1
DA:36,1
LF:22
LH:22
end_of_record
TN:
SF:/Users/aaronsmith/Development/Aaron/libgwrl/src/gwrl/proactor_imp.c
FN:9,io_activity
FN:13,gwpr_src_activity
FN:324,gwpr_free
FN:373,gwpr_write_buffer
FN:403,gwpr_synchronous_write
FN:579,gwpr_asynchronous_write
FN:598,gwpr_accept
FN:612,gwpr_connect
FN:630,gwpr_asynchronous_read
FN:648,gwpr_stop_read
FN:656,gwpr_read
FN:661,gwpr_recv
FN:666,gwpr_recvfrom
FN:672,gwpr_write
FN:688,gwpr_send
FN:702,gwpr_sendto
FN:717,gwprwrq_get
FN:739,gwprwrq_free
FN:752,gwprwrq_free_list_no_cache
FN:764,gwprwrq_putback
FN:790,gwprwrq_add
FNDA:0,io_activity
FNDA:0,gwpr_src_activity
FNDA:0,gwpr_free
FNDA:0,gwpr_write_buffer
FNDA:0,gwpr_synchronous_write
FNDA:0,gwpr_asynchronous_write
FNDA:0,gwpr_accept
FNDA:0,gwpr_connect
FNDA:0,gwpr_asynchronous_read
FNDA:0,gwpr_stop_read
FNDA:0,gwpr_read
FNDA:0,gwpr_recv
FNDA:0,gwpr_recvfrom
FNDA:0,gwpr_write
FNDA:0,gwpr_send
FNDA:0,gwpr_sendto
FNDA:0,gwprwrq_get
FNDA:0,gwprwrq_free
FNDA:0,gwprwrq_free_list_no_cache
FNDA:0,gwprwrq_putback
FNDA:0,gwprwrq_add
FNF:21
FNH:0
BRDA:24,0,0,-
BRDA:24,0,1,-
BRDA:29,0,0,-
BRDA:29,0,1,-
BRDA:33,1,0,-
BRDA:33,1,1,-
BRDA:35,0,0,-
BRDA:35,0,1,-
BRDA:38,1,0,-
BRDA:38,1,1,-
BRDA:39,0,0,-
BRDA:39,0,1,-
BRDA:40,0,0,-
BRDA:40,0,1,-
BRDA:57,0,0,-
BRDA:57,0,1,-
BRDA:62,1,0,-
BRDA:62,1,1,-
BRDA:67,0,0,-
BRDA:67,0,1,-
BRDA:70,1,0,-
BRDA:70,1,1,-
BRDA:70,3,2,-
BRDA:70,3,3,-
BRDA:73,0,0,-
BRDA:73,0,1,-
BRDA:77,1,0,-
BRDA:77,1,1,-
BRDA:78,1,0,-
BRDA:78,1,1,-
BRDA:81,0,0,-
BRDA:81,0,1,-
BRDA:84,1,0,-
BRDA:84,1,1,-
BRDA:84,3,2,-
BRDA:84,3,3,-
BRDA:87,0,0,-
BRDA:87,0,1,-
BRDA:90,0,0,-
BRDA:90,0,1,-
BRDA:90,1,2,-
BRDA:90,1,3,-
BRDA:91,1,0,-
BRDA:91,1,1,-
BRDA:92,0,0,-
BRDA:92,0,1,-
BRDA:99,0,0,-
BRDA:99,0,1,-
BRDA:99,1,2,-
BRDA:99,1,3,-
BRDA:104,0,0,-
BRDA:104,0,1,-
BRDA:104,1,2,-
BRDA:104,1,3,-
BRDA:104,2,4,-
BRDA:104,2,5,-
BRDA:104,3,6,-
BRDA:104,3,7,-
BRDA:110,0,0,-
BRDA:110,0,1,-
BRDA:110,1,2,-
BRDA:110,1,3,-
BRDA:110,2,4,-
BRDA:110,2,5,-
BRDA:115,0,0,-
BRDA:115,0,1,-
BRDA:115,1,2,-
BRDA:115,1,3,-
BRDA:127,1,0,-
BRDA:127,1,1,-
BRDA:127,2,2,-
BRDA:127,2,3,-
BRDA:132,0,0,-
BRDA:132,0,1,-
BRDA:135,0,0,-
BRDA:135,0,1,-
BRDA:147,0,0,-
BRDA:147,0,1,-
BRDA:157,0,0,-
BRDA:157,0,1,-
BRDA:162,1,0,-
BRDA:162,1,1,-
BRDA:169,0,0,-
BRDA:169,0,1,-
BRDA:177,0,0,-
BRDA:177,0,1,-
BRDA:177,1,2,-
BRDA:177,1,3,-
BRDA:180,1,0,-
BRDA:180,1,1,-
BRDA:181,0,0,-
BRDA:181,0,1,-
BRDA:187,0,0,-
BRDA:187,0,1,-
BRDA:188,0,0,-
BRDA:188,0,1,-
BRDA:189,0,0,-
BRDA:189,0,1,-
BRDA:194,0,0,-
BRDA:194,0,1,-
BRDA:199,0,0,-
BRDA:199,0,1,-
BRDA:205,1,0,-
BRDA:205,1,1,-
BRDA:206,0,0,-
BRDA:206,0,1,-
BRDA:210,0,0,-
BRDA:210,0,1,-
BRDA:210,1,2,-
BRDA:210,1,3,-
BRDA:210,2,4,-
BRDA:210,2,5,-
BRDA:214,0,0,-
BRDA:214,0,1,-
BRDA:224,0,0,-
BRDA:224,0,1,-
BRDA:224,1,2,-
BRDA:224,1,3,-
BRDA:228,0,0,-
BRDA:228,0,1,-
BRDA:230,0,0,-
BRDA:230,0,1,-
BRDA:234,0,0,-
BRDA:234,0,1,-
BRDA:234,1,2,-
BRDA:234,1,3,-
BRDA:234,2,4,-
BRDA:234,2,5,-
BRDA:242,0,0,-
BRDA:242,0,1,-
BRDA:242,1,2,-
BRDA:242,1,3,-
BRDA:248,0,0,-
BRDA:248,0,1,-
BRDA:256,0,0,-
BRDA:256,0,1,-
BRDA:268,0,0,-
BRDA:268,0,1,-
BRDA:268,1,2,-
BRDA:268,1,3,-
BRDA:277,0,0,-
BRDA:277,0,1,-
BRDA:278,0,0,-
BRDA:278,0,1,-
BRDA:284,0,0,-
BRDA:284,0,1,-
BRDA:292,0,0,-
BRDA:292,0,1,-
BRDA:299,0,0,-
BRDA:299,0,1,-
BRDA:300,0,0,-
BRDA:300,0,1,-
BRDA:310,0,0,-
BRDA:310,0,1,-
BRDA:311,0,0,-
BRDA:311,0,1,-
BRDA:328,0,0,-
BRDA:328,0,1,-
BRDA:330,1,0,-
BRDA:330,1,1,-
BRDA:331,0,0,-
BRDA:331,0,1,-
BRDA:335,0,0,-
BRDA:335,0,1,-
BRDA:337,0,0,-
BRDA:337,0,1,-
BRDA:341,0,0,-
BRDA:341,0,1,-
BRDA:345,0,0,-
BRDA:345,0,1,-
BRDA:349,0,0,-
BRDA:349,0,1,-
BRDA:361,0,0,-
BRDA:361,0,1,-
BRDA:364,0,0,-
BRDA:364,0,1,-
BRDA:380,0,0,-
BRDA:380,0,1,-
BRDA:383,0,0,-
BRDA:383,0,1,-
BRDA:384,1,0,-
BRDA:384,1,1,-
BRDA:384,2,2,-
BRDA:384,2,3,-
BRDA:384,4,4,-
BRDA:384,4,5,-
BRDA:385,1,0,-
BRDA:385,1,1,-
BRDA:386,1,0,-
BRDA:386,1,1,-
BRDA:386,2,2,-
BRDA:386,2,3,-
BRDA:386,4,4,-
BRDA:386,4,5,-
BRDA:387,1,0,-
BRDA:387,1,1,-
BRDA:388,1,0,-
BRDA:388,1,1,-
BRDA:388,2,2,-
BRDA:388,2,3,-
BRDA:388,4,4,-
BRDA:388,4,5,-
BRDA:391,0,0,-
BRDA:391,0,1,-
BRDA:395,1,0,-
BRDA:395,1,1,-
BRDA:409,0,0,-
BRDA:409,0,1,-
BRDA:422,0,0,-
BRDA:422,0,1,-
BRDA:422,1,2,-
BRDA:422,1,3,-
BRDA:428,1,0,-
BRDA:428,1,1,-
BRDA:430,0,0,-
BRDA:430,0,1,-
BRDA:438,0,0,-
BRDA:438,0,1,-
BRDA:445,1,0,-
BRDA:445,1,1,-
BRDA:446,0,0,-
BRDA:446,0,1,-
BRDA:456,0,0,-
BRDA:456,0,1,-
BRDA:464,1,0,-
BRDA:464,1,1,-
BRDA:469,0,0,-
BRDA:469,0,1,-
BRDA:471,0,0,-
BRDA:471,0,1,-
BRDA:477,1,0,-
BRDA:477,1,1,-
BRDA:486,1,0,-
BRDA:486,1,1,-
BRDA:487,0,0,-
BRDA:487,0,1,-
BRDA:501,0,0,-
BRDA:501,0,1,-
BRDA:503,0,0,-
BRDA:503,0,1,-
BRDA:508,1,0,-
BRDA:508,1,1,-
BRDA:511,0,0,-
BRDA:511,0,1,-
BRDA:511,1,2,-
BRDA:511,1,3,-
BRDA:511,2,4,-
BRDA:511,2,5,-
BRDA:525,0,0,-
BRDA:525,0,1,-
BRDA:525,1,2,-
BRDA:525,1,3,-
BRDA:533,0,0,-
BRDA:533,0,1,-
BRDA:538,1,0,-
BRDA:538,1,1,-
BRDA:545,0,0,-
BRDA:545,0,1,-
BRDA:545,1,2,-
BRDA:545,1,3,-
BRDA:545,2,4,-
BRDA:545,2,5,-
BRDA:552,0,0,-
BRDA:552,0,1,-
BRDA:562,0,0,-
BRDA:562,0,1,-
BRDA:563,0,0,-
BRDA:563,0,1,-
BRDA:563,1,2,-
BRDA:563,1,3,-
BRDA:564,0,0,-
BRDA:564,0,1,-
BRDA:564,1,2,-
BRDA:564,1,3,-
BRDA:565,0,0,-
BRDA:565,0,1,-
BRDA:565,1,2,-
BRDA:565,1,3,-
BRDA:569,1,0,-
BRDA:569,1,1,-
BRDA:588,0,0,-
BRDA:588,0,1,-
BRDA:590,0,0,-
BRDA:590,0,1,-
BRDA:677,0,0,-
BRDA:677,0,1,-
BRDA:681,0,0,-
BRDA:681,0,1,-
BRDA:691,0,0,-
BRDA:691,0,1,-
BRDA:695,0,0,-
BRDA:695,0,1,-
BRDA:706,0,0,-
BRDA:706,0,1,-
BRDA:710,0,0,-
BRDA:710,0,1,-
BRDA:722,0,0,-
BRDA:722,0,1,-
BRDA:729,1,0,-
BRDA:729,1,1,-
BRDA:745,0,0,-
BRDA:745,0,1,-
BRDA:755,0,0,-
BRDA:755,0,1,-
BRDA:772,1,0,-
BRDA:772,1,1,-
BRDA:776,0,0,-
BRDA:776,0,1,-
BRDA:778,1,0,-
BRDA:778,1,1,-
BRDA:782,0,0,-
BRDA:782,0,1,-
BRDA:796,0,0,-
BRDA:796,0,1,-
BRF:314
BRH:0
DA:9,0
DA:10,0
DA:13,0
DA:14,0
DA:15,0
DA:16,0
DA:17,0
DA:18,0
DA:19,0
DA:20,0
DA:21,0
DA:22,0
DA:24,0
DA:25,0
DA:26,0
DA:27,0
DA:29,0
DA:32,0
DA:33,0
DA:34,0
DA:35,0
DA:36,0
DA:37,0
DA:38,0
DA:39,0
DA:40,0
DA:41,0
DA:42,0
DA:43,0
DA:44,0
DA:45,0
DA:46,0
DA:48,0
DA:49,0
DA:50,0
DA:51,0
DA:54,0
DA:55,0
DA:57,0
DA:61,0
DA:62,0
DA:63,0
DA:64,0
DA:65,0
DA:67,0
DA:68,0
DA:69,0
DA:70,0
DA:71,0
DA:73,0
DA:74,0
DA:75,0
DA:76,0
DA:77,0
DA:78,0
DA:79,0
DA:81,0
DA:82,0
DA:83,0
DA:84,0
DA:85,0
DA:87,0
DA:89,0
DA:90,0
DA:91,0
DA:92,0
DA:93,0
DA:94,0
DA:95,0
DA:96,0
DA:97,0
DA:99,0
DA:101,0
DA:102,0
DA:104,0
DA:107,0
DA:108,0
DA:110,0
DA:113,0
DA:115,0
DA:117,0
DA:118,0
DA:119,0
DA:120,0
DA:121,0
DA:122,0
DA:125,0
DA:127,0
DA:128,0
DA:129,0
DA:130,0
DA:132,0
DA:135,0
DA:138,0
DA:139,0
DA:140,0
DA:141,0
DA:142,0
DA:143,0
DA:144,0
DA:145,0
DA:147,0
DA:149,0
DA:150,0
DA:151,0
DA:152,0
DA:153,0
DA:154,0
DA:155,0
DA:156,0
DA:157,0
DA:158,0
DA:159,0
DA:160,0
DA:162,0
DA:166,0
DA:167,0
DA:168,0
DA:169,0
DA:170,0
DA:171,0
DA:172,0
DA:173,0
DA:174,0
DA:177,0
DA:179,0
DA:180,0
DA:181,0
DA:182,0
DA:183,0
DA:184,0
DA:187,0
DA:188,0
DA:189,0
DA:192,0
DA:194,0
DA:196,0
DA:197,0
DA:199,0
DA:203,0
DA:204,0
DA:205,0
DA:206,0
DA:207,0
DA:208,0
DA:210,0
DA:213,0
DA:214,0
DA:215,0
DA:216,0
DA:217,0
DA:218,0
DA:219,0
DA:220,0
DA:222,0
DA:224,0
DA:228,0
DA:229,0
DA:230,0
DA:231,0
DA:234,0
DA:238,0
DA:239,0
DA:242,0
DA:244,0
DA:245,0
DA:246,0
DA:247,0
DA:248,0
DA:249,0
DA:250,0
DA:251,0
DA:252,0
DA:253,0
DA:256,0
DA:260,0
DA:261,0
DA:264,0
DA:265,0
DA:266,0
DA:268,0
DA:270,0
DA:271,0
DA:272,0
DA:273,0
DA:274,0
DA:275,0
DA:277,0
DA:278,0
DA:280,0
DA:281,0
DA:282,0
DA:283,0
DA:284,0
DA:285,0
DA:286,0
DA:287,0
DA:288,0
DA:289,0
DA:291,0
DA:292,0
DA:293,0
DA:294,0
DA:295,0
DA:297,0
DA:299,0
DA:300,0
DA:302,0
DA:303,0
DA:304,0
DA:305,0
DA:306,0
DA:308,0
DA:310,0
DA:311,0
DA:313,0
DA:314,0
DA:315,0
DA:316,0
DA:317,0
DA:319,0
DA:320,0
DA:321,0
DA:324,0
DA:325,0
DA:326,0
DA:327,0
DA:328,0
DA:329,0
DA:330,0
DA:331,0
DA:332,0
DA:333,0
DA:334,0
DA:335,0
DA:336,0
DA:337,0
DA:338,0
DA:339,0
DA:340,0
DA:341,0
DA:342,0
DA:343,0
DA:344,0
DA:345,0
DA:346,0
DA:347,0
DA:348,0
DA:349,0
DA:350,0
DA:351,0
DA:352,0
DA:353,0
DA:354,0
DA:355,0
DA:356,0
DA:357,0
DA:358,0
DA:359,0
DA:360,0
DA:361,0
DA:362,0
DA:363,0
DA:364,0
DA:365,0
DA:366,0
DA:367,0
DA:368,0
DA:369,0
DA:370,0
DA:373,0
DA:374,0
DA:375,0
DA:376,0
DA:377,0
DA:378,0
DA:380,0
DA:381,0
DA:383,0
DA:384,0
DA:385,0
DA:386,0
DA:387,0
DA:388,0
DA:389,0
DA:391,0
DA:392,0
DA:393,0
DA:394,0
DA:395,0
DA:396,0
DA:397,0
DA:399,0
DA:400,0
DA:403,0
DA:404,0
DA:405,0
DA:409,0
DA:415,0
DA:416,0
DA:417,0
DA:418,0
DA:419,0
DA:420,0
DA:422,0
DA:427,0
DA:428,0
DA:429,0
DA:430,0
DA:431,0
DA:434,0
DA:435,0
DA:436,0
DA:437,0
DA:438,0
DA:439,0
DA:440,0
DA:441,0
DA:444,0
DA:445,0
DA:446,0
DA:447,0
DA:448,0
DA:449,0
DA:452,0
DA:453,0
DA:454,0
DA:456,0
DA:460,0
DA:463,0
DA:464,0
DA:467,0
DA:468,0
DA:469,0
DA:470,0
DA:471,0
DA:472,0
DA:473,0
DA:476,0
DA:477,0
DA:484,0
DA:485,0
DA:486,0
DA:487,0
DA:490,0
DA:491,0
DA:492,0
DA:498,0
DA:501,0
DA:502,0
DA:503,0
DA:504,0
DA:507,0
DA:508,0
DA:509,0
DA:511,0
DA:516,0
DA:517,0
DA:520,0
DA:521,0
DA:522,0
DA:525,0
DA:532,0
DA:533,0
DA:534,0
DA:537,0
DA:538,0
DA:539,0
DA:542,0
DA:543,0
DA:545,0
DA:549,0
DA:550,0
DA:552,0
DA:557,0
DA:558,0
DA:559,0
DA:560,0
DA:561,0
DA:562,0
DA:563,0
DA:564,0
DA:565,0
DA:568,0
DA:569,0
DA:570,0
DA:571,0
DA:572,0
DA:575,0
DA:579,0
DA:580,0
DA:581,0
DA:582,0
DA:583,0
DA:584,0
DA:585,0
DA:586,0
DA:587,0
DA:588,0
DA:589,0
DA:590,0
DA:591,0
DA:592,0
DA:593,0
DA:594,0
DA:595,0
DA:598,0
DA:599,0
DA:600,0
DA:601,0
DA:602,0
DA:603,0
DA:604,0
DA:606,0
DA:607,0
DA:608,0
DA:609,0
DA:612,0
DA:613,0
DA:614,0
DA:615,0
DA:616,0
DA:617,0
DA:618,0
DA:619,0
DA:620,0
DA:622,0
DA:623,0
DA:624,0
DA:625,0
DA:626,0
DA:627,0
DA:630,0
DA:631,0
DA:632,0
DA:633,0
DA:634,0
DA:635,0
DA:636,0
DA:637,0
DA:639,0
DA:640,0
DA:641,0
DA:642,0
DA:643,0
DA:644,0
DA:645,0
DA:648,0
DA:649,0
DA:650,0
DA:651,0
DA:652,0
DA:653,0
DA:656,0
DA:657,0
DA:661,0
DA:662,0
DA:666,0
DA:667,0
DA:672,0
DA:673,0
DA:674,0
DA:675,0
DA:676,0
DA:677,0
DA:678,0
DA:679,0
DA:681,0
DA:682,0
DA:683,0
DA:684,0
DA:685,0
DA:688,0
DA:689,0
DA:690,0
DA:691,0
DA:692,0
DA:693,0
DA:695,0
DA:696,0
DA:697,0
DA:698,0
DA:699,0
DA:702,0
DA:703,0
DA:704,0
DA:705,0
DA:706,0
DA:707,0
DA:708,0
DA:710,0
DA:711,0
DA:712,0
DA:713,0
DA:714,0
DA:717,0
DA:718,0
DA:719,0
DA:720,0
DA:721,0
DA:722,0
DA:723,0
DA:724,0
DA:725,0
DA:727,0
DA:728,0
DA:729,0
DA:730,0
DA:731,0
DA:732,0
DA:734,0
DA:735,0
DA:739,0
DA:740,0
DA:741,0
DA:742,0
DA:743,0
DA:744,0
DA:745,0
DA:746,0
DA:747,0
DA:749,0
DA:752,0
DA:753,0
DA:754,0
DA:755,0
DA:756,0
DA:757,0
DA:758,0
DA:759,0
DA:760,0
DA:761,0
DA:764,0
DA:765,0
DA:766,0
DA:767,0
DA:768,0
DA:769,0
DA:770,0
DA:771,0
DA:772,0
DA:773,0
DA:774,0
DA:775,0
DA:776,0
DA:777,0
DA:778,0
DA:779,0
DA:780,0
DA:781,0
DA:782,0
DA:783,0
DA:784,0
DA:785,0
DA:787,0
DA:790,0
DA:791,0
DA:792,0
DA:793,0
DA:794,0
DA:795,0
DA:796,0
DA:797,0
DA:798,0
DA:799,0
DA:800,0
DA:801,0
DA:804,0
LF:568
LH:0
end_of_record
SF:/usr/include/secure/_string.h
FN:59,__inline_memcpy_chk
FNDA:0,__inline_memcpy_chk
FNF:1
FNH:0
DA:59,0
DA:61,0
LF:2
LH:0
end_of_record
TN:
SF:/Users/aaronsmith/Development/Aaron/libgwrl/src/gwrl/socket.c
FN:8,gwsk_sockaddr_size
FN:15,gwsk_sockaddr_port
FN:22,gwsk_sockaddr_print
FN:32,gwsk_addrinfo_print
FN:36,gwsk_startup
FN:44,gwsk_cleanup
FN:51,gwsk_connect
FN:78,gwsk_accept
FN:104,gwsk_close
FN:112,gwsk_nonblock
FN:121,gwsk_reuseaddr
FN:129,skctlinfo_free
FN:135,skctl_str_for_flag
FN:156,skctl
FN:345,skctl_tcp_server
FN:357,skctl_udp_server
FN:369,skctl_tcp_client
FN:380,skctl_udp_client
FN:391,skctl_udp_connected_client
FNDA:0,gwsk_sockaddr_size
FNDA:0,gwsk_sockaddr_port
FNDA:0,gwsk_sockaddr_print
FNDA:0,gwsk_addrinfo_print
FNDA:0,gwsk_startup
FNDA:0,gwsk_cleanup
FNDA:0,gwsk_connect
FNDA:0,gwsk_accept
FNDA:0,gwsk_close
FNDA:0,gwsk_nonblock
FNDA:0,gwsk_reuseaddr
FNDA:0,skctlinfo_free
FNDA:0,skctl_str_for_flag
FNDA:0,skctl
FNDA:0,skctl_tcp_server
FNDA:0,skctl_udp_server
FNDA:0,skctl_tcp_client
FNDA:0,skctl_udp_client
FNDA:0,skctl_udp_connected_client
FNF:19
FNH:0
BRDA:11,0,0,-
BRDA:11,0,1,-
BRDA:18,0,0,-
BRDA:18,0,1,-
BRDA:27,0,0,-
BRDA:27,0,1,-
BRDA:61,0,0,-
BRDA:61,0,1,-
BRDA:70,0,0,-
BRDA:70,0,1,-
BRDA:71,0,0,-
BRDA:71,0,1,-
BRDA:88,0,0,-
BRDA:88,0,1,-
BRDA:97,0,0,-
BRDA:97,0,1,-
BRDA:132,0,0,-
BRDA:132,0,1,-
BRDA:138,0,0,-
BRDA:138,0,1,-
BRDA:140,0,0,-
BRDA:140,0,1,-
BRDA:142,0,0,-
BRDA:142,0,1,-
BRDA:144,0,0,-
BRDA:144,0,1,-
BRDA:146,0,0,-
BRDA:146,0,1,-
BRDA:148,0,0,-
BRDA:148,0,1,-
BRDA:150,0,0,-
BRDA:150,0,1,-
BRDA:168,0,0,-
BRDA:168,0,1,-
BRDA:170,0,0,-
BRDA:170,0,1,-
BRDA:175,0,0,-
BRDA:175,0,1,-
BRDA:175,1,2,-
BRDA:175,1,3,-
BRDA:180,0,0,-
BRDA:180,0,1,-
BRDA:185,0,0,-
BRDA:185,0,1,-
BRDA:186,0,0,-
BRDA:186,0,1,-
BRDA:186,1,2,-
BRDA:186,1,3,-
BRDA:197,0,0,-
BRDA:197,0,1,-
BRDA:202,0,0,-
BRDA:202,0,1,-
BRDA:229,1,0,-
BRDA:229,1,1,-
BRDA:235,0,0,-
BRDA:235,0,1,-
BRDA:239,0,0,-
BRDA:239,0,1,-
BRDA:260,0,0,-
BRDA:260,0,1,-
BRDA:269,0,0,-
BRDA:269,0,1,-
BRDA:273,0,0,-
BRDA:273,0,1,-
BRDA:278,0,0,-
BRDA:278,0,1,-
BRDA:283,0,0,-
BRDA:283,0,1,-
BRDA:287,0,0,-
BRDA:287,0,1,-
BRDA:292,0,0,-
BRDA:292,0,1,-
BRDA:296,0,0,-
BRDA:296,0,1,-
BRDA:301,0,0,-
BRDA:301,0,1,-
BRDA:305,0,0,-
BRDA:305,0,1,-
BRDA:315,0,0,-
BRDA:315,0,1,-
BRDA:315,1,2,-
BRDA:315,1,3,-
BRDA:316,0,0,-
BRDA:316,0,1,-
BRDA:326,0,0,-
BRDA:326,0,1,-
BRDA:333,0,0,-
BRDA:333,0,1,-
BRF:88
BRH:0
DA:8,0
DA:9,0
DA:10,0
DA:11,0
DA:12,0
DA:13,0
DA:15,0
DA:16,0
DA:17,0
DA:18,0
DA:19,0
DA:20,0
DA:22,0
DA:23,0
DA:24,0
DA:25,0
DA:26,0
DA:27,0
DA:28,0
DA:29,0
DA:30,0
DA:32,0
DA:33,0
DA:34,0
DA:41,0
DA:48,0
DA:51,0
DA:52,0
DA:58,0
DA:59,0
DA:60,0
DA:61,0
DA:70,0
DA:71,0
DA:73,0
DA:75,0
DA:78,0
DA:79,0
DA:85,0
DA:86,0
DA:87,0
DA:88,0
DA:97,0
DA:99,0
DA:101,0
DA:104,0
DA:108,0
DA:110,0
DA:112,0
DA:117,0
DA:121,0
DA:125,0
DA:129,0
DA:130,0
DA:131,0
DA:132,0
DA:133,0
DA:135,0
DA:136,0
DA:137,0
DA:138,0
DA:139,0
DA:140,0
DA:141,0
DA:142,0
DA:143,0
DA:144,0
DA:145,0
DA:146,0
DA:147,0
DA:148,0
DA:149,0
DA:150,0
DA:151,0
DA:153,0
DA:154,0
DA:156,0
DA:157,0
DA:158,0
DA:159,0
DA:160,0
DA:162,0
DA:163,0
DA:164,0
DA:165,0
DA:168,0
DA:170,0
DA:171,0
DA:172,0
DA:173,0
DA:175,0
DA:176,0
DA:177,0
DA:178,0
DA:179,0
DA:180,0
DA:185,0
DA:186,0
DA:189,0
DA:190,0
DA:191,0
DA:192,0
DA:194,0
DA:195,0
DA:197,0
DA:198,0
DA:199,0
DA:202,0
DA:229,0
DA:231,0
DA:232,0
DA:233,0
DA:235,0
DA:236,0
DA:237,0
DA:239,0
DA:249,0
DA:260,0
DA:261,0
DA:262,0
DA:263,0
DA:264,0
DA:267,0
DA:269,0
DA:271,0
DA:273,0
DA:276,0
DA:278,0
DA:279,0
DA:283,0
DA:285,0
DA:287,0
DA:288,0
DA:292,0
DA:294,0
DA:296,0
DA:297,0
DA:301,0
DA:303,0
DA:305,0
DA:306,0
DA:315,0
DA:316,0
DA:317,0
DA:319,0
DA:321,0
DA:322,0
DA:323,0
DA:326,0
DA:327,0
DA:328,0
DA:330,0
DA:331,0
DA:333,0
DA:337,0
DA:339,0
DA:340,0
DA:342,0
DA:343,0
DA:345,0
DA:346,0
DA:347,0
DA:348,0
DA:349,0
DA:350,0
DA:351,0
DA:352,0
DA:353,0
DA:354,0
DA:357,0
DA:358,0
DA:359,0
DA:360,0
DA:361,0
DA:362,0
DA:363,0
DA:364,0
DA:365,0
DA:366,0
DA:369,0
DA:370,0
DA:371,0
DA:372,0
DA:373,0
DA:374,0
DA:375,0
DA:376,0
DA:377,0
DA:380,0
DA:381,0
DA:382,0
DA:383,0
DA:384,0
DA:385,0
DA:386,0
DA:387,0
DA:388,0
DA:391,0
DA:392,0
DA:393,0
DA:394,0
DA:395,0
DA:396,0
DA:397,0
DA:398,0
DA:399,0
LF:206
LH:0
end_of_record
SF:/usr/include/libkern/i386/_OSByteOrder.h
FN:46,_OSSwapInt16
FNDA:0,_OSSwapInt16
FNF:1
FNH:0
DA:47,0
DA:50,0
LF:2
LH:0
end_of_record
TN:
SF:/Users/aaronsmith/Development/Aaron/libgwrl/src/gwrl/time.c
FN:8,gwtm_gettimeofday_timespec
FN:14,gwtm_ms_to_timeval
FN:23,gwtm_ms_to_timespec
FN:32,gwtm_timeval_to_ms
FN:41,gwtm_timespec_to_ms
FN:50,gwtm_add_ms_to_timeval
FN:60,gwtm_add_ms_to_timespec
FN:70,gwtm_timespec_cmp
FN:79,gwtm_timespec_copy_if_smaller
FN:88,gwtm_timespec_sub_into
FN:97,gwtm_timespec_is_expired
FN:103,gwtm_timeval_to_timespec
FN:108,gwtm_timespec_to_timeval
FNDA:0,gwtm_gettimeofday_timespec
FNDA:0,gwtm_ms_to_timeval
FNDA:0,gwtm_ms_to_timespec
FNDA:0,gwtm_timeval_to_ms
FNDA:0,gwtm_timespec_to_ms
FNDA:0,gwtm_add_ms_to_timeval
FNDA:0,gwtm_add_ms_to_timespec
FNDA:0,gwtm_timespec_cmp
FNDA:0,gwtm_timespec_copy_if_smaller
FNDA:0,gwtm_timespec_sub_into
FNDA:0,gwtm_timespec_is_expired
FNDA:0,gwtm_timeval_to_timespec
FNDA:0,gwtm_timespec_to_timeval
FNF:13
FNH:0
BRDA:33,0,0,-
BRDA:33,0,1,-
BRDA:42,0,0,-
BRDA:42,0,1,-
BRDA:54,1,0,-
BRDA:54,1,1,-
BRDA:64,1,0,-
BRDA:64,1,1,-
BRDA:72,0,0,-
BRDA:72,0,1,-
BRDA:73,0,0,-
BRDA:73,0,1,-
BRDA:74,0,0,-
BRDA:74,0,1,-
BRDA:82,0,0,-
BRDA:82,0,1,-
BRDA:91,0,0,-
BRDA:91,0,1,-
BRDA:99,0,0,-
BRDA:99,0,1,-
BRDA:99,1,2,-
BRDA:99,1,3,-
BRF:22
BRH:0
DA:8,0
DA:9,0
DA:10,0
DA:11,0
DA:12,0
DA:14,0
DA:15,0
DA:16,0
DA:17,0
DA:18,0
DA:19,0
DA:20,0
DA:21,0
DA:23,0
DA:24,0
DA:25,0
DA:26,0
DA:27,0
DA:28,0
DA:29,0
DA:30,0
DA:32,0
DA:33,0
DA:34,0
DA:35,0
DA:37,0
DA:38,0
DA:39,0
DA:41,0
DA:42,0
DA:43,0
DA:44,0
DA:46,0
DA:47,0
DA:48,0
DA:50,0
DA:51,0
DA:52,0
DA:53,0
DA:54,0
DA:55,0
DA:56,0
DA:57,0
DA:58,0
DA:60,0
DA:61,0
DA:62,0
DA:63,0
DA:64,0
DA:65,0
DA:66,0
DA:67,0
DA:68,0
DA:70,0
DA:71,0
DA:72,0
DA:73,0
DA:74,0
DA:75,0
DA:76,0
DA:77,0
DA:79,0
DA:80,0
DA:81,0
DA:82,0
DA:83,0
DA:85,0
DA:86,0
DA:88,0
DA:89,0
DA:90,0
DA:91,0
DA:92,0
DA:93,0
DA:94,0
DA:95,0
DA:97,0
DA:98,0
DA:99,0
DA:100,0
DA:101,0
DA:103,0
DA:104,0
DA:105,0
DA:106,0
DA:108,0
DA:109,0
DA:110,0
DA:111,0
LF:89
LH:0
end_of_record
SF:/usr/include/secure/_string.h
FN:59,__inline_memcpy_chk
FNDA:0,__inline_memcpy_chk
FNF:1
FNH:0
DA:59,0
DA:61,0
LF:2
LH:0
end_of_record
TN:
SF:/Users/aaronsmith/Development/Aaron/libgwrl/src/gwrl/event.c
FN:14,gwrl_create
FN:60,gwrl_evt_create
FN:86,gwrl_src_time_create
FN:115,gwrl_src_file_create
FN:135,gwrl_set_fd
FN:144,gwrl_set_timeout
FN:153,gwrl_set_interval
FN:162,gwrl_set_date_timeout
FN:171,gwrl_post_function
FN:178,gwrl_post_function_safely
FN:185,gwrl_set_options
FN:209,gwrl_add_gather_fnc
FN:228,gwrl_reset_gather_fncs
FN:235,gwrl_free
FN:360,gwrl_evt_free
FN:376,gwrl_evt_free_list
FN:386,gwrl_allow_poll_sleep
FN:392,gwrl_src_add
FN:401,gwrl_src_add_safely
FN:413,gwrl_post_evt_safely
FN:425,gwrl_src_del
FN:457,gwrl_src_remove
FN:462,gwrl_del_persistent_timeouts
FN:497,gwrl_post_evt
FN:505,gwrl_src_enable
FN:520,gwrl_src_disable
FN:527,gwrl_stop
FN:532,gwrl_time_gather
FN:609,gwrl_install_queued_sources
FN:623,gwrl_install_queued_events
FN:637,gwrl_dispatch
FN:657,gwrl_run_once
FN:673,gwrl_run
FNDA:1,gwrl_create
FNDA:1,gwrl_evt_create
FNDA:0,gwrl_src_time_create
FNDA:2,gwrl_src_file_create
FNDA:0,gwrl_set_fd
FNDA:0,gwrl_set_timeout
FNDA:0,gwrl_set_interval
FNDA:0,gwrl_set_date_timeout
FNDA:1,gwrl_post_function
FNDA:0,gwrl_post_function_safely
FNDA:0,gwrl_set_options
FNDA:0,gwrl_add_gather_fnc
FNDA:0,gwrl_reset_gather_fncs
FNDA:2,gwrl_free
FNDA:1,gwrl_evt_free
FNDA:1,gwrl_evt_free_list
FNDA:0,gwrl_allow_poll_sleep
FNDA:2,gwrl_src_add
FNDA:0,gwrl_src_add_safely
FNDA:0,gwrl_post_evt_safely
FNDA:0,gwrl_src_del
FNDA:0,gwrl_src_remove
FNDA:0,gwrl_del_persistent_timeouts
FNDA:1,gwrl_post_evt
FNDA:0,gwrl_src_enable
FNDA:2,gwrl_src_disable
FNDA:1,gwrl_stop
FNDA:0,gwrl_time_gather
FNDA:0,gwrl_install_queued_sources
FNDA:0,gwrl_install_queued_events
FNDA:2,gwrl_dispatch
FNDA:0,gwrl_run_once
FNDA:1,gwrl_run
FNF:33
FNH:13
BRDA:100,0,0,-
BRDA:100,0,1,-
BRDA:101,0,0,-
BRDA:101,0,1,-
BRDA:105,0,0,-
BRDA:105,0,1,-
BRDA:110,0,0,-
BRDA:110,0,1,-
BRDA:138,0,0,-
BRDA:138,0,1,-
BRDA:147,0,0,-
BRDA:147,0,1,-
BRDA:156,0,0,-
BRDA:156,0,1,-
BRDA:165,0,0,-
BRDA:165,0,1,-
BRDA:173,0,0,0
BRDA:173,0,1,1
BRDA:180,0,0,-
BRDA:180,0,1,-
BRDA:190,0,0,-
BRDA:190,0,1,-
BRDA:192,1,0,-
BRDA:192,1,1,-
BRDA:195,1,0,-
BRDA:195,1,1,-
BRDA:197,0,0,-
BRDA:197,0,1,-
BRDA:197,1,2,-
BRDA:197,1,3,-
BRDA:204,0,0,-
BRDA:204,0,1,-
BRDA:212,0,0,-
BRDA:212,0,1,-
BRDA:213,0,0,-
BRDA:213,0,1,-
BRDA:253,0,0,1
BRDA:253,0,1,0
BRDA:255,1,0,2
BRDA:255,1,1,1
BRDA:269,0,0,1
BRDA:269,0,1,0
BRDA:275,1,0,1
BRDA:275,1,1,1
BRDA:279,0,0,1
BRDA:279,0,1,0
BRDA:287,1,0,3
BRDA:287,1,1,1
BRDA:290,1,0,2
BRDA:290,1,1,3
BRDA:293,0,0,0
BRDA:293,0,1,2
BRDA:297,0,0,1
BRDA:297,0,1,1
BRDA:300,0,0,1
BRDA:300,0,1,1
BRDA:311,0,0,0
BRDA:311,0,1,1
BRDA:316,1,0,-
BRDA:316,1,1,-
BRDA:319,0,0,-
BRDA:319,0,1,-
BRDA:323,0,0,-
BRDA:323,0,1,-
BRDA:326,0,0,-
BRDA:326,0,1,-
BRDA:337,0,0,0
BRDA:337,0,1,1
BRDA:342,1,0,-
BRDA:342,1,1,-
BRDA:349,0,0,1
BRDA:349,0,1,0
BRDA:367,0,0,0
BRDA:367,0,1,1
BRDA:378,0,0,1
BRDA:378,0,1,1
BRDA:396,0,0,2
BRDA:396,0,1,0
BRDA:409,0,0,-
BRDA:409,0,1,-
BRDA:421,0,0,-
BRDA:421,0,1,-
BRDA:431,0,0,-
BRDA:431,0,1,-
BRDA:431,1,2,-
BRDA:431,1,3,-
BRDA:434,1,0,-
BRDA:434,1,1,-
BRDA:438,1,0,-
BRDA:438,1,1,-
BRDA:439,0,0,-
BRDA:439,0,1,-
BRDA:446,0,0,-
BRDA:446,0,1,-
BRDA:451,0,0,-
BRDA:451,0,1,-
BRDA:452,0,0,-
BRDA:452,0,1,-
BRDA:473,0,0,-
BRDA:473,0,1,-
BRDA:474,0,0,-
BRDA:474,0,1,-
BRDA:476,0,0,-
BRDA:476,0,1,-
BRDA:477,0,0,-
BRDA:477,0,1,-
BRDA:478,0,0,-
BRDA:478,0,1,-
BRDA:486,1,0,-
BRDA:486,1,1,-
BRDA:509,0,0,-
BRDA:509,0,1,-
BRDA:513,1,0,-
BRDA:513,1,1,-
BRDA:541,0,0,-
BRDA:541,0,1,-
BRDA:544,0,0,-
BRDA:544,0,1,-
BRDA:548,0,0,-
BRDA:548,0,1,-
BRDA:548,1,2,-
BRDA:548,1,3,-
BRDA:548,2,4,-
BRDA:548,2,5,-
BRDA:556,0,0,-
BRDA:556,0,1,-
BRDA:558,1,0,-
BRDA:558,1,1,-
BRDA:562,0,0,-
BRDA:562,0,1,-
BRDA:567,0,0,-
BRDA:567,0,1,-
BRDA:567,1,2,-
BRDA:567,1,3,-
BRDA:568,0,0,-
BRDA:568,0,1,-
BRDA:575,0,0,-
BRDA:575,0,1,-
BRDA:588,0,0,-
BRDA:588,0,1,-
BRDA:588,1,2,-
BRDA:588,1,3,-
BRDA:589,0,0,-
BRDA:589,0,1,-
BRDA:596,0,0,-
BRDA:596,0,1,-
BRDA:602,0,0,-
BRDA:602,0,1,-
BRDA:615,0,0,-
BRDA:615,0,1,-
BRDA:629,0,0,-
BRDA:629,0,1,-
BRDA:642,0,0,1
BRDA:642,0,1,2
BRDA:643,0,0,1
BRDA:643,0,1,0
BRDA:645,0,0,1
BRDA:645,0,1,0
BRDA:645,1,2,0
BRDA:645,1,3,1
BRDA:645,2,4,-
BRDA:645,2,5,-
BRDA:653,0,0,1
BRDA:653,0,1,1
BRDA:660,0,0,-
BRDA:660,0,1,-
BRDA:664,0,0,-
BRDA:664,0,1,-
BRDA:666,1,0,-
BRDA:666,1,1,-
BRDA:667,0,0,-
BRDA:667,0,1,-
BRDA:677,0,0,0
BRDA:677,0,1,1
BRDA:678,0,0,0
BRDA:678,0,1,1
BRDA:680,0,0,1
BRDA:680,0,1,0
BRDA:686,0,0,-
BRDA:686,0,1,-
BRDA:688,1,0,-
BRDA:688,1,1,-
BRDA:689,0,0,-
BRDA:689,0,1,-
BRF:184
BRH:34
DA:15,1
DA:16,1
DA:26,1
DA:29,1
DA:38,1
DA:40,1
DA:51,1
DA:52,1
DA:55,1
DA:56,1
DA:60,1
DA:61,1
DA:62,1
DA:63,1
DA:64,0
DA:65,0
DA:66,0
DA:67,0
DA:68,0
DA:69,1
DA:77,1
DA:78,1
DA:79,1
DA:80,1
DA:81,1
DA:82,1
DA:86,0
DA:87,0
DA:88,0
DA:89,0
DA:96,0
DA:97,0
DA:98,0
DA:99,0
DA:100,0
DA:101,0
DA:102,0
DA:103,0
DA:104,0
DA:105,0
DA:106,0
DA:107,0
DA:108,0
DA:109,0
DA:110,0
DA:111,0
DA:115,2
DA:116,2
DA:117,2
DA:118,2
DA:125,2
DA:126,2
DA:127,2
DA:128,2
DA:129,2
DA:130,2
DA:131,2
DA:135,0
DA:136,0
DA:137,0
DA:138,0
DA:139,0
DA:140,0
DA:144,0
DA:145,0
DA:146,0
DA:147,0
DA:148,0
DA:149,0
DA:153,0
DA:154,0
DA:155,0
DA:156,0
DA:157,0
DA:158,0
DA:162,0
DA:163,0
DA:164,0
DA:165,0
DA:166,0
DA:167,0
DA:171,1
DA:172,1
DA:173,1
DA:174,1
DA:175,1
DA:178,0
DA:179,0
DA:180,0
DA:181,0
DA:182,0
DA:185,0
DA:186,0
DA:187,0
DA:188,0
DA:189,0
DA:190,0
DA:191,0
DA:192,0
DA:193,0
DA:194,0
DA:195,0
DA:197,0
DA:198,0
DA:199,0
DA:200,0
DA:201,0
DA:202,0
DA:203,0
DA:204,0
DA:205,0
DA:206,0
DA:209,0
DA:210,0
DA:211,0
DA:212,0
DA:213,0
DA:214,0
DA:215,0
DA:216,0
DA:218,0
DA:225,0
DA:228,0
DA:229,0
DA:230,0
DA:231,0
DA:232,0
DA:235,2
DA:236,2
DA:237,2
DA:238,2
DA:239,2
DA:240,2
DA:241,2
DA:242,2
DA:253,1
DA:254,1
DA:255,3
DA:256,2
DA:257,2
DA:258,2
DA:259,2
DA:260,1
DA:265,1
DA:266,1
DA:269,1
DA:270,1
DA:271,1
DA:272,1
DA:275,2
DA:276,1
DA:277,1
DA:278,1
DA:279,1
DA:280,1
DA:281,1
DA:282,1
DA:283,1
DA:287,4
DA:288,3
DA:289,3
DA:290,5
DA:291,2
DA:292,2
DA:293,2
DA:294,0
DA:295,0
DA:296,2
DA:297,2
DA:298,1
DA:299,1
DA:300,2
DA:301,1
DA:302,1
DA:303,1
DA:304,2
DA:307,2
DA:308,3
DA:311,1
DA:312,0
DA:313,0
DA:314,0
DA:315,0
DA:316,0
DA:317,0
DA:318,0
DA:319,0
DA:320,0
DA:321,0
DA:322,0
DA:323,0
DA:324,0
DA:325,0
DA:326,0
DA:327,0
DA:328,0
DA:329,0
DA:330,0
DA:333,0
DA:334,0
DA:337,1
DA:338,0
DA:339,0
DA:340,0
DA:341,0
DA:342,0
DA:343,0
DA:344,0
DA:345,0
DA:346,0
DA:347,0
DA:349,1
DA:350,1
DA:351,1
DA:352,1
DA:353,1
DA:354,1
DA:355,1
DA:356,1
DA:357,2
DA:360,1
DA:361,1
DA:362,0
DA:363,0
DA:364,1
DA:365,1
DA:366,1
DA:367,1
DA:368,0
DA:369,0
DA:370,1
DA:371,1
DA:373,1
DA:376,1
DA:377,1
DA:378,2
DA:379,1
DA:380,1
DA:381,1
DA:382,1
DA:383,1
DA:386,0
DA:387,0
DA:388,0
DA:389,0
DA:392,2
DA:393,2
DA:394,1
DA:395,2
DA:396,2
DA:397,2
DA:398,2
DA:401,0
DA:402,0
DA:403,0
DA:404,0
DA:405,0
DA:406,0
DA:407,0
DA:408,0
DA:409,0
DA:410,0
DA:413,0
DA:414,0
DA:415,0
DA:416,0
DA:417,0
DA:418,0
DA:419,0
DA:420,0
DA:421,0
DA:422,0
DA:425,0
DA:426,0
DA:427,0
DA:428,0
DA:430,0
DA:431,0
DA:432,0
DA:433,0
DA:434,0
DA:435,0
DA:436,0
DA:437,0
DA:438,0
DA:439,0
DA:440,0
DA:441,0
DA:442,0
DA:444,0
DA:446,0
DA:447,0
DA:448,0
DA:449,0
DA:451,0
DA:452,0
DA:453,0
DA:454,0
DA:457,0
DA:458,0
DA:459,0
DA:462,0
DA:463,0
DA:464,0
DA:465,0
DA:466,0
DA:467,0
DA:468,0
DA:469,0
DA:473,0
DA:474,0
DA:475,0
DA:476,0
DA:477,0
DA:478,0
DA:479,0
DA:480,0
DA:481,0
DA:482,0
DA:483,0
DA:486,0
DA:487,0
DA:488,0
DA:489,0
DA:490,0
DA:493,0
DA:494,0
DA:497,1
DA:498,1
DA:499,0
DA:500,1
DA:501,1
DA:502,1
DA:505,0
DA:506,0
DA:507,0
DA:508,0
DA:509,0
DA:510,0
DA:511,0
DA:512,0
DA:513,0
DA:514,0
DA:515,0
DA:516,0
DA:517,0
DA:520,2
DA:521,2
DA:522,2
DA:523,2
DA:524,2
DA:527,1
DA:528,1
DA:529,1
DA:532,0
DA:533,0
DA:534,0
DA:535,0
DA:536,0
DA:537,0
DA:538,0
DA:539,0
DA:540,0
DA:541,0
DA:542,0
DA:543,0
DA:544,0
DA:546,0
DA:548,0
DA:550,0
DA:551,0
DA:552,0
DA:554,0
DA:556,0
DA:557,0
DA:558,0
DA:559,0
DA:560,0
DA:562,0
DA:564,0
DA:565,0
DA:567,0
DA:568,0
DA:569,0
DA:570,0
DA:573,0
DA:575,0
DA:576,0
DA:577,0
DA:578,0
DA:579,0
DA:580,0
DA:581,0
DA:582,0
DA:583,0
DA:584,0
DA:587,0
DA:588,0
DA:589,0
DA:590,0
DA:591,0
DA:596,0
DA:597,0
DA:598,0
DA:599,0
DA:600,0
DA:602,0
DA:603,0
DA:604,0
DA:605,0
DA:606,0
DA:609,0
DA:610,0
DA:611,0
DA:612,0
DA:613,0
DA:614,0
DA:615,0
DA:616,0
DA:617,0
DA:618,0
DA:619,0
DA:620,0
DA:623,0
DA:624,0
DA:625,0
DA:626,0
DA:627,0
DA:628,0
DA:629,0
DA:630,0
DA:631,0
DA:632,0
DA:633,0
DA:634,0
DA:637,2
DA:638,2
DA:639,2
DA:640,2
DA:641,2
DA:642,3
DA:643,1
DA:644,1
DA:645,1
DA:646,0
DA:647,0
DA:648,0
DA:649,0
DA:650,0
DA:651,0
DA:652,1
DA:653,2
DA:654,2
DA:657,0
DA:658,0
DA:659,0
DA:660,0
DA:661,0
DA:662,0
DA:663,0
DA:664,0
DA:665,0
DA:666,0
DA:667,0
DA:668,0
DA:669,0
DA:670,0
DA:673,1
DA:674,1
DA:675,1
DA:676,1
DA:677,1
DA:678,1
DA:679,1
DA:680,1
DA:681,1
DA:682,1
DA:684,0
DA:685,0
DA:686,0
DA:687,0
DA:688,0
DA:689,0
DA:690,0
DA:691,0
DA:692,0
DA:693,1
LF:487
LH:157
end_of_record
SF:/usr/include/secure/_string.h
FN:59,__inline_memcpy_chk
FNDA:1,__inline_memcpy_chk
FNF:1
FNH:1
DA:59,1
DA:61,1
LF:2
LH:2
end_of_record
TN:
SF:/Users/aaronsmith/Development/Aaron/libgwrl/src/gwrl/event_kqueue.c
FN:21,gwrl_bkd_init
FN:47,gwrl_bkd_set_options
FN:64,gwrl_bkd_free
FN:72,gwrl_bkd_kevent
FN:90,gwrl_src_file_update_flags
FN:114,gwrl_bkd_src_add
FN:130,gwrl_bkd_del_src
FN:142,gwrl_bkd_enable_src
FN:154,gwrl_bkd_disable_src
FN:166,gwrl_bkd_gather
FNDA:1,gwrl_bkd_init
FNDA:0,gwrl_bkd_set_options
FNDA:1,gwrl_bkd_free
FNDA:5,gwrl_bkd_kevent
FNDA:1,gwrl_src_file_update_flags
FNDA:2,gwrl_bkd_src_add
FNDA:0,gwrl_bkd_del_src
FNDA:0,gwrl_bkd_enable_src
FNDA:2,gwrl_bkd_disable_src
FNDA:0,gwrl_bkd_gather
FNF:10
FNH:6
BRDA:95,1,0,-
BRDA:95,1,1,-
BRDA:95,2,2,-
BRDA:95,2,3,-
BRDA:100,0,0,0
BRDA:100,0,1,1
BRDA:106,0,0,0
BRDA:106,0,1,1
BRDA:106,1,2,-
BRDA:106,1,3,-
BRDA:119,0,0,1
BRDA:119,0,1,1
BRDA:123,0,0,0
BRDA:123,0,1,2
BRDA:125,0,0,-
BRDA:125,0,1,-
BRDA:135,0,0,-
BRDA:135,0,1,-
BRDA:147,0,0,-
BRDA:147,0,1,-
BRDA:159,0,0,0
BRDA:159,0,1,2
BRDA:178,0,0,-
BRDA:178,0,1,-
BRDA:182,0,0,-
BRDA:182,0,1,-
BRDA:182,1,2,-
BRDA:182,1,3,-
BRDA:186,0,0,-
BRDA:186,0,1,-
BRDA:196,0,0,-
BRDA:196,0,1,-
BRDA:197,0,0,-
BRDA:197,0,1,-
BRDA:197,1,2,-
BRDA:197,1,3,-
BRDA:197,2,4,-
BRDA:197,2,5,-
BRDA:199,0,0,-
BRDA:199,0,1,-
BRDA:200,1,0,-
BRDA:200,1,1,-
BRDA:205,0,0,-
BRDA:205,0,1,-
BRDA:207,0,0,-
BRDA:207,0,1,-
BRDA:210,0,0,-
BRDA:210,0,1,-
BRDA:215,0,0,-
BRDA:215,0,1,-
BRDA:215,1,2,-
BRDA:215,1,3,-
BRDA:217,1,0,-
BRDA:217,1,1,-
BRDA:217,2,2,-
BRDA:217,2,3,-
BRDA:221,0,0,-
BRDA:221,0,1,-
BRDA:221,1,2,-
BRDA:221,1,3,-
BRDA:225,0,0,-
BRDA:225,0,1,-
BRDA:227,1,0,-
BRDA:227,1,1,-
BRDA:231,0,0,-
BRDA:231,0,1,-
BRDA:233,1,0,-
BRDA:233,1,1,-
BRF:68
BRH:6
DA:21,1
DA:22,1
DA:31,1
DA:41,1
DA:42,1
DA:43,1
DA:44,1
DA:47,0
DA:48,0
DA:49,0
DA:50,0
DA:51,0
DA:52,0
DA:61,0
DA:62,0
DA:64,1
DA:65,1
DA:66,1
DA:67,1
DA:68,1
DA:69,1
DA:70,1
DA:72,5
DA:73,5
DA:74,5
DA:75,5
DA:76,5
DA:77,5
DA:78,5
DA:79,5
DA:80,5
DA:81,5
DA:82,5
DA:88,5
DA:90,1
DA:91,1
DA:93,1
DA:94,1
DA:95,1
DA:97,0
DA:98,0
DA:100,1
DA:102,0
DA:103,0
DA:104,0
DA:106,1
DA:108,0
DA:109,1
DA:111,1
DA:112,1
DA:114,2
DA:115,2
DA:117,2
DA:118,2
DA:119,2
DA:120,2
DA:121,2
DA:123,2
DA:124,0
DA:125,0
DA:126,0
DA:127,0
DA:128,2
DA:130,0
DA:131,0
DA:132,0
DA:133,0
DA:135,0
DA:136,0
DA:137,0
DA:139,0
DA:140,0
DA:142,0
DA:143,0
DA:144,0
DA:145,0
DA:147,0
DA:148,0
DA:149,0
DA:151,0
DA:152,0
DA:154,2
DA:155,2
DA:156,2
DA:157,2
DA:159,2
DA:160,0
DA:161,0
DA:163,2
DA:164,2
DA:166,0
DA:167,0
DA:168,0
DA:169,0
DA:170,0
DA:171,0
DA:172,0
DA:173,0
DA:174,0
DA:175,0
DA:176,0
DA:178,0
DA:179,0
DA:180,0
DA:182,0
DA:183,0
DA:184,0
DA:186,0
DA:187,0
DA:188,0
DA:190,0
DA:192,0
DA:193,0
DA:194,0
DA:196,0
DA:197,0
DA:199,0
DA:200,0
DA:201,0
DA:202,0
DA:203,0
DA:204,0
DA:205,0
DA:207,0
DA:208,0
DA:210,0
DA:211,0
DA:212,0
DA:213,0
DA:215,0
DA:216,0
DA:217,0
DA:218,0
DA:219,0
DA:221,0
DA:222,0
DA:223,0
DA:225,0
DA:226,0
DA:227,0
DA:228,0
DA:229,0
DA:231,0
DA:232,0
DA:233,0
DA:234,0
DA:235,0
DA:236,0
DA:238,0
DA:239,0
DA:240,0
DA:241,0
LF:152
LH:52
end_of_record
TN:
SF:/Users/aaronsmith/Development/Aaron/libgwrl/src/gwrl/event_wake_pipe.c
FN:4,gwrl_wake
FN:15,gwrl_wake_init
FN:34,gwrl_wake_free
FN:39,gwrl_wake_activity
FNDA:5,gwrl_wake
FNDA:1,gwrl_wake_init
FNDA:1,gwrl_wake_free
FNDA:0,gwrl_wake_activity
FNF:4
FNH:3
BRDA:9,0,0,-
BRDA:9,0,1,-
BRDA:9,1,2,-
BRDA:9,1,3,-
BRDA:17,0,0,0
BRDA:17,0,1,1
BRDA:47,0,0,-
BRDA:47,0,1,-
BRDA:48,0,0,-
BRDA:48,0,1,-
BRDA:48,1,2,-
BRDA:48,1,3,-
BRDA:48,2,4,-
BRDA:48,2,5,-
BRDA:51,0,0,-
BRDA:51,0,1,-
BRDA:53,0,0,-
BRDA:53,0,1,-
BRF:18
BRH:1
DA:4,5
DA:5,5
DA:6,0
DA:7,0
DA:8,0
DA:9,0
DA:10,0
DA:12,0
DA:13,5
DA:15,1
DA:16,1
DA:17,1
DA:21,0
DA:22,1
DA:23,1
DA:24,1
DA:31,1
DA:32,1
DA:34,1
DA:35,1
DA:36,1
DA:37,1
DA:39,0
DA:40,0
DA:41,0
DA:42,0
DA:43,0
DA:44,0
DA:45,0
DA:46,0
DA:47,0
DA:48,0
DA:49,0
DA:51,0
DA:53,0
DA:54,0
DA:55,0
DA:58,0
DA:59,0
DA:60,0
DA:61,0
DA:62,0
DA:63,0
[...]
DA:486,0
DA:487,0
DA:490,0
DA:491,0
DA:492,0
DA:498,0
DA:501,0
DA:502,0
DA:503,0
DA:504,0
DA:507,0
DA:508,0
DA:509,0
DA:511,0
DA:516,0
DA:517,0
DA:520,0
DA:521,0
DA:522,0
DA:525,0
DA:532,0
DA:533,0
DA:534,0
DA:537,0
DA:538,0
DA:539,0
DA:542,0
DA:543,0
DA:545,0
DA:549,0
DA:550,0
DA:552,0
DA:557,0
DA:558,0
DA:559,0
DA:560,0
DA:561,0
DA:562,0
DA:563,0
DA:564,0
DA:565,0
DA:568,0
DA:569,0
DA:570,0
DA:571,0
DA:572,0
DA:575,0
DA:579,0
DA:580,0
DA:581,0
DA:582,0
DA:583,0
DA:584,0
DA:585,0
DA:586,0
DA:587,0
DA:588,0
DA:589,0
DA:590,0
DA:591,0
DA:592,0
DA:593,0
DA:594,0
DA:595,0
DA:598,0
DA:599,0
DA:600,0
DA:601,0
DA:602,0
DA:603,0
DA:604,0
DA:606,0
DA:607,0
DA:608,0
DA:609,0
DA:612,0
DA:613,0
DA:614,0
DA:615,0
DA:616,0
DA:617,0
DA:618,0
DA:619,0
DA:620,0
DA:622,0
DA:623,0
DA:624,0
DA:625,0
DA:626,0
DA:627,0
DA:630,0
DA:631,0
DA:632,0
DA:633,0
DA:634,0
DA:635,0
DA:636,0
DA:637,0
DA:639,0
DA:640,0
DA:641,0
DA:642,0
DA:643,0
DA:644,0
DA:645,0
DA:648,0
DA:649,0
DA:650,0
DA:651,0
DA:652,0
DA:653,0
DA:656,0
DA:657,0
DA:661,0
DA:662,0
DA:666,0
DA:667,0
DA:672,0
DA:673,0
DA:674,0
DA:675,0
DA:676,0
DA:677,0
DA:678,0
DA:679,0
DA:681,0
DA:682,0
DA:683,0
DA:684,0
DA:685,0
DA:688,0
DA:689,0
DA:690,0
DA:691,0
DA:692,0
DA:693,0
DA:695,0
DA:696,0
DA:697,0
DA:698,0
DA:699,0
DA:702,0
DA:703,0
DA:704,0
DA:705,0
DA:706,0
DA:707,0
DA:708,0
DA:710,0
DA:711,0
DA:712,0
DA:713,0
DA:714,0
DA:717,4
DA:718,4
DA:719,4
DA:720,0
DA:721,0
DA:722,0
DA:723,0
DA:724,0
DA:725,0
DA:727,0
DA:728,4
DA:729,4
DA:730,0
DA:731,0
DA:732,4
DA:734,4
DA:735,4
DA:739,3
DA:740,3
DA:741,0
DA:742,0
DA:743,3
DA:744,3
DA:745,3
DA:746,3
DA:747,3
DA:749,3
DA:752,0
DA:753,0
DA:754,0
DA:755,0
DA:756,0
DA:757,0
DA:758,0
DA:759,0
DA:760,0
DA:761,0
DA:764,2
DA:765,2
DA:766,2
DA:767,1
DA:768,1
DA:769,1
DA:770,1
DA:771,1
DA:772,4
DA:773,3
DA:774,3
DA:775,3
DA:776,1
DA:777,1
DA:778,2
DA:779,1
DA:780,1
DA:781,1
DA:782,1
DA:783,1
DA:784,1
DA:785,1
DA:787,2
DA:790,3
DA:791,3
DA:792,3
DA:793,1
DA:794,1
DA:795,1
DA:796,2
DA:797,1
DA:798,1
DA:799,1
DA:800,1
DA:801,2
DA:804,3
LF:568
LH:52
end_of_record
SF:/usr/include/secure/_string.h
FN:59,__inline_memcpy_chk
FNDA:0,__inline_memcpy_chk
FNF:1
FNH:0
DA:59,0
DA:61,0
LF:2
LH:0
end_of_record
TN:
SF:/Users/aaronsmith/Development/Aaron/libgwrl/test/proactor_tcp.c
FN:15,didrd
FN:24,didwr
FN:28,rdfilter1
FN:34,rdfilter2
FN:41,write_data
FN:53,wrfilter1
FN:59,wrfilter2
FN:66,timeout
FN:71,main
FNDA:101,didrd
FNDA:151,didwr
FNDA:101,rdfilter1
FNDA:101,rdfilter2
FNDA:152,write_data
FNDA:151,wrfilter1
FNDA:151,wrfilter2
FNDA:1,timeout
FNDA:1,main
FNF:9
FNH:9
BRDA:18,0,0,1
BRDA:18,0,1,100
BRDA:96,0,0,0
BRDA:96,0,1,1
BRDA:97,0,0,0
BRDA:97,0,1,1
BRDA:98,0,0,0
BRDA:98,0,1,1
BRF:8
BRH:5
DA:15,101
DA:16,101
DA:17,101
DA:18,101
DA:19,1
DA:20,1
DA:21,101
DA:22,101
DA:24,151
DA:25,151
DA:26,151
DA:28,101
DA:29,101
DA:30,101
DA:31,101
DA:32,101
DA:34,101
DA:35,101
DA:36,101
DA:37,101
DA:38,101
DA:39,101
DA:41,152
DA:42,152
DA:43,152
DA:44,152
DA:45,101
DA:46,101
DA:47,101
DA:48,101
DA:49,51
DA:51,152
DA:53,151
DA:54,151
DA:55,151
DA:56,151
DA:57,151
DA:59,151
DA:60,151
DA:61,151
DA:62,151
DA:63,151
DA:64,151
DA:66,1
DA:67,1
DA:68,1
DA:69,1
DA:71,1
DA:72,1
DA:74,1
DA:75,1
DA:77,1
DA:78,1
DA:80,1
DA:81,1
DA:82,1
DA:83,1
DA:85,1
DA:86,1
DA:87,1
DA:89,1
DA:91,1
DA:93,1
DA:95,1
DA:96,1
DA:97,1
DA:98,1
DA:100,1
LF:68
LH:68
end_of_record
TN:
SF:/Users/aaronsmith/Development/Aaron/libgwrl/test/proactor_udp.c
FN:13,didrd
FN:21,didwr
FN:25,write_data
FN:30,timeout
FN:35,main
FNDA:100,didrd
FNDA:0,didwr
FNDA:101,write_data
FNDA:0,timeout
FNDA:1,main
FNF:5
FNH:3
DA:13,100
DA:14,100
DA:15,100
DA:16,100
DA:17,1
DA:18,1
DA:19,100
DA:21,0
DA:22,0
DA:23,0
DA:25,101
DA:26,101
DA:27,101
DA:28,101
DA:30,0
DA:31,0
DA:32,0
DA:33,0
DA:35,1
DA:36,1
DA:37,1
DA:38,1
DA:40,1
DA:41,1
DA:42,1
DA:43,1
DA:45,1
DA:46,1
DA:48,1
DA:49,1
DA:50,1
DA:52,1
DA:54,1
DA:56,1
LF:34
LH:27
end_of_record
TN:
SF:/Users/aaronsmith/Development/Aaron/libgwrl/test/proactor_wrq.c
FN:4,main
FNDA:1,main
FNF:1
FNH:1
BRDA:17,0,0,1
BRDA:17,0,1,0
BRDA:17,1,2,1
BRDA:17,1,3,0
BRDA:17,3,4,0
BRDA:17,3,5,1
BRDA:22,0,0,0
BRDA:22,0,1,1
BRDA:23,0,0,0
BRDA:23,0,1,1
BRDA:24,0,0,0
BRDA:24,0,1,1
BRDA:28,0,0,0
BRDA:28,0,1,1
BRDA:29,0,0,0
BRDA:29,0,1,1
BRDA:34,0,0,0
BRDA:34,0,1,1
BRDA:35,0,0,0
BRDA:35,0,1,1
BRDA:36,0,0,0
BRDA:36,0,1,1
BRDA:37,0,0,0
BRDA:37,0,1,1
BRDA:42,0,0,0
BRDA:42,0,1,1
BRDA:43,0,0,0
BRDA:43,0,1,1
BRDA:44,0,0,0
BRDA:44,0,1,1
BRDA:45,0,0,0
BRDA:45,0,1,1
BRDA:46,0,0,0
BRDA:46,0,1,1
BRDA:51,0,0,0
BRDA:51,0,1,1
BRDA:52,0,0,0
BRDA:52,0,1,1
BRDA:53,0,0,0
BRDA:53,0,1,1
BRDA:54,0,0,0
BRDA:54,0,1,1
BRDA:57,0,0,0
BRDA:57,0,1,1
BRDA:58,0,0,0
BRDA:58,0,1,1
BRDA:59,0,0,0
BRDA:59,0,1,1
BRDA:60,0,0,0
BRDA:60,0,1,1
BRDA:63,0,0,0
BRDA:63,0,1,1
BRDA:64,0,0,0
BRDA:64,0,1,1
BRDA:65,0,0,0
BRDA:65,0,1,1
BRDA:66,0,0,0
BRDA:66,0,1,1
BRDA:67,0,0,0
BRDA:67,0,1,1
BRF:60
BRH:30
DA:4,1
DA:6,1
DA:7,1
DA:8,1
DA:10,1
DA:11,1
DA:12,1
DA:13,1
DA:14,1
DA:16,1
DA:17,1
DA:20,1
DA:21,1
DA:22,1
DA:23,1
DA:24,1
DA:27,1
DA:28,1
DA:29,1
DA:32,1
DA:33,1
DA:34,1
DA:35,1
DA:36,1
DA:37,1
DA:40,1
DA:41,1
DA:42,1
DA:43,1
DA:44,1
DA:45,1
DA:46,1
DA:49,1
DA:50,1
DA:51,1
DA:52,1
DA:53,1
DA:54,1
DA:56,1
DA:57,1
DA:58,1
DA:59,1
DA:60,1
DA:62,1
DA:63,1
DA:64,1
DA:65,1
DA:66,1
DA:67,1
DA:69,1
LF:50
LH:50
end_of_record
TN:
SF:/Users/aaronsmith/Development/Aaron/libgwrl/test/reactor_custom_gathering.c
FN:11,my_gather
FN:26,my_callback
FN:31,main
FNDA:10,my_gather
FNDA:1,my_callback
FNDA:1,main
FNF:3
FNH:3
BRDA:14,0,0,10
BRDA:14,0,1,10
BRDA:17,0,0,1
BRDA:17,0,1,9
BRF:4
BRH:4
DA:11,10
DA:12,10
DA:13,10
DA:14,20
DA:15,10
DA:16,10
DA:17,10
DA:18,1
DA:19,1
DA:20,1
DA:21,1
DA:22,10
DA:23,10
DA:24,10
DA:26,1
DA:28,1
DA:29,1
DA:31,1
DA:32,1
DA:33,1
DA:34,1
DA:46,1
DA:47,1
DA:48,1
DA:49,1
DA:50,1
DA:51,1
DA:52,1
DA:53,1
LF:29
LH:29
end_of_record
TN:
SF:/Users/aaronsmith/Development/Aaron/libgwrl/test/reactor_del_pers_timeouts.c
FN:4,timeout1
FN:9,main
FNDA:1,timeout1
FNDA:1,main
FNF:2
FNH:2
DA:4,1
DA:5,1
DA:6,1
DA:7,1
DA:9,1
DA:10,1
DA:11,1
DA:12,1
DA:13,1
DA:14,1
LF:10
LH:10
end_of_record
TN:
SF:/Users/aaronsmith/Development/Aaron/libgwrl/test/reactor_del_pers_timeouts2.c
FN:4,timeout2
FN:9,timeout1
FN:13,main
FNDA:1,timeout2
FNDA:1,timeout1
FNDA:1,main
FNF:3
FNH:3
DA:4,1
DA:5,1
DA:6,1
DA:7,1
DA:9,1
DA:10,1
DA:11,1
DA:13,1
DA:14,1
DA:15,1
DA:16,1
DA:17,1
DA:18,1
LF:13
LH:13
end_of_record
TN:
SF:/Users/aaronsmith/Development/Aaron/libgwrl/test/reactor_del_pers_timeouts3.c
FN:4,timeout3
FN:9,timeout2
FN:13,timeout1
FN:17,main
FNDA:1,timeout3
FNDA:1,timeout2
FNDA:1,timeout1
FNDA:1,main
FNF:4
FNH:4
DA:4,1
DA:5,1
DA:6,1
DA:7,1
DA:9,1
DA:10,1
DA:11,1
DA:13,1
DA:14,1
DA:15,1
DA:17,1
DA:18,1
DA:19,1
DA:20,1
DA:21,1
DA:22,1
LF:16
LH:16
end_of_record
TN:
SF:/Users/aaronsmith/Development/Aaron/libgwrl/test/reactor_events.c
FN:4,main
FNDA:1,main
FNF:1
FNH:1
BRDA:14,0,0,0
BRDA:14,0,1,1
BRDA:18,0,0,0
BRDA:18,0,1,1
BRDA:19,0,0,0
BRDA:19,0,1,1
BRDA:23,0,0,0
BRDA:23,0,1,1
BRDA:24,0,0,0
BRDA:24,0,1,1
BRDA:25,0,0,0
BRDA:25,0,1,1
BRDA:28,1,0,228
BRDA:28,1,1,1
BRDA:31,0,0,227
BRDA:31,0,1,1
BRDA:36,0,0,0
BRDA:36,0,1,1
BRF:18
BRH:11
DA:4,1
DA:5,1
DA:6,1
DA:7,1
DA:8,1
DA:10,1
DA:11,1
DA:12,1
DA:13,1
DA:14,1
DA:16,1
DA:17,1
DA:18,1
DA:19,1
DA:21,1
DA:22,1
DA:23,1
DA:24,1
DA:25,1
DA:26,1
DA:28,229
DA:29,228
DA:30,228
DA:31,228
DA:32,228
DA:33,228
DA:35,1
DA:36,1
DA:38,1
LF:29
LH:29
end_of_record
TN:
SF:/Users/aaronsmith/Development/Aaron/libgwrl/test/reactor_free1.c
FN:4,timeout
FN:8,main
FNDA:1,timeout
FNDA:1,main
FNF:2
FNH:2
DA:4,1
DA:5,1
DA:6,1
DA:8,1
DA:9,1
DA:10,1
DA:11,1
DA:12,1
DA:13,1
LF:9
LH:9
end_of_record
TN:
SF:/Users/aaronsmith/Development/Aaron/libgwrl/test/reactor_free2.c
FN:4,stdin_activity
FN:7,timeout
FN:11,main
FNDA:1,stdin_activity
FNDA:1,timeout
FNDA:1,main
FNF:3
FNH:3
DA:4,1
DA:5,1
DA:7,1
DA:8,1
DA:9,1
DA:11,1
DA:12,1
DA:13,1
DA:14,1
DA:15,1
DA:16,1
DA:17,1
DA:18,1
LF:13
LH:13
end_of_record
TN:
SF:/Users/aaronsmith/Development/Aaron/libgwrl/test/reactor_free3.c
FN:4,stdin_activity
FN:7,timeout
FN:11,main
FNDA:1,stdin_activity
FNDA:1,timeout
FNDA:1,main
FNF:3
FNH:3
BRDA:18,0,0,2
BRDA:18,0,1,1
BRDA:19,0,0,2
BRDA:19,0,1,0
BRF:4
BRH:3
DA:4,1
DA:5,1
DA:7,1
DA:8,1
DA:9,1
DA:11,1
DA:12,1
DA:13,1
DA:14,1
DA:15,1
DA:16,1
DA:17,1
DA:18,3
DA:19,2
DA:20,2
DA:21,2
DA:22,2
DA:23,2
DA:24,1
DA:25,1
DA:26,1
LF:21
LH:21
end_of_record
TN:
SF:/Users/aaronsmith/Development/Aaron/libgwrl/test/reactor_free4.c
FN:4,timeout
FN:8,main
FNDA:1,timeout
FNDA:1,main
FNF:2
FNH:2
DA:4,1
DA:5,1
DA:6,1
DA:8,1
DA:9,1
DA:10,1
DA:11,1
DA:12,1
DA:13,1
LF:9
LH:9
end_of_record
TN:
SF:/Users/aaronsmith/Development/Aaron/libgwrl/test/reactor_gatherfunc.c
FN:7,custom_gather
FN:12,main
FNDA:2,custom_gather
FNDA:1,main
FNF:2
FNH:2
BRDA:25,0,0,0
BRDA:25,0,1,1
BRDA:27,0,0,0
BRDA:27,0,1,1
BRF:4
BRH:2
DA:7,2
DA:8,2
DA:9,2
DA:10,2
DA:12,1
DA:13,1
DA:20,1
DA:21,1
DA:22,1
DA:23,1
DA:24,1
DA:25,1
DA:26,1
DA:27,1
DA:28,1
LF:15
LH:15
end_of_record
TN:
SF:/Users/aaronsmith/Development/Aaron/libgwrl/test/reactor_no_sleep.c
FN:4,main
FNDA:1,main
FNF:1
FNH:1
DA:4,1
DA:7,1
DA:8,1
DA:9,1
DA:10,1
DA:11,1
DA:12,1
DA:15,1
LF:8
LH:8
end_of_record
TN:
SF:/Users/aaronsmith/Development/Aaron/libgwrl/test/reactor_options.c
FN:4,main
FNDA:1,main
FNF:1
FNH:1
BRDA:14,0,0,0
BRDA:14,0,1,1
BRDA:22,0,0,0
BRDA:22,0,1,1
BRF:4
BRH:2
DA:4,1
DA:5,1
DA:7,1
DA:8,1
DA:9,1
DA:10,1
DA:12,1
DA:13,1
DA:14,1
DA:16,1
DA:17,1
DA:18,1
DA:19,1
DA:20,1
DA:21,1
DA:22,1
DA:24,1
LF:17
LH:17
end_of_record
TN:
SF:/Users/aaronsmith/Development/Aaron/libgwrl/test/reactor_safely.c
FN:6,event
FN:11,main
FNDA:1,event
FNDA:1,main
FNF:2
FNH:2
BRDA:26,0,0,0
BRDA:26,0,1,1
BRDA:37,1,0,2
BRDA:37,1,1,1
BRDA:39,0,0,2
BRDA:39,0,1,0
BRDA:44,0,0,0
BRDA:44,0,1,1
BRF:8
BRH:5
DA:6,1
DA:7,1
DA:8,1
DA:9,1
DA:11,1
DA:12,1
DA:13,1
DA:14,1
DA:15,1
DA:16,1
DA:17,1
DA:18,1
DA:21,1
DA:24,1
DA:25,1
DA:26,1
DA:29,1
DA:30,1
DA:31,1
DA:32,1
DA:35,1
DA:36,1
DA:37,3
DA:38,2
DA:39,2
DA:40,2
DA:41,2
DA:42,2
DA:43,2
DA:44,1
DA:45,1
DA:47,1
LF:32
LH:32
end_of_record
TN:
SF:/Users/aaronsmith/Development/Aaron/libgwrl/test/reactor_src.c
FN:4,main
FNDA:1,main
FNF:1
FNH:1
BRDA:18,0,0,0
BRDA:18,0,1,1
BRDA:20,0,0,0
BRDA:20,0,1,1
BRDA:22,0,0,0
BRDA:22,0,1,1
BRDA:31,0,0,0
BRDA:31,0,1,1
BRDA:32,0,0,0
BRDA:32,0,1,1
BRDA:33,0,0,0
BRDA:33,0,1,1
BRDA:35,0,0,0
BRDA:35,0,1,1
BRDA:37,0,0,0
BRDA:37,0,1,1
BRDA:39,0,0,0
BRDA:39,0,1,1
BRDA:49,0,0,0
BRDA:49,0,1,1
BRDA:50,0,0,0
BRDA:50,0,1,1
BRDA:51,0,0,0
BRDA:51,0,1,1
BRF:24
BRH:12
DA:4,1
DA:5,1
DA:6,1
DA:7,1
DA:8,1
DA:10,1
DA:13,1
DA:14,1
DA:15,1
DA:16,1
DA:17,1
DA:18,1
DA:19,1
DA:20,1
DA:21,1
DA:22,1
DA:23,1
DA:26,1
DA:27,1
DA:28,1
DA:29,1
DA:30,1
DA:31,1
DA:32,1
DA:33,1
DA:34,1
DA:35,1
DA:36,1
DA:37,1
DA:38,1
DA:39,1
DA:41,1
DA:42,1
DA:43,1
DA:44,1
DA:45,1
DA:46,1
DA:47,1
DA:48,1
DA:49,1
DA:50,1
DA:51,1
DA:53,1
LF:43
LH:43
end_of_record
TN:
SF:/Users/aaronsmith/Development/Aaron/libgwrl/test/reactor_timeout_rearm.c
FN:6,timeout1
FN:15,main
FNDA:10,timeout1
FNDA:1,main
FNF:2
FNH:2
DA:6,10
DA:7,10
DA:8,10
DA:9,1
DA:10,1
DA:11,9
DA:13,10
DA:15,1
DA:16,1
DA:17,1
DA:18,1
DA:19,1
DA:20,1
LF:13
LH:13
end_of_record
TN:
SF:/Users/aaronsmith/Development/Aaron/libgwrl/test/reactor_timer_interval.c
FN:6,interval
FN:13,main
FNDA:10,interval
FNDA:1,main
FNF:2
FNH:2
DA:6,10
DA:7,10
DA:8,10
DA:9,1
DA:10,1
DA:11,10
DA:13,1
DA:14,1
DA:15,1
DA:16,1
DA:17,1
LF:11
LH:11
end_of_record
TN:
SF:/Users/aaronsmith/Development/Aaron/libgwrl/test/reactor_timers.c
FN:12,functionCall
FN:17,delayedFunctionCall
FN:22,futureTimeout
FN:28,timeout1
FN:33,timeout2
FN:39,timeout3
FN:44,main
FNDA:4,functionCall
FNDA:1,delayedFunctionCall
FNDA:1,futureTimeout
FNDA:4,timeout1
FNDA:1,timeout2
FNDA:1,timeout3
FNDA:1,main
FNF:7
FNH:7
BRDA:71,0,0,0
BRDA:71,0,1,1
BRDA:72,0,0,0
BRDA:72,0,1,1
BRDA:73,0,0,0
BRDA:73,0,1,1
BRDA:74,0,0,0
BRDA:74,0,1,1
BRF:8
BRH:4
DA:12,4
DA:14,4
DA:15,4
DA:17,1
DA:19,1
DA:20,1
DA:22,1
DA:24,1
DA:25,1
DA:26,1
DA:28,4
DA:29,4
DA:31,4
DA:33,1
DA:35,1
DA:36,1
DA:37,1
DA:39,1
DA:41,1
DA:42,1
DA:44,1
DA:45,1
DA:46,1
DA:48,1
DA:49,1
DA:50,1
DA:51,1
DA:52,1
DA:53,1
DA:54,1
DA:55,1
DA:56,1
DA:58,1
DA:61,1
DA:64,1
DA:67,1
DA:68,1
DA:70,1
DA:71,1
DA:72,1
DA:73,1
DA:74,1
DA:76,1
LF:43
LH:43
end_of_record
TN:
SF:/Users/aaronsmith/Development/Aaron/libgwrl/test/reactor_wake_pipe.c
FN:9,timeout
FN:14,threadMain
FN:20,start_thread
FN:24,main
FNDA:1,timeout
FNDA:1,threadMain
FNDA:1,start_thread
FNDA:1,main
FNF:4
FNH:4
DA:9,1
DA:10,1
DA:11,1
DA:12,1
DA:14,1
DA:15,1
DA:16,1
DA:17,1
DA:20,1
DA:21,1
DA:22,1
DA:24,1
DA:25,1
DA:26,1
DA:27,1
DA:28,1
DA:29,1
DA:30,1
LF:18
LH:18
end_of_record
TN:
SF:/Users/aaronsmith/Development/Aaron/libgwrl/src/gwrl/socket.c
FN:8,gwsk_sockaddr_size
FN:15,gwsk_sockaddr_port
FN:22,gwsk_sockaddr_print
FN:32,gwsk_addrinfo_print
FN:36,gwsk_startup
FN:44,gwsk_cleanup
FN:51,gwsk_connect
FN:78,gwsk_accept
FN:104,gwsk_close
FN:112,gwsk_nonblock
FN:121,gwsk_reuseaddr
FN:129,skctlinfo_free
FN:135,skctl_str_for_flag
FN:156,skctl
FN:345,skctl_tcp_server
FN:357,skctl_udp_server
FN:369,skctl_tcp_client
FN:380,skctl_udp_client
FN:391,skctl_udp_connected_client
FNDA:0,gwsk_sockaddr_size
FNDA:0,gwsk_sockaddr_port
FNDA:0,gwsk_sockaddr_print
FNDA:0,gwsk_addrinfo_print
FNDA:0,gwsk_startup
FNDA:0,gwsk_cleanup
FNDA:0,gwsk_connect
FNDA:0,gwsk_accept
FNDA:0,gwsk_close
FNDA:0,gwsk_nonblock
FNDA:0,gwsk_reuseaddr
FNDA:0,skctlinfo_free
FNDA:0,skctl_str_for_flag
FNDA:0,skctl
FNDA:0,skctl_tcp_server
FNDA:0,skctl_udp_server
FNDA:0,skctl_tcp_client
FNDA:0,skctl_udp_client
FNDA:0,skctl_udp_connected_client
FNF:19
FNH:0
BRDA:11,0,0,-
BRDA:11,0,1,-
BRDA:18,0,0,-
BRDA:18,0,1,-
BRDA:27,0,0,-
BRDA:27,0,1,-
BRDA:61,0,0,-
BRDA:61,0,1,-
BRDA:70,0,0,-
BRDA:70,0,1,-
BRDA:71,0,0,-
BRDA:71,0,1,-
BRDA:88,0,0,-
BRDA:88,0,1,-
BRDA:97,0,0,-
BRDA:97,0,1,-
BRDA:132,0,0,-
BRDA:132,0,1,-
BRDA:138,0,0,-
BRDA:138,0,1,-
BRDA:140,0,0,-
BRDA:140,0,1,-
BRDA:142,0,0,-
BRDA:142,0,1,-
BRDA:144,0,0,-
BRDA:144,0,1,-
BRDA:146,0,0,-
BRDA:146,0,1,-
BRDA:148,0,0,-
BRDA:148,0,1,-
BRDA:150,0,0,-
BRDA:150,0,1,-
BRDA:168,0,0,-
BRDA:168,0,1,-
BRDA:170,0,0,-
BRDA:170,0,1,-
BRDA:175,0,0,-
BRDA:175,0,1,-
BRDA:175,1,2,-
BRDA:175,1,3,-
BRDA:180,0,0,-
BRDA:180,0,1,-
BRDA:185,0,0,-
BRDA:185,0,1,-
BRDA:186,0,0,-
BRDA:186,0,1,-
BRDA:186,1,2,-
BRDA:186,1,3,-
BRDA:197,0,0,-
BRDA:197,0,1,-
BRDA:202,0,0,-
BRDA:202,0,1,-
BRDA:229,1,0,-
BRDA:229,1,1,-
BRDA:235,0,0,-
BRDA:235,0,1,-
BRDA:239,0,0,-
BRDA:239,0,1,-
BRDA:260,0,0,-
BRDA:260,0,1,-
BRDA:269,0,0,-
BRDA:269,0,1,-
BRDA:273,0,0,-
BRDA:273,0,1,-
BRDA:278,0,0,-
BRDA:278,0,1,-
BRDA:283,0,0,-
BRDA:283,0,1,-
BRDA:287,0,0,-
BRDA:287,0,1,-
BRDA:292,0,0,-
BRDA:292,0,1,-
BRDA:296,0,0,-
BRDA:296,0,1,-
BRDA:301,0,0,-
BRDA:301,0,1,-
BRDA:305,0,0,-
BRDA:305,0,1,-
BRDA:315,0,0,-
BRDA:315,0,1,-
BRDA:315,1,2,-
BRDA:315,1,3,-
BRDA:316,0,0,-
BRDA:316,0,1,-
BRDA:326,0,0,-
BRDA:326,0,1,-
BRDA:333,0,0,-
BRDA:333,0,1,-
BRF:88
BRH:0
DA:8,0
DA:9,0
DA:10,0
DA:11,0
DA:12,0
DA:13,0
DA:15,0
DA:16,0
DA:17,0
DA:18,0
DA:19,0
DA:20,0
DA:22,0
DA:23,0
DA:24,0
DA:25,0
DA:26,0
DA:27,0
DA:28,0
DA:29,0
DA:30,0
DA:32,0
DA:33,0
DA:34,0
DA:41,0
DA:48,0
DA:51,0
DA:52,0
DA:58,0
DA:59,0
DA:60,0
DA:61,0
DA:70,0
DA:71,0
DA:73,0
DA:75,0
DA:78,0
DA:79,0
DA:85,0
DA:86,0
DA:87,0
DA:88,0
DA:97,0
DA:99,0
DA:101,0
DA:104,0
DA:108,0
DA:110,0
DA:112,0
DA:117,0
DA:121,0
DA:125,0
DA:129,0
DA:130,0
DA:131,0
DA:132,0
DA:133,0
DA:135,0
DA:136,0
DA:137,0
DA:138,0
DA:139,0
DA:140,0
DA:141,0
DA:142,0
DA:143,0
DA:144,0
DA:145,0
DA:146,0
DA:147,0
DA:148,0
DA:149,0
DA:150,0
DA:151,0
DA:153,0
DA:154,0
DA:156,0
DA:157,0
DA:158,0
DA:159,0
DA:160,0
DA:162,0
DA:163,0
DA:164,0
DA:165,0
DA:168,0
DA:170,0
DA:171,0
DA:172,0
DA:173,0
DA:175,0
DA:176,0
DA:177,0
DA:178,0
DA:179,0
DA:180,0
DA:185,0
DA:186,0
DA:189,0
DA:190,0
DA:191,0
DA:192,0
DA:194,0
DA:195,0
DA:197,0
DA:198,0
DA:199,0
DA:202,0
DA:229,0
DA:231,0
DA:232,0
DA:233,0
DA:235,0
DA:236,0
DA:237,0
DA:239,0
DA:249,0
DA:260,0
DA:261,0
DA:262,0
DA:263,0
DA:264,0
DA:267,0
DA:269,0
DA:271,0
DA:273,0
DA:276,0
DA:278,0
DA:279,0
DA:283,0
DA:285,0
DA:287,0
DA:288,0
DA:292,0
DA:294,0
DA:296,0
DA:297,0
DA:301,0
DA:303,0
DA:305,0
DA:306,0
DA:315,0
DA:316,0
DA:317,0
DA:319,0
DA:321,0
DA:322,0
DA:323,0
DA:326,0
DA:327,0
DA:328,0
DA:330,0
DA:331,0
DA:333,0
DA:337,0
DA:339,0
DA:340,0
DA:342,0
DA:343,0
DA:345,0
DA:346,0
DA:347,0
DA:348,0
DA:349,0
DA:350,0
DA:351,0
DA:352,0
DA:353,0
DA:354,0
DA:357,0
DA:358,0
DA:359,0
DA:360,0
DA:361,0
DA:362,0
DA:363,0
DA:364,0
DA:365,0
DA:366,0
DA:369,0
DA:370,0
DA:371,0
DA:372,0
DA:373,0
DA:374,0
DA:375,0
DA:376,0
DA:377,0
DA:380,0
DA:381,0
DA:382,0
DA:383,0
DA:384,0
DA:385,0
DA:386,0
DA:387,0
DA:388,0
DA:391,0
DA:392,0
DA:393,0
DA:394,0
DA:395,0
DA:396,0
DA:397,0
DA:398,0
DA:399,0
LF:206
LH:0
end_of_record
SF:/usr/include/libkern/i386/_OSByteOrder.h
FN:46,_OSSwapInt16
FNDA:0,_OSSwapInt16
FNF:1
FNH:0
DA:47,0
DA:50,0
LF:2
LH:0
end_of_record
TN:
SF:/Users/aaronsmith/Development/Aaron/libgwrl/src/gwrl/time.c
FN:8,gwtm_gettimeofday_timespec
FN:14,gwtm_ms_to_timeval
FN:23,gwtm_ms_to_timespec
FN:32,gwtm_timeval_to_ms
FN:41,gwtm_timespec_to_ms
FN:50,gwtm_add_ms_to_timeval
FN:60,gwtm_add_ms_to_timespec
FN:70,gwtm_timespec_cmp
FN:79,gwtm_timespec_copy_if_smaller
FN:88,gwtm_timespec_sub_into
FN:97,gwtm_timespec_is_expired
FN:103,gwtm_timeval_to_timespec
FN:108,gwtm_timespec_to_timeval
FNDA:9,gwtm_gettimeofday_timespec
FNDA:1,gwtm_ms_to_timeval
FNDA:1,gwtm_ms_to_timespec
FNDA:2,gwtm_timeval_to_ms
FNDA:2,gwtm_timespec_to_ms
FNDA:2,gwtm_add_ms_to_timeval
FNDA:1,gwtm_add_ms_to_timespec
FNDA:3,gwtm_timespec_cmp
FNDA:2,gwtm_timespec_copy_if_smaller
FNDA:1,gwtm_timespec_sub_into
FNDA:1,gwtm_timespec_is_expired
FNDA:10,gwtm_timeval_to_timespec
FNDA:1,gwtm_timespec_to_timeval
FNF:13
FNH:13
BRDA:33,0,0,1
BRDA:33,0,1,0
BRDA:42,0,0,1
BRDA:42,0,1,0
BRDA:54,1,0,0
BRDA:54,1,1,1
BRDA:64,1,0,0
BRDA:64,1,1,1
BRDA:72,0,0,3
BRDA:72,0,1,0
BRDA:73,0,0,2
BRDA:73,0,1,1
BRDA:74,0,0,0
BRDA:74,0,1,1
BRDA:82,0,0,0
BRDA:82,0,1,1
BRDA:91,0,0,1
BRDA:91,0,1,1
BRDA:99,0,0,-
BRDA:99,0,1,-
BRDA:99,1,2,-
BRDA:99,1,3,-
BRF:22
BRH:11
DA:8,9
DA:9,9
DA:10,9
DA:11,9
DA:12,9
DA:14,1
DA:15,1
DA:16,1
DA:17,1
DA:18,0
DA:19,0
DA:20,0
DA:21,1
DA:23,1
DA:24,1
DA:25,1
DA:26,1
DA:27,0
DA:28,0
DA:29,0
DA:30,1
DA:32,2
DA:33,1
DA:34,1
DA:35,1
DA:37,1
DA:38,1
DA:39,2
DA:41,2
DA:42,1
DA:43,1
DA:44,1
DA:46,1
DA:47,1
DA:48,2
DA:50,2
DA:51,1
DA:52,1
DA:53,1
DA:54,1
DA:55,0
DA:56,0
DA:57,0
DA:58,2
DA:60,1
DA:61,0
DA:62,1
DA:63,1
DA:64,1
DA:65,0
DA:66,0
DA:67,0
DA:68,1
DA:70,3
DA:71,0
DA:72,3
DA:73,3
DA:74,1
DA:75,1
DA:76,1
DA:77,3
DA:79,2
DA:80,2
DA:81,2
DA:82,1
DA:83,1
DA:85,1
DA:86,2
DA:88,1
DA:89,1
DA:90,1
DA:91,2
DA:92,1
DA:93,1
DA:94,1
DA:95,1
DA:97,1
DA:98,1
DA:99,0
DA:100,0
DA:101,1
DA:103,10
DA:104,10
DA:105,10
DA:106,10
DA:108,1
DA:109,1
DA:110,1
DA:111,1
LF:89
LH:73
end_of_record
SF:/usr/include/secure/_string.h
FN:59,__inline_memcpy_chk
FNDA:1,__inline_memcpy_chk
FNF:1
FNH:1
DA:59,1
DA:61,1
LF:2
LH:2
end_of_record
TN:
SF:/Users/aaronsmith/Development/Aaron/libgwrl/test/time_fncs.c
FN:4,main
FNDA:1,main
FNF:1
FNH:1
BRDA:14,0,0,0
BRDA:14,0,1,1
BRDA:17,0,0,0
BRDA:17,0,1,1
BRDA:23,0,0,0
BRDA:23,0,1,1
BRDA:29,0,0,0
BRDA:29,0,1,1
BRDA:35,0,0,0
BRDA:35,0,1,1
BRDA:36,0,0,0
BRDA:36,0,1,1
BRDA:39,0,0,0
BRDA:39,0,1,1
BRDA:40,0,0,0
BRDA:40,0,1,1
BRDA:41,0,0,0
BRDA:41,0,1,1
BRDA:47,0,0,0
BRDA:47,0,1,1
BRDA:52,0,0,0
BRDA:52,0,1,1
BRDA:57,0,0,0
BRDA:57,0,1,1
BRDA:61,0,0,0
BRDA:61,0,1,1
BRDA:62,0,0,0
BRDA:62,0,1,1
BRDA:66,0,0,0
BRDA:66,0,1,1
BRDA:72,0,0,0
BRDA:72,0,1,1
BRDA:75,0,0,0
BRDA:75,0,1,1
BRDA:76,0,0,0
BRDA:76,0,1,1
BRDA:82,0,0,0
BRDA:82,0,1,1
BRF:38
BRH:19
DA:4,1
DA:5,1
DA:6,1
DA:7,1
DA:8,1
DA:9,1
DA:10,1
DA:12,1
DA:13,1
DA:14,1
DA:16,1
DA:17,1
DA:19,1
DA:20,1
DA:21,1
DA:22,1
DA:23,1
DA:25,1
DA:26,1
DA:27,1
DA:28,1
DA:29,1
DA:31,1
DA:32,1
DA:34,1
DA:35,1
DA:36,1
DA:38,1
DA:39,1
DA:40,1
DA:41,1
DA:43,1
DA:44,1
DA:45,1
DA:46,1
DA:47,1
DA:49,1
DA:50,1
DA:51,1
DA:52,1
DA:54,1
DA:55,1
DA:56,1
DA:57,1
DA:59,1
DA:60,1
DA:61,1
DA:62,1
DA:64,1
DA:65,1
DA:66,1
DA:69,1
DA:70,1
DA:71,1
DA:72,1
DA:73,1
DA:75,1
DA:76,1
DA:78,1
DA:79,1
DA:80,1
DA:81,1
DA:82,1
DA:84,1
LF:64
LH:64
end_of_record
