TN:
SF:/Users/aaronsmith/Development/Aaron/libgwrl/src/gwrl/event.c
FN:14,gwrl_create
FN:62,gwrl_evt_create
FN:95,gwrl_evt_createp
FN:107,gwrl_src_time_create
FN:144,gwrl_src_file_create
FN:171,gwrl_set_fd
FN:181,gwrl_set_timeout
FN:191,gwrl_set_interval
FN:201,gwrl_set_date_timeout
FN:211,gwrl_post_function
FN:219,gwrl_post_function_safely
FN:227,gwrl_set_options
FN:272,gwrl_add_gather_fnc
FN:297,gwrl_reset_gather_fncs
FN:305,gwrl_free
FN:440,gwrl_evt_free
FN:455,gwrl_evt_free_list
FN:466,gwrl_allow_poll_sleep
FN:477,gwrl_src_add
FN:487,gwrl_src_add_safely
FN:502,gwrl_post_evt_safely
FN:517,gwrl_src_del
FN:544,gwrl_src_remove
FN:550,gwrl_del_persistent_timeouts
FN:590,gwrl_post_evt
FN:597,gwrl_src_enable
FN:611,gwrl_src_disable
FN:617,gwrl_stop
FN:622,gwrl_time_gather
FN:699,gwrl_install_queued_sources
FN:713,gwrl_install_queued_events
FN:727,gwrl_dispatch
FN:747,gwrl_run_once
FN:771,gwrl_run
FNDA:1,gwrl_post_function_safely
FNDA:3,gwrl_set_interval
FNDA:66,gwrl_src_file_create
FNDA:18,gwrl_stop
FNDA:9,gwrl_src_enable
FNDA:7,gwrl_src_add_safely
FNDA:2,gwrl_install_queued_events
FNDA:1,gwrl_reset_gather_fncs
FNDA:2,gwrl_run_once
FNDA:34,gwrl_create
FNDA:14,gwrl_src_disable
FNDA:540,gwrl_post_evt
FNDA:2,gwrl_install_queued_sources
FNDA:3,gwrl_allow_poll_sleep
FNDA:767,gwrl_evt_free
FNDA:6,gwrl_src_remove
FNDA:317,gwrl_dispatch
FNDA:6,gwrl_post_function
FNDA:89,gwrl_src_add
FNDA:1,gwrl_set_date_timeout
FNDA:3,gwrl_add_gather_fnc
FNDA:768,gwrl_evt_create
FNDA:3,gwrl_post_evt_safely
FNDA:17,gwrl_run
FNDA:1,gwrl_del_persistent_timeouts
FNDA:12,gwrl_free
FNDA:276,gwrl_time_gather
FNDA:253,gwrl_evt_free_list
FNDA:3,gwrl_set_options
FNDA:22,gwrl_src_time_create
FNDA:18,gwrl_set_timeout
FNDA:295,gwrl_evt_createp
FNDA:2,gwrl_set_fd
FNDA:24,gwrl_src_del
FNF:34
FNH:34
BRDA:99,0,0,0
BRDA:99,0,1,295
BRDA:128,0,0,3
BRDA:128,0,1,19
BRDA:128,1,2,3
BRDA:128,1,3,0
BRDA:132,0,0,21
BRDA:132,0,1,1
BRDA:135,1,0,1
BRDA:135,1,1,0
BRDA:175,0,0,0
BRDA:175,0,1,2
BRDA:185,0,0,0
BRDA:185,0,1,18
BRDA:195,0,0,0
BRDA:195,0,1,3
BRDA:205,0,0,0
BRDA:205,0,1,1
BRDA:214,0,0,0
BRDA:214,0,1,6
BRDA:222,0,0,0
BRDA:222,0,1,1
BRDA:238,1,0,0
BRDA:238,1,1,3
BRDA:240,0,0,0
BRDA:240,0,1,3
BRDA:243,0,0,-
BRDA:243,0,1,-
BRDA:246,0,0,0
BRDA:246,0,1,3
BRDA:250,0,0,2
BRDA:250,0,1,1
BRDA:257,0,0,-
BRDA:257,0,1,-
BRDA:265,0,0,0
BRDA:265,0,1,3
BRDA:280,0,0,4
BRDA:280,0,1,0
BRDA:281,0,0,3
BRDA:281,0,1,1
BRDA:330,0,0,4
BRDA:330,0,1,0
BRDA:332,1,0,5
BRDA:332,1,1,4
BRDA:346,0,0,8
BRDA:346,0,1,0
BRDA:352,1,0,5
BRDA:352,1,1,8
BRDA:356,0,0,5
BRDA:356,0,1,0
BRDA:364,1,0,24
BRDA:364,1,1,8
BRDA:367,1,0,9
BRDA:367,1,1,24
BRDA:370,0,0,4
BRDA:370,0,1,5
BRDA:374,0,0,3
BRDA:374,0,1,2
BRDA:377,0,0,3
BRDA:377,0,1,2
BRDA:388,0,0,3
BRDA:388,0,1,5
BRDA:393,1,0,3
BRDA:393,1,1,3
BRDA:396,0,0,1
BRDA:396,0,1,2
BRDA:400,0,0,1
BRDA:400,0,1,1
BRDA:403,0,0,1
BRDA:403,0,1,1
BRDA:414,0,0,1
BRDA:414,0,1,7
BRDA:419,1,0,1
BRDA:419,1,1,1
BRDA:427,0,0,4
BRDA:427,0,1,4
BRDA:446,0,0,522
BRDA:446,0,1,145
BRDA:458,0,0,765
BRDA:458,0,1,253
BRDA:482,0,0,66
BRDA:482,0,1,23
BRDA:524,1,0,18
BRDA:524,1,1,3
BRDA:528,1,0,6
BRDA:528,1,1,0
BRDA:529,0,0,3
BRDA:529,0,1,3
BRDA:539,0,0,10
BRDA:539,0,1,14
BRDA:540,0,0,18
BRDA:540,0,1,6
BRDA:563,0,0,2
BRDA:563,0,1,1
BRDA:564,0,0,2
BRDA:564,0,1,0
BRDA:564,1,2,2
BRDA:564,1,3,0
BRDA:565,0,0,2
BRDA:565,0,1,0
BRDA:565,1,2,2
BRDA:565,1,3,0
BRDA:568,0,0,2
BRDA:568,0,1,0
BRDA:569,0,0,1
BRDA:569,0,1,1
BRDA:570,0,0,1
BRDA:570,0,1,1
BRDA:579,1,0,1
BRDA:579,1,1,1
BRDA:601,0,0,9
BRDA:601,0,1,0
BRDA:605,1,0,-
BRDA:605,1,1,-
BRDA:631,0,0,334
BRDA:631,0,1,276
BRDA:634,0,0,18
BRDA:634,0,1,316
BRDA:638,0,0,300
BRDA:638,0,1,16
BRDA:638,1,2,21
BRDA:638,1,3,279
BRDA:638,2,4,21
BRDA:638,2,5,0
BRDA:646,0,0,233
BRDA:646,0,1,83
BRDA:648,1,0,0
BRDA:648,1,1,233
BRDA:652,0,0,206
BRDA:652,0,1,27
BRDA:657,0,0,202
BRDA:657,0,1,4
BRDA:657,1,2,202
BRDA:657,1,3,0
BRDA:658,0,0,0
BRDA:658,0,1,202
BRDA:665,0,0,13
BRDA:665,0,1,14
BRDA:678,0,0,51
BRDA:678,0,1,32
BRDA:678,1,2,51
BRDA:678,1,3,0
BRDA:679,0,0,0
BRDA:679,0,1,51
BRDA:686,0,0,320
BRDA:686,0,1,14
BRDA:692,0,0,233
BRDA:692,0,1,43
BRDA:705,0,0,3
BRDA:705,0,1,2
BRDA:719,0,0,2
BRDA:719,0,1,2
BRDA:732,0,0,537
BRDA:732,0,1,317
BRDA:733,0,0,537
BRDA:733,0,1,0
BRDA:735,0,0,252
BRDA:735,0,1,285
BRDA:735,1,2,11
BRDA:735,1,3,241
BRDA:735,2,4,11
BRDA:735,2,5,0
BRDA:743,0,0,241
BRDA:743,0,1,76
BRDA:752,0,0,0
BRDA:752,0,1,2
BRDA:756,0,0,0
BRDA:756,0,1,2
BRDA:762,0,0,0
BRDA:762,0,1,2
BRDA:764,1,0,4
BRDA:764,1,1,0
BRDA:765,0,0,2
BRDA:765,0,1,2
BRDA:775,0,0,2
BRDA:775,0,1,302
BRDA:778,0,0,2
BRDA:778,0,1,302
BRDA:782,0,0,17
BRDA:782,0,1,287
BRDA:788,0,0,276
BRDA:788,0,1,11
BRDA:790,1,0,297
BRDA:790,1,1,0
BRDA:791,0,0,287
BRDA:791,0,1,10
BRF:186
BRH:143
DA:17,34
DA:18,34
DA:28,34
DA:31,34
DA:40,34
DA:42,34
DA:53,34
DA:54,34
DA:57,34
DA:58,34
DA:62,768
DA:63,768
DA:66,768
DA:68,768
DA:70,518
DA:71,518
DA:72,518
DA:73,518
DA:74,518
DA:76,250
DA:86,768
DA:87,768
DA:88,768
DA:89,768
DA:90,768
DA:91,768
DA:95,295
DA:96,295
DA:98,295
DA:99,295
DA:100,0
DA:101,0
DA:102,0
DA:103,295
DA:107,22
DA:108,22
DA:112,22
DA:113,22
DA:123,22
DA:124,22
DA:125,22
DA:126,22
DA:127,4
DA:128,22
DA:129,22
DA:132,22
DA:133,21
DA:134,21
DA:135,22
DA:136,1
DA:137,1
DA:138,1
DA:140,22
DA:144,66
DA:145,66
DA:149,66
DA:150,66
DA:160,66
DA:161,66
DA:162,66
DA:163,66
DA:164,66
DA:165,66
DA:167,66
DA:171,2
DA:172,2
DA:174,2
DA:175,2
DA:176,2
DA:177,2
DA:181,18
DA:182,18
DA:184,18
DA:185,18
DA:186,18
DA:187,18
DA:191,3
DA:192,3
DA:194,3
DA:195,3
DA:196,3
DA:197,3
DA:201,1
DA:202,1
DA:204,1
DA:205,1
DA:206,1
DA:207,1
DA:211,6
DA:213,6
DA:214,6
DA:215,6
DA:216,6
DA:219,1
DA:221,1
DA:222,1
DA:223,1
DA:224,1
DA:227,3
DA:229,3
DA:235,3
DA:236,3
DA:237,3
DA:238,3
DA:240,3
DA:242,0
DA:243,0
DA:244,0
DA:246,3
DA:250,3
DA:251,2
DA:252,2
DA:254,3
DA:255,3
DA:257,0
DA:258,0
DA:259,0
DA:260,0
DA:261,0
DA:265,3
DA:268,3
DA:269,3
DA:272,3
DA:274,3
DA:275,3
DA:280,4
DA:281,4
DA:282,3
DA:283,3
DA:284,3
DA:286,1
DA:294,3
DA:297,1
DA:299,1
DA:300,1
DA:301,1
DA:302,1
DA:305,12
DA:313,12
DA:314,12
DA:315,12
DA:316,12
DA:317,12
DA:318,12
DA:319,12
DA:330,4
DA:331,4
DA:332,9
DA:333,5
DA:334,5
DA:335,5
DA:336,5
DA:337,4
DA:342,8
DA:343,8
DA:346,8
DA:347,8
DA:348,8
DA:349,8
DA:352,13
DA:353,5
DA:354,5
DA:355,5
DA:356,5
DA:357,5
DA:358,5
DA:359,5
DA:360,5
DA:364,32
DA:365,24
DA:366,24
DA:367,33
DA:368,9
DA:369,9
DA:370,9
DA:371,4
DA:372,4
DA:373,5
DA:374,5
DA:375,3
DA:376,3
DA:377,5
DA:378,3
DA:379,3
DA:380,2
DA:381,5
DA:384,9
DA:385,24
DA:388,8
DA:389,3
DA:390,3
DA:391,3
DA:392,3
DA:393,6
DA:394,3
DA:395,3
DA:396,3
DA:397,1
DA:398,1
DA:399,2
DA:400,2
DA:401,1
DA:402,1
DA:403,2
DA:404,1
DA:405,1
DA:406,1
DA:407,2
DA:410,3
DA:411,3
DA:414,8
DA:415,1
DA:416,1
DA:417,1
DA:418,1
DA:419,2
DA:420,1
DA:421,1
DA:422,1
DA:423,1
DA:424,1
DA:427,8
DA:428,4
DA:429,4
DA:432,8
DA:433,8
DA:434,8
DA:435,8
DA:436,8
DA:437,12
DA:440,767
DA:442,767
DA:443,100
DA:444,100
DA:445,667
DA:446,667
DA:447,522
DA:448,522
DA:449,667
DA:450,667
DA:452,767
DA:455,253
DA:457,253
DA:458,1018
DA:459,765
DA:460,765
DA:461,765
DA:462,765
DA:463,253
DA:466,3
DA:472,3
DA:474,3
DA:477,89
DA:479,89
DA:480,32
DA:481,89
DA:482,89
DA:484,89
DA:487,7
DA:489,7
DA:490,7
DA:491,7
DA:496,7
DA:497,7
DA:498,7
DA:499,7
DA:502,3
DA:504,3
DA:505,3
DA:506,3
DA:511,3
DA:512,3
DA:513,3
DA:514,3
DA:517,24
DA:518,24
DA:519,24
DA:521,24
DA:522,3
DA:523,3
DA:524,24
DA:525,18
DA:526,18
DA:527,18
DA:528,6
DA:529,6
DA:530,3
DA:531,3
DA:532,3
DA:534,3
DA:536,24
DA:539,24
DA:540,24
DA:541,24
DA:544,6
DA:546,6
DA:547,6
DA:550,1
DA:553,1
DA:554,1
DA:555,1
DA:556,1
DA:557,1
DA:558,1
DA:559,1
DA:563,3
DA:564,2
DA:565,2
DA:567,2
DA:568,2
DA:569,2
DA:570,2
DA:571,1
DA:572,2
DA:573,2
DA:574,2
DA:575,2
DA:576,2
DA:579,2
DA:580,1
DA:581,1
DA:582,1
DA:583,1
DA:586,1
DA:587,1
DA:590,540
DA:592,286
DA:593,540
DA:594,540
DA:597,9
DA:598,9
DA:599,9
DA:600,9
DA:601,9
DA:602,9
DA:603,9
DA:604,9
DA:605,9
DA:606,0
DA:607,0
DA:608,9
DA:611,14
DA:612,14
DA:613,1
DA:614,14
DA:617,18
DA:618,18
DA:619,18
DA:622,276
DA:623,276
DA:624,276
DA:625,276
DA:626,276
DA:627,276
DA:628,276
DA:629,276
DA:630,276
DA:631,610
DA:632,334
DA:633,334
DA:634,334
DA:636,316
DA:638,316
DA:640,21
DA:641,21
DA:642,21
DA:644,316
DA:646,316
DA:647,233
DA:648,233
DA:649,233
DA:650,233
DA:652,233
DA:654,206
DA:655,206
DA:657,206
DA:658,202
DA:659,202
DA:660,4
DA:663,206
DA:665,27
DA:666,13
DA:667,13
DA:668,13
DA:669,13
DA:670,14
DA:671,14
DA:672,14
DA:673,14
DA:674,27
DA:677,233
DA:678,83
DA:679,51
DA:680,51
DA:681,316
DA:686,334
DA:687,320
DA:688,320
DA:689,320
DA:690,334
DA:692,276
DA:693,233
DA:694,233
DA:695,233
DA:696,276
DA:699,2
DA:700,2
DA:701,2
DA:702,2
DA:703,2
DA:704,2
DA:705,5
DA:706,3
DA:707,3
DA:708,3
DA:709,3
DA:710,2
DA:713,2
DA:714,2
DA:715,2
DA:716,2
DA:717,2
DA:718,2
DA:719,4
DA:720,2
DA:721,2
DA:722,2
DA:723,2
DA:724,2
DA:727,317
DA:728,317
DA:729,317
DA:730,317
DA:731,317
DA:732,854
DA:733,537
DA:734,537
DA:735,537
DA:736,11
DA:737,11
DA:738,11
DA:739,11
DA:740,11
DA:741,11
DA:742,537
DA:743,317
DA:744,317
DA:747,2
DA:748,2
DA:749,2
DA:750,0
DA:751,0
DA:752,2
DA:753,0
DA:754,0
DA:755,2
DA:756,2
DA:757,0
DA:758,0
DA:760,2
DA:761,2
DA:762,2
DA:763,2
DA:764,4
DA:765,4
DA:766,2
DA:767,2
DA:768,2
DA:771,17
DA:772,17
DA:773,17
DA:774,17
DA:775,304
DA:776,2
DA:777,2
DA:778,304
DA:779,2
DA:780,2
DA:781,304
DA:782,304
DA:783,17
DA:784,17
DA:786,287
DA:787,287
DA:788,287
DA:789,287
DA:790,297
DA:791,297
DA:792,10
DA:793,10
DA:794,287
DA:795,17
LF:492
LH:473
end_of_record
TN:
SF:/Users/aaronsmith/Development/Aaron/libgwrl/src/gwrl/event_kqueue.c
FN:21,gwrl_bkd_init
FN:47,gwrl_bkd_set_options
FN:70,gwrl_bkd_free
FN:78,gwrl_bkd_kevent
FN:96,gwrl_src_file_update_flags
FN:120,gwrl_bkd_src_add
FN:136,gwrl_bkd_del_src
FN:148,gwrl_bkd_enable_src
FN:160,gwrl_bkd_disable_src
FN:172,gwrl_bkd_gather
FNDA:363,gwrl_src_file_update_flags
FNDA:289,gwrl_bkd_gather
FNDA:3,gwrl_bkd_set_options
FNDA:34,gwrl_bkd_init
FNDA:788,gwrl_bkd_kevent
FNDA:66,gwrl_bkd_src_add
FNDA:0,gwrl_bkd_enable_src
FNDA:10,gwrl_bkd_del_src
FNDA:1,gwrl_bkd_disable_src
FNDA:8,gwrl_bkd_free
FNF:10
FNH:9
BRDA:54,0,0,0
BRDA:54,0,1,3
BRDA:101,1,0,-
BRDA:101,1,1,-
BRDA:101,2,2,-
BRDA:101,2,3,-
BRDA:106,0,0,181
BRDA:106,0,1,182
BRDA:112,0,0,180
BRDA:112,0,1,2
BRDA:112,1,2,180
BRDA:112,1,3,0
BRDA:125,0,0,18
BRDA:125,0,1,40
BRDA:129,0,0,0
BRDA:129,0,1,66
BRDA:131,0,0,-
BRDA:131,0,1,-
BRDA:141,0,0,0
BRDA:141,0,1,10
BRDA:153,0,0,-
BRDA:153,0,1,-
BRDA:165,0,0,0
BRDA:165,0,1,1
BRDA:184,0,0,13
BRDA:184,0,1,0
BRDA:188,0,0,13
BRDA:188,0,1,276
BRDA:188,1,2,12
BRDA:188,1,3,1
BRDA:192,0,0,1
BRDA:192,0,1,11
BRDA:202,0,0,95
BRDA:202,0,1,194
BRDA:203,0,0,0
BRDA:203,0,1,194
BRDA:203,1,2,-
BRDA:203,1,3,-
BRDA:203,2,4,-
BRDA:203,2,5,-
BRDA:205,0,0,194
BRDA:205,0,1,0
BRDA:206,1,0,284
BRDA:206,1,1,194
BRDA:211,0,0,0
BRDA:211,0,1,284
BRDA:213,0,0,284
BRDA:213,0,1,0
BRDA:216,0,0,0
BRDA:216,0,1,284
BRDA:221,0,0,284
BRDA:221,0,1,0
BRDA:221,1,2,2
BRDA:221,1,3,282
BRDA:223,1,0,282
BRDA:223,1,1,0
BRDA:223,2,2,102
BRDA:223,2,3,180
BRDA:227,0,0,180
BRDA:227,0,1,104
BRDA:227,1,2,180
BRDA:227,1,3,0
BRDA:231,0,0,104
BRDA:231,0,1,180
BRDA:236,0,0,180
BRDA:236,0,1,0
BRF:66
BRH:39
DA:21,34
DA:22,34
DA:31,34
DA:41,34
DA:42,34
DA:43,34
DA:44,34
DA:47,3
DA:48,3
DA:50,3
DA:51,0
DA:52,0
DA:54,3
DA:55,0
DA:56,0
DA:58,3
DA:67,3
DA:68,3
DA:70,8
DA:71,8
DA:72,8
DA:73,8
DA:74,8
DA:75,8
DA:76,8
DA:78,788
DA:79,788
DA:80,788
DA:81,788
DA:82,788
DA:83,788
DA:84,788
DA:85,788
DA:86,788
DA:87,788
DA:88,788
DA:94,788
DA:96,363
DA:97,363
DA:99,363
DA:100,363
DA:101,363
DA:103,0
DA:104,0
DA:106,363
DA:108,181
DA:109,181
DA:110,181
DA:112,182
DA:114,180
DA:115,182
DA:117,363
DA:118,363
DA:120,66
DA:121,66
DA:123,66
DA:124,58
DA:125,58
DA:126,58
DA:127,58
DA:129,66
DA:130,0
DA:131,0
DA:132,0
DA:133,0
DA:134,66
DA:136,10
DA:137,10
DA:138,5
DA:139,5
DA:141,10
DA:142,0
DA:143,0
DA:145,10
DA:146,10
DA:148,0
DA:149,0
DA:150,0
DA:151,0
DA:153,0
DA:154,0
DA:155,0
DA:157,0
DA:158,0
DA:160,1
DA:161,1
DA:162,1
DA:163,1
DA:165,1
DA:166,0
DA:167,0
DA:169,1
DA:170,1
DA:172,289
DA:173,289
DA:174,289
DA:175,289
DA:176,289
DA:177,289
DA:178,289
DA:179,289
DA:180,289
DA:181,289
DA:182,289
DA:184,13
DA:185,13
DA:186,13
DA:188,289
DA:189,12
DA:190,12
DA:192,12
DA:193,1
DA:194,1
DA:196,12
DA:198,289
DA:199,289
DA:200,289
DA:202,289
DA:203,194
DA:205,194
DA:206,478
DA:207,284
DA:208,284
DA:209,284
DA:210,284
DA:211,284
DA:213,284
DA:214,284
DA:216,284
DA:217,0
DA:218,0
DA:219,0
DA:221,284
DA:222,2
DA:223,284
DA:224,102
DA:225,282
DA:227,284
DA:228,180
DA:229,180
DA:231,284
DA:232,104
DA:233,104
DA:234,104
DA:236,180
DA:237,180
DA:238,180
DA:239,180
DA:240,284
DA:242,284
DA:243,284
DA:244,194
DA:245,289
LF:153
LH:127
end_of_record
TN:
SF:/Users/aaronsmith/Development/Aaron/libgwrl/src/gwrl/event_wake_pipe.c
FN:4,gwrl_wake
FN:19,gwrl_wake_init
FN:48,gwrl_wake_free
FN:53,gwrl_wake_activity
FNDA:8,gwrl_wake_free
FNDA:10,gwrl_wake
FNDA:36,gwrl_wake_init
FNDA:3,gwrl_wake_activity
FNF:4
FNH:4
BRDA:61,0,0,1
BRDA:61,0,1,3
BRDA:65,0,0,3
BRDA:65,0,1,0
BRDA:65,1,2,2
BRDA:65,1,3,1
BRDA:65,2,4,2
BRDA:65,2,5,0
BRDA:71,0,0,2
BRDA:71,0,1,1
BRDA:73,0,0,2
BRDA:73,0,1,0
BRF:12
BRH:9
DA:4,10
DA:5,10
DA:6,1
DA:7,1
DA:8,1
DA:14,1
DA:16,1
DA:17,10
DA:19,36
DA:20,36
DA:23,36
DA:34,36
DA:35,36
DA:36,36
DA:45,36
DA:46,36
DA:48,8
DA:49,8
DA:50,8
DA:51,8
DA:53,3
DA:54,3
DA:55,3
DA:56,3
DA:57,3
DA:58,3
DA:59,4
DA:61,4
DA:62,1
DA:65,3
DA:66,2
DA:67,2
DA:69,3
DA:71,3
DA:73,2
DA:74,2
DA:75,2
DA:78,2
DA:79,2
DA:80,2
DA:81,2
DA:82,2
DA:83,3
DA:84,3
LF:44
LH:44
end_of_record
TN:
SF:/Users/aaronsmith/Development/Aaron/libgwrl/src/gwrl/lock.c
FN:9,lockid_init
FN:18,lockid_lock
FN:29,lockid_unlock
FN:40,lockid_free
FNDA:18,lockid_unlock
FNDA:18,lockid_lock
FNDA:68,lockid_init
FNDA:16,lockid_free
FNF:4
FNH:4
DA:9,68
DA:15,68
DA:18,18
DA:20,18
DA:26,18
DA:29,18
DA:31,18
DA:37,18
DA:40,16
DA:46,16
LF:10
LH:10
end_of_record
TN:
SF:/Users/aaronsmith/Development/Aaron/libgwrl/src/gwrl/proactor.c
FN:11,gwpr_create
FN:43,gwprdata_create
FN:78,gwpr_set_fd
FN:91,gwprbufctl_create
FN:103,gwprbuf_free
FN:109,gwpr_set_options
FN:114,gwpr_src_add
FN:127,gwpr_src_add_safely
FN:140,gwpr_src_remove
FN:150,gwpr_src_del
FN:160,gwpr_filter_add
FN:193,gwpr_filter_reset
FN:207,gwpr_filter_call
FN:227,gwpr_set_cb
FN:253,gwpr_buf_get
FN:278,gwpr_buf_getp
FN:303,gwpr_buf_get_tagged
FN:310,gwpr_buf_get_with_data
FN:319,gwpr_buf_free
FNDA:108,gwpr_buf_get
FNDA:1,gwpr_buf_get_tagged
FNDA:40,gwprdata_create
FNDA:292,gwpr_buf_free
FNDA:2,gwpr_filter_reset
FNDA:35,gwpr_src_add
FNDA:33,gwpr_set_fd
FNDA:292,gwprbuf_free
FNDA:34,gwpr_create
FNDA:2,gwpr_src_remove
FNDA:281,gwpr_filter_call
FNDA:209,gwpr_buf_getp
FNDA:34,gwprbufctl_create
FNDA:21,gwpr_set_cb
FNDA:34,gwpr_set_options
FNDA:5,gwpr_src_add_safely
FNDA:6,gwpr_filter_add
FNDA:1,gwpr_src_del
FNDA:199,gwpr_buf_get_with_data
FNF:19
FNH:19
BRDA:172,1,0,6
BRDA:172,1,1,0
BRDA:173,0,0,4
BRDA:173,0,1,2
BRDA:179,1,0,2
BRDA:179,1,1,0
BRDA:180,1,0,3
BRDA:180,1,1,0
BRDA:181,0,0,2
BRDA:181,0,1,1
BRDA:188,0,0,0
BRDA:188,0,1,6
BRDA:197,0,0,1
BRDA:197,0,1,0
BRDA:199,1,0,1
BRDA:199,1,1,0
BRDA:199,2,2,1
BRDA:199,2,3,0
BRDA:211,0,0,101
BRDA:211,0,1,0
BRDA:211,1,2,101
BRDA:211,1,3,0
BRDA:212,1,0,303
BRDA:212,1,1,0
BRDA:213,0,0,101
BRDA:213,0,1,202
BRDA:217,1,0,180
BRDA:217,1,1,0
BRDA:219,1,0,540
BRDA:219,1,1,0
BRDA:220,0,0,180
BRDA:220,0,1,360
BRDA:313,0,0,0
BRDA:313,0,1,198
BRF:34
BRH:21
DA:11,34
DA:12,34
DA:13,34
DA:18,34
DA:27,34
DA:36,34
DA:37,34
DA:38,34
DA:39,34
DA:44,40
DA:52,40
DA:53,40
DA:54,40
DA:57,40
DA:65,40
DA:74,40
DA:78,33
DA:79,33
DA:80,33
DA:84,33
DA:85,33
DA:86,33
DA:87,33
DA:92,34
DA:99,34
DA:103,292
DA:104,292
DA:105,292
DA:106,292
DA:109,34
DA:110,34
DA:111,34
DA:114,35
DA:115,35
DA:116,35
DA:120,35
DA:121,35
DA:122,35
DA:123,35
DA:124,35
DA:127,5
DA:128,5
DA:129,5
DA:133,5
DA:134,5
DA:135,5
DA:136,5
DA:137,5
DA:140,2
DA:141,2
DA:142,2
DA:143,2
DA:144,2
DA:145,2
DA:146,2
DA:147,2
DA:150,1
DA:151,1
DA:152,1
DA:153,1
DA:154,1
DA:155,1
DA:156,1
DA:157,1
DA:160,6
DA:162,6
DA:163,6
DA:164,6
DA:171,6
DA:172,6
DA:173,6
DA:174,4
DA:175,4
DA:176,4
DA:178,2
DA:179,6
DA:180,3
DA:181,3
DA:182,2
DA:183,2
DA:184,2
DA:186,1
DA:187,2
DA:188,6
DA:190,6
DA:193,2
DA:195,2
DA:197,1
DA:198,1
DA:199,2
DA:200,1
DA:201,1
DA:204,2
DA:207,281
DA:208,281
DA:209,281
DA:210,101
DA:211,101
DA:212,303
DA:213,303
DA:214,202
DA:215,202
DA:216,101
DA:217,281
DA:218,180
DA:219,540
DA:220,540
DA:221,360
DA:222,360
DA:223,180
DA:224,281
DA:227,21
DA:228,21
DA:229,21
DA:230,21
DA:232,4
DA:233,4
DA:235,1
DA:236,1
DA:238,1
DA:239,1
DA:241,5
DA:242,5
DA:244,3
DA:245,3
DA:247,7
DA:248,7
DA:250,21
DA:253,108
DA:254,108
DA:262,108
DA:271,108
DA:272,108
DA:274,108
DA:278,209
DA:279,209
DA:288,209
DA:296,209
DA:297,209
DA:299,209
DA:303,1
DA:304,1
DA:305,1
DA:306,1
DA:310,199
DA:311,1
DA:312,198
DA:313,198
DA:314,198
DA:315,198
DA:316,199
DA:319,292
DA:325,292
DA:326,292
LF:154
LH:154
end_of_record
TN:
SF:/Users/aaronsmith/Development/Aaron/libgwrl/src/gwrl/proactor_imp.c
FN:9,io_activity
FN:16,gwpr_src_activity_read_accept
FN:64,gwpr_src_activity_read
FN:117,gwpr_src_activity_read_result
FN:162,gwpr_src_activity_write_qitem
FN:205,gwpr_src_activity_write_qitem_result
FN:292,gwpr_src_activity
FN:441,gwpr_free
FN:499,gwpr_write_buffer
FN:544,gwpr_synchronous_write_result
FN:675,gwpr_synchronous_write
FN:732,gwpr_asynchronous_write
FN:769,gwpr_accept
FN:783,gwpr_connect
FN:800,gwpr_asynchronous_read
FN:816,gwpr_stop_read
FN:823,gwpr_read
FN:828,gwpr_recv
FN:833,gwpr_recvfrom
FN:838,gwpr_write
FN:857,gwpr_send
FN:876,gwpr_sendto
FN:896,gwprwrq_get
FN:918,gwprwrq_free
FN:931,gwprwrq_free_list_no_cache
FN:943,gwprwrq_putback
FN:969,gwprwrq_add
FNDA:11,gwpr_synchronous_write_result
FNDA:0,gwpr_stop_read
FNDA:0,gwpr_connect
FNDA:0,gwpr_sendto
FNDA:191,gwpr_write_buffer
FNDA:0,gwpr_accept
FNDA:292,gwpr_src_activity
FNDA:19,gwprwrq_free_list_no_cache
FNDA:2,gwpr_asynchronous_read
FNDA:42,gwprwrq_putback
FNDA:0,gwpr_recv
FNDA:279,gwprwrq_get
FNDA:3,gwpr_free
FNDA:101,gwpr_src_activity_read
FNDA:0,gwpr_src_activity_read_accept
FNDA:180,gwpr_src_activity_write_qitem
FNDA:181,gwpr_asynchronous_write
FNDA:0,gwpr_send
FNDA:0,gwpr_recvfrom
FNDA:186,gwpr_src_activity_write_qitem_result
FNDA:2,gwpr_read
FNDA:192,gwpr_synchronous_write
FNDA:250,gwprwrq_free
FNDA:0,io_activity
FNDA:238,gwprwrq_add
FNDA:101,gwpr_src_activity_read_result
FNDA:192,gwpr_write
FNF:27
FNH:18
BRDA:32,0,0,-
BRDA:32,0,1,-
BRDA:38,0,0,-
BRDA:38,0,1,-
BRDA:43,1,0,-
BRDA:43,1,1,-
BRDA:48,0,0,-
BRDA:48,0,1,-
BRDA:50,0,0,-
BRDA:50,0,1,-
BRDA:74,0,0,0
BRDA:74,0,1,101
BRDA:79,0,0,101
BRDA:79,0,1,0
BRDA:83,1,0,0
BRDA:83,1,1,101
BRDA:83,3,2,0
BRDA:83,3,3,101
BRDA:86,0,0,-
BRDA:86,0,1,-
BRDA:91,1,0,-
BRDA:91,1,1,-
BRDA:91,3,2,-
BRDA:91,3,3,-
BRDA:94,0,0,-
BRDA:94,0,1,-
BRDA:97,1,0,-
BRDA:97,1,1,-
BRDA:97,3,2,-
BRDA:97,3,3,-
BRDA:100,0,0,0
BRDA:100,0,1,101
BRDA:102,0,0,-
BRDA:102,0,1,-
BRDA:103,0,0,-
BRDA:103,0,1,-
BRDA:104,1,0,-
BRDA:104,1,1,-
BRDA:105,0,0,-
BRDA:105,0,1,-
BRDA:106,1,0,-
BRDA:106,1,1,-
BRDA:107,0,0,-
BRDA:107,0,1,-
BRDA:132,0,0,-
BRDA:132,0,1,-
BRDA:132,1,2,-
BRDA:132,1,3,-
BRDA:137,0,0,-
BRDA:137,0,1,-
BRDA:137,1,2,-
BRDA:137,1,3,-
BRDA:137,2,4,-
BRDA:137,2,5,-
BRDA:137,3,6,-
BRDA:137,3,7,-
BRDA:142,0,0,-
BRDA:142,0,1,-
BRDA:142,1,2,-
BRDA:142,1,3,-
BRDA:142,2,4,-
BRDA:142,2,5,-
BRDA:147,0,0,-
BRDA:147,0,1,-
BRDA:147,1,2,-
BRDA:147,1,3,-
BRDA:179,0,0,-
BRDA:179,0,1,-
BRDA:185,0,0,180
BRDA:185,0,1,0
BRDA:185,1,2,180
BRDA:185,1,3,0
BRDA:193,0,0,0
BRDA:193,0,1,180
BRDA:193,1,2,-
BRDA:193,1,3,-
BRDA:194,0,0,-
BRDA:194,0,1,-
BRDA:194,1,2,-
BRDA:194,1,3,-
BRDA:195,0,0,-
BRDA:195,0,1,-
BRDA:195,1,2,-
BRDA:195,1,3,-
BRDA:196,0,0,-
BRDA:196,0,1,-
BRDA:196,1,2,-
BRDA:196,1,3,-
BRDA:221,0,0,183
BRDA:221,0,1,3
BRDA:221,1,2,3
BRDA:221,1,3,180
BRDA:227,1,0,0
BRDA:227,1,1,3
BRDA:228,0,0,0
BRDA:228,0,1,3
BRDA:233,0,0,3
BRDA:233,0,1,183
BRDA:233,1,2,2
BRDA:233,1,3,1
BRDA:233,2,4,2
BRDA:233,2,5,0
BRDA:233,3,6,0
BRDA:233,3,7,2
BRDA:238,0,0,0
BRDA:238,0,1,1
BRDA:248,0,0,3
BRDA:248,0,1,183
BRDA:248,1,2,2
BRDA:248,1,3,1
BRDA:248,2,4,0
BRDA:248,2,5,2
BRDA:257,0,0,184
BRDA:257,0,1,2
BRDA:257,1,2,0
BRDA:257,1,3,184
BRDA:264,0,0,1
BRDA:264,0,1,1
BRDA:270,0,0,2
BRDA:270,0,1,0
BRDA:275,0,0,182
BRDA:275,0,1,4
BRDA:275,1,2,2
BRDA:275,1,3,180
BRDA:275,2,4,2
BRDA:275,2,5,0
BRDA:281,0,0,1
BRDA:281,0,1,1
BRDA:310,0,0,0
BRDA:310,0,1,292
BRDA:312,0,0,101
BRDA:312,0,1,191
BRDA:316,0,0,101
BRDA:316,0,1,0
BRDA:320,1,0,-
BRDA:320,1,1,-
BRDA:328,0,0,180
BRDA:328,0,1,112
BRDA:331,0,0,0
BRDA:331,0,1,180
BRDA:341,0,0,180
BRDA:341,0,1,0
BRDA:356,0,0,0
BRDA:356,0,1,180
BRDA:362,1,0,180
BRDA:362,1,1,180
BRDA:368,0,0,180
BRDA:368,0,1,0
BRDA:368,1,2,0
BRDA:368,1,3,180
BRDA:374,0,0,0
BRDA:374,0,1,180
BRDA:385,0,0,0
BRDA:385,0,1,180
BRDA:385,1,2,-
BRDA:385,1,3,-
BRDA:394,0,0,11
BRDA:394,0,1,101
BRDA:395,0,0,11
BRDA:395,0,1,0
BRDA:401,0,0,11
BRDA:401,0,1,0
BRDA:409,0,0,0
BRDA:409,0,1,11
BRDA:416,0,0,0
BRDA:416,0,1,292
BRDA:417,0,0,-
BRDA:417,0,1,-
BRDA:427,0,0,0
BRDA:427,0,1,292
BRDA:428,0,0,-
BRDA:428,0,1,-
BRDA:452,0,0,9
BRDA:452,0,1,3
BRDA:455,1,0,2
BRDA:455,1,1,9
BRDA:456,0,0,2
BRDA:456,0,1,0
BRDA:458,0,0,1
BRDA:458,0,1,1
BRDA:463,0,0,1
BRDA:463,0,1,0
BRDA:467,0,0,1
BRDA:467,0,1,0
BRDA:471,0,0,0
BRDA:471,0,1,1
BRDA:485,0,0,0
BRDA:485,0,1,3
BRDA:489,0,0,3
BRDA:489,0,1,0
BRDA:509,0,0,191
BRDA:509,0,1,191
BRDA:512,0,0,191
BRDA:512,0,1,0
BRDA:516,1,0,0
BRDA:516,1,1,191
BRDA:516,3,2,0
BRDA:516,3,3,191
BRDA:518,1,0,-
BRDA:518,1,1,-
BRDA:522,1,0,-
BRDA:522,1,1,-
BRDA:522,3,2,-
BRDA:522,3,3,-
BRDA:524,1,0,-
BRDA:524,1,1,-
BRDA:528,1,0,-
BRDA:528,1,1,-
BRDA:528,3,2,-
BRDA:528,3,3,-
BRDA:532,0,0,191
BRDA:532,0,1,0
BRDA:569,0,0,0
BRDA:569,0,1,11
BRDA:571,0,0,-
BRDA:571,0,1,-
BRDA:578,1,0,-
BRDA:578,1,1,-
BRDA:586,0,0,-
BRDA:586,0,1,-
BRDA:600,0,0,-
BRDA:600,0,1,-
BRDA:602,0,0,-
BRDA:602,0,1,-
BRDA:609,0,0,-
BRDA:609,0,1,-
BRDA:609,1,2,-
BRDA:609,1,3,-
BRDA:609,2,4,-
BRDA:609,2,5,-
BRDA:623,0,0,11
BRDA:623,0,1,0
BRDA:623,1,2,0
BRDA:623,1,3,11
BRDA:631,0,0,-
BRDA:631,0,1,-
BRDA:642,0,0,0
BRDA:642,0,1,11
BRDA:642,1,2,-
BRDA:642,1,3,-
BRDA:642,2,4,-
BRDA:642,2,5,-
BRDA:649,0,0,0
BRDA:649,0,1,11
BRDA:659,0,0,-
BRDA:659,0,1,-
BRDA:662,0,0,-
BRDA:662,0,1,-
BRDA:662,1,2,-
BRDA:662,1,3,-
BRDA:663,0,0,-
BRDA:663,0,1,-
BRDA:663,1,2,-
BRDA:663,1,3,-
BRDA:664,0,0,-
BRDA:664,0,1,-
BRDA:664,1,2,-
BRDA:664,1,3,-
BRDA:680,0,0,11
BRDA:680,0,1,0
BRDA:690,0,0,11
BRDA:690,0,1,0
BRDA:690,1,2,11
BRDA:690,1,3,0
BRDA:698,0,0,0
BRDA:698,0,1,11
BRDA:706,0,0,0
BRDA:706,0,1,11
BRDA:713,1,0,33
BRDA:713,1,1,0
BRDA:714,0,0,11
BRDA:714,0,1,22
BRDA:755,0,0,-
BRDA:755,0,1,-
BRDA:850,0,0,181
BRDA:850,0,1,11
BRDA:869,0,0,-
BRDA:869,0,1,-
BRDA:889,0,0,-
BRDA:889,0,1,-
BRDA:901,0,0,1
BRDA:901,0,1,192
BRDA:908,1,0,0
BRDA:908,1,1,86
BRDA:924,0,0,39
BRDA:924,0,1,211
BRDA:934,0,0,57
BRDA:934,0,1,19
BRDA:937,0,0,0
BRDA:937,0,1,57
BRDA:951,1,0,57
BRDA:951,1,1,19
BRDA:955,0,0,19
BRDA:955,0,1,0
BRDA:957,1,0,19
BRDA:957,1,1,19
BRDA:961,0,0,19
BRDA:961,0,1,0
BRDA:975,0,0,19
BRDA:975,0,1,19
BRF:300
BRH:110
DA:9,0
DA:13,0
DA:16,0
DA:22,0
DA:23,0
DA:24,0
DA:25,0
DA:26,0
DA:27,0
DA:28,0
DA:32,0
DA:35,0
DA:36,0
DA:38,0
DA:40,0
DA:41,0
DA:43,0
DA:48,0
DA:50,0
DA:51,0
DA:52,0
DA:53,0
DA:54,0
DA:55,0
DA:56,0
DA:58,0
DA:59,0
DA:60,0
DA:61,0
DA:64,101
DA:65,101
DA:70,101
DA:71,101
DA:72,101
DA:73,101
DA:74,101
DA:75,101
DA:76,101
DA:77,101
DA:79,101
DA:81,101
DA:82,101
DA:83,101
DA:84,101
DA:86,0
DA:88,0
DA:89,0
DA:90,0
DA:91,0
DA:92,0
DA:94,0
DA:95,0
DA:96,0
DA:97,0
DA:98,0
DA:100,101
DA:102,0
DA:103,0
DA:104,0
DA:105,0
DA:106,0
DA:107,0
DA:108,0
DA:109,0
DA:112,101
DA:113,101
DA:114,101
DA:117,101
DA:118,101
DA:123,101
DA:124,101
DA:126,101
DA:128,101
DA:129,101
DA:130,101
DA:132,0
DA:134,0
DA:135,0
DA:137,0
DA:139,0
DA:140,0
DA:142,0
DA:145,0
DA:147,0
DA:150,0
DA:151,0
DA:152,0
DA:153,0
DA:154,0
DA:157,0
DA:159,101
DA:162,180
DA:163,180
DA:164,180
DA:168,180
DA:169,180
DA:170,180
DA:171,180
DA:172,180
DA:173,180
DA:174,180
DA:175,180
DA:178,180
DA:179,0
DA:180,0
DA:181,180
DA:185,180
DA:186,180
DA:187,180
DA:190,180
DA:193,180
DA:194,0
DA:195,0
DA:196,0
DA:197,0
DA:200,180
DA:201,180
DA:202,180
DA:205,186
DA:206,186
DA:207,186
DA:208,186
DA:209,186
DA:210,186
DA:211,186
DA:212,186
DA:213,186
DA:214,186
DA:216,186
DA:218,180
DA:219,180
DA:221,186
DA:225,3
DA:226,3
DA:227,3
DA:228,3
DA:229,3
DA:230,3
DA:231,3
DA:233,186
DA:236,1
DA:237,1
DA:238,1
DA:239,1
DA:240,1
DA:241,1
DA:242,1
DA:243,1
DA:244,1
DA:245,1
DA:246,1
DA:248,186
DA:252,1
DA:253,1
DA:254,1
DA:255,1
DA:257,186
DA:262,2
DA:264,2
DA:265,1
DA:266,1
DA:267,1
DA:270,2
DA:271,2
DA:272,2
DA:273,2
DA:275,186
DA:277,2
DA:278,2
DA:279,2
DA:280,2
DA:281,2
DA:282,2
DA:283,2
DA:284,2
DA:285,2
DA:286,2
DA:288,186
DA:292,292
DA:299,292
DA:302,292
DA:303,292
DA:304,292
DA:305,292
DA:306,292
DA:307,292
DA:308,292
DA:309,292
DA:310,292
DA:312,292
DA:314,101
DA:316,101
DA:318,101
DA:319,101
DA:320,101
DA:322,0
DA:323,0
DA:324,0
DA:326,101
DA:328,292
DA:331,180
DA:334,0
DA:335,0
DA:336,0
DA:337,0
DA:338,0
DA:339,0
DA:341,180
DA:345,180
DA:346,180
DA:347,180
DA:348,180
DA:349,180
DA:352,180
DA:353,180
DA:354,180
DA:356,180
DA:359,0
DA:360,0
DA:362,360
DA:364,180
DA:365,180
DA:366,180
DA:368,180
DA:371,0
DA:374,180
DA:377,0
DA:378,0
DA:381,180
DA:382,180
DA:383,180
DA:385,180
DA:387,180
DA:388,180
DA:389,180
DA:390,180
DA:391,180
DA:392,180
DA:394,112
DA:395,11
DA:397,11
DA:398,11
DA:399,11
DA:400,11
DA:401,11
DA:402,11
DA:403,11
DA:404,11
DA:405,0
DA:406,0
DA:408,11
DA:409,11
DA:410,11
DA:411,11
DA:412,0
DA:414,112
DA:416,292
DA:417,0
DA:419,0
DA:420,0
DA:421,0
DA:422,0
DA:423,0
DA:425,0
DA:427,292
DA:428,0
DA:430,0
DA:431,0
DA:432,0
DA:433,0
DA:434,0
DA:436,292
DA:437,292
DA:438,292
DA:441,3
DA:446,3
DA:447,3
DA:448,3
DA:449,3
DA:450,3
DA:452,12
DA:453,9
DA:455,11
DA:456,2
DA:457,2
DA:458,2
DA:459,1
DA:460,1
DA:461,1
DA:463,1
DA:464,1
DA:465,1
DA:467,1
DA:468,1
DA:469,1
DA:471,1
DA:472,0
DA:473,0
DA:474,0
DA:475,0
DA:477,1
DA:478,1
DA:479,1
DA:480,2
DA:481,2
DA:482,2
DA:483,9
DA:485,3
DA:486,0
DA:487,0
DA:489,3
DA:490,3
DA:491,3
DA:493,3
DA:494,3
DA:495,3
DA:496,3
DA:499,191
DA:500,191
DA:501,191
DA:504,191
DA:505,191
DA:506,191
DA:507,191
DA:509,382
DA:510,191
DA:512,191
DA:514,191
DA:515,191
DA:516,191
DA:518,191
DA:520,0
DA:521,0
DA:522,0
DA:524,0
DA:526,0
DA:527,0
DA:528,0
DA:530,0
DA:532,191
DA:533,191
DA:534,191
DA:535,191
DA:536,191
DA:537,0
DA:538,0
DA:540,191
DA:541,191
DA:544,11
DA:545,11
DA:546,11
DA:550,11
DA:551,11
DA:552,11
DA:553,11
DA:554,11
DA:555,11
DA:557,11
DA:561,11
DA:564,11
DA:567,11
DA:568,11
DA:569,11
DA:570,0
DA:571,0
DA:572,0
DA:573,11
DA:576,11
DA:578,11
DA:584,0
DA:585,0
DA:586,0
DA:589,0
DA:590,0
DA:591,0
DA:597,0
DA:600,0
DA:601,0
DA:602,0
DA:603,0
DA:606,0
DA:607,0
DA:609,0
DA:614,0
DA:615,0
DA:618,0
DA:619,0
DA:620,0
DA:623,11
DA:630,0
DA:631,0
DA:632,0
DA:635,0
DA:636,0
DA:639,0
DA:640,0
DA:642,11
DA:646,0
DA:647,0
DA:649,11
DA:654,0
DA:655,0
DA:656,0
DA:657,0
DA:658,0
DA:659,0
DA:662,0
DA:663,0
DA:664,0
DA:667,0
DA:668,0
DA:669,11
DA:671,11
DA:675,192
DA:676,192
DA:677,192
DA:678,192
DA:680,11
DA:684,11
DA:685,11
DA:686,11
DA:687,11
DA:690,11
DA:696,11
DA:697,11
DA:698,11
DA:699,11
DA:702,11
DA:703,11
DA:704,11
DA:705,11
DA:706,11
DA:707,0
DA:708,0
DA:709,0
DA:712,11
DA:713,33
DA:714,33
DA:715,22
DA:716,22
DA:717,11
DA:720,11
DA:721,11
DA:722,11
DA:725,11
DA:726,11
DA:728,192
DA:732,181
DA:733,181
DA:737,181
DA:738,181
DA:739,181
DA:751,181
DA:752,181
DA:753,181
DA:754,0
DA:755,0
DA:756,0
DA:759,181
DA:764,181
DA:765,181
DA:766,181
DA:769,0
DA:770,0
DA:771,0
DA:772,0
DA:773,0
DA:774,0
DA:775,0
DA:777,0
DA:778,0
DA:779,0
DA:780,0
DA:783,0
DA:784,0
DA:785,0
DA:786,0
DA:787,0
DA:788,0
DA:789,0
DA:790,0
DA:792,0
DA:793,0
DA:794,0
DA:795,0
DA:796,0
DA:797,0
DA:800,2
DA:801,2
DA:802,2
DA:803,2
DA:804,2
DA:805,0
DA:806,0
DA:808,2
DA:809,2
DA:810,2
DA:811,2
DA:812,2
DA:813,2
DA:816,0
DA:817,0
DA:818,0
DA:819,0
DA:820,0
DA:823,2
DA:824,2
DA:828,0
DA:829,0
DA:833,0
DA:834,0
DA:838,192
DA:839,192
DA:840,192
DA:846,192
DA:847,0
DA:848,0
DA:850,192
DA:851,181
DA:852,181
DA:853,192
DA:854,192
DA:857,0
DA:858,0
DA:859,0
DA:865,0
DA:866,0
DA:867,0
DA:869,0
DA:870,0
DA:871,0
DA:872,0
DA:873,0
DA:876,0
DA:877,0
DA:878,0
DA:879,0
DA:885,0
DA:886,0
DA:887,0
DA:889,0
DA:890,0
DA:891,0
DA:892,0
DA:893,0
DA:896,279
DA:897,279
DA:898,279
DA:899,193
DA:900,193
DA:901,193
DA:902,1
DA:903,1
DA:904,192
DA:906,193
DA:907,86
DA:908,86
DA:909,0
DA:910,0
DA:911,86
DA:913,279
DA:914,279
DA:918,250
DA:919,250
DA:920,0
DA:921,0
DA:922,250
DA:923,250
DA:924,250
DA:925,250
DA:926,250
DA:928,250
DA:931,19
DA:932,19
DA:933,19
DA:934,76
DA:935,57
DA:936,57
DA:937,57
DA:938,57
DA:939,57
DA:940,19
DA:943,42
DA:944,42
DA:945,42
DA:946,23
DA:947,23
DA:948,19
DA:949,19
DA:950,19
DA:951,76
DA:952,57
DA:953,57
DA:954,57
DA:955,19
DA:956,19
DA:957,38
DA:958,19
DA:959,19
DA:960,19
DA:961,19
DA:962,19
DA:963,19
DA:964,19
DA:966,42
DA:969,238
DA:970,238
DA:971,238
DA:972,200
DA:973,200
DA:974,200
DA:975,38
DA:976,19
DA:977,19
DA:978,19
DA:979,19
DA:980,38
DA:983,238
LF:618
LH:390
end_of_record
TN:
SF:/Users/aaronsmith/Development/Aaron/libgwrl/src/gwrl/socket.c
FN:8,gwsk_sockaddr_size
FN:15,gwsk_sockaddr_port
FN:22,gwsk_sockaddr_print
FN:32,gwsk_addrinfo_print
FN:36,gwsk_startup
FN:44,gwsk_cleanup
FN:51,gwsk_connect
FN:78,gwsk_accept
FN:104,gwsk_close
FN:112,gwsk_nonblock
FN:121,gwsk_reuseaddr
FN:129,skctlinfo_free
FN:135,skctl_str_for_flag
FN:156,skctl
FN:345,skctl_tcp_server
FN:357,skctl_udp_server
FN:369,skctl_tcp_client
FN:380,skctl_udp_client
FN:391,skctl_udp_connected_client
FNDA:0,gwsk_sockaddr_port
FNDA:0,gwsk_sockaddr_size
FNDA:0,skctl_str_for_flag
FNDA:0,skctl_tcp_client
FNDA:0,gwsk_connect
FNDA:0,gwsk_reuseaddr
FNDA:0,skctlinfo_free
FNDA:0,gwsk_addrinfo_print
FNDA:0,skctl_udp_connected_client
FNDA:0,gwsk_accept
FNDA:0,gwsk_nonblock
FNDA:0,skctl_udp_client
FNDA:0,skctl_tcp_server
FNDA:0,skctl
FNDA:0,skctl_udp_server
FNDA:0,gwsk_cleanup
FNDA:0,gwsk_sockaddr_print
FNDA:0,gwsk_startup
FNDA:0,gwsk_close
FNF:19
FNH:0
BRDA:11,0,0,-
BRDA:11,0,1,-
BRDA:18,0,0,-
BRDA:18,0,1,-
BRDA:27,0,0,-
BRDA:27,0,1,-
BRDA:61,0,0,-
BRDA:61,0,1,-
BRDA:70,0,0,-
BRDA:70,0,1,-
BRDA:71,0,0,-
BRDA:71,0,1,-
BRDA:88,0,0,-
BRDA:88,0,1,-
BRDA:97,0,0,-
BRDA:97,0,1,-
BRDA:132,0,0,-
BRDA:132,0,1,-
BRDA:138,0,0,-
BRDA:138,0,1,-
BRDA:140,0,0,-
BRDA:140,0,1,-
BRDA:142,0,0,-
BRDA:142,0,1,-
BRDA:144,0,0,-
BRDA:144,0,1,-
BRDA:146,0,0,-
BRDA:146,0,1,-
BRDA:148,0,0,-
BRDA:148,0,1,-
BRDA:150,0,0,-
BRDA:150,0,1,-
BRDA:168,0,0,-
BRDA:168,0,1,-
BRDA:170,0,0,-
BRDA:170,0,1,-
BRDA:175,0,0,-
BRDA:175,0,1,-
BRDA:175,1,2,-
BRDA:175,1,3,-
BRDA:180,0,0,-
BRDA:180,0,1,-
BRDA:185,0,0,-
BRDA:185,0,1,-
BRDA:186,0,0,-
BRDA:186,0,1,-
BRDA:186,1,2,-
BRDA:186,1,3,-
BRDA:197,0,0,-
BRDA:197,0,1,-
BRDA:202,0,0,-
BRDA:202,0,1,-
BRDA:229,1,0,-
BRDA:229,1,1,-
BRDA:235,0,0,-
BRDA:235,0,1,-
BRDA:239,0,0,-
BRDA:239,0,1,-
BRDA:260,0,0,-
BRDA:260,0,1,-
BRDA:269,0,0,-
BRDA:269,0,1,-
BRDA:273,0,0,-
BRDA:273,0,1,-
BRDA:278,0,0,-
BRDA:278,0,1,-
BRDA:283,0,0,-
BRDA:283,0,1,-
BRDA:287,0,0,-
BRDA:287,0,1,-
BRDA:292,0,0,-
BRDA:292,0,1,-
BRDA:296,0,0,-
BRDA:296,0,1,-
BRDA:301,0,0,-
BRDA:301,0,1,-
BRDA:305,0,0,-
BRDA:305,0,1,-
BRDA:315,0,0,-
BRDA:315,0,1,-
BRDA:315,1,2,-
BRDA:315,1,3,-
BRDA:316,0,0,-
BRDA:316,0,1,-
BRDA:326,0,0,-
BRDA:326,0,1,-
BRDA:333,0,0,-
BRDA:333,0,1,-
BRF:88
BRH:0
DA:8,0
DA:9,0
DA:10,0
DA:11,0
DA:12,0
DA:13,0
DA:15,0
DA:16,0
DA:17,0
DA:18,0
DA:19,0
DA:20,0
DA:22,0
DA:23,0
DA:24,0
DA:25,0
DA:26,0
DA:27,0
DA:28,0
DA:29,0
DA:30,0
DA:32,0
DA:33,0
DA:34,0
DA:41,0
DA:48,0
DA:51,0
DA:52,0
DA:58,0
DA:59,0
DA:60,0
DA:61,0
DA:70,0
DA:71,0
DA:73,0
DA:75,0
DA:78,0
DA:79,0
DA:85,0
DA:86,0
DA:87,0
DA:88,0
DA:97,0
DA:99,0
DA:101,0
DA:104,0
DA:108,0
DA:110,0
DA:112,0
DA:117,0
DA:121,0
DA:125,0
DA:129,0
DA:130,0
DA:131,0
DA:132,0
DA:133,0
DA:135,0
DA:136,0
DA:137,0
DA:138,0
DA:139,0
DA:140,0
DA:141,0
DA:142,0
DA:143,0
DA:144,0
DA:145,0
DA:146,0
DA:147,0
DA:148,0
DA:149,0
DA:150,0
DA:151,0
DA:153,0
DA:154,0
DA:156,0
DA:157,0
DA:158,0
DA:159,0
DA:160,0
DA:162,0
DA:163,0
DA:164,0
DA:165,0
DA:168,0
DA:170,0
DA:171,0
DA:172,0
DA:173,0
DA:175,0
DA:176,0
DA:177,0
DA:178,0
DA:179,0
DA:180,0
DA:185,0
DA:186,0
DA:189,0
DA:190,0
DA:191,0
DA:192,0
DA:194,0
DA:195,0
DA:197,0
DA:198,0
DA:199,0
DA:202,0
DA:229,0
DA:231,0
DA:232,0
DA:233,0
DA:235,0
DA:236,0
DA:237,0
DA:239,0
DA:249,0
DA:260,0
DA:261,0
DA:262,0
DA:263,0
DA:264,0
DA:267,0
DA:269,0
DA:271,0
DA:273,0
DA:276,0
DA:278,0
DA:279,0
DA:283,0
DA:285,0
DA:287,0
DA:288,0
DA:292,0
DA:294,0
DA:296,0
DA:297,0
DA:301,0
DA:303,0
DA:305,0
DA:306,0
DA:315,0
DA:316,0
DA:317,0
DA:319,0
DA:321,0
DA:322,0
DA:323,0
DA:326,0
DA:327,0
DA:328,0
DA:330,0
DA:331,0
DA:333,0
DA:337,0
DA:339,0
DA:340,0
DA:342,0
DA:343,0
DA:345,0
DA:346,0
DA:347,0
DA:348,0
DA:349,0
DA:350,0
DA:351,0
DA:352,0
DA:353,0
DA:354,0
DA:357,0
DA:358,0
DA:359,0
DA:360,0
DA:361,0
DA:362,0
DA:363,0
DA:364,0
DA:365,0
DA:366,0
DA:369,0
DA:370,0
DA:371,0
DA:372,0
DA:373,0
DA:374,0
DA:375,0
DA:376,0
DA:377,0
DA:380,0
DA:381,0
DA:382,0
DA:383,0
DA:384,0
DA:385,0
DA:386,0
DA:387,0
DA:388,0
DA:391,0
DA:392,0
DA:393,0
DA:394,0
DA:395,0
DA:396,0
DA:397,0
DA:398,0
DA:399,0
LF:206
LH:0
end_of_record
TN:
SF:/Users/aaronsmith/Development/Aaron/libgwrl/src/gwrl/time.c
FN:8,gwtm_gettimeofday_timespec
FN:14,gwtm_ms_to_timeval
FN:23,gwtm_ms_to_timespec
FN:32,gwtm_timeval_to_ms
FN:41,gwtm_timespec_to_ms
FN:50,gwtm_add_ms_to_timeval
FN:60,gwtm_add_ms_to_timespec
FN:70,gwtm_timespec_cmp
FN:79,gwtm_timespec_copy_if_smaller
FN:88,gwtm_timespec_sub_into
FN:97,gwtm_timespec_is_expired
FN:103,gwtm_timeval_to_timespec
FN:108,gwtm_timespec_to_timeval
FNDA:235,gwtm_add_ms_to_timespec
FNDA:1,gwtm_timespec_to_timeval
FNDA:349,gwtm_timeval_to_timespec
FNDA:348,gwtm_gettimeofday_timespec
FNDA:1,gwtm_ms_to_timeval
FNDA:3,gwtm_timeval_to_ms
FNDA:312,gwtm_timespec_is_expired
FNDA:39,gwtm_timespec_cmp
FNDA:2,gwtm_timespec_to_ms
FNDA:518,gwtm_timespec_sub_into
FNDA:3,gwtm_add_ms_to_timeval
FNDA:38,gwtm_timespec_copy_if_smaller
FNDA:2,gwtm_ms_to_timespec
FNF:13
FNH:13
BRDA:33,0,0,1
BRDA:33,0,1,0
BRDA:42,0,0,1
BRDA:42,0,1,0
BRDA:54,1,0,1
BRDA:54,1,1,2
BRDA:64,1,0,2
BRDA:64,1,1,42
BRDA:72,0,0,33
BRDA:72,0,1,0
BRDA:73,0,0,23
BRDA:73,0,1,10
BRDA:74,0,0,0
BRDA:74,0,1,10
BRDA:82,0,0,0
BRDA:82,0,1,28
BRDA:91,0,0,445
BRDA:91,0,1,518
BRDA:99,0,0,75
BRDA:99,0,1,6
BRDA:99,1,2,1
BRDA:99,1,3,74
BRF:22
BRH:17
DA:8,348
DA:9,348
DA:10,348
DA:11,348
DA:12,348
DA:14,1
DA:15,1
DA:16,1
DA:17,1
DA:18,0
DA:19,0
DA:20,0
DA:21,1
DA:23,2
DA:24,2
DA:25,2
DA:26,2
DA:27,0
DA:28,0
DA:29,0
DA:30,2
DA:32,3
DA:33,1
DA:34,1
DA:35,1
DA:37,2
DA:38,2
DA:39,3
DA:41,2
DA:42,1
DA:43,1
DA:44,1
DA:46,1
DA:47,1
DA:48,2
DA:50,3
DA:51,1
DA:52,2
DA:53,2
DA:54,3
DA:55,1
DA:56,1
DA:57,1
DA:58,3
DA:60,235
DA:61,193
DA:62,42
DA:63,42
DA:64,44
DA:65,2
DA:66,2
DA:67,2
DA:68,235
DA:70,39
DA:71,6
DA:72,33
DA:73,33
DA:74,10
DA:75,10
DA:76,10
DA:77,39
DA:79,38
DA:80,38
DA:81,38
DA:82,28
DA:83,28
DA:85,10
DA:86,38
DA:88,518
DA:89,518
DA:90,518
DA:91,963
DA:92,445
DA:93,445
DA:94,445
DA:95,518
DA:97,312
DA:98,231
DA:99,81
DA:100,80
DA:101,312
DA:103,349
DA:104,349
DA:105,349
DA:106,349
DA:108,1
DA:109,1
DA:110,1
DA:111,1
LF:89
LH:83
end_of_record
TN:
SF:/Users/aaronsmith/Development/Aaron/libgwrl/test/proactor_buf.c
FN:4,main
FNDA:27,main
FNF:1
FNH:1
BRDA:11,0,0,27
BRDA:11,0,1,0
BRDA:11,2,2,0
BRDA:11,2,3,27
BRDA:12,0,0,0
BRDA:12,0,1,27
BRDA:13,0,0,0
BRDA:13,0,1,27
BRDA:14,0,0,0
BRDA:14,0,1,27
BRDA:17,0,0,0
BRDA:17,0,1,27
BRDA:20,0,0,0
BRDA:20,0,1,27
BRF:14
BRH:7
DA:4,27
DA:5,27
DA:6,27
DA:7,27
DA:8,27
DA:9,27
DA:11,27
DA:12,27
DA:13,27
DA:14,27
DA:16,27
DA:17,27
DA:19,27
DA:20,27
DA:22,27
LF:15
LH:15
end_of_record
TN:
SF:/Users/aaronsmith/Development/Aaron/libgwrl/test/proactor_cb.c
FN:4,cb1
FN:5,cb2
FN:6,cb3
FN:7,cb4
FN:8,cb5
FN:9,cb6
FN:11,main
FNDA:26,cb3
FNDA:26,cb5
FNDA:26,cb6
FNDA:26,cb1
FNDA:26,cb4
FNDA:26,main
FNDA:26,cb2
FNF:7
FNH:7
DA:4,26
DA:5,26
DA:6,26
DA:7,26
DA:8,26
DA:9,26
DA:11,26
DA:12,26
DA:13,26
DA:14,26
DA:15,26
DA:16,26
DA:17,26
DA:18,26
DA:19,26
DA:20,26
DA:21,26
DA:22,26
DA:23,26
DA:24,26
DA:25,26
DA:26,26
DA:27,26
LF:23
LH:23
end_of_record
TN:
SF:/Users/aaronsmith/Development/Aaron/libgwrl/test/proactor_filters.c
FN:4,filter
FN:5,filter2
FN:6,filter3
FN:8,main
FNDA:25,filter
FNDA:25,filter3
FNDA:25,filter2
FNDA:25,main
FNF:4
FNH:4
BRDA:22,0,0,0
BRDA:22,0,1,25
BRDA:25,0,0,0
BRDA:25,0,1,25
BRDA:26,0,0,0
BRDA:26,0,1,25
BRDA:30,0,0,0
BRDA:30,0,1,25
BRDA:31,0,0,0
BRDA:31,0,1,25
BRF:10
BRH:5
DA:4,25
DA:5,25
DA:6,25
DA:8,25
DA:9,25
DA:10,25
DA:11,25
DA:12,25
DA:19,25
DA:20,25
DA:21,25
DA:22,25
DA:24,25
DA:25,25
DA:26,25
DA:28,25
DA:29,25
DA:30,25
DA:31,25
DA:33,25
DA:34,25
DA:35,25
DA:37,25
LF:23
LH:23
end_of_record
TN:
SF:/Users/aaronsmith/Development/Aaron/libgwrl/test/proactor_free1.c
FN:4,didrd
FN:7,stop
FN:11,main
FNDA:24,stop
FNDA:24,didrd
FNDA:24,main
FNF:3
FNH:3
BRDA:28,0,0,48
BRDA:28,0,1,24
BRDA:29,0,0,48
BRDA:29,0,1,0
BRF:4
BRH:3
DA:4,24
DA:5,24
DA:7,24
DA:8,24
DA:9,24
DA:11,24
DA:12,24
DA:13,24
DA:14,24
DA:15,24
DA:16,24
DA:19,24
DA:20,24
DA:21,24
DA:22,24
DA:25,24
DA:26,24
DA:27,24
DA:28,72
DA:29,48
DA:30,48
DA:31,48
DA:32,48
DA:33,48
DA:34,24
DA:35,24
DA:37,24
DA:38,24
DA:39,24
DA:40,24
DA:41,24
DA:42,24
DA:43,24
DA:44,24
DA:45,24
DA:47,24
DA:48,24
DA:49,24
DA:50,24
DA:51,24
DA:52,24
DA:53,24
DA:54,24
DA:55,24
DA:56,24
DA:58,24
LF:46
LH:46
end_of_record
TN:
SF:/Users/aaronsmith/Development/Aaron/libgwrl/test/proactor_gwpr_src_activity_write_qitem_result.c
FN:38,reset
FN:51,didwr1
FN:56,close1
FN:60,error1
FN:63,didwr2
FN:68,close2
FN:73,didwr3
FN:78,close3
FN:83,didwr4
FN:88,close4
FN:93,error4
FN:97,didwr5
FN:102,close5
FN:107,error5
FN:112,main
FNDA:0,didwr3
FNDA:23,close3
FNDA:23,close2
FNDA:0,close5
FNDA:23,error5
FNDA:23,main
FNDA:23,didwr4
FNDA:23,didwr1
FNDA:0,error1
FNDA:23,error4
FNDA:138,reset
FNDA:0,didwr5
FNDA:0,close4
FNDA:23,didwr2
FNDA:0,close1
FNF:15
FNH:9
BRDA:118,0,0,0
BRDA:118,0,1,23
BRDA:119,0,0,0
BRDA:119,0,1,23
BRDA:120,0,0,0
BRDA:120,0,1,23
BRDA:126,0,0,0
BRDA:126,0,1,23
BRDA:127,0,0,0
BRDA:127,0,1,23
BRDA:128,0,0,0
BRDA:128,0,1,23
BRDA:134,0,0,0
BRDA:134,0,1,23
BRDA:135,0,0,0
BRDA:135,0,1,23
BRDA:139,0,0,0
BRDA:139,0,1,23
BRDA:140,0,0,0
BRDA:140,0,1,23
BRDA:147,0,0,0
BRDA:147,0,1,23
BRDA:148,0,0,0
BRDA:148,0,1,23
BRDA:149,0,0,0
BRDA:149,0,1,23
BRDA:156,0,0,0
BRDA:156,0,1,23
BRDA:157,0,0,0
BRDA:157,0,1,23
BRF:30
BRH:15
DA:39,138
DA:40,138
DA:41,138
DA:42,138
DA:43,138
DA:44,138
DA:45,138
DA:46,138
DA:47,138
DA:48,138
DA:49,138
DA:51,23
DA:52,23
DA:53,23
DA:54,23
DA:56,0
DA:57,0
DA:58,0
DA:60,0
DA:61,0
DA:63,23
DA:64,23
DA:65,23
DA:66,23
DA:68,23
DA:69,23
DA:70,23
DA:71,23
DA:73,0
DA:74,0
DA:75,0
DA:76,0
DA:78,23
DA:79,23
DA:80,23
DA:81,23
DA:83,23
DA:84,23
DA:85,23
DA:86,23
DA:88,0
DA:89,0
DA:90,0
DA:91,0
DA:93,23
DA:94,23
DA:95,23
DA:97,0
DA:98,0
DA:99,0
DA:100,0
DA:102,0
DA:103,0
DA:104,0
DA:105,0
DA:107,23
DA:108,23
DA:109,23
DA:110,23
DA:112,23
DA:113,23
DA:114,23
DA:115,23
DA:116,23
DA:117,23
DA:118,23
DA:119,23
DA:120,23
DA:122,23
DA:123,23
DA:124,23
DA:125,23
DA:126,23
DA:127,23
DA:128,23
DA:130,23
DA:131,23
DA:132,23
DA:133,23
DA:134,23
DA:135,23
DA:137,23
DA:138,23
DA:139,23
DA:140,23
DA:142,23
DA:143,23
DA:144,23
DA:145,23
DA:146,23
DA:147,23
DA:148,23
DA:149,23
DA:151,23
DA:152,23
DA:153,23
DA:154,23
DA:155,23
DA:156,23
DA:157,23
DA:159,23
LF:101
LH:80
end_of_record
TN:
SF:/Users/aaronsmith/Development/Aaron/libgwrl/test/proactor_gwprwrq_get.c
FN:4,main
FNDA:22,main
FNF:1
FNH:1
BRDA:16,0,0,0
BRDA:16,0,1,22
BRDA:17,0,0,0
BRDA:17,0,1,22
BRF:4
BRH:2
DA:4,22
DA:5,22
DA:6,22
DA:7,22
DA:8,22
DA:9,22
DA:10,22
DA:11,22
DA:12,22
DA:13,22
DA:14,22
DA:15,22
DA:16,22
DA:17,22
DA:18,22
LF:15
LH:15
end_of_record
TN:
SF:/Users/aaronsmith/Development/Aaron/libgwrl/test/proactor_src.c
FN:8,timeout
FN:13,timeout2
FN:17,main
FNDA:21,timeout
FNDA:21,timeout2
FNDA:21,main
FNF:3
FNH:3
BRDA:27,0,0,0
BRDA:27,0,1,21
BRDA:32,0,0,0
BRDA:32,0,1,21
BRDA:38,0,0,0
BRDA:38,0,1,21
BRF:6
BRH:3
DA:8,21
DA:9,21
DA:10,21
DA:11,21
DA:13,21
DA:14,21
DA:15,21
DA:17,21
DA:18,21
DA:19,21
DA:21,21
DA:22,21
DA:23,21
DA:24,21
DA:25,21
DA:26,21
DA:27,21
DA:29,21
DA:30,21
DA:31,21
DA:32,21
DA:34,21
DA:35,21
DA:36,21
DA:37,21
DA:38,21
DA:40,21
LF:27
LH:27
end_of_record
TN:
SF:/Users/aaronsmith/Development/Aaron/libgwrl/test/proactor_tcp.c
FN:15,didrd
FN:24,didwr
FN:28,rdfilter1
FN:34,rdfilter2
FN:41,write_data
FN:58,wrfilter1
FN:64,wrfilter2
FN:71,timeout
FN:76,main
FNDA:3840,write_data
FNDA:3820,didwr
FNDA:2020,rdfilter2
FNDA:20,main
FNDA:3820,wrfilter2
FNDA:20,timeout
FNDA:2020,didrd
FNDA:3820,wrfilter1
FNDA:2020,rdfilter1
FNF:9
FNH:9
BRDA:18,0,0,20
BRDA:18,0,1,2000
BRDA:47,1,0,0
BRDA:47,1,1,220
BRDA:51,1,0,0
BRDA:51,1,1,220
BRDA:101,0,0,0
BRDA:101,0,1,20
BRDA:102,0,0,0
BRDA:102,0,1,20
BRDA:103,0,0,0
BRDA:103,0,1,20
BRF:12
BRH:7
DA:15,2020
DA:16,2020
DA:17,2020
DA:18,2020
DA:19,20
DA:20,20
DA:21,2020
DA:22,2020
DA:24,3820
DA:25,3820
DA:26,3820
DA:28,2020
DA:29,2020
DA:30,2020
DA:31,2020
DA:32,2020
DA:34,2020
DA:35,2020
DA:36,2020
DA:37,2020
DA:38,2020
DA:39,2020
DA:41,3840
DA:42,3840
DA:43,3840
DA:44,3840
DA:45,3620
DA:46,3620
DA:47,3840
DA:48,0
DA:49,0
DA:50,0
DA:51,220
DA:52,0
DA:53,0
DA:54,220
DA:56,3840
DA:58,3820
DA:59,3820
DA:60,3820
DA:61,3820
DA:62,3820
DA:64,3820
DA:65,3820
DA:66,3820
DA:67,3820
DA:68,3820
DA:69,3820
DA:71,20
DA:72,20
DA:73,20
DA:74,20
DA:76,20
DA:77,20
DA:79,20
DA:80,20
DA:82,20
DA:83,20
DA:85,20
DA:86,20
DA:87,20
DA:88,20
DA:90,20
DA:91,20
DA:92,20
DA:94,20
DA:96,20
DA:98,20
DA:100,20
DA:101,20
DA:102,20
DA:103,20
DA:105,20
LF:73
LH:68
end_of_record
TN:
SF:/Users/aaronsmith/Development/Aaron/libgwrl/test/proactor_wrq.c
FN:4,main
FNDA:19,main
FNF:1
FNH:1
BRDA:18,0,0,19
BRDA:18,0,1,0
BRDA:18,1,2,19
BRDA:18,1,3,0
BRDA:18,3,4,0
BRDA:18,3,5,19
BRDA:23,0,0,0
BRDA:23,0,1,19
BRDA:24,0,0,0
BRDA:24,0,1,19
BRDA:25,0,0,0
BRDA:25,0,1,19
BRDA:29,0,0,0
BRDA:29,0,1,19
BRDA:30,0,0,0
BRDA:30,0,1,19
BRDA:35,0,0,0
BRDA:35,0,1,19
BRDA:36,0,0,0
BRDA:36,0,1,19
BRDA:37,0,0,0
BRDA:37,0,1,19
BRDA:38,0,0,0
BRDA:38,0,1,19
BRDA:43,0,0,0
BRDA:43,0,1,19
BRDA:44,0,0,0
BRDA:44,0,1,19
BRDA:45,0,0,0
BRDA:45,0,1,19
BRDA:46,0,0,0
BRDA:46,0,1,19
BRDA:47,0,0,0
BRDA:47,0,1,19
BRDA:52,0,0,0
BRDA:52,0,1,19
BRDA:53,0,0,0
BRDA:53,0,1,19
BRDA:54,0,0,0
BRDA:54,0,1,19
BRDA:55,0,0,0
BRDA:55,0,1,19
BRDA:58,0,0,0
BRDA:58,0,1,19
BRDA:59,0,0,0
BRDA:59,0,1,19
BRDA:60,0,0,0
BRDA:60,0,1,19
BRDA:61,0,0,0
BRDA:61,0,1,19
BRDA:64,0,0,0
BRDA:64,0,1,19
BRDA:65,0,0,0
BRDA:65,0,1,19
BRDA:66,0,0,0
BRDA:66,0,1,19
BRDA:67,0,0,0
BRDA:67,0,1,19
BRDA:68,0,0,0
BRDA:68,0,1,19
BRDA:74,0,0,0
BRDA:74,0,1,19
BRF:62
BRH:31
DA:4,19
DA:6,19
DA:7,19
DA:8,19
DA:9,19
DA:11,19
DA:12,19
DA:13,19
DA:14,19
DA:15,19
DA:17,19
DA:18,19
DA:21,19
DA:22,19
DA:23,19
DA:24,19
DA:25,19
DA:28,19
DA:29,19
DA:30,19
DA:33,19
DA:34,19
DA:35,19
DA:36,19
DA:37,19
DA:38,19
DA:41,19
DA:42,19
DA:43,19
DA:44,19
DA:45,19
DA:46,19
DA:47,19
DA:50,19
DA:51,19
DA:52,19
DA:53,19
DA:54,19
DA:55,19
DA:57,19
DA:58,19
DA:59,19
DA:60,19
DA:61,19
DA:63,19
DA:64,19
DA:65,19
DA:66,19
DA:67,19
DA:68,19
DA:70,19
DA:71,19
DA:72,19
DA:73,19
DA:74,19
DA:76,19
LF:56
LH:56
end_of_record
TN:
SF:/Users/aaronsmith/Development/Aaron/libgwrl/test/reactor_custom_gathering.c
FN:11,my_gather
FN:26,my_callback
FN:31,main
FNDA:18,my_callback
FNDA:180,my_gather
FNDA:18,main
FNF:3
FNH:3
BRDA:14,0,0,180
BRDA:14,0,1,180
BRDA:17,0,0,18
BRDA:17,0,1,162
BRF:4
BRH:4
DA:11,180
DA:12,180
DA:13,180
DA:14,360
DA:15,180
DA:16,180
DA:17,180
DA:18,18
DA:19,18
DA:20,18
DA:21,18
DA:22,180
DA:23,180
DA:24,180
DA:26,18
DA:28,18
DA:29,18
DA:31,18
DA:32,18
DA:33,18
DA:34,18
DA:46,18
DA:47,18
DA:48,18
DA:49,18
DA:50,18
DA:51,18
DA:52,18
DA:53,18
LF:29
LH:29
end_of_record
TN:
SF:/Users/aaronsmith/Development/Aaron/libgwrl/test/reactor_events.c
FN:4,main
FNDA:16,main
FNF:1
FNH:1
BRDA:14,0,0,0
BRDA:14,0,1,16
BRDA:18,0,0,0
BRDA:18,0,1,16
BRDA:19,0,0,0
BRDA:19,0,1,16
BRDA:23,0,0,0
BRDA:23,0,1,16
BRDA:24,0,0,0
BRDA:24,0,1,16
BRDA:25,0,0,0
BRDA:25,0,1,16
BRDA:28,1,0,3648
BRDA:28,1,1,16
BRDA:31,0,0,3632
BRDA:31,0,1,16
BRDA:36,0,0,0
BRDA:36,0,1,16
BRF:18
BRH:11
DA:4,16
DA:5,16
DA:6,16
DA:7,16
DA:8,16
DA:10,16
DA:11,16
DA:12,16
DA:13,16
DA:14,16
DA:16,16
DA:17,16
DA:18,16
DA:19,16
DA:21,16
DA:22,16
DA:23,16
DA:24,16
DA:25,16
DA:26,16
DA:28,3664
DA:29,3648
DA:30,3648
DA:31,3648
DA:32,3648
DA:33,3648
DA:35,16
DA:36,16
DA:38,16
LF:29
LH:29
end_of_record
TN:
SF:/Users/aaronsmith/Development/Aaron/libgwrl/test/reactor_free1.c
FN:4,timeout
FN:8,main
FNDA:15,timeout
FNDA:15,main
FNF:2
FNH:2
DA:4,15
DA:5,15
DA:6,15
DA:8,15
DA:9,15
DA:10,15
DA:11,15
DA:12,15
DA:13,15
LF:9
LH:9
end_of_record
TN:
SF:/Users/aaronsmith/Development/Aaron/libgwrl/test/reactor_free2.c
FN:4,stdin_activity
FN:7,timeout
FN:11,main
FNDA:14,timeout
FNDA:14,stdin_activity
FNDA:14,main
FNF:3
FNH:3
DA:4,14
DA:5,14
DA:7,14
DA:8,14
DA:9,14
DA:11,14
DA:12,14
DA:13,14
DA:14,14
DA:15,14
DA:16,14
DA:17,14
DA:18,14
LF:13
LH:13
end_of_record
TN:
SF:/Users/aaronsmith/Development/Aaron/libgwrl/test/reactor_free3.c
FN:4,stdin_activity
FN:7,timeout
FN:11,main
FNDA:13,timeout
FNDA:13,stdin_activity
FNDA:13,main
FNF:3
FNH:3
BRDA:18,0,0,26
BRDA:18,0,1,13
BRDA:19,0,0,26
BRDA:19,0,1,0
BRF:4
BRH:3
DA:4,13
DA:5,13
DA:7,13
DA:8,13
DA:9,13
DA:11,13
DA:12,13
DA:13,13
DA:14,13
DA:15,13
DA:16,13
DA:17,13
DA:18,39
DA:19,26
DA:20,26
DA:21,26
DA:22,26
DA:23,26
DA:24,13
DA:25,13
DA:26,13
LF:21
LH:21
end_of_record
TN:
SF:/Users/aaronsmith/Development/Aaron/libgwrl/test/reactor_free4.c
FN:4,timeout
FN:8,main
FNDA:12,timeout
FNDA:12,main
FNF:2
FNH:2
DA:4,12
DA:5,12
DA:6,12
DA:8,12
DA:9,12
DA:10,12
DA:11,12
DA:12,12
DA:13,12
LF:9
LH:9
end_of_record
TN:
SF:/Users/aaronsmith/Development/Aaron/libgwrl/test/reactor_gatherfunc.c
FN:7,custom_gather
FN:12,main
FNDA:22,custom_gather
FNDA:11,main
FNF:2
FNH:2
BRDA:23,0,0,0
BRDA:23,0,1,11
BRDA:26,0,0,0
BRDA:26,0,1,11
BRDA:27,0,0,0
BRDA:27,0,1,11
BRDA:29,0,0,0
BRDA:29,0,1,11
BRF:8
BRH:4
DA:7,22
DA:8,22
DA:9,22
DA:10,22
DA:12,11
DA:13,11
DA:20,11
DA:21,11
DA:22,11
DA:23,11
DA:24,11
DA:25,11
DA:26,11
DA:27,11
DA:28,11
DA:29,11
DA:30,11
LF:17
LH:17
end_of_record
TN:
SF:/Users/aaronsmith/Development/Aaron/libgwrl/test/reactor_no_sleep.c
FN:4,main
FNDA:10,main
FNF:1
FNH:1
DA:4,10
DA:7,10
DA:8,10
DA:9,10
DA:10,10
DA:11,10
DA:12,10
DA:17,10
LF:8
LH:8
end_of_record
TN:
SF:/Users/aaronsmith/Development/Aaron/libgwrl/test/reactor_options.c
FN:4,main
FNDA:9,main
FNF:1
FNH:1
BRDA:14,0,0,0
BRDA:14,0,1,9
BRDA:22,0,0,0
BRDA:22,0,1,9
BRF:4
BRH:2
DA:4,9
DA:5,9
DA:7,9
DA:8,9
DA:9,9
DA:10,9
DA:12,9
DA:13,9
DA:14,9
DA:16,9
DA:17,9
DA:18,9
DA:19,9
DA:20,9
DA:21,9
DA:22,9
DA:24,9
LF:17
LH:17
end_of_record
TN:
SF:/Users/aaronsmith/Development/Aaron/libgwrl/test/reactor_pers_timeouts.c
FN:4,timeout3
FN:9,timeout2
FN:13,timeout1
FN:17,main
FNDA:17,timeout1
FNDA:17,timeout3
FNDA:17,timeout2
FNDA:17,main
FNF:4
FNH:4
DA:4,17
DA:5,17
DA:6,17
DA:7,17
DA:9,17
DA:10,17
DA:11,17
DA:13,17
DA:14,17
DA:15,17
DA:17,17
DA:18,17
DA:19,17
DA:20,17
DA:21,17
DA:22,17
LF:16
LH:16
end_of_record
TN:
SF:/Users/aaronsmith/Development/Aaron/libgwrl/test/reactor_safely.c
FN:6,event
FN:11,main
FNDA:8,event
FNDA:8,main
FNF:2
FNH:2
BRDA:26,0,0,0
BRDA:26,0,1,8
BRDA:37,1,0,16
BRDA:37,1,1,8
BRDA:39,0,0,16
BRDA:39,0,1,0
BRDA:44,0,0,0
BRDA:44,0,1,8
BRF:8
BRH:5
DA:6,8
DA:7,8
DA:8,8
DA:9,8
DA:11,8
DA:12,8
DA:13,8
DA:14,8
DA:15,8
DA:16,8
DA:17,8
DA:18,8
DA:21,8
DA:24,8
DA:25,8
DA:26,8
DA:29,8
DA:30,8
DA:31,8
DA:32,8
DA:35,8
DA:36,8
DA:37,24
DA:38,16
DA:39,16
DA:40,16
DA:41,16
DA:42,16
DA:43,16
DA:44,8
DA:45,8
DA:47,8
LF:32
LH:32
end_of_record
TN:
SF:/Users/aaronsmith/Development/Aaron/libgwrl/test/reactor_src.c
FN:4,main
FNDA:7,main
FNF:1
FNH:1
BRDA:18,0,0,0
BRDA:18,0,1,7
BRDA:20,0,0,0
BRDA:20,0,1,7
BRDA:22,0,0,0
BRDA:22,0,1,7
BRDA:31,0,0,0
BRDA:31,0,1,7
BRDA:32,0,0,0
BRDA:32,0,1,7
BRDA:33,0,0,0
BRDA:33,0,1,7
BRDA:35,0,0,0
BRDA:35,0,1,7
BRDA:37,0,0,0
BRDA:37,0,1,7
BRDA:39,0,0,0
BRDA:39,0,1,7
BRDA:49,0,0,0
BRDA:49,0,1,7
BRDA:50,0,0,0
BRDA:50,0,1,7
BRDA:51,0,0,0
BRDA:51,0,1,7
BRF:24
BRH:12
DA:4,7
DA:5,7
DA:6,7
DA:7,7
DA:8,7
DA:10,7
DA:13,7
DA:14,7
DA:15,7
DA:16,7
DA:17,7
DA:18,7
DA:19,7
DA:20,7
DA:21,7
DA:22,7
DA:23,7
DA:26,7
DA:27,7
DA:28,7
DA:29,7
DA:30,7
DA:31,7
DA:32,7
DA:33,7
DA:34,7
DA:35,7
DA:36,7
DA:37,7
DA:38,7
DA:39,7
DA:41,7
DA:42,7
DA:43,7
DA:44,7
DA:45,7
DA:46,7
DA:47,7
DA:48,7
DA:49,7
DA:50,7
DA:51,7
DA:53,7
LF:43
LH:43
end_of_record
TN:
SF:/Users/aaronsmith/Development/Aaron/libgwrl/test/reactor_timeout_rearm.c
FN:6,timeout1
FN:15,main
FNDA:60,timeout1
FNDA:6,main
FNF:2
FNH:2
DA:6,60
DA:7,60
DA:8,60
DA:9,6
DA:10,6
DA:11,54
DA:13,60
DA:15,6
DA:16,6
DA:17,6
DA:18,6
DA:19,6
DA:20,6
LF:13
LH:13
end_of_record
TN:
SF:/Users/aaronsmith/Development/Aaron/libgwrl/test/reactor_timer_interval.c
FN:6,interval
FN:13,main
FNDA:50,interval
FNDA:5,main
FNF:2
FNH:2
DA:6,50
DA:7,50
DA:8,50
DA:9,5
DA:10,5
DA:11,50
DA:13,5
DA:14,5
DA:15,5
DA:16,5
DA:17,5
LF:11
LH:11
end_of_record
TN:
SF:/Users/aaronsmith/Development/Aaron/libgwrl/test/reactor_timers.c
FN:12,functionCall
FN:17,delayedFunctionCall
FN:22,futureTimeout
FN:28,timeout1
FN:33,timeout2
FN:39,timeout3
FN:44,main
FNDA:16,timeout1
FNDA:4,timeout3
FNDA:16,functionCall
FNDA:4,timeout2
FNDA:4,delayedFunctionCall
FNDA:4,futureTimeout
FNDA:4,main
FNF:7
FNH:7
BRDA:71,0,0,0
BRDA:71,0,1,4
BRDA:72,0,0,0
BRDA:72,0,1,4
BRDA:73,0,0,0
BRDA:73,0,1,4
BRDA:74,0,0,0
BRDA:74,0,1,4
BRF:8
BRH:4
DA:12,16
DA:14,16
DA:15,16
DA:17,4
DA:19,4
DA:20,4
DA:22,4
DA:24,4
DA:25,4
DA:26,4
DA:28,16
DA:29,16
DA:31,16
DA:33,4
DA:35,4
DA:36,4
DA:37,4
DA:39,4
DA:41,4
DA:42,4
DA:44,4
DA:45,4
DA:46,4
DA:48,4
DA:49,4
DA:50,4
DA:51,4
DA:52,4
DA:53,4
DA:54,4
DA:55,4
DA:56,4
DA:58,4
DA:61,4
DA:64,4
DA:67,4
DA:68,4
DA:70,4
DA:71,4
DA:72,4
DA:73,4
DA:74,4
DA:76,4
LF:43
LH:43
end_of_record
TN:
SF:/Users/aaronsmith/Development/Aaron/libgwrl/test/reactor_wake_pipe.c
FN:9,timeout
FN:14,threadMain
FN:20,start_thread
FN:24,main
FNDA:3,start_thread
FNDA:3,timeout
FNDA:3,main
FNDA:3,threadMain
FNF:4
FNH:4
DA:9,3
DA:10,3
DA:11,3
DA:12,3
DA:14,3
DA:15,3
DA:16,3
DA:17,3
DA:20,3
DA:21,3
DA:22,3
DA:24,3
DA:25,3
DA:26,3
DA:27,3
DA:28,3
DA:29,3
DA:30,3
LF:18
LH:18
end_of_record
TN:
SF:/Users/aaronsmith/Development/Aaron/libgwrl/test/reactor_wake_reinit.c
FN:4,timeout2
FN:8,timeout
FN:14,main
FNDA:2,timeout
FNDA:2,timeout2
FNDA:2,main
FNF:3
FNH:3
DA:4,2
DA:5,2
DA:6,2
DA:8,2
DA:9,2
DA:10,2
DA:11,2
DA:12,2
DA:14,2
DA:16,2
DA:17,2
DA:18,2
DA:19,2
DA:23,2
LF:14
LH:14
end_of_record
TN:
SF:/Users/aaronsmith/Development/Aaron/libgwrl/test/time_fncs.c
FN:4,main
FNDA:1,main
FNF:1
FNH:1
BRDA:14,0,0,0
BRDA:14,0,1,1
BRDA:17,0,0,0
BRDA:17,0,1,1
BRDA:23,0,0,0
BRDA:23,0,1,1
BRDA:29,0,0,0
BRDA:29,0,1,1
BRDA:35,0,0,0
BRDA:35,0,1,1
BRDA:36,0,0,0
BRDA:36,0,1,1
BRDA:39,0,0,0
BRDA:39,0,1,1
BRDA:40,0,0,0
BRDA:40,0,1,1
BRDA:41,0,0,0
BRDA:41,0,1,1
BRDA:47,0,0,0
BRDA:47,0,1,1
BRDA:52,0,0,0
BRDA:52,0,1,1
BRDA:57,0,0,0
BRDA:57,0,1,1
BRDA:61,0,0,0
BRDA:61,0,1,1
BRDA:62,0,0,0
BRDA:62,0,1,1
BRDA:66,0,0,0
BRDA:66,0,1,1
BRDA:72,0,0,0
BRDA:72,0,1,1
BRDA:75,0,0,0
BRDA:75,0,1,1
BRDA:76,0,0,0
BRDA:76,0,1,1
BRDA:82,0,0,0
BRDA:82,0,1,1
BRF:38
BRH:19
DA:4,1
DA:5,1
DA:6,1
DA:7,1
DA:8,1
DA:9,1
DA:10,1
DA:12,1
DA:13,1
DA:14,1
DA:16,1
DA:17,1
DA:19,1
DA:20,1
DA:21,1
DA:22,1
DA:23,1
DA:25,1
DA:26,1
DA:27,1
DA:28,1
DA:29,1
DA:31,1
DA:32,1
DA:34,1
DA:35,1
DA:36,1
DA:38,1
DA:39,1
DA:40,1
DA:41,1
DA:43,1
DA:44,1
DA:45,1
DA:46,1
DA:47,1
DA:49,1
DA:50,1
DA:51,1
DA:52,1
DA:54,1
DA:55,1
DA:56,1
DA:57,1
DA:59,1
DA:60,1
DA:61,1
DA:62,1
DA:64,1
DA:65,1
DA:66,1
DA:69,1
DA:70,1
DA:71,1
DA:72,1
DA:73,1
DA:75,1
DA:76,1
DA:78,1
DA:79,1
DA:80,1
DA:81,1
DA:82,1
DA:84,1
LF:64
LH:64
end_of_record
TN:
SF:/usr/include/secure/_string.h
FN:59,__inline_memcpy_chk
FNDA:568,__inline_memcpy_chk
FNF:1
FNH:1
DA:59,568
DA:61,568
LF:2
LH:2
end_of_record
