TN:
SF:/Users/aaronsmith/Development/Aaron/libgwrl/src/gwrl/event.c
FN:14,gwrl_create
FN:60,gwrl_evt_create
FN:86,gwrl_src_time_create
FN:115,gwrl_src_file_create
FN:135,gwrl_set_fd
FN:144,gwrl_set_timeout
FN:153,gwrl_set_interval
FN:162,gwrl_set_date_timeout
FN:171,gwrl_post_function
FN:178,gwrl_post_function_safely
FN:185,gwrl_set_options
FN:209,gwrl_add_gather_fnc
FN:228,gwrl_reset_gather_fncs
FN:235,gwrl_free
FN:360,gwrl_evt_free
FN:376,gwrl_evt_free_list
FN:386,gwrl_allow_poll_sleep
FN:392,gwrl_src_add
FN:401,gwrl_src_add_safely
FN:413,gwrl_post_evt_safely
FN:425,gwrl_src_del
FN:457,gwrl_src_remove
FN:462,gwrl_del_persistent_timeouts
FN:497,gwrl_post_evt
FN:505,gwrl_src_enable
FN:520,gwrl_src_disable
FN:527,gwrl_stop
FN:532,gwrl_time_gather
FN:609,gwrl_install_queued_sources
FN:623,gwrl_install_queued_events
FN:637,gwrl_dispatch
FN:657,gwrl_run_once
FN:673,gwrl_run
FNDA:2,gwrl_post_function_safely
FNDA:4,gwrl_set_interval
FNDA:42,gwrl_src_file_create
FNDA:18,gwrl_stop
FNDA:9,gwrl_src_enable
FNDA:2,gwrl_src_add_safely
FNDA:3,gwrl_install_queued_events
FNDA:1,gwrl_reset_gather_fncs
FNDA:2,gwrl_run_once
FNDA:25,gwrl_create
FNDA:18,gwrl_src_disable
FNDA:760,gwrl_post_evt
FNDA:1,gwrl_install_queued_sources
FNDA:3,gwrl_allow_poll_sleep
FNDA:987,gwrl_evt_free
FNDA:4,gwrl_src_remove
FNDA:366,gwrl_dispatch
FNDA:7,gwrl_post_function
FNDA:65,gwrl_src_add
FNDA:1,gwrl_set_date_timeout
FNDA:3,gwrl_add_gather_fnc
FNDA:988,gwrl_evt_create
FNDA:4,gwrl_post_evt_safely
FNDA:17,gwrl_run
FNDA:3,gwrl_del_persistent_timeouts
FNDA:9,gwrl_free
FNDA:329,gwrl_time_gather
FNDA:452,gwrl_evt_free_list
FNDA:3,gwrl_set_options
FNDA:21,gwrl_src_time_create
FNDA:16,gwrl_set_timeout
FNDA:2,gwrl_set_fd
FNDA:13,gwrl_src_del
FNF:33
FNH:33
BRDA:100,0,0,4
BRDA:100,0,1,0
BRDA:101,0,0,20
BRDA:101,0,1,1
BRDA:105,0,0,1
BRDA:105,0,1,0
BRDA:110,0,0,7
BRDA:110,0,1,14
BRDA:138,0,0,0
BRDA:138,0,1,2
BRDA:147,0,0,0
BRDA:147,0,1,16
BRDA:156,0,0,0
BRDA:156,0,1,4
BRDA:165,0,0,0
BRDA:165,0,1,1
BRDA:173,0,0,0
BRDA:173,0,1,7
BRDA:180,0,0,0
BRDA:180,0,1,2
BRDA:190,0,0,1
BRDA:190,0,1,2
BRDA:192,1,0,0
BRDA:192,1,1,1
BRDA:195,1,0,0
BRDA:195,1,1,2
BRDA:197,0,0,3
BRDA:197,0,1,0
BRDA:197,1,2,2
BRDA:197,1,3,1
BRDA:204,0,0,0
BRDA:204,0,1,3
BRDA:212,0,0,4
BRDA:212,0,1,0
BRDA:213,0,0,3
BRDA:213,0,1,1
BRDA:253,0,0,3
BRDA:253,0,1,0
BRDA:255,1,0,4
BRDA:255,1,1,3
BRDA:269,0,0,6
BRDA:269,0,1,0
BRDA:275,1,0,5
BRDA:275,1,1,6
BRDA:279,0,0,5
BRDA:279,0,1,0
BRDA:287,1,0,18
BRDA:287,1,1,6
BRDA:290,1,0,9
BRDA:290,1,1,18
BRDA:293,0,0,4
BRDA:293,0,1,5
BRDA:297,0,0,3
BRDA:297,0,1,2
BRDA:300,0,0,3
BRDA:300,0,1,2
BRDA:311,0,0,1
BRDA:311,0,1,5
BRDA:316,1,0,1
BRDA:316,1,1,1
BRDA:319,0,0,0
BRDA:319,0,1,1
BRDA:323,0,0,0
BRDA:323,0,1,1
BRDA:326,0,0,0
BRDA:326,0,1,1
BRDA:337,0,0,1
BRDA:337,0,1,5
BRDA:342,1,0,1
BRDA:342,1,1,1
BRDA:349,0,0,3
BRDA:349,0,1,3
BRDA:367,0,0,644
BRDA:367,0,1,243
BRDA:378,0,0,985
BRDA:378,0,1,452
BRDA:396,0,0,43
BRDA:396,0,1,22
BRDA:409,0,0,0
BRDA:409,0,1,2
BRDA:421,0,0,2
BRDA:421,0,1,2
BRDA:431,0,0,7
BRDA:431,0,1,3
BRDA:431,1,2,1
BRDA:431,1,3,6
BRDA:434,1,0,6
BRDA:434,1,1,3
BRDA:438,1,0,6
BRDA:438,1,1,0
BRDA:439,0,0,3
BRDA:439,0,1,3
BRDA:446,0,0,6
BRDA:446,0,1,7
BRDA:451,0,0,5
BRDA:451,0,1,8
BRDA:452,0,0,9
BRDA:452,0,1,4
BRDA:473,0,0,5
BRDA:473,0,1,3
BRDA:474,0,0,5
BRDA:474,0,1,0
BRDA:476,0,0,5
BRDA:476,0,1,0
BRDA:477,0,0,2
BRDA:477,0,1,3
BRDA:478,0,0,3
BRDA:478,0,1,2
BRDA:486,1,0,3
BRDA:486,1,1,3
BRDA:509,0,0,9
BRDA:509,0,1,0
BRDA:513,1,0,-
BRDA:513,1,1,-
BRDA:541,0,0,490
BRDA:541,0,1,329
BRDA:544,0,0,20
BRDA:544,0,1,470
BRDA:548,0,0,454
BRDA:548,0,1,16
BRDA:548,1,2,20
BRDA:548,1,3,434
BRDA:548,2,4,20
BRDA:548,2,5,0
BRDA:556,0,0,291
BRDA:556,0,1,179
BRDA:558,1,0,0
BRDA:558,1,1,291
BRDA:562,0,0,267
BRDA:562,0,1,24
BRDA:567,0,0,162
BRDA:567,0,1,105
BRDA:567,1,2,162
BRDA:567,1,3,0
BRDA:568,0,0,0
BRDA:568,0,1,162
BRDA:575,0,0,16
BRDA:575,0,1,8
BRDA:588,0,0,147
BRDA:588,0,1,32
BRDA:588,1,2,147
BRDA:588,1,3,0
BRDA:589,0,0,0
BRDA:589,0,1,147
BRDA:596,0,0,482
BRDA:596,0,1,8
BRDA:602,0,0,291
BRDA:602,0,1,38
BRDA:615,0,0,1
BRDA:615,0,1,1
BRDA:629,0,0,3
BRDA:629,0,1,3
BRDA:642,0,0,757
BRDA:642,0,1,366
BRDA:643,0,0,757
BRDA:643,0,1,0
BRDA:645,0,0,451
BRDA:645,0,1,306
BRDA:645,1,2,152
BRDA:645,1,3,299
BRDA:645,2,4,152
BRDA:645,2,5,0
BRDA:653,0,0,299
BRDA:653,0,1,67
BRDA:660,0,0,0
BRDA:660,0,1,2
BRDA:664,0,0,0
BRDA:664,0,1,2
BRDA:666,1,0,4
BRDA:666,1,1,0
BRDA:667,0,0,2
BRDA:667,0,1,2
BRDA:677,0,0,1
BRDA:677,0,1,357
BRDA:678,0,0,3
BRDA:678,0,1,355
BRDA:680,0,0,17
BRDA:680,0,1,341
BRDA:686,0,0,329
BRDA:686,0,1,12
BRDA:688,1,0,351
BRDA:688,1,1,0
BRDA:689,0,0,341
BRDA:689,0,1,10
BRF:184
BRH:146
DA:15,25
DA:16,25
DA:26,25
DA:29,25
DA:38,25
DA:40,25
DA:51,25
DA:52,25
DA:55,25
DA:56,25
DA:60,988
DA:61,988
DA:62,988
DA:63,988
DA:64,734
DA:65,734
DA:66,734
DA:67,734
DA:68,734
DA:69,254
DA:77,988
DA:78,988
DA:79,988
DA:80,988
DA:81,988
DA:82,988
DA:86,21
DA:87,21
DA:88,21
DA:89,21
DA:96,21
DA:97,21
DA:98,21
DA:99,21
DA:100,4
DA:101,21
DA:102,20
DA:103,20
DA:104,20
DA:105,1
DA:106,1
DA:107,1
DA:108,1
DA:109,21
DA:110,21
DA:111,21
DA:115,42
DA:116,42
DA:117,42
DA:118,42
DA:125,42
DA:126,42
DA:127,42
DA:128,42
DA:129,42
DA:130,42
DA:131,42
DA:135,2
DA:136,2
DA:137,2
DA:138,2
DA:139,2
DA:140,2
DA:144,16
DA:145,16
DA:146,16
DA:147,16
DA:148,16
DA:149,16
DA:153,4
DA:154,4
DA:155,4
DA:156,4
DA:157,4
DA:158,4
DA:162,1
DA:163,1
DA:164,1
DA:165,1
DA:166,1
DA:167,1
DA:171,7
DA:172,7
DA:173,7
DA:174,7
DA:175,7
DA:178,2
DA:179,2
DA:180,2
DA:181,2
DA:182,2
DA:185,3
DA:186,3
DA:187,3
DA:188,3
DA:189,3
DA:190,3
DA:191,1
DA:192,1
DA:193,1
DA:194,2
DA:195,2
DA:197,3
DA:198,2
DA:199,2
DA:200,2
DA:201,2
DA:202,3
DA:203,3
DA:204,3
DA:205,3
DA:206,3
DA:209,3
DA:210,3
DA:211,3
DA:212,4
DA:213,4
DA:214,3
DA:215,3
DA:216,3
DA:218,1
DA:225,3
DA:228,1
DA:229,1
DA:230,1
DA:231,1
DA:232,1
DA:235,9
DA:236,9
DA:237,9
DA:238,9
DA:239,9
DA:240,9
DA:241,9
DA:242,9
DA:253,3
DA:254,3
DA:255,7
DA:256,4
DA:257,4
DA:258,4
DA:259,4
DA:260,3
DA:265,6
DA:266,6
DA:269,6
DA:270,6
DA:271,6
DA:272,6
DA:275,11
DA:276,5
DA:277,5
DA:278,5
DA:279,5
DA:280,5
DA:281,5
DA:282,5
DA:283,5
DA:287,24
DA:288,18
DA:289,18
DA:290,27
DA:291,9
DA:292,9
DA:293,9
DA:294,4
DA:295,4
DA:296,5
DA:297,5
DA:298,3
DA:299,3
DA:300,5
DA:301,3
DA:302,3
DA:303,2
DA:304,5
DA:307,9
DA:308,18
DA:311,6
DA:312,1
DA:313,1
DA:314,1
DA:315,1
DA:316,2
DA:317,1
DA:318,1
DA:319,1
DA:320,0
DA:321,0
DA:322,1
DA:323,1
DA:324,0
DA:325,0
DA:326,1
DA:327,0
DA:328,0
DA:329,1
DA:330,1
DA:333,1
DA:334,1
DA:337,6
DA:338,1
DA:339,1
DA:340,1
DA:341,1
DA:342,2
DA:343,1
DA:344,1
DA:345,1
DA:346,1
DA:347,1
DA:349,6
DA:350,3
DA:351,3
DA:352,6
DA:353,6
DA:354,6
DA:355,6
DA:356,6
DA:357,9
DA:360,987
DA:361,987
DA:362,100
DA:363,100
DA:364,887
DA:365,887
DA:366,887
DA:367,887
DA:368,644
DA:369,644
DA:370,887
DA:371,887
DA:373,987
DA:376,452
DA:377,452
DA:378,1437
DA:379,985
DA:380,985
DA:381,985
DA:382,985
DA:383,452
DA:386,3
DA:387,0
DA:388,3
DA:389,3
DA:392,65
DA:393,65
DA:394,22
DA:395,65
DA:396,65
DA:397,65
DA:398,65
DA:401,2
DA:402,2
DA:403,2
DA:404,2
DA:405,0
DA:406,2
DA:407,2
DA:408,2
DA:409,2
DA:410,2
DA:413,4
DA:414,4
DA:415,4
DA:416,4
DA:417,0
DA:418,4
DA:419,4
DA:420,4
DA:421,4
DA:422,4
DA:425,13
DA:426,13
DA:427,13
DA:428,13
DA:430,13
DA:431,10
DA:432,1
DA:433,1
DA:434,10
DA:435,6
DA:436,6
DA:437,6
DA:438,6
DA:439,6
DA:440,3
DA:441,3
DA:442,12
DA:444,10
DA:446,13
DA:447,6
DA:448,6
DA:449,6
DA:451,13
DA:452,13
DA:453,13
DA:454,13
DA:457,4
DA:458,4
DA:459,4
DA:462,3
DA:463,3
DA:464,3
DA:465,3
DA:466,3
DA:467,3
DA:468,3
DA:469,3
DA:473,8
DA:474,5
DA:475,5
DA:476,5
DA:477,5
DA:478,5
DA:479,2
DA:480,5
DA:481,5
DA:482,5
DA:483,5
DA:486,6
DA:487,3
DA:488,3
DA:489,3
DA:490,3
DA:493,3
DA:494,3
DA:497,760
DA:498,760
DA:499,307
DA:500,760
DA:501,760
DA:502,760
DA:505,9
DA:506,9
DA:507,9
DA:508,9
DA:509,9
DA:510,9
DA:511,9
DA:512,9
DA:513,9
DA:514,0
DA:515,0
DA:516,9
DA:517,9
DA:520,18
DA:521,18
DA:522,2
DA:523,18
DA:524,18
DA:527,18
DA:528,18
DA:529,18
DA:532,329
DA:533,329
DA:534,329
DA:535,329
DA:536,329
DA:537,329
DA:538,329
DA:539,329
DA:540,329
DA:541,819
DA:542,490
DA:543,490
DA:544,490
DA:546,470
DA:548,470
DA:550,20
DA:551,20
DA:552,20
DA:554,470
DA:556,470
DA:557,291
DA:558,291
DA:559,291
DA:560,291
DA:562,291
DA:564,267
DA:565,267
DA:567,267
DA:568,162
DA:569,162
DA:570,105
DA:573,267
DA:575,24
DA:576,16
DA:577,16
DA:578,16
DA:579,16
DA:580,8
DA:581,8
DA:582,8
DA:583,8
DA:584,24
DA:587,291
DA:588,179
DA:589,147
DA:590,147
DA:591,470
DA:596,490
DA:597,482
DA:598,482
DA:599,482
DA:600,490
DA:602,329
DA:603,291
DA:604,291
DA:605,291
DA:606,329
DA:609,1
DA:610,1
DA:611,1
DA:612,1
DA:613,1
DA:614,1
DA:615,2
DA:616,1
DA:617,1
DA:618,1
DA:619,1
DA:620,1
DA:623,3
DA:624,3
DA:625,3
DA:626,3
DA:627,3
DA:628,3
DA:629,6
DA:630,3
DA:631,3
DA:632,3
DA:633,3
DA:634,3
DA:637,366
DA:638,366
DA:639,366
DA:640,366
DA:641,366
DA:642,1123
DA:643,757
DA:644,757
DA:645,757
DA:646,152
DA:647,152
DA:648,152
DA:649,152
DA:650,152
DA:651,152
DA:652,757
DA:653,366
DA:654,366
DA:657,2
DA:658,2
DA:659,0
DA:660,2
DA:661,2
DA:662,2
DA:663,2
DA:664,2
DA:665,2
DA:666,4
DA:667,4
DA:668,2
DA:669,2
DA:670,2
DA:673,17
DA:674,17
DA:675,17
DA:676,17
DA:677,358
DA:678,358
DA:679,358
DA:680,358
DA:681,17
DA:682,17
DA:684,341
DA:685,341
DA:686,341
DA:687,341
DA:688,351
DA:689,351
DA:690,10
DA:691,10
DA:692,341
DA:693,17
LF:487
LH:475
end_of_record
TN:
SF:/Users/aaronsmith/Development/Aaron/libgwrl/src/gwrl/event_kqueue.c
FN:21,gwrl_bkd_init
FN:47,gwrl_bkd_set_options
FN:64,gwrl_bkd_free
FN:72,gwrl_bkd_kevent
FN:90,gwrl_src_file_update_flags
FN:114,gwrl_bkd_src_add
FN:130,gwrl_bkd_del_src
FN:142,gwrl_bkd_enable_src
FN:154,gwrl_bkd_disable_src
FN:166,gwrl_bkd_gather
FNDA:305,gwrl_src_file_update_flags
FNDA:343,gwrl_bkd_gather
FNDA:3,gwrl_bkd_set_options
FNDA:25,gwrl_bkd_init
FNDA:543,gwrl_bkd_kevent
FNDA:43,gwrl_bkd_src_add
FNDA:0,gwrl_bkd_enable_src
FNDA:5,gwrl_bkd_del_src
FNDA:2,gwrl_bkd_disable_src
FNDA:6,gwrl_bkd_free
FNF:10
FNH:9
BRDA:95,1,0,-
BRDA:95,1,1,-
BRDA:95,2,2,-
BRDA:95,2,3,-
BRDA:100,0,0,101
BRDA:100,0,1,204
BRDA:106,0,0,100
BRDA:106,0,1,104
BRDA:106,1,2,100
BRDA:106,1,3,0
BRDA:119,0,0,7
BRDA:119,0,1,28
BRDA:123,0,0,0
BRDA:123,0,1,43
BRDA:125,0,0,-
BRDA:125,0,1,-
BRDA:135,0,0,0
BRDA:135,0,1,5
BRDA:147,0,0,-
BRDA:147,0,1,-
BRDA:159,0,0,0
BRDA:159,0,1,2
BRDA:178,0,0,14
BRDA:178,0,1,0
BRDA:182,0,0,14
BRDA:182,0,1,329
BRDA:182,1,2,12
BRDA:182,1,3,2
BRDA:186,0,0,1
BRDA:186,0,1,11
BRDA:196,0,0,90
BRDA:196,0,1,253
BRDA:197,0,0,0
BRDA:197,0,1,253
BRDA:197,1,2,-
BRDA:197,1,3,-
BRDA:197,2,4,-
BRDA:197,2,5,-
BRDA:199,0,0,253
BRDA:199,0,1,0
BRDA:200,1,0,303
BRDA:200,1,1,253
BRDA:205,0,0,0
BRDA:205,0,1,303
BRDA:207,0,0,303
BRDA:207,0,1,0
BRDA:210,0,0,0
BRDA:210,0,1,303
BRDA:215,0,0,303
BRDA:215,0,1,0
BRDA:215,1,2,0
BRDA:215,1,3,303
BRDA:217,1,0,303
BRDA:217,1,1,0
BRDA:217,2,2,203
BRDA:217,2,3,100
BRDA:221,0,0,100
BRDA:221,0,1,203
BRDA:221,1,2,100
BRDA:221,1,3,0
BRDA:225,0,0,203
BRDA:225,0,1,100
BRDA:227,1,0,0
BRDA:227,1,1,203
BRDA:231,0,0,100
BRDA:231,0,1,0
BRDA:233,1,0,0
BRDA:233,1,1,100
BRF:68
BRH:39
DA:21,25
DA:22,25
DA:31,25
DA:41,25
DA:42,25
DA:43,25
DA:44,25
DA:47,3
DA:48,3
DA:49,3
DA:50,0
DA:51,0
DA:52,3
DA:61,3
DA:62,3
DA:64,6
DA:65,6
DA:66,6
DA:67,6
DA:68,6
DA:69,6
DA:70,6
DA:72,543
DA:73,543
DA:74,543
DA:75,543
DA:76,543
DA:77,543
DA:78,543
DA:79,543
DA:80,543
DA:81,543
DA:82,543
DA:88,543
DA:90,305
DA:91,305
DA:93,305
DA:94,305
DA:95,305
DA:97,0
DA:98,0
DA:100,305
DA:102,101
DA:103,101
DA:104,101
DA:106,204
DA:108,100
DA:109,204
DA:111,305
DA:112,305
DA:114,43
DA:115,43
DA:117,43
DA:118,35
DA:119,35
DA:120,35
DA:121,35
DA:123,43
DA:124,0
DA:125,0
DA:126,0
DA:127,0
DA:128,43
DA:130,5
DA:131,5
DA:132,0
DA:133,0
DA:135,5
DA:136,0
DA:137,0
DA:139,5
DA:140,5
DA:142,0
DA:143,0
DA:144,0
DA:145,0
DA:147,0
DA:148,0
DA:149,0
DA:151,0
DA:152,0
DA:154,2
DA:155,2
DA:156,2
DA:157,2
DA:159,2
DA:160,0
DA:161,0
DA:163,2
DA:164,2
DA:166,343
DA:167,343
DA:168,343
DA:169,343
DA:170,343
DA:171,343
DA:172,343
DA:173,343
DA:174,343
DA:175,343
DA:176,343
DA:178,14
DA:179,14
DA:180,14
DA:182,343
DA:183,12
DA:184,12
DA:186,12
DA:187,1
DA:188,1
DA:190,12
DA:192,343
DA:193,343
DA:194,343
DA:196,343
DA:197,253
DA:199,253
DA:200,556
DA:201,303
DA:202,303
DA:203,303
DA:204,303
DA:205,303
DA:207,303
DA:208,303
DA:210,303
DA:211,0
DA:212,0
DA:213,0
DA:215,303
DA:216,0
DA:217,303
DA:218,203
DA:219,303
DA:221,303
DA:222,100
DA:223,100
DA:225,303
DA:226,203
DA:227,203
DA:228,203
DA:229,203
DA:231,100
DA:232,100
DA:233,100
DA:234,100
DA:235,100
DA:236,303
DA:238,303
DA:239,303
DA:240,253
DA:241,343
LF:152
LH:125
end_of_record
TN:
SF:/Users/aaronsmith/Development/Aaron/libgwrl/src/gwrl/event_wake_pipe.c
FN:4,gwrl_wake
FN:15,gwrl_wake_init
FN:34,gwrl_wake_free
FN:39,gwrl_wake_activity
FNDA:6,gwrl_wake_free
FNDA:867,gwrl_wake
FNDA:25,gwrl_wake_init
FNDA:2,gwrl_wake_activity
FNF:4
FNH:4
BRDA:9,0,0,0
BRDA:9,0,1,2
BRDA:9,1,2,-
BRDA:9,1,3,-
BRDA:17,0,0,0
BRDA:17,0,1,25
BRDA:47,0,0,2
BRDA:47,0,1,2
BRDA:48,0,0,2
BRDA:48,0,1,0
BRDA:48,1,2,0
BRDA:48,1,3,2
BRDA:48,2,4,-
BRDA:48,2,5,-
BRDA:51,0,0,0
BRDA:51,0,1,2
BRDA:53,0,0,-
BRDA:53,0,1,-
BRF:18
BRH:7
DA:4,867
DA:5,867
DA:6,2
DA:7,2
DA:8,2
DA:9,2
DA:10,2
DA:12,2
DA:13,867
DA:15,25
DA:16,25
DA:17,25
DA:21,0
DA:22,25
DA:23,25
DA:24,25
DA:31,25
DA:32,25
DA:34,6
DA:35,6
DA:36,6
DA:37,6
DA:39,2
DA:40,2
DA:41,2
DA:42,2
DA:43,2
DA:44,2
DA:45,2
DA:46,4
DA:47,4
DA:48,2
DA:49,2
DA:51,2
DA:53,0
DA:54,0
DA:55,0
DA:58,0
DA:59,0
DA:60,0
DA:61,0
DA:62,0
DA:63,2
DA:64,2
LF:44
LH:35
end_of_record
TN:
SF:/Users/aaronsmith/Development/Aaron/libgwrl/src/gwrl/lock.c
FN:9,lockid_init
FN:18,lockid_lock
FN:29,lockid_unlock
FN:40,lockid_free
FNDA:12,lockid_unlock
FNDA:12,lockid_lock
FNDA:50,lockid_init
FNDA:12,lockid_free
FNF:4
FNH:4
DA:9,50
DA:15,50
DA:18,12
DA:20,12
DA:26,12
DA:29,12
DA:31,12
DA:37,12
DA:40,12
DA:46,12
LF:10
LH:10
end_of_record
TN:
SF:/Users/aaronsmith/Development/Aaron/libgwrl/src/gwrl/proactor.c
FN:11,gwpr_create
FN:43,gwprdata_create
FN:78,gwpr_set_fd
FN:91,gwprbufctl_create
FN:103,gwprbuf_free
FN:109,gwpr_set_options
FN:114,gwpr_src_add
FN:127,gwpr_src_add_safely
FN:140,gwpr_src_remove
FN:146,gwpr_src_del
FN:152,gwpr_filter_add
FN:185,gwpr_filter_reset
FN:199,gwpr_set_cb
FN:224,gwpr_buf_get
FN:249,gwpr_buf_getp
FN:274,gwpr_buf_get_tagged
FN:281,gwpr_buf_get_with_data
FN:290,gwpr_buf_free
FNDA:308,gwpr_buf_get
FNDA:1,gwpr_buf_get_tagged
FNDA:26,gwprdata_create
FNDA:454,gwpr_buf_free
FNDA:2,gwpr_filter_reset
FNDA:26,gwpr_src_add
FNDA:25,gwpr_set_fd
FNDA:454,gwprbuf_free
FNDA:25,gwpr_create
FNDA:0,gwpr_src_remove
FNDA:253,gwpr_buf_getp
FNDA:25,gwprbufctl_create
FNDA:5,gwpr_set_cb
FNDA:25,gwpr_set_options
FNDA:0,gwpr_src_add_safely
FNDA:6,gwpr_filter_add
FNDA:0,gwpr_src_del
FNDA:254,gwpr_buf_get_with_data
FNF:18
FNH:15
BRDA:164,1,0,6
BRDA:164,1,1,0
BRDA:165,0,0,4
BRDA:165,0,1,2
BRDA:171,1,0,2
BRDA:171,1,1,0
BRDA:172,1,0,3
BRDA:172,1,1,0
BRDA:173,0,0,2
BRDA:173,0,1,1
BRDA:180,0,0,0
BRDA:180,0,1,6
BRDA:189,0,0,1
BRDA:189,0,1,0
BRDA:191,1,0,1
BRDA:191,1,1,0
BRDA:191,2,2,1
BRDA:191,2,3,0
BRDA:284,0,0,0
BRDA:284,0,1,253
BRF:20
BRH:12
DA:11,25
DA:12,25
DA:13,25
DA:18,25
DA:27,25
DA:36,25
DA:37,25
DA:38,25
DA:39,25
DA:44,26
DA:52,26
DA:53,26
DA:54,26
DA:57,26
DA:65,26
DA:74,26
DA:78,25
DA:79,25
DA:80,25
DA:84,25
DA:85,25
DA:86,25
DA:87,25
DA:92,25
DA:99,25
DA:103,454
DA:104,454
DA:105,454
DA:106,454
DA:109,25
DA:110,25
DA:111,25
DA:114,26
DA:115,26
DA:116,26
DA:120,26
DA:121,26
DA:122,26
DA:123,26
DA:124,26
DA:127,0
DA:128,0
DA:129,0
DA:133,0
DA:134,0
DA:135,0
DA:136,0
DA:137,0
DA:140,0
DA:141,0
DA:142,0
DA:143,0
DA:146,0
DA:147,0
DA:148,0
DA:149,0
DA:152,6
DA:154,6
DA:155,6
DA:156,6
DA:163,6
DA:164,6
DA:165,6
DA:166,4
DA:167,4
DA:168,4
DA:170,2
DA:171,6
DA:172,3
DA:173,3
DA:174,2
DA:175,2
DA:176,2
DA:178,1
DA:179,2
DA:180,6
DA:182,6
DA:185,2
DA:187,2
DA:189,1
DA:190,1
DA:191,2
DA:192,1
DA:193,1
DA:196,2
DA:199,5
DA:200,5
DA:201,5
DA:203,0
DA:204,0
DA:206,0
DA:207,0
DA:209,0
DA:210,0
DA:212,0
DA:213,0
DA:215,3
DA:216,3
DA:218,2
DA:219,2
DA:221,5
DA:224,308
DA:225,308
DA:233,308
DA:242,308
DA:243,308
DA:245,308
DA:249,253
DA:250,253
DA:259,253
DA:267,253
DA:268,253
DA:270,253
DA:274,1
DA:275,1
DA:276,1
DA:277,1
DA:281,254
DA:282,1
DA:283,253
DA:284,253
DA:285,253
DA:286,253
DA:287,254
DA:290,454
DA:291,454
DA:292,454
LF:127
LH:103
end_of_record
TN:
SF:/Users/aaronsmith/Development/Aaron/libgwrl/src/gwrl/proactor_imp.c
FN:9,io_activity
FN:13,gwpr_src_activity
FN:324,gwpr_free
FN:373,gwpr_write_buffer
FN:403,gwpr_synchronous_write
FN:579,gwpr_asynchronous_write
FN:598,gwpr_accept
FN:612,gwpr_connect
FN:630,gwpr_asynchronous_read
FN:648,gwpr_stop_read
FN:656,gwpr_read
FN:661,gwpr_recv
FN:666,gwpr_recvfrom
FN:672,gwpr_write
FN:688,gwpr_send
FN:702,gwpr_sendto
FN:717,gwprwrq_get
FN:739,gwprwrq_free
FN:752,gwprwrq_free_list_no_cache
FN:764,gwprwrq_putback
FN:790,gwprwrq_add
FNDA:0,gwpr_stop_read
FNDA:0,gwpr_connect
FNDA:101,gwpr_sendto
FNDA:252,gwpr_write_buffer
FNDA:0,gwpr_accept
FNDA:453,gwpr_src_activity
FNDA:0,gwprwrq_free_list_no_cache
FNDA:104,gwpr_asynchronous_read
FNDA:40,gwprwrq_putback
FNDA:101,gwpr_recv
FNDA:333,gwprwrq_get
FNDA:1,gwpr_free
FNDA:101,gwpr_asynchronous_write
FNDA:1,gwpr_recvfrom
FNDA:101,gwpr_send
FNDA:253,gwpr_synchronous_write
FNDA:2,gwpr_read
FNDA:312,gwprwrq_free
FNDA:101,io_activity
FNDA:161,gwprwrq_add
FNDA:51,gwpr_write
FNF:21
FNH:17
BRDA:24,0,0,201
BRDA:24,0,1,252
BRDA:29,0,0,0
BRDA:29,0,1,201
BRDA:33,1,0,-
BRDA:33,1,1,-
BRDA:35,0,0,-
BRDA:35,0,1,-
BRDA:38,1,0,-
BRDA:38,1,1,-
BRDA:39,0,0,-
BRDA:39,0,1,-
BRDA:40,0,0,-
BRDA:40,0,1,-
BRDA:57,0,0,201
BRDA:57,0,1,0
BRDA:62,1,0,149
BRDA:62,1,1,201
BRDA:67,0,0,51
BRDA:67,0,1,150
BRDA:70,1,0,0
BRDA:70,1,1,51
BRDA:70,3,2,0
BRDA:70,3,3,51
BRDA:73,0,0,100
BRDA:73,0,1,50
BRDA:77,1,0,0
BRDA:77,1,1,100
BRDA:78,1,0,0
BRDA:78,1,1,100
BRDA:81,0,0,50
BRDA:81,0,1,0
BRDA:84,1,0,0
BRDA:84,1,1,50
BRDA:84,3,2,0
BRDA:84,3,3,50
BRDA:87,0,0,201
BRDA:87,0,1,0
BRDA:90,0,0,201
BRDA:90,0,1,0
BRDA:90,1,2,101
BRDA:90,1,3,100
BRDA:91,1,0,202
BRDA:91,1,1,101
BRDA:92,0,0,0
BRDA:92,0,1,202
BRDA:99,0,0,-
BRDA:99,0,1,-
BRDA:99,1,2,-
BRDA:99,1,3,-
BRDA:104,0,0,-
BRDA:104,0,1,-
BRDA:104,1,2,-
BRDA:104,1,3,-
BRDA:104,2,4,-
BRDA:104,2,5,-
BRDA:104,3,6,-
BRDA:104,3,7,-
BRDA:110,0,0,-
BRDA:110,0,1,-
BRDA:110,1,2,-
BRDA:110,1,3,-
BRDA:110,2,4,-
BRDA:110,2,5,-
BRDA:115,0,0,-
BRDA:115,0,1,-
BRDA:115,1,2,-
BRDA:115,1,3,-
BRDA:127,1,0,-
BRDA:127,1,1,-
BRDA:127,2,2,-
BRDA:127,2,3,-
BRDA:132,0,0,100
BRDA:132,0,1,353
BRDA:135,0,0,0
BRDA:135,0,1,100
BRDA:147,0,0,100
BRDA:147,0,1,0
BRDA:157,0,0,0
BRDA:157,0,1,100
BRDA:162,1,0,100
BRDA:162,1,1,100
BRDA:169,0,0,0
BRDA:169,0,1,100
BRDA:177,0,0,100
BRDA:177,0,1,0
BRDA:177,1,2,100
BRDA:177,1,3,0
BRDA:180,1,0,200
BRDA:180,1,1,100
BRDA:181,0,0,0
BRDA:181,0,1,200
BRDA:187,0,0,0
BRDA:187,0,1,100
BRDA:188,0,0,0
BRDA:188,0,1,100
BRDA:189,0,0,100
BRDA:189,0,1,0
BRDA:194,0,0,100
BRDA:194,0,1,0
BRDA:199,0,0,-
BRDA:199,0,1,-
BRDA:205,1,0,-
BRDA:205,1,1,-
BRDA:206,0,0,-
BRDA:206,0,1,-
BRDA:210,0,0,-
BRDA:210,0,1,-
BRDA:210,1,2,-
BRDA:210,1,3,-
BRDA:210,2,4,-
BRDA:210,2,5,-
BRDA:214,0,0,-
BRDA:214,0,1,-
BRDA:224,0,0,100
BRDA:224,0,1,0
BRDA:224,1,2,0
BRDA:224,1,3,100
BRDA:228,0,0,-
BRDA:228,0,1,-
BRDA:230,0,0,-
BRDA:230,0,1,-
BRDA:234,0,0,0
BRDA:234,0,1,100
BRDA:234,1,2,-
BRDA:234,1,3,-
BRDA:234,2,4,-
BRDA:234,2,5,-
BRDA:242,0,0,0
BRDA:242,0,1,100
BRDA:242,1,2,-
BRDA:242,1,3,-
BRDA:248,0,0,-
BRDA:248,0,1,-
BRDA:256,0,0,0
BRDA:256,0,1,100
BRDA:268,0,0,0
BRDA:268,0,1,100
BRDA:268,1,2,-
BRDA:268,1,3,-
BRDA:277,0,0,152
BRDA:277,0,1,201
BRDA:278,0,0,152
BRDA:278,0,1,0
BRDA:284,0,0,51
BRDA:284,0,1,101
BRDA:292,0,0,101
BRDA:292,0,1,51
BRDA:299,0,0,0
BRDA:299,0,1,453
BRDA:300,0,0,-
BRDA:300,0,1,-
BRDA:310,0,0,0
BRDA:310,0,1,453
BRDA:311,0,0,-
BRDA:311,0,1,-
BRDA:328,0,0,3
BRDA:328,0,1,1
BRDA:330,1,0,2
BRDA:330,1,1,3
BRDA:331,0,0,2
BRDA:331,0,1,0
BRDA:335,0,0,1
BRDA:335,0,1,1
BRDA:337,0,0,1
BRDA:337,0,1,0
BRDA:341,0,0,1
BRDA:341,0,1,0
BRDA:345,0,0,1
BRDA:345,0,1,0
BRDA:349,0,0,0
BRDA:349,0,1,1
BRDA:361,0,0,0
BRDA:361,0,1,1
BRDA:364,0,0,1
BRDA:364,0,1,0
BRDA:380,0,0,252
BRDA:380,0,1,252
BRDA:383,0,0,152
BRDA:383,0,1,100
BRDA:384,1,0,152
BRDA:384,1,1,0
BRDA:384,2,2,0
BRDA:384,2,3,152
BRDA:384,4,4,0
BRDA:384,4,5,152
BRDA:385,1,0,100
BRDA:385,1,1,0
BRDA:386,1,0,100
BRDA:386,1,1,0
BRDA:386,2,2,0
BRDA:386,2,3,100
BRDA:386,4,4,0
BRDA:386,4,5,100
BRDA:387,1,0,-
BRDA:387,1,1,-
BRDA:388,1,0,-
BRDA:388,1,1,-
BRDA:388,2,2,-
BRDA:388,2,3,-
BRDA:388,4,4,-
BRDA:388,4,5,-
BRDA:391,0,0,252
BRDA:391,0,1,0
BRDA:395,1,0,-
BRDA:395,1,1,-
BRDA:409,0,0,152
BRDA:409,0,1,0
BRDA:422,0,0,152
BRDA:422,0,1,0
BRDA:422,1,2,51
BRDA:422,1,3,101
BRDA:428,1,0,0
BRDA:428,1,1,51
BRDA:430,0,0,0
BRDA:430,0,1,51
BRDA:438,0,0,0
BRDA:438,0,1,51
BRDA:445,1,0,102
BRDA:445,1,1,51
BRDA:446,0,0,0
BRDA:446,0,1,102
BRDA:456,0,0,152
BRDA:456,0,1,0
BRDA:464,1,0,0
BRDA:464,1,1,152
BRDA:469,0,0,101
BRDA:469,0,1,51
BRDA:471,0,0,0
BRDA:471,0,1,101
BRDA:477,1,0,-
BRDA:477,1,1,-
BRDA:486,1,0,-
BRDA:486,1,1,-
BRDA:487,0,0,-
BRDA:487,0,1,-
BRDA:501,0,0,-
BRDA:501,0,1,-
BRDA:503,0,0,-
BRDA:503,0,1,-
BRDA:508,1,0,-
BRDA:508,1,1,-
BRDA:511,0,0,-
BRDA:511,0,1,-
BRDA:511,1,2,-
BRDA:511,1,3,-
BRDA:511,2,4,-
BRDA:511,2,5,-
BRDA:525,0,0,152
BRDA:525,0,1,0
BRDA:525,1,2,0
BRDA:525,1,3,152
BRDA:533,0,0,-
BRDA:533,0,1,-
BRDA:538,1,0,-
BRDA:538,1,1,-
BRDA:545,0,0,0
BRDA:545,0,1,152
BRDA:545,1,2,-
BRDA:545,1,3,-
BRDA:545,2,4,-
BRDA:545,2,5,-
BRDA:552,0,0,0
BRDA:552,0,1,152
BRDA:562,0,0,-
BRDA:562,0,1,-
BRDA:563,0,0,-
BRDA:563,0,1,-
BRDA:563,1,2,-
BRDA:563,1,3,-
BRDA:564,0,0,-
BRDA:564,0,1,-
BRDA:564,1,2,-
BRDA:564,1,3,-
BRDA:565,0,0,-
BRDA:565,0,1,-
BRDA:565,1,2,-
BRDA:565,1,3,-
BRDA:569,1,0,-
BRDA:569,1,1,-
BRDA:588,0,0,0
BRDA:588,0,1,101
BRDA:590,0,0,-
BRDA:590,0,1,-
BRDA:677,0,0,0
BRDA:677,0,1,51
BRDA:681,0,0,0
BRDA:681,0,1,51
BRDA:691,0,0,0
BRDA:691,0,1,101
BRDA:695,0,0,101
BRDA:695,0,1,0
BRDA:706,0,0,0
BRDA:706,0,1,101
BRDA:710,0,0,0
BRDA:710,0,1,101
BRDA:722,0,0,0
BRDA:722,0,1,251
BRDA:729,1,0,0
BRDA:729,1,1,82
BRDA:745,0,0,40
BRDA:745,0,1,272
BRDA:755,0,0,-
BRDA:755,0,1,-
BRDA:772,1,0,60
BRDA:772,1,1,20
BRDA:776,0,0,20
BRDA:776,0,1,0
BRDA:778,1,0,20
BRDA:778,1,1,20
BRDA:782,0,0,20
BRDA:782,0,1,0
BRDA:796,0,0,20
BRDA:796,0,1,20
BRF:314
BRH:119
DA:9,101
DA:10,101
DA:13,453
DA:14,453
DA:15,453
DA:16,453
DA:17,453
DA:18,453
DA:19,453
DA:20,453
DA:21,453
DA:22,453
DA:24,453
DA:25,201
DA:26,201
DA:27,201
DA:29,201
DA:32,0
DA:33,0
DA:34,0
DA:35,0
DA:36,0
DA:37,0
DA:38,0
DA:39,0
DA:40,0
DA:41,0
DA:42,0
DA:43,0
DA:44,0
DA:45,0
DA:46,0
DA:48,0
DA:49,0
DA:50,0
DA:51,0
DA:54,201
DA:55,201
DA:57,201
DA:61,201
DA:62,350
DA:63,201
DA:64,201
DA:65,201
DA:67,201
DA:68,51
DA:69,51
DA:70,51
DA:71,51
DA:73,150
DA:74,100
DA:75,100
DA:76,100
DA:77,100
DA:78,100
DA:79,100
DA:81,50
DA:82,50
DA:83,50
DA:84,50
DA:85,150
DA:87,201
DA:89,201
DA:90,201
DA:91,303
DA:92,202
DA:93,202
DA:94,202
DA:95,101
DA:96,201
DA:97,201
DA:99,0
DA:101,0
DA:102,0
DA:104,0
DA:107,0
DA:108,0
DA:110,0
DA:113,0
DA:115,0
DA:117,0
DA:118,0
DA:119,0
DA:120,0
DA:121,0
DA:122,0
DA:125,0
DA:127,201
DA:128,0
DA:129,0
DA:130,201
DA:132,453
DA:135,100
DA:138,0
DA:139,0
DA:140,0
DA:141,0
DA:142,0
DA:143,0
DA:144,0
DA:145,0
DA:147,100
DA:149,100
DA:150,100
DA:151,100
DA:152,100
DA:153,100
DA:154,100
DA:155,100
DA:156,100
DA:157,100
DA:158,100
DA:159,100
DA:160,100
DA:162,200
DA:166,100
DA:167,100
DA:168,100
DA:169,100
DA:170,0
DA:171,0
DA:172,0
DA:173,100
DA:174,100
DA:177,100
DA:179,100
DA:180,300
DA:181,200
DA:182,200
DA:183,200
DA:184,100
DA:187,100
DA:188,100
DA:189,100
DA:192,100
DA:194,100
DA:196,100
DA:197,100
DA:199,0
DA:203,0
DA:204,0
DA:205,0
DA:206,0
DA:207,0
DA:208,0
DA:210,0
DA:213,0
DA:214,0
DA:215,0
DA:216,0
DA:217,0
DA:218,0
DA:219,0
DA:220,0
DA:222,0
DA:224,100
DA:228,0
DA:229,0
DA:230,0
DA:231,0
DA:234,100
DA:238,0
DA:239,0
DA:242,100
DA:244,0
DA:245,0
DA:246,0
DA:247,0
DA:248,0
DA:249,0
DA:250,0
DA:251,0
DA:252,0
DA:253,100
DA:256,100
DA:260,0
DA:261,0
DA:264,100
DA:265,100
DA:266,100
DA:268,100
DA:270,100
DA:271,100
DA:272,100
DA:273,100
DA:274,100
DA:275,100
DA:277,353
DA:278,152
DA:280,152
DA:281,152
DA:282,152
DA:283,152
DA:284,152
DA:285,51
DA:286,51
DA:287,51
DA:288,101
DA:289,101
DA:291,152
DA:292,152
DA:293,152
DA:294,152
DA:295,0
DA:297,353
DA:299,453
DA:300,0
DA:302,0
DA:303,0
DA:304,0
DA:305,0
DA:306,0
DA:308,0
DA:310,453
DA:311,0
DA:313,0
DA:314,0
DA:315,0
DA:316,0
DA:317,0
DA:319,453
DA:320,453
DA:321,453
DA:324,1
DA:325,1
DA:326,1
DA:327,1
DA:328,4
DA:329,3
DA:330,5
DA:331,2
DA:332,2
DA:333,2
DA:334,2
DA:335,2
DA:336,1
DA:337,1
DA:338,1
DA:339,1
DA:340,1
DA:341,1
DA:342,1
DA:343,1
DA:344,1
DA:345,1
DA:346,1
DA:347,1
DA:348,1
DA:349,1
DA:350,0
DA:351,0
DA:352,0
DA:353,0
DA:354,1
DA:355,1
DA:356,1
DA:357,2
DA:358,2
DA:359,2
DA:360,3
DA:361,1
DA:362,0
DA:363,0
DA:364,1
DA:365,1
DA:366,1
DA:367,1
DA:368,1
DA:369,1
DA:370,1
DA:373,252
DA:374,252
DA:375,252
DA:376,252
DA:377,252
DA:378,252
DA:380,504
DA:381,252
DA:383,252
DA:384,152
DA:385,252
DA:386,100
DA:387,100
DA:388,0
DA:389,100
DA:391,252
DA:392,252
DA:393,252
DA:394,252
DA:395,252
DA:396,0
DA:397,0
DA:399,252
DA:400,252
DA:403,253
DA:404,253
DA:405,253
DA:409,152
DA:415,152
DA:416,152
DA:417,152
DA:418,152
DA:419,152
DA:420,152
DA:422,152
DA:427,51
DA:428,51
DA:429,51
DA:430,51
DA:431,51
DA:434,51
DA:435,51
DA:436,51
DA:437,51
DA:438,51
DA:439,0
DA:440,0
DA:441,0
DA:444,51
DA:445,153
DA:446,102
DA:447,102
DA:448,102
DA:449,51
DA:452,152
DA:453,152
DA:454,152
DA:456,152
DA:460,152
DA:463,152
DA:464,152
DA:467,152
DA:468,152
DA:469,152
DA:470,101
DA:471,101
DA:472,101
DA:473,152
DA:476,152
DA:477,152
DA:484,0
DA:485,0
DA:486,0
DA:487,0
DA:490,0
DA:491,0
DA:492,0
DA:498,0
DA:501,0
DA:502,0
DA:503,0
DA:504,0
DA:507,0
DA:508,0
DA:509,0
DA:511,0
DA:516,0
DA:517,0
DA:520,0
DA:521,0
DA:522,0
DA:525,152
DA:532,0
DA:533,0
DA:534,0
DA:537,0
DA:538,0
DA:539,0
DA:542,0
DA:543,0
DA:545,152
DA:549,0
DA:550,0
DA:552,152
DA:557,0
DA:558,0
DA:559,0
DA:560,0
DA:561,0
DA:562,0
DA:563,0
DA:564,0
DA:565,0
DA:568,0
DA:569,0
DA:570,0
DA:571,152
DA:572,152
DA:575,253
DA:579,101
DA:580,101
DA:581,101
DA:582,101
DA:583,101
DA:584,101
DA:585,0
DA:586,101
DA:587,101
DA:588,101
DA:589,0
DA:590,0
DA:591,0
DA:592,101
DA:593,101
DA:594,101
DA:595,101
DA:598,0
DA:599,0
DA:600,0
DA:601,0
DA:602,0
DA:603,0
DA:604,0
DA:606,0
DA:607,0
DA:608,0
DA:609,0
DA:612,0
DA:613,0
DA:614,0
DA:615,0
DA:616,0
DA:617,0
DA:618,0
DA:619,0
DA:620,0
DA:622,0
DA:623,0
DA:624,0
DA:625,0
DA:626,0
DA:627,0
DA:630,104
DA:631,104
DA:632,104
DA:633,104
DA:634,104
DA:635,104
DA:636,0
DA:637,0
DA:639,104
DA:640,104
DA:641,104
DA:642,104
DA:643,104
DA:644,104
DA:645,104
DA:648,0
DA:649,0
DA:650,0
DA:651,0
DA:652,0
DA:653,0
DA:656,2
DA:657,2
DA:661,101
DA:662,101
DA:666,1
DA:667,1
DA:672,51
DA:673,51
DA:674,51
DA:675,0
DA:676,0
DA:677,51
DA:678,0
DA:679,0
DA:681,51
DA:682,0
DA:683,0
DA:684,51
DA:685,51
DA:688,101
DA:689,101
DA:690,0
DA:691,101
DA:692,0
DA:693,0
DA:695,101
DA:696,101
DA:697,101
DA:698,101
DA:699,101
DA:702,101
DA:703,101
DA:704,101
DA:705,1
DA:706,101
DA:707,0
DA:708,0
DA:710,101
DA:711,0
DA:712,0
DA:713,101
DA:714,101
DA:717,333
DA:718,333
DA:719,333
DA:720,251
DA:721,251
DA:722,251
DA:723,0
DA:724,0
DA:725,251
DA:727,251
DA:728,82
DA:729,82
DA:730,0
DA:731,0
DA:732,82
DA:734,333
DA:735,333
DA:739,312
DA:740,312
DA:741,0
DA:742,0
DA:743,312
DA:744,312
DA:745,312
DA:746,312
DA:747,312
DA:749,312
DA:752,0
DA:753,0
DA:754,0
DA:755,0
DA:756,0
DA:757,0
DA:758,0
DA:759,0
DA:760,0
DA:761,0
DA:764,40
DA:765,40
DA:766,40
DA:767,20
DA:768,20
DA:769,20
DA:770,20
DA:771,20
DA:772,80
DA:773,60
DA:774,60
DA:775,60
DA:776,20
DA:777,20
DA:778,40
DA:779,20
DA:780,20
DA:781,20
DA:782,20
DA:783,20
DA:784,20
DA:785,20
DA:787,40
DA:790,161
DA:791,161
DA:792,161
DA:793,121
DA:794,121
DA:795,121
DA:796,40
DA:797,20
DA:798,20
DA:799,20
DA:800,20
DA:801,40
DA:804,161
LF:568
LH:350
end_of_record
TN:
SF:/Users/aaronsmith/Development/Aaron/libgwrl/src/gwrl/socket.c
FN:8,gwsk_sockaddr_size
FN:15,gwsk_sockaddr_port
FN:22,gwsk_sockaddr_print
FN:32,gwsk_addrinfo_print
FN:36,gwsk_startup
FN:44,gwsk_cleanup
FN:51,gwsk_connect
FN:78,gwsk_accept
FN:104,gwsk_close
FN:112,gwsk_nonblock
FN:121,gwsk_reuseaddr
FN:129,skctlinfo_free
FN:135,skctl_str_for_flag
FN:156,skctl
FN:345,skctl_tcp_server
FN:357,skctl_udp_server
FN:369,skctl_tcp_client
FN:380,skctl_udp_client
FN:391,skctl_udp_connected_client
FNDA:0,gwsk_sockaddr_port
FNDA:0,gwsk_sockaddr_size
FNDA:0,skctl_str_for_flag
FNDA:0,skctl_tcp_client
FNDA:0,gwsk_connect
FNDA:0,gwsk_reuseaddr
FNDA:0,skctlinfo_free
FNDA:0,gwsk_addrinfo_print
FNDA:0,skctl_udp_connected_client
FNDA:0,gwsk_accept
FNDA:0,gwsk_nonblock
FNDA:0,skctl_udp_client
FNDA:0,skctl_tcp_server
FNDA:0,skctl
FNDA:0,skctl_udp_server
FNDA:0,gwsk_cleanup
FNDA:0,gwsk_sockaddr_print
FNDA:0,gwsk_startup
FNDA:0,gwsk_close
FNF:19
FNH:0
BRDA:11,0,0,-
BRDA:11,0,1,-
BRDA:18,0,0,-
BRDA:18,0,1,-
BRDA:27,0,0,-
BRDA:27,0,1,-
BRDA:61,0,0,-
BRDA:61,0,1,-
BRDA:70,0,0,-
BRDA:70,0,1,-
BRDA:71,0,0,-
BRDA:71,0,1,-
BRDA:88,0,0,-
BRDA:88,0,1,-
BRDA:97,0,0,-
BRDA:97,0,1,-
BRDA:132,0,0,-
BRDA:132,0,1,-
BRDA:138,0,0,-
BRDA:138,0,1,-
BRDA:140,0,0,-
BRDA:140,0,1,-
BRDA:142,0,0,-
BRDA:142,0,1,-
BRDA:144,0,0,-
BRDA:144,0,1,-
BRDA:146,0,0,-
BRDA:146,0,1,-
BRDA:148,0,0,-
BRDA:148,0,1,-
BRDA:150,0,0,-
BRDA:150,0,1,-
BRDA:168,0,0,-
BRDA:168,0,1,-
BRDA:170,0,0,-
BRDA:170,0,1,-
BRDA:175,0,0,-
BRDA:175,0,1,-
BRDA:175,1,2,-
BRDA:175,1,3,-
BRDA:180,0,0,-
BRDA:180,0,1,-
BRDA:185,0,0,-
BRDA:185,0,1,-
BRDA:186,0,0,-
BRDA:186,0,1,-
BRDA:186,1,2,-
BRDA:186,1,3,-
BRDA:197,0,0,-
BRDA:197,0,1,-
BRDA:202,0,0,-
BRDA:202,0,1,-
BRDA:229,1,0,-
BRDA:229,1,1,-
BRDA:235,0,0,-
BRDA:235,0,1,-
BRDA:239,0,0,-
BRDA:239,0,1,-
BRDA:260,0,0,-
BRDA:260,0,1,-
BRDA:269,0,0,-
BRDA:269,0,1,-
BRDA:273,0,0,-
BRDA:273,0,1,-
BRDA:278,0,0,-
BRDA:278,0,1,-
BRDA:283,0,0,-
BRDA:283,0,1,-
BRDA:287,0,0,-
BRDA:287,0,1,-
BRDA:292,0,0,-
BRDA:292,0,1,-
BRDA:296,0,0,-
BRDA:296,0,1,-
BRDA:301,0,0,-
BRDA:301,0,1,-
BRDA:305,0,0,-
BRDA:305,0,1,-
BRDA:315,0,0,-
BRDA:315,0,1,-
BRDA:315,1,2,-
BRDA:315,1,3,-
BRDA:316,0,0,-
BRDA:316,0,1,-
BRDA:326,0,0,-
BRDA:326,0,1,-
BRDA:333,0,0,-
BRDA:333,0,1,-
BRF:88
BRH:0
DA:8,0
DA:9,0
DA:10,0
DA:11,0
DA:12,0
DA:13,0
DA:15,0
DA:16,0
DA:17,0
DA:18,0
DA:19,0
DA:20,0
DA:22,0
DA:23,0
DA:24,0
DA:25,0
DA:26,0
DA:27,0
DA:28,0
DA:29,0
DA:30,0
DA:32,0
DA:33,0
DA:34,0
DA:41,0
DA:48,0
DA:51,0
DA:52,0
DA:58,0
DA:59,0
DA:60,0
DA:61,0
DA:70,0
DA:71,0
DA:73,0
DA:75,0
DA:78,0
DA:79,0
DA:85,0
DA:86,0
DA:87,0
DA:88,0
DA:97,0
DA:99,0
DA:101,0
DA:104,0
DA:108,0
DA:110,0
DA:112,0
DA:117,0
DA:121,0
DA:125,0
DA:129,0
DA:130,0
DA:131,0
DA:132,0
DA:133,0
DA:135,0
DA:136,0
DA:137,0
DA:138,0
DA:139,0
DA:140,0
DA:141,0
DA:142,0
DA:143,0
DA:144,0
DA:145,0
DA:146,0
DA:147,0
DA:148,0
DA:149,0
DA:150,0
DA:151,0
DA:153,0
DA:154,0
DA:156,0
DA:157,0
DA:158,0
DA:159,0
DA:160,0
DA:162,0
DA:163,0
DA:164,0
DA:165,0
DA:168,0
DA:170,0
DA:171,0
DA:172,0
DA:173,0
DA:175,0
DA:176,0
DA:177,0
DA:178,0
DA:179,0
DA:180,0
DA:185,0
DA:186,0
DA:189,0
DA:190,0
DA:191,0
DA:192,0
DA:194,0
DA:195,0
DA:197,0
DA:198,0
DA:199,0
DA:202,0
DA:229,0
DA:231,0
DA:232,0
DA:233,0
DA:235,0
DA:236,0
DA:237,0
DA:239,0
DA:249,0
DA:260,0
DA:261,0
DA:262,0
DA:263,0
DA:264,0
DA:267,0
DA:269,0
DA:271,0
DA:273,0
DA:276,0
DA:278,0
DA:279,0
DA:283,0
DA:285,0
DA:287,0
DA:288,0
DA:292,0
DA:294,0
DA:296,0
DA:297,0
DA:301,0
DA:303,0
DA:305,0
DA:306,0
DA:315,0
DA:316,0
DA:317,0
DA:319,0
DA:321,0
DA:322,0
DA:323,0
DA:326,0
DA:327,0
DA:328,0
DA:330,0
DA:331,0
DA:333,0
DA:337,0
DA:339,0
DA:340,0
DA:342,0
DA:343,0
DA:345,0
DA:346,0
DA:347,0
DA:348,0
DA:349,0
DA:350,0
DA:351,0
DA:352,0
DA:353,0
DA:354,0
DA:357,0
DA:358,0
DA:359,0
DA:360,0
DA:361,0
DA:362,0
DA:363,0
DA:364,0
DA:365,0
DA:366,0
DA:369,0
DA:370,0
DA:371,0
DA:372,0
DA:373,0
DA:374,0
DA:375,0
DA:376,0
DA:377,0
DA:380,0
DA:381,0
DA:382,0
DA:383,0
DA:384,0
DA:385,0
DA:386,0
DA:387,0
DA:388,0
DA:391,0
DA:392,0
DA:393,0
DA:394,0
DA:395,0
DA:396,0
DA:397,0
DA:398,0
DA:399,0
LF:206
LH:0
end_of_record
TN:
SF:/Users/aaronsmith/Development/Aaron/libgwrl/src/gwrl/time.c
FN:8,gwtm_gettimeofday_timespec
FN:14,gwtm_ms_to_timeval
FN:23,gwtm_ms_to_timespec
FN:32,gwtm_timeval_to_ms
FN:41,gwtm_timespec_to_ms
FN:50,gwtm_add_ms_to_timeval
FN:60,gwtm_add_ms_to_timespec
FN:70,gwtm_timespec_cmp
FN:79,gwtm_timespec_copy_if_smaller
FN:88,gwtm_timespec_sub_into
FN:97,gwtm_timespec_is_expired
FN:103,gwtm_timeval_to_timespec
FN:108,gwtm_timespec_to_timeval
FNDA:297,gwtm_add_ms_to_timespec
FNDA:1,gwtm_timespec_to_timeval
FNDA:509,gwtm_timeval_to_timespec
FNDA:508,gwtm_gettimeofday_timespec
FNDA:1,gwtm_ms_to_timeval
FNDA:3,gwtm_timeval_to_ms
FNDA:471,gwtm_timespec_is_expired
FNDA:140,gwtm_timespec_cmp
FNDA:2,gwtm_timespec_to_ms
FNDA:738,gwtm_timespec_sub_into
FNDA:3,gwtm_add_ms_to_timeval
FNDA:139,gwtm_timespec_copy_if_smaller
FNDA:2,gwtm_ms_to_timespec
FNF:13
FNH:13
BRDA:33,0,0,1
BRDA:33,0,1,0
BRDA:42,0,0,1
BRDA:42,0,1,0
BRDA:54,1,0,1
BRDA:54,1,1,2
BRDA:64,1,0,4
BRDA:64,1,1,42
BRDA:72,0,0,33
BRDA:72,0,1,0
BRDA:73,0,0,23
BRDA:73,0,1,10
BRDA:74,0,0,0
BRDA:74,0,1,10
BRDA:82,0,0,0
BRDA:82,0,1,129
BRDA:91,0,0,664
BRDA:91,0,1,738
BRDA:99,0,0,74
BRDA:99,0,1,107
BRDA:99,1,2,2
BRDA:99,1,3,72
BRF:22
BRH:17
DA:8,508
DA:9,508
DA:10,508
DA:11,508
DA:12,508
DA:14,1
DA:15,1
DA:16,1
DA:17,1
DA:18,0
DA:19,0
DA:20,0
DA:21,1
DA:23,2
DA:24,2
DA:25,2
DA:26,2
DA:27,0
DA:28,0
DA:29,0
DA:30,2
DA:32,3
DA:33,1
DA:34,1
DA:35,1
DA:37,2
DA:38,2
DA:39,3
DA:41,2
DA:42,1
DA:43,1
DA:44,1
DA:46,1
DA:47,1
DA:48,2
DA:50,3
DA:51,1
DA:52,2
DA:53,2
DA:54,3
DA:55,1
DA:56,1
DA:57,1
DA:58,3
DA:60,297
DA:61,255
DA:62,42
DA:63,42
DA:64,46
DA:65,4
DA:66,4
DA:67,4
DA:68,297
DA:70,140
DA:71,107
DA:72,33
DA:73,33
DA:74,10
DA:75,10
DA:76,10
DA:77,140
DA:79,139
DA:80,139
DA:81,139
DA:82,129
DA:83,129
DA:85,10
DA:86,139
DA:88,738
DA:89,738
DA:90,738
DA:91,1402
DA:92,664
DA:93,664
DA:94,664
DA:95,738
DA:97,471
DA:98,290
DA:99,181
DA:100,179
DA:101,471
DA:103,509
DA:104,509
DA:105,509
DA:106,509
DA:108,1
DA:109,1
DA:110,1
DA:111,1
LF:89
LH:83
end_of_record
TN:
SF:/Users/aaronsmith/Development/Aaron/libgwrl/test/proactor_buf.c
FN:4,main
FNDA:25,main
FNF:1
FNH:1
BRDA:11,0,0,25
BRDA:11,0,1,0
BRDA:11,2,2,0
BRDA:11,2,3,25
BRDA:12,0,0,0
BRDA:12,0,1,25
BRDA:13,0,0,0
BRDA:13,0,1,25
BRDA:14,0,0,0
BRDA:14,0,1,25
BRDA:17,0,0,0
BRDA:17,0,1,25
BRDA:20,0,0,0
BRDA:20,0,1,25
BRF:14
BRH:7
DA:4,25
DA:5,25
DA:6,25
DA:7,25
DA:8,25
DA:9,25
DA:11,25
DA:12,25
DA:13,25
DA:14,25
DA:16,25
DA:17,25
DA:19,25
DA:20,25
DA:22,25
LF:15
LH:15
end_of_record
TN:
SF:/Users/aaronsmith/Development/Aaron/libgwrl/test/proactor_filters.c
FN:4,filter
FN:5,filter2
FN:6,filter3
FN:8,main
FNDA:24,filter
FNDA:24,filter3
FNDA:24,filter2
FNDA:24,main
FNF:4
FNH:4
BRDA:21,0,0,0
BRDA:21,0,1,24
BRDA:24,0,0,0
BRDA:24,0,1,24
BRDA:25,0,0,0
BRDA:25,0,1,24
BRDA:29,0,0,0
BRDA:29,0,1,24
BRDA:30,0,0,0
BRDA:30,0,1,24
BRF:10
BRH:5
DA:4,24
DA:5,24
DA:6,24
DA:8,24
DA:9,24
DA:10,24
DA:11,24
DA:18,24
DA:19,24
DA:20,24
DA:21,24
DA:23,24
DA:24,24
DA:25,24
DA:27,24
DA:28,24
DA:29,24
DA:30,24
DA:32,24
DA:33,24
DA:34,24
DA:36,24
LF:22
LH:22
end_of_record
TN:
SF:/Users/aaronsmith/Development/Aaron/libgwrl/test/proactor_free1.c
FN:4,didrd
FN:7,stop
FN:11,main
FNDA:23,stop
FNDA:23,didrd
FNDA:23,main
FNF:3
FNH:3
BRDA:28,0,0,46
BRDA:28,0,1,23
BRDA:29,0,0,46
BRDA:29,0,1,0
BRF:4
BRH:3
DA:4,23
DA:5,23
DA:7,23
DA:8,23
DA:9,23
DA:11,23
DA:12,23
DA:13,23
DA:14,23
DA:15,23
DA:16,23
DA:19,23
DA:20,23
DA:21,23
DA:22,23
DA:25,23
DA:26,23
DA:27,23
DA:28,69
DA:29,46
DA:30,46
DA:31,46
DA:32,46
DA:33,46
DA:34,23
DA:36,23
DA:38,23
LF:27
LH:27
end_of_record
TN:
SF:/Users/aaronsmith/Development/Aaron/libgwrl/test/proactor_tcp.c
FN:15,didrd
FN:24,didwr
FN:28,rdfilter1
FN:34,rdfilter2
FN:41,write_data
FN:53,wrfilter1
FN:59,wrfilter2
FN:66,timeout
FN:71,main
FNDA:3344,write_data
FNDA:3322,didwr
FNDA:2222,rdfilter2
FNDA:22,main
FNDA:3322,wrfilter2
FNDA:22,timeout
FNDA:2222,didrd
FNDA:3322,wrfilter1
FNDA:2222,rdfilter1
FNF:9
FNH:9
BRDA:18,0,0,22
BRDA:18,0,1,2200
BRDA:96,0,0,0
BRDA:96,0,1,22
BRDA:97,0,0,0
BRDA:97,0,1,22
BRDA:98,0,0,0
BRDA:98,0,1,22
BRF:8
BRH:5
DA:15,2222
DA:16,2222
DA:17,2222
DA:18,2222
DA:19,22
DA:20,22
DA:21,2222
DA:22,2222
DA:24,3322
DA:25,3322
DA:26,3322
DA:28,2222
DA:29,2222
DA:30,2222
DA:31,2222
DA:32,2222
DA:34,2222
DA:35,2222
DA:36,2222
DA:37,2222
DA:38,2222
DA:39,2222
DA:41,3344
DA:42,3344
DA:43,3344
DA:44,3344
DA:45,2222
DA:46,2222
DA:47,2222
DA:48,2222
DA:49,1122
DA:51,3344
DA:53,3322
DA:54,3322
DA:55,3322
DA:56,3322
DA:57,3322
DA:59,3322
DA:60,3322
DA:61,3322
DA:62,3322
DA:63,3322
DA:64,3322
DA:66,22
DA:67,22
DA:68,22
DA:69,22
DA:71,22
DA:72,22
DA:74,22
DA:75,22
DA:77,22
DA:78,22
DA:80,22
DA:81,22
DA:82,22
DA:83,22
DA:85,22
DA:86,22
DA:87,22
DA:89,22
DA:91,22
DA:93,22
DA:95,22
DA:96,22
DA:97,22
DA:98,22
DA:100,22
LF:68
LH:68
end_of_record
TN:
SF:/Users/aaronsmith/Development/Aaron/libgwrl/test/proactor_udp.c
FN:13,didrd
FN:21,didwr
FN:25,write_data
FN:30,timeout
FN:35,main
FNDA:2121,write_data
FNDA:0,timeout
FNDA:0,didwr
FNDA:2100,didrd
FNDA:21,main
FNF:5
FNH:3
DA:13,2100
DA:14,2100
DA:15,2100
DA:16,2100
DA:17,21
DA:18,21
DA:19,2100
DA:21,0
DA:22,0
DA:23,0
DA:25,2121
DA:26,2121
DA:27,2121
DA:28,2121
DA:30,0
DA:31,0
DA:32,0
DA:33,0
DA:35,21
DA:36,21
DA:37,21
DA:38,21
DA:40,21
DA:41,21
DA:42,21
DA:43,21
DA:45,21
DA:46,21
DA:48,21
DA:49,21
DA:50,21
DA:52,21
DA:54,21
DA:56,21
LF:34
LH:27
end_of_record
TN:
SF:/Users/aaronsmith/Development/Aaron/libgwrl/test/proactor_wrq.c
FN:4,main
FNDA:20,main
FNF:1
FNH:1
BRDA:17,0,0,20
BRDA:17,0,1,0
BRDA:17,1,2,20
BRDA:17,1,3,0
BRDA:17,3,4,0
BRDA:17,3,5,20
BRDA:22,0,0,0
BRDA:22,0,1,20
BRDA:23,0,0,0
BRDA:23,0,1,20
BRDA:24,0,0,0
BRDA:24,0,1,20
BRDA:28,0,0,0
BRDA:28,0,1,20
BRDA:29,0,0,0
BRDA:29,0,1,20
BRDA:34,0,0,0
BRDA:34,0,1,20
BRDA:35,0,0,0
BRDA:35,0,1,20
BRDA:36,0,0,0
BRDA:36,0,1,20
BRDA:37,0,0,0
BRDA:37,0,1,20
BRDA:42,0,0,0
BRDA:42,0,1,20
BRDA:43,0,0,0
BRDA:43,0,1,20
BRDA:44,0,0,0
BRDA:44,0,1,20
BRDA:45,0,0,0
BRDA:45,0,1,20
BRDA:46,0,0,0
BRDA:46,0,1,20
BRDA:51,0,0,0
BRDA:51,0,1,20
BRDA:52,0,0,0
BRDA:52,0,1,20
BRDA:53,0,0,0
BRDA:53,0,1,20
BRDA:54,0,0,0
BRDA:54,0,1,20
BRDA:57,0,0,0
BRDA:57,0,1,20
BRDA:58,0,0,0
BRDA:58,0,1,20
BRDA:59,0,0,0
BRDA:59,0,1,20
BRDA:60,0,0,0
BRDA:60,0,1,20
BRDA:63,0,0,0
BRDA:63,0,1,20
BRDA:64,0,0,0
BRDA:64,0,1,20
BRDA:65,0,0,0
BRDA:65,0,1,20
BRDA:66,0,0,0
BRDA:66,0,1,20
BRDA:67,0,0,0
BRDA:67,0,1,20
BRF:60
BRH:30
DA:4,20
DA:6,20
DA:7,20
DA:8,20
DA:10,20
DA:11,20
DA:12,20
DA:13,20
DA:14,20
DA:16,20
DA:17,20
DA:20,20
DA:21,20
DA:22,20
DA:23,20
DA:24,20
DA:27,20
DA:28,20
DA:29,20
DA:32,20
DA:33,20
DA:34,20
DA:35,20
DA:36,20
DA:37,20
DA:40,20
DA:41,20
DA:42,20
DA:43,20
DA:44,20
DA:45,20
DA:46,20
DA:49,20
DA:50,20
DA:51,20
DA:52,20
DA:53,20
DA:54,20
DA:56,20
DA:57,20
DA:58,20
DA:59,20
DA:60,20
DA:62,20
DA:63,20
DA:64,20
DA:65,20
DA:66,20
DA:67,20
DA:69,20
LF:50
LH:50
end_of_record
TN:
SF:/Users/aaronsmith/Development/Aaron/libgwrl/test/reactor_custom_gathering.c
FN:11,my_gather
FN:26,my_callback
FN:31,main
FNDA:19,my_callback
FNDA:190,my_gather
FNDA:19,main
FNF:3
FNH:3
BRDA:14,0,0,190
BRDA:14,0,1,190
BRDA:17,0,0,19
BRDA:17,0,1,171
BRF:4
BRH:4
DA:11,190
DA:12,190
DA:13,190
DA:14,380
DA:15,190
DA:16,190
DA:17,190
DA:18,19
DA:19,19
DA:20,19
DA:21,19
DA:22,190
DA:23,190
DA:24,190
DA:26,19
DA:28,19
DA:29,19
DA:31,19
DA:32,19
DA:33,19
DA:34,19
DA:46,19
DA:47,19
DA:48,19
DA:49,19
DA:50,19
DA:51,19
DA:52,19
DA:53,19
LF:29
LH:29
end_of_record
TN:
SF:/Users/aaronsmith/Development/Aaron/libgwrl/test/reactor_del_pers_timeouts.c
FN:4,timeout1
FN:9,main
FNDA:18,timeout1
FNDA:18,main
FNF:2
FNH:2
DA:4,18
DA:5,18
DA:6,18
DA:7,18
DA:9,18
DA:10,18
DA:11,18
DA:12,18
DA:13,18
DA:14,18
LF:10
LH:10
end_of_record
TN:
SF:/Users/aaronsmith/Development/Aaron/libgwrl/test/reactor_del_pers_timeouts2.c
FN:4,timeout2
FN:9,timeout1
FN:13,main
FNDA:17,timeout1
FNDA:17,timeout2
FNDA:17,main
FNF:3
FNH:3
DA:4,17
DA:5,17
DA:6,17
DA:7,17
DA:9,17
DA:10,17
DA:11,17
DA:13,17
DA:14,17
DA:15,17
DA:16,17
DA:17,17
DA:18,17
LF:13
LH:13
end_of_record
TN:
SF:/Users/aaronsmith/Development/Aaron/libgwrl/test/reactor_del_pers_timeouts3.c
FN:4,timeout3
FN:9,timeout2
FN:13,timeout1
FN:17,main
FNDA:16,timeout1
FNDA:16,timeout3
FNDA:16,timeout2
FNDA:16,main
FNF:4
FNH:4
DA:4,16
DA:5,16
DA:6,16
DA:7,16
DA:9,16
DA:10,16
DA:11,16
DA:13,16
DA:14,16
DA:15,16
DA:17,16
DA:18,16
DA:19,16
DA:20,16
DA:21,16
DA:22,16
LF:16
LH:16
end_of_record
TN:
SF:/Users/aaronsmith/Development/Aaron/libgwrl/test/reactor_events.c
FN:4,main
FNDA:15,main
FNF:1
FNH:1
BRDA:14,0,0,0
BRDA:14,0,1,15
BRDA:18,0,0,0
BRDA:18,0,1,15
BRDA:19,0,0,0
BRDA:19,0,1,15
BRDA:23,0,0,0
BRDA:23,0,1,15
BRDA:24,0,0,0
BRDA:24,0,1,15
BRDA:25,0,0,0
BRDA:25,0,1,15
BRDA:28,1,0,3420
BRDA:28,1,1,15
BRDA:31,0,0,3405
BRDA:31,0,1,15
BRDA:36,0,0,0
BRDA:36,0,1,15
BRF:18
BRH:11
DA:4,15
DA:5,15
DA:6,15
DA:7,15
DA:8,15
DA:10,15
DA:11,15
DA:12,15
DA:13,15
DA:14,15
DA:16,15
DA:17,15
DA:18,15
DA:19,15
DA:21,15
DA:22,15
DA:23,15
DA:24,15
DA:25,15
DA:26,15
DA:28,3435
DA:29,3420
DA:30,3420
DA:31,3420
DA:32,3420
DA:33,3420
DA:35,15
DA:36,15
DA:38,15
LF:29
LH:29
end_of_record
TN:
SF:/Users/aaronsmith/Development/Aaron/libgwrl/test/reactor_free1.c
FN:4,timeout
FN:8,main
FNDA:14,timeout
FNDA:14,main
FNF:2
FNH:2
DA:4,14
DA:5,14
DA:6,14
DA:8,14
DA:9,14
DA:10,14
DA:11,14
DA:12,14
DA:13,14
LF:9
LH:9
end_of_record
TN:
SF:/Users/aaronsmith/Development/Aaron/libgwrl/test/reactor_free2.c
FN:4,stdin_activity
FN:7,timeout
FN:11,main
FNDA:13,timeout
FNDA:13,stdin_activity
FNDA:13,main
FNF:3
FNH:3
DA:4,13
DA:5,13
DA:7,13
DA:8,13
DA:9,13
DA:11,13
DA:12,13
DA:13,13
DA:14,13
DA:15,13
DA:16,13
DA:17,13
DA:18,13
LF:13
LH:13
end_of_record
TN:
SF:/Users/aaronsmith/Development/Aaron/libgwrl/test/reactor_free3.c
FN:4,stdin_activity
FN:7,timeout
FN:11,main
FNDA:12,timeout
FNDA:12,stdin_activity
FNDA:12,main
FNF:3
FNH:3
BRDA:18,0,0,24
BRDA:18,0,1,12
BRDA:19,0,0,24
BRDA:19,0,1,0
BRF:4
BRH:3
DA:4,12
DA:5,12
DA:7,12
DA:8,12
DA:9,12
DA:11,12
DA:12,12
DA:13,12
DA:14,12
DA:15,12
DA:16,12
DA:17,12
DA:18,36
DA:19,24
DA:20,24
DA:21,24
DA:22,24
DA:23,24
DA:24,12
DA:25,12
DA:26,12
LF:21
LH:21
end_of_record
TN:
SF:/Users/aaronsmith/Development/Aaron/libgwrl/test/reactor_free4.c
FN:4,timeout
FN:8,main
FNDA:11,timeout
FNDA:11,main
FNF:2
FNH:2
DA:4,11
DA:5,11
DA:6,11
DA:8,11
DA:9,11
DA:10,11
DA:11,11
DA:12,11
DA:13,11
LF:9
LH:9
end_of_record
TN:
SF:/Users/aaronsmith/Development/Aaron/libgwrl/test/reactor_gatherfunc.c
FN:7,custom_gather
FN:12,main
FNDA:20,custom_gather
FNDA:10,main
FNF:2
FNH:2
BRDA:25,0,0,0
BRDA:25,0,1,10
BRDA:27,0,0,0
BRDA:27,0,1,10
BRF:4
BRH:2
DA:7,20
DA:8,20
DA:9,20
DA:10,20
DA:12,10
DA:13,10
DA:20,10
DA:21,10
DA:22,10
DA:23,10
DA:24,10
DA:25,10
DA:26,10
DA:27,10
DA:28,10
LF:15
LH:15
end_of_record
TN:
SF:/Users/aaronsmith/Development/Aaron/libgwrl/test/reactor_no_sleep.c
FN:4,main
FNDA:9,main
FNF:1
FNH:1
DA:4,9
DA:7,9
DA:8,9
DA:9,9
DA:10,9
DA:11,9
DA:12,9
DA:15,9
LF:8
LH:8
end_of_record
TN:
SF:/Users/aaronsmith/Development/Aaron/libgwrl/test/reactor_options.c
FN:4,main
FNDA:8,main
FNF:1
FNH:1
BRDA:14,0,0,0
BRDA:14,0,1,8
BRDA:22,0,0,0
BRDA:22,0,1,8
BRF:4
BRH:2
DA:4,8
DA:5,8
DA:7,8
DA:8,8
DA:9,8
DA:10,8
DA:12,8
DA:13,8
DA:14,8
DA:16,8
DA:17,8
DA:18,8
DA:19,8
DA:20,8
DA:21,8
DA:22,8
DA:24,8
LF:17
LH:17
end_of_record
TN:
SF:/Users/aaronsmith/Development/Aaron/libgwrl/test/reactor_safely.c
FN:6,event
FN:11,main
FNDA:7,event
FNDA:7,main
FNF:2
FNH:2
BRDA:26,0,0,0
BRDA:26,0,1,7
BRDA:37,1,0,14
BRDA:37,1,1,7
BRDA:39,0,0,14
BRDA:39,0,1,0
BRDA:44,0,0,0
BRDA:44,0,1,7
BRF:8
BRH:5
DA:6,7
DA:7,7
DA:8,7
DA:9,7
DA:11,7
DA:12,7
DA:13,7
DA:14,7
DA:15,7
DA:16,7
DA:17,7
DA:18,7
DA:21,7
DA:24,7
DA:25,7
DA:26,7
DA:29,7
DA:30,7
DA:31,7
DA:32,7
DA:35,7
DA:36,7
DA:37,21
DA:38,14
DA:39,14
DA:40,14
DA:41,14
DA:42,14
DA:43,14
DA:44,7
DA:45,7
DA:47,7
LF:32
LH:32
end_of_record
TN:
SF:/Users/aaronsmith/Development/Aaron/libgwrl/test/reactor_src.c
FN:4,main
FNDA:6,main
FNF:1
FNH:1
BRDA:18,0,0,0
BRDA:18,0,1,6
BRDA:20,0,0,0
BRDA:20,0,1,6
BRDA:22,0,0,0
BRDA:22,0,1,6
BRDA:31,0,0,0
BRDA:31,0,1,6
BRDA:32,0,0,0
BRDA:32,0,1,6
BRDA:33,0,0,0
BRDA:33,0,1,6
BRDA:35,0,0,0
BRDA:35,0,1,6
BRDA:37,0,0,0
BRDA:37,0,1,6
BRDA:39,0,0,0
BRDA:39,0,1,6
BRDA:49,0,0,0
BRDA:49,0,1,6
BRDA:50,0,0,0
BRDA:50,0,1,6
BRDA:51,0,0,0
BRDA:51,0,1,6
BRF:24
BRH:12
DA:4,6
DA:5,6
DA:6,6
DA:7,6
DA:8,6
DA:10,6
DA:13,6
DA:14,6
DA:15,6
DA:16,6
DA:17,6
DA:18,6
DA:19,6
DA:20,6
DA:21,6
DA:22,6
DA:23,6
DA:26,6
DA:27,6
DA:28,6
DA:29,6
DA:30,6
DA:31,6
DA:32,6
DA:33,6
DA:34,6
DA:35,6
DA:36,6
DA:37,6
DA:38,6
DA:39,6
DA:41,6
DA:42,6
DA:43,6
DA:44,6
DA:45,6
DA:46,6
DA:47,6
DA:48,6
DA:49,6
DA:50,6
DA:51,6
DA:53,6
LF:43
LH:43
end_of_record
TN:
SF:/Users/aaronsmith/Development/Aaron/libgwrl/test/reactor_timeout_rearm.c
FN:6,timeout1
FN:15,main
FNDA:50,timeout1
FNDA:5,main
FNF:2
FNH:2
DA:6,50
DA:7,50
DA:8,50
DA:9,5
DA:10,5
DA:11,45
DA:13,50
DA:15,5
DA:16,5
DA:17,5
DA:18,5
DA:19,5
DA:20,5
LF:13
LH:13
end_of_record
TN:
SF:/Users/aaronsmith/Development/Aaron/libgwrl/test/reactor_timer_interval.c
FN:6,interval
FN:13,main
FNDA:40,interval
FNDA:4,main
FNF:2
FNH:2
DA:6,40
DA:7,40
DA:8,40
DA:9,4
DA:10,4
DA:11,40
DA:13,4
DA:14,4
DA:15,4
DA:16,4
DA:17,4
LF:11
LH:11
end_of_record
TN:
SF:/Users/aaronsmith/Development/Aaron/libgwrl/test/reactor_timers.c
FN:12,functionCall
FN:17,delayedFunctionCall
FN:22,futureTimeout
FN:28,timeout1
FN:33,timeout2
FN:39,timeout3
FN:44,main
FNDA:12,timeout1
FNDA:3,timeout3
FNDA:12,functionCall
FNDA:3,timeout2
FNDA:3,delayedFunctionCall
FNDA:3,futureTimeout
FNDA:3,main
FNF:7
FNH:7
BRDA:71,0,0,0
BRDA:71,0,1,3
BRDA:72,0,0,0
BRDA:72,0,1,3
BRDA:73,0,0,0
BRDA:73,0,1,3
BRDA:74,0,0,0
BRDA:74,0,1,3
BRF:8
BRH:4
DA:12,12
DA:14,12
DA:15,12
DA:17,3
DA:19,3
DA:20,3
DA:22,3
DA:24,3
DA:25,3
DA:26,3
DA:28,12
DA:29,12
DA:31,12
DA:33,3
DA:35,3
DA:36,3
DA:37,3
DA:39,3
DA:41,3
DA:42,3
DA:44,3
DA:45,3
DA:46,3
DA:48,3
DA:49,3
DA:50,3
DA:51,3
DA:52,3
DA:53,3
DA:54,3
DA:55,3
DA:56,3
DA:58,3
DA:61,3
DA:64,3
DA:67,3
DA:68,3
DA:70,3
DA:71,3
DA:72,3
DA:73,3
DA:74,3
DA:76,3
LF:43
LH:43
end_of_record
TN:
SF:/Users/aaronsmith/Development/Aaron/libgwrl/test/reactor_wake_pipe.c
FN:9,timeout
FN:14,threadMain
FN:20,start_thread
FN:24,main
FNDA:2,start_thread
FNDA:2,timeout
FNDA:2,main
FNDA:2,threadMain
FNF:4
FNH:4
DA:9,2
DA:10,2
DA:11,2
DA:12,2
DA:14,2
DA:15,2
DA:16,2
DA:17,2
DA:20,2
DA:21,2
DA:22,2
DA:24,2
DA:25,2
DA:26,2
DA:27,2
DA:28,2
DA:29,2
DA:30,2
LF:18
LH:18
end_of_record
TN:
SF:/Users/aaronsmith/Development/Aaron/libgwrl/test/time_fncs.c
FN:4,main
FNDA:1,main
FNF:1
FNH:1
BRDA:14,0,0,0
BRDA:14,0,1,1
BRDA:17,0,0,0
BRDA:17,0,1,1
BRDA:23,0,0,0
BRDA:23,0,1,1
BRDA:29,0,0,0
BRDA:29,0,1,1
BRDA:35,0,0,0
BRDA:35,0,1,1
BRDA:36,0,0,0
BRDA:36,0,1,1
BRDA:39,0,0,0
BRDA:39,0,1,1
BRDA:40,0,0,0
BRDA:40,0,1,1
BRDA:41,0,0,0
BRDA:41,0,1,1
BRDA:47,0,0,0
BRDA:47,0,1,1
BRDA:52,0,0,0
BRDA:52,0,1,1
BRDA:57,0,0,0
BRDA:57,0,1,1
BRDA:61,0,0,0
BRDA:61,0,1,1
BRDA:62,0,0,0
BRDA:62,0,1,1
BRDA:66,0,0,0
BRDA:66,0,1,1
BRDA:72,0,0,0
BRDA:72,0,1,1
BRDA:75,0,0,0
BRDA:75,0,1,1
BRDA:76,0,0,0
BRDA:76,0,1,1
BRDA:82,0,0,0
BRDA:82,0,1,1
BRF:38
BRH:19
DA:4,1
DA:5,1
DA:6,1
DA:7,1
DA:8,1
DA:9,1
DA:10,1
DA:12,1
DA:13,1
DA:14,1
DA:16,1
DA:17,1
DA:19,1
DA:20,1
DA:21,1
DA:22,1
DA:23,1
DA:25,1
DA:26,1
DA:27,1
DA:28,1
DA:29,1
DA:31,1
DA:32,1
DA:34,1
DA:35,1
DA:36,1
DA:38,1
DA:39,1
DA:40,1
DA:41,1
DA:43,1
DA:44,1
DA:45,1
DA:46,1
DA:47,1
DA:49,1
DA:50,1
DA:51,1
DA:52,1
DA:54,1
DA:55,1
DA:56,1
DA:57,1
DA:59,1
DA:60,1
DA:61,1
DA:62,1
DA:64,1
DA:65,1
DA:66,1
DA:69,1
DA:70,1
DA:71,1
DA:72,1
DA:73,1
DA:75,1
DA:76,1
DA:78,1
DA:79,1
DA:80,1
DA:81,1
DA:82,1
DA:84,1
LF:64
LH:64
end_of_record
TN:
SF:/usr/include/secure/_string.h
FN:59,__inline_memcpy_chk
FNDA:896,__inline_memcpy_chk
FNF:1
FNH:1
DA:59,896
DA:61,896
LF:2
LH:2
end_of_record
